#
# There is insufficient memory for the Java Runtime Environment to continue.
# Native memory allocation (malloc) failed to allocate 73776 bytes for Chunk::new
# Possible reasons:
#   The system is out of physical RAM or swap space
#   The process is running with CompressedOops enabled, and the Java Heap may be blocking the growth of the native heap
# Possible solutions:
#   Reduce memory load on the system
#   Increase physical memory or swap space
#   Check if swap backing store is full
#   Decrease Java heap size (-Xmx/-Xms)
#   Decrease number of Java threads
#   Decrease Java thread stack sizes (-Xss)
#   Set larger code cache with -XX:ReservedCodeCacheSize=
#   JVM is running with Unscaled Compressed Oops mode in which the Java heap is
#     placed in the first 4GB address space. The Java Heap base address is the
#     maximum limit for the native heap growth. Please use -XX:HeapBaseMinAddress
#     to set the Java Heap base and to place the Java Heap above 4GB virtual address.
# This output file may be truncated or incomplete.
#
#  Out of Memory Error (./src/hotspot/share/memory/arena.cpp:197), pid=8404, tid=6484
#
# JRE version: OpenJDK Runtime Environment (11.0.8+10) (build 11.0.8+10-b944.6842174)
# Java VM: OpenJDK 64-Bit Server VM (11.0.8+10-b944.6842174, mixed mode, tiered, compressed oops, g1 gc, windows-amd64)
# No core dump will be written. Minidumps are not enabled by default on client versions of Windows
#

---------------  S U M M A R Y ------------

Command Line: --add-opens=java.base/java.util=ALL-UNNAMED --add-opens=java.base/java.lang=ALL-UNNAMED --add-opens=java.base/java.lang.invoke=ALL-UNNAMED --add-opens=java.base/java.util=ALL-UNNAMED --add-opens=java.prefs/java.util.prefs=ALL-UNNAMED --add-opens=java.prefs/java.util.prefs=ALL-UNNAMED --add-opens=java.base/java.nio.charset=ALL-UNNAMED --add-opens=java.base/java.net=ALL-UNNAMED --add-opens=java.base/java.util.concurrent.atomic=ALL-UNNAMED -Xmx2048m -Dfile.encoding=UTF-8 -Duser.country=US -Duser.language=en -Duser.variant org.gradle.launcher.daemon.bootstrap.GradleDaemon 7.0.2

Host: Intel(R) Core(TM) i5-4310U CPU @ 2.00GHz, 4 cores, 3G,  Windows 10 , 64 bit Build 10586 (10.0.10586.589)
Time: Thu Nov 25 11:41:23 2021 Pakistan Standard Time elapsed time: 34 seconds (0d 0h 0m 34s)

---------------  T H R E A D  ---------------

Current thread (0x000001e0d8d2e800):  JavaThread "C2 CompilerThread0" daemon [_thread_in_native, id=6484, stack(0x0000006b10b00000,0x0000006b10c00000)]


Current CompileTask:
C2:  34387 15476       4       com.android.tools.r8.code.x1::a (4137 bytes)

Stack: [0x0000006b10b00000,0x0000006b10c00000]
Native frames: (J=compiled Java code, j=interpreted, Vv=VM code, C=native code)
V  [jvm.dll+0x5de50a]
V  [jvm.dll+0x7122f5]
V  [jvm.dll+0x71384d]
V  [jvm.dll+0x713f03]
V  [jvm.dll+0x23e728]
V  [jvm.dll+0xb899c]
V  [jvm.dll+0xb8e9c]
V  [jvm.dll+0x1fac89]
V  [jvm.dll+0x1f93d9]
V  [jvm.dll+0x1f685f]
V  [jvm.dll+0x17f32c]
V  [jvm.dll+0x205047]
V  [jvm.dll+0x203891]
V  [jvm.dll+0x6dad3f]
V  [jvm.dll+0x6d3895]
V  [jvm.dll+0x5dd4a6]
C  [ucrtbase.dll+0x6beed]
C  [KERNEL32.DLL+0x18102]
C  [ntdll.dll+0x5c5b4]


---------------  P R O C E S S  ---------------

Threads class SMR info:
_java_thread_list=0x000001e0df6f9d90, length=63, elements={
0x000001e0bd3f3800, 0x000001e0d8cd2000, 0x000001e0d8cd4000, 0x000001e0d8d2a800,
0x000001e0d8d2c800, 0x000001e0d8d2e800, 0x000001e0d8d32000, 0x000001e0d8d44800,
0x000001e0d9775800, 0x000001e0d978b800, 0x000001e0dac6f000, 0x000001e0db73c800,
0x000001e0db96a000, 0x000001e0db876800, 0x000001e0db6a4000, 0x000001e0dc6cf800,
0x000001e0dc6d4000, 0x000001e0dc6d1000, 0x000001e0dc6d2800, 0x000001e0dc6d5000,
0x000001e0df5e3000, 0x000001e0df5e1800, 0x000001e0df5df800, 0x000001e0df5e0800,
0x000001e0df5df000, 0x000001e0df5ea800, 0x000001e0df5e7000, 0x000001e0df5ed000,
0x000001e0df5e4800, 0x000001e0df5ec000, 0x000001e0df5e6800, 0x000001e0df5e8000,
0x000001e0df5e8800, 0x000001e0df5eb000, 0x000001e0df5e9800, 0x000001e0dc6d1800,
0x000001e0dc6d3800, 0x000001e0dc6d0000, 0x000001e0dc6d6000, 0x000001e0d9a0f800,
0x000001e0e0773800, 0x000001e0e0771800, 0x000001e0e0771000, 0x000001e0e0775000,
0x000001e0e0772800, 0x000001e0e076f800, 0x000001e0e0774000, 0x000001e0e0776000,
0x000001e0e0770000, 0x000001e0e0776800, 0x000001e0e0778800, 0x000001e0e077d000,
0x000001e0e077b800, 0x000001e0e077c800, 0x000001e0e077a000, 0x000001e0e077a800,
0x000001e0e077e000, 0x000001e0e0779000, 0x000001e0dc2a9800, 0x000001e0dc2aa800,
0x000001e0dc2ab800, 0x000001e0dc2ae000, 0x000001e0dc2ac000
}

Java Threads: ( => current thread )
  0x000001e0bd3f3800 JavaThread "main" [_thread_blocked, id=7928, stack(0x0000006b10000000,0x0000006b10100000)]
  0x000001e0d8cd2000 JavaThread "Reference Handler" daemon [_thread_blocked, id=3936, stack(0x0000006b10700000,0x0000006b10800000)]
  0x000001e0d8cd4000 JavaThread "Finalizer" daemon [_thread_blocked, id=6384, stack(0x0000006b10800000,0x0000006b10900000)]
  0x000001e0d8d2a800 JavaThread "Signal Dispatcher" daemon [_thread_blocked, id=4496, stack(0x0000006b10900000,0x0000006b10a00000)]
  0x000001e0d8d2c800 JavaThread "Attach Listener" daemon [_thread_blocked, id=7856, stack(0x0000006b10a00000,0x0000006b10b00000)]
=>0x000001e0d8d2e800 JavaThread "C2 CompilerThread0" daemon [_thread_in_native, id=6484, stack(0x0000006b10b00000,0x0000006b10c00000)]
  0x000001e0d8d32000 JavaThread "C1 CompilerThread0" daemon [_thread_blocked, id=5820, stack(0x0000006b10c00000,0x0000006b10d00000)]
  0x000001e0d8d44800 JavaThread "Sweeper thread" daemon [_thread_blocked, id=3040, stack(0x0000006b10d00000,0x0000006b10e00000)]
  0x000001e0d9775800 JavaThread "Common-Cleaner" daemon [_thread_blocked, id=5132, stack(0x0000006b10e00000,0x0000006b10f00000)]
  0x000001e0d978b800 JavaThread "Service Thread" daemon [_thread_blocked, id=9048, stack(0x0000006b10f00000,0x0000006b11000000)]
  0x000001e0dac6f000 JavaThread "Daemon health stats" [_thread_blocked, id=6572, stack(0x0000006b11300000,0x0000006b11400000)]
  0x000001e0db73c800 JavaThread "Incoming local TCP Connector on port 57784" [_thread_in_native, id=5848, stack(0x0000006b11600000,0x0000006b11700000)]
  0x000001e0db96a000 JavaThread "Daemon" [_thread_blocked, id=5328, stack(0x0000006b11700000,0x0000006b11800000)]
  0x000001e0db876800 JavaThread "Daemon periodic checks" [_thread_blocked, id=7028, stack(0x0000006b11900000,0x0000006b11a00000)]
  0x000001e0db6a4000 JavaThread "Daemon worker" [_thread_blocked, id=3124, stack(0x0000006b11b00000,0x0000006b11c00000)]
  0x000001e0dc6cf800 JavaThread "Cache worker for file hash cache (C:\Users\Huzaifa Sammar\.gradle\caches\7.0.2\fileHashes)" [_thread_blocked, id=4932, stack(0x0000006b11f00000,0x0000006b12000000)]
  0x000001e0dc6d4000 JavaThread "File lock request listener" [_thread_in_native, id=8992, stack(0x0000006b12000000,0x0000006b12100000)]
  0x000001e0dc6d1000 JavaThread "Cache worker for journal cache (C:\Users\Huzaifa Sammar\.gradle\caches\journal-1)" [_thread_blocked, id=2116, stack(0x0000006b12100000,0x0000006b12200000)]
  0x000001e0dc6d2800 JavaThread "File watcher server" daemon [_thread_in_native, id=4092, stack(0x0000006b12300000,0x0000006b12400000)]
  0x000001e0dc6d5000 JavaThread "File watcher consumer" daemon [_thread_blocked, id=4652, stack(0x0000006b12400000,0x0000006b12500000)]
  0x000001e0df5e3000 JavaThread "Cache worker for execution history cache (C:\Users\Huzaifa Sammar\.gradle\caches\7.0.2\executionHistory)" [_thread_blocked, id=9168, stack(0x0000006b12800000,0x0000006b12900000)]
  0x000001e0df5e1800 JavaThread "jar transforms" [_thread_blocked, id=4776, stack(0x0000006b12900000,0x0000006b12a00000)]
  0x000001e0df5df800 JavaThread "jar transforms Thread 2" [_thread_blocked, id=8784, stack(0x0000006b12a00000,0x0000006b12b00000)]
  0x000001e0df5e0800 JavaThread "Cache worker for file content cache (C:\Users\Huzaifa Sammar\.gradle\caches\7.0.2\fileContent)" [_thread_blocked, id=8980, stack(0x0000006b12b00000,0x0000006b12c00000)]
  0x000001e0df5df000 JavaThread "jar transforms Thread 3" [_thread_blocked, id=4828, stack(0x0000006b12d00000,0x0000006b12e00000)]
  0x000001e0df5ea800 JavaThread "jar transforms Thread 4" [_thread_blocked, id=2476, stack(0x0000006b13300000,0x0000006b13400000)]
  0x000001e0df5e7000 JavaThread "Memory manager" [_thread_blocked, id=7808, stack(0x0000006b13400000,0x0000006b13500000)]
  0x000001e0df5ed000 JavaThread "pool-3-thread-1" [_thread_blocked, id=9112, stack(0x0000006b13600000,0x0000006b13700000)]
  0x000001e0df5e4800 JavaThread "Handler for socket connection from /127.0.0.1:57784 to /127.0.0.1:57790" [_thread_in_native, id=6616, stack(0x0000006b13e00000,0x0000006b13f00000)]
  0x000001e0df5ec000 JavaThread "Cancel handler" [_thread_blocked, id=7412, stack(0x0000006b13f00000,0x0000006b14000000)]
  0x000001e0df5e6800 JavaThread "Asynchronous log dispatcher for DefaultDaemonConnection: socket connection from /127.0.0.1:57784 to /127.0.0.1:57790" [_thread_blocked, id=2368, stack(0x0000006b14000000,0x0000006b14100000)]
  0x000001e0df5e8000 JavaThread "Stdin handler" [_thread_blocked, id=5956, stack(0x0000006b14100000,0x0000006b14200000)]
  0x000001e0df5e8800 JavaThread "Daemon client event forwarder" [_thread_blocked, id=6204, stack(0x0000006b14200000,0x0000006b14300000)]
  0x000001e0df5eb000 JavaThread "Cache worker for file hash cache (C:\Users\Huzaifa Sammar\AndroidStudioProjects\DingVpnn\.gradle\7.0.2\fileHashes)" [_thread_blocked, id=4292, stack(0x0000006b14300000,0x0000006b14400000)]
  0x000001e0df5e9800 JavaThread "Cache worker for checksums cache (C:\Users\Huzaifa Sammar\AndroidStudioProjects\DingVpnn\.gradle\checksums)" [_thread_blocked, id=4428, stack(0x0000006b14400000,0x0000006b14500000)]
  0x000001e0dc6d1800 JavaThread "Cache worker for cache directory md-supplier (C:\Users\Huzaifa Sammar\.gradle\caches\7.0.2\md-supplier)" [_thread_blocked, id=7800, stack(0x0000006b14500000,0x0000006b14600000)]
  0x000001e0dc6d3800 JavaThread "Cache worker for cache directory md-rule (C:\Users\Huzaifa Sammar\.gradle\caches\7.0.2\md-rule)" [_thread_blocked, id=5388, stack(0x0000006b14600000,0x0000006b14700000)]
  0x000001e0dc6d0000 JavaThread "Cache worker for dependencies-accessors (C:\Users\Huzaifa Sammar\AndroidStudioProjects\DingVpnn\.gradle\7.0.2\dependencies-accessors)" [_thread_blocked, id=5464, stack(0x0000006b14700000,0x0000006b14800000)]
  0x000001e0dc6d6000 JavaThread "Cache worker for Build Output Cleanup Cache (C:\Users\Huzaifa Sammar\AndroidStudioProjects\DingVpnn\.gradle\buildOutputCleanup)" [_thread_blocked, id=3788, stack(0x0000006b14800000,0x0000006b14900000)]
  0x000001e0d9a0f800 JavaThread "C2 CompilerThread1" daemon [_thread_in_native, id=4204, stack(0x0000006b14900000,0x0000006b14a00000)]
  0x000001e0e0773800 JavaThread "Build operations" [_thread_blocked, id=6608, stack(0x0000006b14a00000,0x0000006b14b00000)]
  0x000001e0e0771800 JavaThread "Build operations Thread 2" [_thread_blocked, id=4228, stack(0x0000006b14b00000,0x0000006b14c00000)]
  0x000001e0e0771000 JavaThread "Build operations Thread 3" [_thread_blocked, id=8652, stack(0x0000006b14c00000,0x0000006b14d00000)]
  0x000001e0e0775000 JavaThread "Build operations Thread 4" [_thread_blocked, id=2380, stack(0x0000006b14d00000,0x0000006b14e00000)]
  0x000001e0e0772800 JavaThread "build event listener" [_thread_blocked, id=5512, stack(0x0000006b14e00000,0x0000006b14f00000)]
  0x000001e0e076f800 JavaThread "pool-6-thread-1" [_thread_blocked, id=8240, stack(0x0000006b14f00000,0x0000006b15000000)]
  0x000001e0e0774000 JavaThread "build event listener" [_thread_blocked, id=1272, stack(0x0000006b15000000,0x0000006b15100000)]
  0x000001e0e0776000 JavaThread "Execution worker for ':'" [_thread_blocked, id=5592, stack(0x0000006b15100000,0x0000006b15200000)]
  0x000001e0e0770000 JavaThread "Execution worker for ':' Thread 2" [_thread_blocked, id=4200, stack(0x0000006b15200000,0x0000006b15300000)]
  0x000001e0e0776800 JavaThread "Execution worker for ':' Thread 3" [_thread_blocked, id=9092, stack(0x0000006b15300000,0x0000006b15400000)]
  0x000001e0e0778800 JavaThread "Cache worker for execution history cache (C:\Users\Huzaifa Sammar\AndroidStudioProjects\DingVpnn\.gradle\7.0.2\executionHistory)" [_thread_blocked, id=3764, stack(0x0000006b15400000,0x0000006b15500000)]
  0x000001e0e077d000 JavaThread "WorkerExecutor Queue" [_thread_blocked, id=7124, stack(0x0000006b15500000,0x0000006b15600000)]
  0x000001e0e077b800 JavaThread "WorkerExecutor Queue Thread 2" [_thread_blocked, id=3600, stack(0x0000006b15700000,0x0000006b15800000)]
  0x000001e0e077c800 JavaThread "WorkerExecutor Queue Thread 3" [_thread_blocked, id=3700, stack(0x0000006b15800000,0x0000006b15900000)]
  0x000001e0e077a000 JavaThread "WorkerExecutor Queue Thread 4" [_thread_in_native, id=4816, stack(0x0000006b15900000,0x0000006b15a00000)]
  0x000001e0e077a800 JavaThread "WorkerExecutor Queue Thread 5" [_thread_blocked, id=8432, stack(0x0000006b15c00000,0x0000006b15d00000)]
  0x000001e0e077e000 JavaThread "pool-7-thread-1" [_thread_blocked, id=6364, stack(0x0000006b15d00000,0x0000006b15e00000)]
  0x000001e0e0779000 JavaThread "stderr" [_thread_in_native, id=3592, stack(0x0000006b15e00000,0x0000006b15f00000)]
  0x000001e0dc2a9800 JavaThread "stdout" [_thread_in_native, id=788, stack(0x0000006b15f00000,0x0000006b16000000)]
  0x000001e0dc2aa800 JavaThread "ForkJoinPool-1-worker-3" daemon [_thread_in_Java, id=3556, stack(0x0000006b16000000,0x0000006b16100000)]
  0x000001e0dc2ab800 JavaThread "ForkJoinPool-1-worker-5" daemon [_thread_in_Java, id=6232, stack(0x0000006b16100000,0x0000006b16200000)]
  0x000001e0dc2ae000 JavaThread "ForkJoinPool-1-worker-7" daemon [_thread_in_Java, id=7256, stack(0x0000006b16200000,0x0000006b16300000)]
  0x000001e0dc2ac000 JavaThread "ForkJoinPool-1-worker-1" daemon [_thread_in_Java, id=2608, stack(0x0000006b16300000,0x0000006b16400000)]

Other Threads:
  0x000001e0d8cca800 VMThread "VM Thread" [stack: 0x0000006b10600000,0x0000006b10700000] [id=7488]
  0x000001e0d9795000 WatcherThread [stack: 0x0000006b11000000,0x0000006b11100000] [id=8376]
  0x000001e0bd40c000 GCTaskThread "GC Thread#0" [stack: 0x0000006b10100000,0x0000006b10200000] [id=4168]
  0x000001e0da2b0000 GCTaskThread "GC Thread#1" [stack: 0x0000006b11200000,0x0000006b11300000] [id=5692]
  0x000001e0daa0e000 GCTaskThread "GC Thread#2" [stack: 0x0000006b11400000,0x0000006b11500000] [id=3360]
  0x000001e0dab89000 GCTaskThread "GC Thread#3" [stack: 0x0000006b11500000,0x0000006b11600000] [id=4036]
  0x000001e0bd43d000 ConcurrentGCThread "G1 Main Marker" [stack: 0x0000006b10200000,0x0000006b10300000] [id=4660]
  0x000001e0bd43e800 ConcurrentGCThread "G1 Conc#0" [stack: 0x0000006b10300000,0x0000006b10400000] [id=3632]
  0x000001e0bd49c800 ConcurrentGCThread "G1 Refine#0" [stack: 0x0000006b10400000,0x0000006b10500000] [id=5856]
  0x000001e0e2db4800 ConcurrentGCThread "G1 Refine#1" [stack: 0x0000006b15600000,0x0000006b15700000] [id=3652]
  0x000001e0bd49d800 ConcurrentGCThread "G1 Young RemSet Sampling" [stack: 0x0000006b10500000,0x0000006b10600000] [id=5168]

Threads with active compile tasks:
C2 CompilerThread0  34416 15476       4       com.android.tools.r8.code.x1::a (4137 bytes)
C2 CompilerThread1  34416 15584 %     4       com.android.tools.r8.dex.n::a @ 315 (913 bytes)

VM state:not at safepoint (normal execution)

VM Mutex/Monitor currently owned by a thread: None

Heap address: 0x0000000080000000, size: 2048 MB, Compressed Oops mode: 32-bit
Narrow klass base: 0x0000000000000000, Narrow klass shift: 3
Compressed class space size: 1073741824 Address: 0x0000000100000000

Heap:
 garbage-first heap   total 240640K, used 170773K [0x0000000080000000, 0x0000000100000000)
  region size 1024K, 52 young (53248K), 11 survivors (11264K)
 Metaspace       used 105105K, capacity 107537K, committed 107724K, reserved 1142784K
  class space    used 13044K, capacity 13937K, committed 14028K, reserved 1048576K
Heap Regions: E=young(eden), S=young(survivor), O=old, HS=humongous(starts), HC=humongous(continues), CS=collection set, F=free, A=archive, TAMS=top-at-mark-start (previous, next)
|   0|0x0000000080000000, 0x0000000080100000, 0x0000000080100000|100%|HS|  |TAMS 0x0000000080100000, 0x0000000080000000| Complete 
|   1|0x0000000080100000, 0x0000000080200000, 0x0000000080200000|100%|HC|  |TAMS 0x0000000080200000, 0x0000000080100000| Complete 
|   2|0x0000000080200000, 0x0000000080300000, 0x0000000080300000|100%|HC|  |TAMS 0x0000000080300000, 0x0000000080200000| Complete 
|   3|0x0000000080300000, 0x0000000080400000, 0x0000000080400000|100%| O|  |TAMS 0x0000000080400000, 0x0000000080300000| Untracked 
|   4|0x0000000080400000, 0x0000000080500000, 0x0000000080500000|100%| O|  |TAMS 0x0000000080500000, 0x0000000080400000| Untracked 
|   5|0x0000000080500000, 0x0000000080600000, 0x0000000080600000|100%| O|  |TAMS 0x0000000080600000, 0x0000000080500000| Untracked 
|   6|0x0000000080600000, 0x0000000080700000, 0x0000000080700000|100%| O|  |TAMS 0x0000000080700000, 0x0000000080600000| Untracked 
|   7|0x0000000080700000, 0x0000000080800000, 0x0000000080800000|100%| O|  |TAMS 0x0000000080800000, 0x0000000080700000| Untracked 
|   8|0x0000000080800000, 0x0000000080900000, 0x0000000080900000|100%| O|  |TAMS 0x0000000080900000, 0x0000000080800000| Untracked 
|   9|0x0000000080900000, 0x0000000080a00000, 0x0000000080a00000|100%| O|  |TAMS 0x0000000080a00000, 0x0000000080900000| Untracked 
|  10|0x0000000080a00000, 0x0000000080b00000, 0x0000000080b00000|100%| O|  |TAMS 0x0000000080b00000, 0x0000000080a00000| Untracked 
|  11|0x0000000080b00000, 0x0000000080c00000, 0x0000000080c00000|100%| O|  |TAMS 0x0000000080c00000, 0x0000000080b00000| Untracked 
|  12|0x0000000080c00000, 0x0000000080d00000, 0x0000000080d00000|100%| O|  |TAMS 0x0000000080d00000, 0x0000000080c00000| Untracked 
|  13|0x0000000080d00000, 0x0000000080e00000, 0x0000000080e00000|100%| O|  |TAMS 0x0000000080e00000, 0x0000000080d00000| Untracked 
|  14|0x0000000080e00000, 0x0000000080f00000, 0x0000000080f00000|100%| O|  |TAMS 0x0000000080f00000, 0x0000000080e00000| Untracked 
|  15|0x0000000080f00000, 0x0000000081000000, 0x0000000081000000|100%| O|  |TAMS 0x0000000081000000, 0x0000000080f00000| Untracked 
|  16|0x0000000081000000, 0x0000000081100000, 0x0000000081100000|100%| O|  |TAMS 0x0000000081100000, 0x0000000081000000| Untracked 
|  17|0x0000000081100000, 0x0000000081200000, 0x0000000081200000|100%| O|  |TAMS 0x0000000081200000, 0x0000000081100000| Untracked 
|  18|0x0000000081200000, 0x0000000081300000, 0x0000000081300000|100%| O|  |TAMS 0x0000000081300000, 0x0000000081200000| Untracked 
|  19|0x0000000081300000, 0x0000000081400000, 0x0000000081400000|100%| O|  |TAMS 0x0000000081400000, 0x0000000081300000| Untracked 
|  20|0x0000000081400000, 0x0000000081500000, 0x0000000081500000|100%| O|  |TAMS 0x0000000081500000, 0x0000000081400000| Untracked 
|  21|0x0000000081500000, 0x0000000081600000, 0x0000000081600000|100%|HS|  |TAMS 0x0000000081600000, 0x0000000081500000| Complete 
|  22|0x0000000081600000, 0x0000000081700000, 0x0000000081700000|100%| O|  |TAMS 0x0000000081700000, 0x0000000081600000| Untracked 
|  23|0x0000000081700000, 0x0000000081800000, 0x0000000081800000|100%| O|  |TAMS 0x0000000081800000, 0x0000000081700000| Untracked 
|  24|0x0000000081800000, 0x0000000081900000, 0x0000000081900000|100%| O|  |TAMS 0x0000000081900000, 0x0000000081800000| Untracked 
|  25|0x0000000081900000, 0x0000000081a00000, 0x0000000081a00000|100%| O|  |TAMS 0x0000000081a00000, 0x0000000081900000| Untracked 
|  26|0x0000000081a00000, 0x0000000081b00000, 0x0000000081b00000|100%| O|  |TAMS 0x0000000081b00000, 0x0000000081a00000| Untracked 
|  27|0x0000000081b00000, 0x0000000081c00000, 0x0000000081c00000|100%| O|  |TAMS 0x0000000081c00000, 0x0000000081b00000| Untracked 
|  28|0x0000000081c00000, 0x0000000081d00000, 0x0000000081d00000|100%| O|  |TAMS 0x0000000081d00000, 0x0000000081c00000| Untracked 
|  29|0x0000000081d00000, 0x0000000081e00000, 0x0000000081e00000|100%|HS|  |TAMS 0x0000000081e00000, 0x0000000081d00000| Complete 
|  30|0x0000000081e00000, 0x0000000081f00000, 0x0000000081f00000|100%|HC|  |TAMS 0x0000000081f00000, 0x0000000081e00000| Complete 
|  31|0x0000000081f00000, 0x0000000082000000, 0x0000000082000000|100%| O|  |TAMS 0x0000000082000000, 0x0000000081f00000| Untracked 
|  32|0x0000000082000000, 0x0000000082100000, 0x0000000082100000|100%| O|  |TAMS 0x0000000082100000, 0x0000000082000000| Untracked 
|  33|0x0000000082100000, 0x0000000082200000, 0x0000000082200000|100%| O|  |TAMS 0x0000000082200000, 0x0000000082100000| Untracked 
|  34|0x0000000082200000, 0x0000000082300000, 0x0000000082300000|100%| O|  |TAMS 0x0000000082300000, 0x0000000082200000| Untracked 
|  35|0x0000000082300000, 0x0000000082400000, 0x0000000082400000|100%| O|  |TAMS 0x0000000082400000, 0x0000000082300000| Untracked 
|  36|0x0000000082400000, 0x0000000082500000, 0x0000000082500000|100%| O|  |TAMS 0x0000000082500000, 0x0000000082400000| Untracked 
|  37|0x0000000082500000, 0x0000000082600000, 0x0000000082600000|100%| O|  |TAMS 0x0000000082600000, 0x0000000082500000| Untracked 
|  38|0x0000000082600000, 0x0000000082700000, 0x0000000082700000|100%| O|  |TAMS 0x0000000082700000, 0x0000000082600000| Untracked 
|  39|0x0000000082700000, 0x0000000082800000, 0x0000000082800000|100%| O|  |TAMS 0x0000000082800000, 0x0000000082700000| Untracked 
|  40|0x0000000082800000, 0x0000000082900000, 0x0000000082900000|100%| O|  |TAMS 0x0000000082900000, 0x0000000082800000| Untracked 
|  41|0x0000000082900000, 0x0000000082a00000, 0x0000000082a00000|100%| O|  |TAMS 0x0000000082a00000, 0x0000000082900000| Untracked 
|  42|0x0000000082a00000, 0x0000000082b00000, 0x0000000082b00000|100%| O|  |TAMS 0x0000000082b00000, 0x0000000082a00000| Untracked 
|  43|0x0000000082b00000, 0x0000000082c00000, 0x0000000082c00000|100%| O|  |TAMS 0x0000000082c00000, 0x0000000082b00000| Untracked 
|  44|0x0000000082c00000, 0x0000000082d00000, 0x0000000082d00000|100%| O|  |TAMS 0x0000000082d00000, 0x0000000082c00000| Untracked 
|  45|0x0000000082d00000, 0x0000000082e00000, 0x0000000082e00000|100%| O|  |TAMS 0x0000000082e00000, 0x0000000082d00000| Untracked 
|  46|0x0000000082e00000, 0x0000000082f00000, 0x0000000082f00000|100%| O|  |TAMS 0x0000000082f00000, 0x0000000082e00000| Untracked 
|  47|0x0000000082f00000, 0x0000000083000000, 0x0000000083000000|100%| O|  |TAMS 0x0000000083000000, 0x0000000082f00000| Untracked 
|  48|0x0000000083000000, 0x0000000083100000, 0x0000000083100000|100%| O|  |TAMS 0x0000000083100000, 0x0000000083000000| Untracked 
|  49|0x0000000083100000, 0x0000000083200000, 0x0000000083200000|100%| O|  |TAMS 0x0000000083200000, 0x0000000083100000| Untracked 
|  50|0x0000000083200000, 0x0000000083300000, 0x0000000083300000|100%| O|  |TAMS 0x0000000083300000, 0x0000000083200000| Untracked 
|  51|0x0000000083300000, 0x0000000083400000, 0x0000000083400000|100%| O|  |TAMS 0x0000000083400000, 0x0000000083300000| Untracked 
|  52|0x0000000083400000, 0x0000000083500000, 0x0000000083500000|100%| O|  |TAMS 0x0000000083500000, 0x0000000083400000| Untracked 
|  53|0x0000000083500000, 0x0000000083600000, 0x0000000083600000|100%| O|  |TAMS 0x0000000083600000, 0x0000000083500000| Untracked 
|  54|0x0000000083600000, 0x0000000083700000, 0x0000000083700000|100%| O|  |TAMS 0x0000000083700000, 0x0000000083600000| Untracked 
|  55|0x0000000083700000, 0x0000000083800000, 0x0000000083800000|100%| O|  |TAMS 0x0000000083800000, 0x0000000083700000| Untracked 
|  56|0x0000000083800000, 0x0000000083900000, 0x0000000083900000|100%| O|  |TAMS 0x0000000083900000, 0x0000000083800000| Untracked 
|  57|0x0000000083900000, 0x0000000083a00000, 0x0000000083a00000|100%| O|  |TAMS 0x0000000083a00000, 0x0000000083900000| Untracked 
|  58|0x0000000083a00000, 0x0000000083b00000, 0x0000000083b00000|100%| O|  |TAMS 0x0000000083b00000, 0x0000000083a00000| Untracked 
|  59|0x0000000083b00000, 0x0000000083c00000, 0x0000000083c00000|100%| O|  |TAMS 0x0000000083c00000, 0x0000000083b00000| Untracked 
|  60|0x0000000083c00000, 0x0000000083d00000, 0x0000000083d00000|100%| O|  |TAMS 0x0000000083d00000, 0x0000000083c00000| Untracked 
|  61|0x0000000083d00000, 0x0000000083e00000, 0x0000000083e00000|100%| O|  |TAMS 0x0000000083e00000, 0x0000000083d00000| Untracked 
|  62|0x0000000083e00000, 0x0000000083f00000, 0x0000000083f00000|100%| O|  |TAMS 0x0000000083f00000, 0x0000000083e00000| Untracked 
|  63|0x0000000083f00000, 0x0000000084000000, 0x0000000084000000|100%| O|  |TAMS 0x0000000084000000, 0x0000000083f00000| Untracked 
|  64|0x0000000084000000, 0x0000000084100000, 0x0000000084100000|100%| O|  |TAMS 0x0000000084100000, 0x0000000084000000| Untracked 
|  65|0x0000000084100000, 0x0000000084200000, 0x0000000084200000|100%| O|  |TAMS 0x0000000084100000, 0x0000000084100000| Untracked 
|  66|0x0000000084200000, 0x0000000084300000, 0x0000000084300000|100%| O|  |TAMS 0x0000000084200000, 0x0000000084200000| Untracked 
|  67|0x0000000084300000, 0x0000000084400000, 0x0000000084400000|100%| O|  |TAMS 0x0000000084300000, 0x0000000084300000| Untracked 
|  68|0x0000000084400000, 0x0000000084500000, 0x0000000084500000|100%|HS|  |TAMS 0x0000000084400000, 0x0000000084400000| Complete 
|  69|0x0000000084500000, 0x0000000084600000, 0x0000000084600000|100%|HC|  |TAMS 0x0000000084500000, 0x0000000084500000| Complete 
|  70|0x0000000084600000, 0x0000000084700000, 0x0000000084700000|100%|HS|  |TAMS 0x0000000084600000, 0x0000000084600000| Complete 
|  71|0x0000000084700000, 0x0000000084800000, 0x0000000084800000|100%|HS|  |TAMS 0x0000000084700000, 0x0000000084700000| Complete 
|  72|0x0000000084800000, 0x0000000084900000, 0x0000000084900000|100%|HS|  |TAMS 0x0000000084800000, 0x0000000084800000| Complete 
|  73|0x0000000084900000, 0x0000000084a00000, 0x0000000084a00000|100%|HS|  |TAMS 0x0000000084900000, 0x0000000084900000| Complete 
|  74|0x0000000084a00000, 0x0000000084b00000, 0x0000000084b00000|100%|HS|  |TAMS 0x0000000084a00000, 0x0000000084a00000| Complete 
|  75|0x0000000084b00000, 0x0000000084c00000, 0x0000000084c00000|100%| O|  |TAMS 0x0000000084b00000, 0x0000000084b00000| Untracked 
|  76|0x0000000084c00000, 0x0000000084d00000, 0x0000000084d00000|100%| O|  |TAMS 0x0000000084c00000, 0x0000000084c00000| Untracked 
|  77|0x0000000084d00000, 0x0000000084e00000, 0x0000000084e00000|100%| O|  |TAMS 0x0000000084e00000, 0x0000000084d00000| Untracked 
|  78|0x0000000084e00000, 0x0000000084f00000, 0x0000000084f00000|100%| O|  |TAMS 0x0000000084f00000, 0x0000000084e00000| Untracked 
|  79|0x0000000084f00000, 0x0000000085000000, 0x0000000085000000|100%|HS|  |TAMS 0x0000000084f00000, 0x0000000084f00000| Complete 
|  80|0x0000000085000000, 0x0000000085100000, 0x0000000085100000|100%|HC|  |TAMS 0x0000000085000000, 0x0000000085000000| Complete 
|  81|0x0000000085100000, 0x0000000085200000, 0x0000000085200000|100%|HS|  |TAMS 0x0000000085100000, 0x0000000085100000| Complete 
|  82|0x0000000085200000, 0x0000000085300000, 0x0000000085300000|100%| O|  |TAMS 0x0000000085200000, 0x0000000085200000| Untracked 
|  83|0x0000000085300000, 0x0000000085400000, 0x0000000085400000|100%|HS|  |TAMS 0x0000000085300000, 0x0000000085300000| Complete 
|  84|0x0000000085400000, 0x0000000085500000, 0x0000000085500000|100%| O|  |TAMS 0x0000000085400000, 0x0000000085400000| Untracked 
|  85|0x0000000085500000, 0x0000000085600000, 0x0000000085600000|100%| O|  |TAMS 0x0000000085600000, 0x0000000085500000| Untracked 
|  86|0x0000000085600000, 0x0000000085700000, 0x0000000085700000|100%|HS|  |TAMS 0x0000000085600000, 0x0000000085600000| Complete 
|  87|0x0000000085700000, 0x0000000085800000, 0x0000000085800000|100%| O|  |TAMS 0x0000000085700000, 0x0000000085700000| Untracked 
|  88|0x0000000085800000, 0x0000000085900000, 0x0000000085900000|100%|HS|  |TAMS 0x0000000085800000, 0x0000000085800000| Complete 
|  89|0x0000000085900000, 0x0000000085a00000, 0x0000000085a00000|100%| O|  |TAMS 0x0000000085900000, 0x0000000085900000| Untracked 
|  90|0x0000000085a00000, 0x0000000085b00000, 0x0000000085b00000|100%| O|  |TAMS 0x0000000085a00000, 0x0000000085a00000| Untracked 
|  91|0x0000000085b00000, 0x0000000085c00000, 0x0000000085c00000|100%| O|  |TAMS 0x0000000085b00000, 0x0000000085b00000| Untracked 
|  92|0x0000000085c00000, 0x0000000085d00000, 0x0000000085d00000|100%| O|  |TAMS 0x0000000085c00000, 0x0000000085c00000| Untracked 
|  93|0x0000000085d00000, 0x0000000085e00000, 0x0000000085e00000|100%| O|  |TAMS 0x0000000085e00000, 0x0000000085d00000| Untracked 
|  94|0x0000000085e00000, 0x0000000085f00000, 0x0000000085f00000|100%| O|  |TAMS 0x0000000085e00000, 0x0000000085e00000| Untracked 
|  95|0x0000000085f00000, 0x0000000086000000, 0x0000000086000000|100%| O|  |TAMS 0x0000000086000000, 0x0000000085f00000| Untracked 
|  96|0x0000000086000000, 0x0000000086100000, 0x0000000086100000|100%| O|  |TAMS 0x0000000086000000, 0x0000000086000000| Untracked 
|  97|0x0000000086100000, 0x0000000086200000, 0x0000000086200000|100%| O|  |TAMS 0x0000000086100000, 0x0000000086100000| Untracked 
|  98|0x0000000086200000, 0x0000000086300000, 0x0000000086300000|100%| O|  |TAMS 0x0000000086200000, 0x0000000086200000| Untracked 
|  99|0x0000000086300000, 0x0000000086400000, 0x0000000086400000|100%| O|  |TAMS 0x0000000086300000, 0x0000000086300000| Untracked 
| 100|0x0000000086400000, 0x0000000086500000, 0x0000000086500000|100%| O|  |TAMS 0x0000000086400000, 0x0000000086400000| Untracked 
| 101|0x0000000086500000, 0x0000000086600000, 0x0000000086600000|100%| O|  |TAMS 0x0000000086500000, 0x0000000086500000| Untracked 
| 102|0x0000000086600000, 0x0000000086700000, 0x0000000086700000|100%| O|  |TAMS 0x0000000086600000, 0x0000000086600000| Untracked 
| 103|0x0000000086700000, 0x0000000086800000, 0x0000000086800000|100%| O|  |TAMS 0x0000000086700000, 0x0000000086700000| Untracked 
| 104|0x0000000086800000, 0x0000000086900000, 0x0000000086900000|100%| O|  |TAMS 0x0000000086900000, 0x0000000086800000| Untracked 
| 105|0x0000000086900000, 0x0000000086a00000, 0x0000000086a00000|100%| O|  |TAMS 0x0000000086a00000, 0x0000000086900000| Untracked 
| 106|0x0000000086a00000, 0x0000000086b00000, 0x0000000086b00000|100%| O|  |TAMS 0x0000000086b00000, 0x0000000086a00000| Untracked 
| 107|0x0000000086b00000, 0x0000000086c00000, 0x0000000086c00000|100%| O|  |TAMS 0x0000000086c00000, 0x0000000086b00000| Untracked 
| 108|0x0000000086c00000, 0x0000000086d00000, 0x0000000086d00000|100%| O|  |TAMS 0x0000000086c00000, 0x0000000086c00000| Untracked 
| 109|0x0000000086d00000, 0x0000000086e00000, 0x0000000086e00000|100%| O|  |TAMS 0x0000000086d00000, 0x0000000086d00000| Untracked 
| 110|0x0000000086e00000, 0x0000000086f00000, 0x0000000086f00000|100%| O|  |TAMS 0x0000000086e00000, 0x0000000086e00000| Untracked 
| 111|0x0000000086f00000, 0x0000000087000000, 0x0000000087000000|100%| O|  |TAMS 0x0000000086f00000, 0x0000000086f00000| Untracked 
| 112|0x0000000087000000, 0x0000000087100000, 0x0000000087100000|100%| O|  |TAMS 0x0000000087100000, 0x0000000087000000| Untracked 
| 113|0x0000000087100000, 0x0000000087200000, 0x0000000087200000|100%| O|  |TAMS 0x00000000871d1400, 0x0000000087100000| Untracked 
| 114|0x0000000087200000, 0x0000000087300000, 0x0000000087300000|100%| O|  |TAMS 0x0000000087200000, 0x0000000087200000| Untracked 
| 115|0x0000000087300000, 0x0000000087400000, 0x0000000087400000|100%| O|  |TAMS 0x0000000087300000, 0x0000000087300000| Untracked 
| 116|0x0000000087400000, 0x00000000874c5400, 0x0000000087500000| 77%| O|  |TAMS 0x0000000087400000, 0x0000000087400000| Untracked 
| 117|0x0000000087500000, 0x0000000087500000, 0x0000000087600000|  0%| F|  |TAMS 0x0000000087500000, 0x0000000087500000| Untracked 
| 118|0x0000000087600000, 0x0000000087600000, 0x0000000087700000|  0%| F|  |TAMS 0x0000000087600000, 0x0000000087600000| Untracked 
| 119|0x0000000087700000, 0x0000000087700000, 0x0000000087800000|  0%| F|  |TAMS 0x0000000087700000, 0x0000000087700000| Untracked 
| 120|0x0000000087800000, 0x0000000087800000, 0x0000000087900000|  0%| F|  |TAMS 0x0000000087800000, 0x0000000087800000| Untracked 
| 121|0x0000000087900000, 0x0000000087900000, 0x0000000087a00000|  0%| F|  |TAMS 0x0000000087900000, 0x0000000087900000| Untracked 
| 122|0x0000000087a00000, 0x0000000087a00000, 0x0000000087b00000|  0%| F|  |TAMS 0x0000000087a00000, 0x0000000087a00000| Untracked 
| 123|0x0000000087b00000, 0x0000000087b00000, 0x0000000087c00000|  0%| F|  |TAMS 0x0000000087b00000, 0x0000000087b00000| Untracked 
| 124|0x0000000087c00000, 0x0000000087c00000, 0x0000000087d00000|  0%| F|  |TAMS 0x0000000087c00000, 0x0000000087c00000| Untracked 
| 125|0x0000000087d00000, 0x0000000087d00000, 0x0000000087e00000|  0%| F|  |TAMS 0x0000000087d00000, 0x0000000087d00000| Untracked 
| 126|0x0000000087e00000, 0x0000000087e00000, 0x0000000087f00000|  0%| F|  |TAMS 0x0000000087e00000, 0x0000000087e00000| Untracked 
| 127|0x0000000087f00000, 0x0000000087f00000, 0x0000000088000000|  0%| F|  |TAMS 0x0000000087f00000, 0x0000000087f00000| Untracked 
| 128|0x0000000088000000, 0x0000000088000000, 0x0000000088100000|  0%| F|  |TAMS 0x0000000088000000, 0x0000000088000000| Untracked 
| 129|0x0000000088100000, 0x0000000088100000, 0x0000000088200000|  0%| F|  |TAMS 0x0000000088100000, 0x0000000088100000| Untracked 
| 130|0x0000000088200000, 0x0000000088200000, 0x0000000088300000|  0%| F|  |TAMS 0x0000000088200000, 0x0000000088200000| Untracked 
| 131|0x0000000088300000, 0x0000000088300000, 0x0000000088400000|  0%| F|  |TAMS 0x0000000088300000, 0x0000000088300000| Untracked 
| 132|0x0000000088400000, 0x0000000088400000, 0x0000000088500000|  0%| F|  |TAMS 0x0000000088400000, 0x0000000088400000| Untracked 
| 133|0x0000000088500000, 0x0000000088500000, 0x0000000088600000|  0%| F|  |TAMS 0x0000000088500000, 0x0000000088500000| Untracked 
| 134|0x0000000088600000, 0x0000000088600000, 0x0000000088700000|  0%| F|  |TAMS 0x0000000088600000, 0x0000000088600000| Untracked 
| 135|0x0000000088700000, 0x0000000088700000, 0x0000000088800000|  0%| F|  |TAMS 0x0000000088700000, 0x0000000088700000| Untracked 
| 136|0x0000000088800000, 0x0000000088800000, 0x0000000088900000|  0%| F|  |TAMS 0x0000000088800000, 0x0000000088800000| Untracked 
| 137|0x0000000088900000, 0x0000000088900000, 0x0000000088a00000|  0%| F|  |TAMS 0x0000000088900000, 0x0000000088900000| Untracked 
| 138|0x0000000088a00000, 0x0000000088a00000, 0x0000000088b00000|  0%| F|  |TAMS 0x0000000088a00000, 0x0000000088a00000| Untracked 
| 139|0x0000000088b00000, 0x0000000088b00000, 0x0000000088c00000|  0%| F|  |TAMS 0x0000000088b00000, 0x0000000088b00000| Untracked 
| 140|0x0000000088c00000, 0x0000000088c00000, 0x0000000088d00000|  0%| F|  |TAMS 0x0000000088c00000, 0x0000000088c00000| Untracked 
| 141|0x0000000088d00000, 0x0000000088d00000, 0x0000000088e00000|  0%| F|  |TAMS 0x0000000088d00000, 0x0000000088d00000| Untracked 
| 142|0x0000000088e00000, 0x0000000088e00000, 0x0000000088f00000|  0%| F|  |TAMS 0x0000000088e00000, 0x0000000088e00000| Untracked 
| 143|0x0000000088f00000, 0x0000000088f00000, 0x0000000089000000|  0%| F|  |TAMS 0x0000000088f00000, 0x0000000088f00000| Untracked 
| 144|0x0000000089000000, 0x0000000089000000, 0x0000000089100000|  0%| F|  |TAMS 0x0000000089000000, 0x0000000089000000| Untracked 
| 145|0x0000000089100000, 0x0000000089100000, 0x0000000089200000|  0%| F|  |TAMS 0x0000000089100000, 0x0000000089100000| Untracked 
| 146|0x0000000089200000, 0x0000000089200000, 0x0000000089300000|  0%| F|  |TAMS 0x0000000089200000, 0x0000000089200000| Untracked 
| 147|0x0000000089300000, 0x0000000089300000, 0x0000000089400000|  0%| F|  |TAMS 0x0000000089300000, 0x0000000089300000| Untracked 
| 148|0x0000000089400000, 0x0000000089400000, 0x0000000089500000|  0%| F|  |TAMS 0x0000000089400000, 0x0000000089400000| Untracked 
| 149|0x0000000089500000, 0x0000000089500000, 0x0000000089600000|  0%| F|  |TAMS 0x0000000089500000, 0x0000000089500000| Untracked 
| 150|0x0000000089600000, 0x0000000089600000, 0x0000000089700000|  0%| F|  |TAMS 0x0000000089600000, 0x0000000089600000| Untracked 
| 151|0x0000000089700000, 0x0000000089700000, 0x0000000089800000|  0%| F|  |TAMS 0x0000000089700000, 0x0000000089700000| Untracked 
| 152|0x0000000089800000, 0x0000000089800000, 0x0000000089900000|  0%| F|  |TAMS 0x0000000089800000, 0x0000000089800000| Untracked 
| 153|0x0000000089900000, 0x0000000089900000, 0x0000000089a00000|  0%| F|  |TAMS 0x0000000089900000, 0x0000000089900000| Untracked 
| 154|0x0000000089a00000, 0x0000000089a00000, 0x0000000089b00000|  0%| F|  |TAMS 0x0000000089a00000, 0x0000000089a00000| Untracked 
| 155|0x0000000089b00000, 0x0000000089c00000, 0x0000000089c00000|100%| S|CS|TAMS 0x0000000089b00000, 0x0000000089b00000| Complete 
| 156|0x0000000089c00000, 0x0000000089d00000, 0x0000000089d00000|100%| S|CS|TAMS 0x0000000089c00000, 0x0000000089c00000| Complete 
| 157|0x0000000089d00000, 0x0000000089e00000, 0x0000000089e00000|100%| S|CS|TAMS 0x0000000089d00000, 0x0000000089d00000| Complete 
| 158|0x0000000089e00000, 0x0000000089f00000, 0x0000000089f00000|100%| S|CS|TAMS 0x0000000089e00000, 0x0000000089e00000| Complete 
| 159|0x0000000089f00000, 0x000000008a000000, 0x000000008a000000|100%| S|CS|TAMS 0x0000000089f00000, 0x0000000089f00000| Complete 
| 160|0x000000008a000000, 0x000000008a100000, 0x000000008a100000|100%| S|CS|TAMS 0x000000008a000000, 0x000000008a000000| Complete 
| 161|0x000000008a100000, 0x000000008a200000, 0x000000008a200000|100%| S|CS|TAMS 0x000000008a100000, 0x000000008a100000| Complete 
| 162|0x000000008a200000, 0x000000008a300000, 0x000000008a300000|100%| S|CS|TAMS 0x000000008a200000, 0x000000008a200000| Complete 
| 163|0x000000008a300000, 0x000000008a400000, 0x000000008a400000|100%| S|CS|TAMS 0x000000008a300000, 0x000000008a300000| Complete 
| 164|0x000000008a400000, 0x000000008a500000, 0x000000008a500000|100%| S|CS|TAMS 0x000000008a400000, 0x000000008a400000| Complete 
| 165|0x000000008a500000, 0x000000008a600000, 0x000000008a600000|100%| S|CS|TAMS 0x000000008a500000, 0x000000008a500000| Complete 
| 166|0x000000008a600000, 0x000000008a600000, 0x000000008a700000|  0%| F|  |TAMS 0x000000008a600000, 0x000000008a600000| Untracked 
| 167|0x000000008a700000, 0x000000008a700000, 0x000000008a800000|  0%| F|  |TAMS 0x000000008a700000, 0x000000008a700000| Untracked 
| 168|0x000000008a800000, 0x000000008a800000, 0x000000008a900000|  0%| F|  |TAMS 0x000000008a800000, 0x000000008a800000| Untracked 
| 169|0x000000008a900000, 0x000000008a900000, 0x000000008aa00000|  0%| F|  |TAMS 0x000000008a900000, 0x000000008a900000| Untracked 
| 170|0x000000008aa00000, 0x000000008aa00000, 0x000000008ab00000|  0%| F|  |TAMS 0x000000008aa00000, 0x000000008aa00000| Untracked 
| 171|0x000000008ab00000, 0x000000008ab00000, 0x000000008ac00000|  0%| F|  |TAMS 0x000000008ab00000, 0x000000008ab00000| Untracked 
| 172|0x000000008ac00000, 0x000000008ac00000, 0x000000008ad00000|  0%| F|  |TAMS 0x000000008ac00000, 0x000000008ac00000| Untracked 
| 173|0x000000008ad00000, 0x000000008ad00000, 0x000000008ae00000|  0%| F|  |TAMS 0x000000008ad00000, 0x000000008ad00000| Untracked 
| 174|0x000000008ae00000, 0x000000008ae00000, 0x000000008af00000|  0%| F|  |TAMS 0x000000008ae00000, 0x000000008ae00000| Untracked 
| 175|0x000000008af00000, 0x000000008af00000, 0x000000008b000000|  0%| F|  |TAMS 0x000000008af00000, 0x000000008af00000| Untracked 
| 176|0x000000008b000000, 0x000000008b000000, 0x000000008b100000|  0%| F|  |TAMS 0x000000008b000000, 0x000000008b000000| Untracked 
| 177|0x000000008b100000, 0x000000008b100000, 0x000000008b200000|  0%| F|  |TAMS 0x000000008b100000, 0x000000008b100000| Untracked 
| 178|0x000000008b200000, 0x000000008b200000, 0x000000008b300000|  0%| F|  |TAMS 0x000000008b200000, 0x000000008b200000| Untracked 
| 179|0x000000008b300000, 0x000000008b300000, 0x000000008b400000|  0%| F|  |TAMS 0x000000008b300000, 0x000000008b300000| Untracked 
| 180|0x000000008b400000, 0x000000008b400000, 0x000000008b500000|  0%| F|  |TAMS 0x000000008b400000, 0x000000008b400000| Untracked 
| 181|0x000000008b500000, 0x000000008b500000, 0x000000008b600000|  0%| F|  |TAMS 0x000000008b500000, 0x000000008b500000| Untracked 
| 182|0x000000008b600000, 0x000000008b600000, 0x000000008b700000|  0%| F|  |TAMS 0x000000008b600000, 0x000000008b600000| Untracked 
| 183|0x000000008b700000, 0x000000008b700000, 0x000000008b800000|  0%| F|  |TAMS 0x000000008b700000, 0x000000008b700000| Untracked 
| 184|0x000000008b800000, 0x000000008b800000, 0x000000008b900000|  0%| F|  |TAMS 0x000000008b800000, 0x000000008b800000| Untracked 
| 185|0x000000008b900000, 0x000000008b900000, 0x000000008ba00000|  0%| F|  |TAMS 0x000000008b900000, 0x000000008b900000| Untracked 
| 186|0x000000008ba00000, 0x000000008ba00000, 0x000000008bb00000|  0%| F|  |TAMS 0x000000008ba00000, 0x000000008ba00000| Untracked 
| 187|0x000000008bb00000, 0x000000008bb00000, 0x000000008bc00000|  0%| F|  |TAMS 0x000000008bb00000, 0x000000008bb00000| Untracked 
| 188|0x000000008bc00000, 0x000000008bc00000, 0x000000008bd00000|  0%| F|  |TAMS 0x000000008bc00000, 0x000000008bc00000| Untracked 
| 189|0x000000008bd00000, 0x000000008bd00000, 0x000000008be00000|  0%| F|  |TAMS 0x000000008bd00000, 0x000000008bd00000| Untracked 
| 190|0x000000008be00000, 0x000000008be00000, 0x000000008bf00000|  0%| F|  |TAMS 0x000000008be00000, 0x000000008be00000| Untracked 
| 191|0x000000008bf00000, 0x000000008bf00000, 0x000000008c000000|  0%| F|  |TAMS 0x000000008bf00000, 0x000000008bf00000| Untracked 
| 192|0x000000008c000000, 0x000000008c000000, 0x000000008c100000|  0%| F|  |TAMS 0x000000008c000000, 0x000000008c000000| Untracked 
| 193|0x000000008c100000, 0x000000008c18f438, 0x000000008c200000| 55%| E|  |TAMS 0x000000008c100000, 0x000000008c100000| Complete 
| 194|0x000000008c200000, 0x000000008c300000, 0x000000008c300000|100%| E|CS|TAMS 0x000000008c200000, 0x000000008c200000| Complete 
| 195|0x000000008c300000, 0x000000008c400000, 0x000000008c400000|100%| E|CS|TAMS 0x000000008c300000, 0x000000008c300000| Complete 
| 196|0x000000008c400000, 0x000000008c500000, 0x000000008c500000|100%| E|CS|TAMS 0x000000008c400000, 0x000000008c400000| Complete 
| 197|0x000000008c500000, 0x000000008c600000, 0x000000008c600000|100%| E|CS|TAMS 0x000000008c500000, 0x000000008c500000| Complete 
| 198|0x000000008c600000, 0x000000008c700000, 0x000000008c700000|100%| E|CS|TAMS 0x000000008c600000, 0x000000008c600000| Complete 
| 199|0x000000008c700000, 0x000000008c800000, 0x000000008c800000|100%| E|  |TAMS 0x000000008c700000, 0x000000008c700000| Complete 
| 200|0x000000008c800000, 0x000000008c900000, 0x000000008c900000|100%| E|CS|TAMS 0x000000008c800000, 0x000000008c800000| Complete 
| 201|0x000000008c900000, 0x000000008ca00000, 0x000000008ca00000|100%| E|CS|TAMS 0x000000008c900000, 0x000000008c900000| Complete 
| 202|0x000000008ca00000, 0x000000008cb00000, 0x000000008cb00000|100%| E|CS|TAMS 0x000000008ca00000, 0x000000008ca00000| Complete 
| 203|0x000000008cb00000, 0x000000008cc00000, 0x000000008cc00000|100%| E|CS|TAMS 0x000000008cb00000, 0x000000008cb00000| Complete 
| 204|0x000000008cc00000, 0x000000008cd00000, 0x000000008cd00000|100%| E|CS|TAMS 0x000000008cc00000, 0x000000008cc00000| Complete 
| 205|0x000000008cd00000, 0x000000008ce00000, 0x000000008ce00000|100%| E|CS|TAMS 0x000000008cd00000, 0x000000008cd00000| Complete 
| 206|0x000000008ce00000, 0x000000008cf00000, 0x000000008cf00000|100%| E|CS|TAMS 0x000000008ce00000, 0x000000008ce00000| Complete 
| 207|0x000000008cf00000, 0x000000008d000000, 0x000000008d000000|100%| E|CS|TAMS 0x000000008cf00000, 0x000000008cf00000| Complete 
| 208|0x000000008d000000, 0x000000008d100000, 0x000000008d100000|100%| E|CS|TAMS 0x000000008d000000, 0x000000008d000000| Complete 
| 209|0x000000008d100000, 0x000000008d200000, 0x000000008d200000|100%| E|CS|TAMS 0x000000008d100000, 0x000000008d100000| Complete 
| 210|0x000000008d200000, 0x000000008d300000, 0x000000008d300000|100%| E|CS|TAMS 0x000000008d200000, 0x000000008d200000| Complete 
| 211|0x000000008d300000, 0x000000008d400000, 0x000000008d400000|100%| E|CS|TAMS 0x000000008d300000, 0x000000008d300000| Complete 
| 212|0x000000008d400000, 0x000000008d500000, 0x000000008d500000|100%| E|CS|TAMS 0x000000008d400000, 0x000000008d400000| Complete 
| 213|0x000000008d500000, 0x000000008d600000, 0x000000008d600000|100%| E|CS|TAMS 0x000000008d500000, 0x000000008d500000| Complete 
| 214|0x000000008d600000, 0x000000008d700000, 0x000000008d700000|100%| E|CS|TAMS 0x000000008d600000, 0x000000008d600000| Complete 
| 215|0x000000008d700000, 0x000000008d800000, 0x000000008d800000|100%| E|CS|TAMS 0x000000008d700000, 0x000000008d700000| Complete 
| 216|0x000000008d800000, 0x000000008d900000, 0x000000008d900000|100%| E|CS|TAMS 0x000000008d800000, 0x000000008d800000| Complete 
| 217|0x000000008d900000, 0x000000008da00000, 0x000000008da00000|100%| E|CS|TAMS 0x000000008d900000, 0x000000008d900000| Complete 
| 218|0x000000008da00000, 0x000000008db00000, 0x000000008db00000|100%| E|CS|TAMS 0x000000008da00000, 0x000000008da00000| Complete 
| 219|0x000000008db00000, 0x000000008dc00000, 0x000000008dc00000|100%| E|CS|TAMS 0x000000008db00000, 0x000000008db00000| Complete 
| 220|0x000000008dc00000, 0x000000008dd00000, 0x000000008dd00000|100%| E|CS|TAMS 0x000000008dc00000, 0x000000008dc00000| Complete 
| 221|0x000000008dd00000, 0x000000008de00000, 0x000000008de00000|100%| E|CS|TAMS 0x000000008dd00000, 0x000000008dd00000| Complete 
| 222|0x000000008de00000, 0x000000008df00000, 0x000000008df00000|100%| E|CS|TAMS 0x000000008de00000, 0x000000008de00000| Complete 
| 223|0x000000008df00000, 0x000000008e000000, 0x000000008e000000|100%| E|CS|TAMS 0x000000008df00000, 0x000000008df00000| Complete 
| 224|0x000000008e000000, 0x000000008e100000, 0x000000008e100000|100%| E|CS|TAMS 0x000000008e000000, 0x000000008e000000| Complete 
| 225|0x000000008e100000, 0x000000008e200000, 0x000000008e200000|100%| E|CS|TAMS 0x000000008e100000, 0x000000008e100000| Complete 
| 226|0x000000008e200000, 0x000000008e300000, 0x000000008e300000|100%| E|CS|TAMS 0x000000008e200000, 0x000000008e200000| Complete 
| 227|0x000000008e300000, 0x000000008e400000, 0x000000008e400000|100%| E|CS|TAMS 0x000000008e300000, 0x000000008e300000| Complete 
| 228|0x000000008e400000, 0x000000008e500000, 0x000000008e500000|100%| E|CS|TAMS 0x000000008e400000, 0x000000008e400000| Complete 
| 229|0x000000008e500000, 0x000000008e600000, 0x000000008e600000|100%| E|CS|TAMS 0x000000008e500000, 0x000000008e500000| Complete 
| 230|0x000000008e600000, 0x000000008e700000, 0x000000008e700000|100%| E|CS|TAMS 0x000000008e600000, 0x000000008e600000| Complete 
| 231|0x000000008e700000, 0x000000008e800000, 0x000000008e800000|100%| E|CS|TAMS 0x000000008e700000, 0x000000008e700000| Complete 
| 232|0x000000008e800000, 0x000000008e900000, 0x000000008e900000|100%| E|CS|TAMS 0x000000008e800000, 0x000000008e800000| Complete 
| 233|0x000000008e900000, 0x000000008ea00000, 0x000000008ea00000|100%| E|CS|TAMS 0x000000008e900000, 0x000000008e900000| Complete 
| 234|0x000000008ea00000, 0x000000008eb00000, 0x000000008eb00000|100%| E|CS|TAMS 0x000000008ea00000, 0x000000008ea00000| Complete 

Card table byte_map: [0x000001e0d1f20000,0x000001e0d2320000] _byte_map_base: 0x000001e0d1b20000

Marking Bits (Prev, Next): (CMBitMap*) 0x000001e0bd434180, (CMBitMap*) 0x000001e0bd434148
 Prev Bits: [0x000001e0d4720000, 0x000001e0d6720000)
 Next Bits: [0x000001e0d2720000, 0x000001e0d4720000)

Polling page: 0x000001e0bd240000

Metaspace:

Usage:
  Non-class:     91.41 MB capacity,    89.90 MB ( 98%) used,     1.22 MB (  1%) free+waste,   286.88 KB ( <1%) overhead. 
      Class:     13.61 MB capacity,    12.74 MB ( 94%) used,   766.66 KB (  6%) free+waste,   125.38 KB ( <1%) overhead. 
       Both:    105.02 MB capacity,   102.64 MB ( 98%) used,     1.97 MB (  2%) free+waste,   412.25 KB ( <1%) overhead. 

Virtual space:
  Non-class space:       92.00 MB reserved,      91.50 MB (>99%) committed 
      Class space:        1.00 GB reserved,      13.70 MB (  1%) committed 
             Both:        1.09 GB reserved,     105.20 MB (  9%) committed 

Chunk freelists:
   Non-Class:  32.00 KB
       Class:  15.00 KB
        Both:  47.00 KB

MaxMetaspaceSize: 17179869184.00 GB
CompressedClassSpaceSize: 1.00 GB

CodeHeap 'non-profiled nmethods': size=120064Kb used=7935Kb max_used=7935Kb free=112128Kb
 bounds [0x000001e0c9fc0000, 0x000001e0ca790000, 0x000001e0d1500000]
CodeHeap 'profiled nmethods': size=120000Kb used=30054Kb max_used=30054Kb free=89945Kb
 bounds [0x000001e0c2a90000, 0x000001e0c4800000, 0x000001e0c9fc0000]
CodeHeap 'non-nmethods': size=5696Kb used=2307Kb max_used=2341Kb free=3388Kb
 bounds [0x000001e0c2500000, 0x000001e0c2770000, 0x000001e0c2a90000]
 total_blobs=15169 nmethods=14248 adapters=832
 compilation: enabled
              stopped_count=0, restarted_count=0
 full_count=0

Compilation events (20 events):
Event: 34.374 Thread 0x000001e0d8d32000 15611       3       com.android.tools.r8.BaseCompilerCommand$Builder$$Lambda$1042/0x0000000100caa040::test (12 bytes)
Event: 34.374 Thread 0x000001e0d8d32000 nmethod 15611 0x000001e0c47e5410 code [0x000001e0c47e55e0, 0x000001e0c47e5918]
Event: 34.374 Thread 0x000001e0d8d32000 15620       3       com.android.tools.r8.dex.n$b::<init> (60 bytes)
Event: 34.375 Thread 0x000001e0d8d32000 nmethod 15620 0x000001e0c47e5a10 code [0x000001e0c47e5be0, 0x000001e0c47e6018]
Event: 34.375 Thread 0x000001e0d8d32000 15619       1       com.android.tools.r8.graph.t0$d::S (5 bytes)
Event: 34.375 Thread 0x000001e0d8d32000 nmethod 15619 0x000001e0ca780210 code [0x000001e0ca7803c0, 0x000001e0ca780478]
Event: 34.377 Thread 0x000001e0d8d32000 15623       2       java.util.Date::getTime (5 bytes)
Event: 34.377 Thread 0x000001e0d8d32000 nmethod 15623 0x000001e0c47e6110 code [0x000001e0c47e62c0, 0x000001e0c47e6408]
Event: 34.378 Thread 0x000001e0d8d32000 15624       2       com.android.tools.r8.graph.h0$$Lambda$1121/0x0000000100d91440::apply (15 bytes)
Event: 34.378 Thread 0x000001e0d8d32000 nmethod 15624 0x000001e0c47e6510 code [0x000001e0c47e66c0, 0x000001e0c47e6858]
Event: 34.378 Thread 0x000001e0d8d32000 15625       2       com.android.tools.r8.graph.S$a::<init> (10 bytes)
Event: 34.378 Thread 0x000001e0d8d32000 nmethod 15625 0x000001e0c47e6990 code [0x000001e0c47e6b40, 0x000001e0c47e6c38]
Event: 34.379 Thread 0x000001e0d8d32000 15628       2       com.google.common.collect.Hashing::needsResizing (22 bytes)
Event: 34.379 Thread 0x000001e0d8d32000 nmethod 15628 0x000001e0c47e6d10 code [0x000001e0c47e6ec0, 0x000001e0c47e6ff8]
Event: 34.380 Thread 0x000001e0d8d32000 15629       2       com.android.tools.r8.graph.f::h (11 bytes)
Event: 34.380 Thread 0x000001e0d8d32000 nmethod 15629 0x000001e0c47e7090 code [0x000001e0c47e7240, 0x000001e0c47e7358]
Event: 34.382 Thread 0x000001e0d8d32000 15630       2       com.android.tools.r8.graph.t0$l::t (2 bytes)
Event: 34.382 Thread 0x000001e0d8d32000 nmethod 15630 0x000001e0c47e7410 code [0x000001e0c47e75c0, 0x000001e0c47e76b8]
Event: 34.384 Thread 0x000001e0d8d32000 15631       2       java.util.AbstractList::subList (40 bytes)
Event: 34.384 Thread 0x000001e0d8d32000 nmethod 15631 0x000001e0c47e7790 code [0x000001e0c47e7980, 0x000001e0c47e7cc8]

GC Heap History (20 events):
Event: 25.197 GC heap before
{Heap before GC invocations=37 (full 0):
 garbage-first heap   total 199680K, used 149031K [0x0000000080000000, 0x0000000100000000)
  region size 1024K, 38 young (38912K), 1 survivors (1024K)
 Metaspace       used 88101K, capacity 90291K, committed 90572K, reserved 1128448K
  class space    used 11079K, capacity 11890K, committed 11980K, reserved 1048576K
}
Event: 25.206 GC heap after
{Heap after GC invocations=38 (full 0):
 garbage-first heap   total 199680K, used 112072K [0x0000000080000000, 0x0000000100000000)
  region size 1024K, 2 young (2048K), 2 survivors (2048K)
 Metaspace       used 88101K, capacity 90291K, committed 90572K, reserved 1128448K
  class space    used 11079K, capacity 11890K, committed 11980K, reserved 1048576K
}
Event: 26.000 GC heap before
{Heap before GC invocations=39 (full 0):
 garbage-first heap   total 199680K, used 168392K [0x0000000080000000, 0x0000000100000000)
  region size 1024K, 41 young (41984K), 2 survivors (2048K)
 Metaspace       used 88985K, capacity 91140K, committed 91468K, reserved 1128448K
  class space    used 11141K, capacity 11969K, committed 12108K, reserved 1048576K
}
Event: 26.013 GC heap after
{Heap after GC invocations=40 (full 0):
 garbage-first heap   total 199680K, used 116650K [0x0000000080000000, 0x0000000100000000)
  region size 1024K, 6 young (6144K), 6 survivors (6144K)
 Metaspace       used 88985K, capacity 91140K, committed 91468K, reserved 1128448K
  class space    used 11141K, capacity 11969K, committed 12108K, reserved 1048576K
}
Event: 26.719 GC heap before
{Heap before GC invocations=40 (full 0):
 garbage-first heap   total 199680K, used 154538K [0x0000000080000000, 0x0000000100000000)
  region size 1024K, 44 young (45056K), 6 survivors (6144K)
 Metaspace       used 91905K, capacity 94024K, committed 94156K, reserved 1130496K
  class space    used 11357K, capacity 12162K, committed 12236K, reserved 1048576K
}
Event: 26.743 GC heap after
{Heap after GC invocations=41 (full 0):
 garbage-first heap   total 199680K, used 121669K [0x0000000080000000, 0x0000000100000000)
  region size 1024K, 5 young (5120K), 5 survivors (5120K)
 Metaspace       used 91905K, capacity 94024K, committed 94156K, reserved 1130496K
  class space    used 11357K, capacity 12162K, committed 12236K, reserved 1048576K
}
Event: 27.243 GC heap before
{Heap before GC invocations=42 (full 0):
 garbage-first heap   total 199680K, used 134981K [0x0000000080000000, 0x0000000100000000)
  region size 1024K, 42 young (43008K), 5 survivors (5120K)
 Metaspace       used 92275K, capacity 94440K, committed 94668K, reserved 1132544K
  class space    used 11380K, capacity 12194K, committed 12236K, reserved 1048576K
}
Event: 27.251 GC heap after
{Heap after GC invocations=43 (full 0):
 garbage-first heap   total 199680K, used 96323K [0x0000000080000000, 0x0000000100000000)
  region size 1024K, 2 young (2048K), 2 survivors (2048K)
 Metaspace       used 92275K, capacity 94440K, committed 94668K, reserved 1132544K
  class space    used 11380K, capacity 12194K, committed 12236K, reserved 1048576K
}
Event: 27.314 GC heap before
{Heap before GC invocations=43 (full 0):
 garbage-first heap   total 199680K, used 103491K [0x0000000080000000, 0x0000000100000000)
  region size 1024K, 9 young (9216K), 2 survivors (2048K)
 Metaspace       used 92275K, capacity 94440K, committed 94668K, reserved 1132544K
  class space    used 11380K, capacity 12194K, committed 12236K, reserved 1048576K
}
Event: 27.321 GC heap after
{Heap after GC invocations=44 (full 0):
 garbage-first heap   total 240640K, used 82104K [0x0000000080000000, 0x0000000100000000)
  region size 1024K, 2 young (2048K), 2 survivors (2048K)
 Metaspace       used 92275K, capacity 94440K, committed 94668K, reserved 1132544K
  class space    used 11380K, capacity 12194K, committed 12236K, reserved 1048576K
}
Event: 27.986 GC heap before
{Heap before GC invocations=44 (full 0):
 garbage-first heap   total 240640K, used 150712K [0x0000000080000000, 0x0000000100000000)
  region size 1024K, 69 young (70656K), 2 survivors (2048K)
 Metaspace       used 92581K, capacity 94764K, committed 94924K, reserved 1132544K
  class space    used 11399K, capacity 12194K, committed 12236K, reserved 1048576K
}
Event: 27.989 GC heap after
{Heap after GC invocations=45 (full 0):
 garbage-first heap   total 240640K, used 80830K [0x0000000080000000, 0x0000000100000000)
  region size 1024K, 1 young (1024K), 1 survivors (1024K)
 Metaspace       used 92581K, capacity 94764K, committed 94924K, reserved 1132544K
  class space    used 11399K, capacity 12194K, committed 12236K, reserved 1048576K
}
Event: 30.106 GC heap before
{Heap before GC invocations=45 (full 0):
 garbage-first heap   total 240640K, used 171966K [0x0000000080000000, 0x0000000100000000)
  region size 1024K, 91 young (93184K), 1 survivors (1024K)
 Metaspace       used 95104K, capacity 97364K, committed 97484K, reserved 1134592K
  class space    used 11641K, capacity 12449K, committed 12492K, reserved 1048576K
}
Event: 30.113 GC heap after
{Heap after GC invocations=46 (full 0):
 garbage-first heap   total 240640K, used 82708K [0x0000000080000000, 0x0000000100000000)
  region size 1024K, 3 young (3072K), 3 survivors (3072K)
 Metaspace       used 95104K, capacity 97364K, committed 97484K, reserved 1134592K
  class space    used 11641K, capacity 12449K, committed 12492K, reserved 1048576K
}
Event: 31.580 GC heap before
{Heap before GC invocations=46 (full 0):
 garbage-first heap   total 240640K, used 178964K [0x0000000080000000, 0x0000000100000000)
  region size 1024K, 98 young (100352K), 3 survivors (3072K)
 Metaspace       used 99050K, capacity 101263K, committed 101324K, reserved 1138688K
  class space    used 12146K, capacity 12957K, committed 13004K, reserved 1048576K
}
Event: 31.594 GC heap after
{Heap after GC invocations=47 (full 0):
 garbage-first heap   total 240640K, used 86815K [0x0000000080000000, 0x0000000100000000)
  region size 1024K, 7 young (7168K), 7 survivors (7168K)
 Metaspace       used 99050K, capacity 101263K, committed 101324K, reserved 1138688K
  class space    used 12146K, capacity 12957K, committed 13004K, reserved 1048576K
}
Event: 33.062 GC heap before
{Heap before GC invocations=47 (full 0):
 garbage-first heap   total 240640K, used 202527K [0x0000000080000000, 0x0000000100000000)
  region size 1024K, 103 young (105472K), 7 survivors (7168K)
 Metaspace       used 102076K, capacity 104435K, committed 104652K, reserved 1140736K
  class space    used 12552K, capacity 13401K, committed 13516K, reserved 1048576K
}
Event: 33.090 GC heap after
{Heap after GC invocations=48 (full 0):
 garbage-first heap   total 240640K, used 113592K [0x0000000080000000, 0x0000000100000000)
  region size 1024K, 13 young (13312K), 13 survivors (13312K)
 Metaspace       used 102076K, capacity 104435K, committed 104652K, reserved 1140736K
  class space    used 12552K, capacity 13401K, committed 13516K, reserved 1048576K
}
Event: 34.026 GC heap before
{Heap before GC invocations=48 (full 0):
 garbage-first heap   total 240640K, used 184248K [0x0000000080000000, 0x0000000100000000)
  region size 1024K, 82 young (83968K), 13 survivors (13312K)
 Metaspace       used 104354K, capacity 106793K, committed 106828K, reserved 1142784K
  class space    used 12986K, capacity 13886K, committed 13900K, reserved 1048576K
}
Event: 34.093 GC heap after
{Heap after GC invocations=49 (full 0):
 garbage-first heap   total 240640K, used 130837K [0x0000000080000000, 0x0000000100000000)
  region size 1024K, 11 young (11264K), 11 survivors (11264K)
 Metaspace       used 104354K, capacity 106793K, committed 106828K, reserved 1142784K
  class space    used 12986K, capacity 13886K, committed 13900K, reserved 1048576K
}

Deoptimization events (20 events):
Event: 33.902 Thread 0x000001e0e077a000 DEOPT PACKING pc=0x000001e0ca204234 sp=0x0000006b159fda70
Event: 33.902 Thread 0x000001e0e077a000 DEOPT UNPACKING pc=0x000001e0c25274af sp=0x0000006b159fd9f0 mode 2
Event: 33.907 Thread 0x000001e0e077a000 DEOPT PACKING pc=0x000001e0c45c83af sp=0x0000006b159fd740
Event: 33.907 Thread 0x000001e0e077a000 DEOPT UNPACKING pc=0x000001e0c25272ce sp=0x0000006b159fcc08 mode 0
Event: 33.908 Thread 0x000001e0e077a000 Uncommon trap: trap_request=0xffffffde fr.pc=0x000001e0ca204234 relative=0x0000000000000074
Event: 33.908 Thread 0x000001e0e077a000 Uncommon trap: reason=class_check action=maybe_recompile pc=0x000001e0ca204234 method=com.android.tools.build.apkzlib.zip.CentralDirectoryHeader.getCompressionInfoWithWait()Lcom/android/tools/build/apkzlib/zip/CentralDirectoryHeaderCompressInfo; @ 4 c2
Event: 33.908 Thread 0x000001e0e077a000 DEOPT PACKING pc=0x000001e0ca204234 sp=0x0000006b159fda80
Event: 33.908 Thread 0x000001e0e077a000 DEOPT UNPACKING pc=0x000001e0c25274af sp=0x0000006b159fda00 mode 2
Event: 34.146 Thread 0x000001e0dc2ac000 Uncommon trap: trap_request=0xffffff4d fr.pc=0x000001e0ca244324 relative=0x0000000000000084
Event: 34.146 Thread 0x000001e0dc2ac000 Uncommon trap: reason=unstable_if action=reinterpret pc=0x000001e0ca244324 method=com.android.tools.r8.utils.a0.d(I)Z @ 45 c2
Event: 34.146 Thread 0x000001e0dc2ac000 DEOPT PACKING pc=0x000001e0ca244324 sp=0x0000006b163fe8d0
Event: 34.146 Thread 0x000001e0dc2ac000 DEOPT UNPACKING pc=0x000001e0c25274af sp=0x0000006b163fe860 mode 2
Event: 34.163 Thread 0x000001e0dc2ae000 Uncommon trap: trap_request=0xffffff4d fr.pc=0x000001e0ca396cbc relative=0x000000000000019c
Event: 34.163 Thread 0x000001e0dc2ae000 Uncommon trap: reason=unstable_if action=reinterpret pc=0x000001e0ca396cbc method=jdk.internal.util.ArraysSupport.mismatch([B[BI)I @ 14 c2
Event: 34.163 Thread 0x000001e0dc2ae000 DEOPT PACKING pc=0x000001e0ca396cbc sp=0x0000006b162fe770
Event: 34.163 Thread 0x000001e0dc2ae000 DEOPT UNPACKING pc=0x000001e0c25274af sp=0x0000006b162fe6a8 mode 2
Event: 34.188 Thread 0x000001e0dc2ac000 Uncommon trap: trap_request=0xffffff4d fr.pc=0x000001e0ca366138 relative=0x0000000000000198
Event: 34.188 Thread 0x000001e0dc2ac000 Uncommon trap: reason=unstable_if action=reinterpret pc=0x000001e0ca366138 method=jdk.internal.util.ArraysSupport.mismatch([B[BI)I @ 14 c2
Event: 34.188 Thread 0x000001e0dc2ac000 DEOPT PACKING pc=0x000001e0ca366138 sp=0x0000006b163fea70
Event: 34.188 Thread 0x000001e0dc2ac000 DEOPT UNPACKING pc=0x000001e0c25274af sp=0x0000006b163fea30 mode 2

Classes redefined (0 events):
No events

Internal exceptions (20 events):
Event: 33.173 Thread 0x000001e0e0776800 Exception <a 'sun/nio/fs/WindowsException'{0x000000008e875eb0}> (0x000000008e875eb0) thrown at [./src/hotspot/share/prims/jni.cpp, line 615]
Event: 33.173 Thread 0x000001e0e0776800 Exception <a 'sun/nio/fs/WindowsException'{0x000000008e876d80}> (0x000000008e876d80) thrown at [./src/hotspot/share/prims/jni.cpp, line 615]
Event: 33.174 Thread 0x000001e0e0776800 Exception <a 'sun/nio/fs/WindowsException'{0x000000008e8771a0}> (0x000000008e8771a0) thrown at [./src/hotspot/share/prims/jni.cpp, line 615]
Event: 33.174 Thread 0x000001e0e0776800 Exception <a 'sun/nio/fs/WindowsException'{0x000000008e878050}> (0x000000008e878050) thrown at [./src/hotspot/share/prims/jni.cpp, line 615]
Event: 33.174 Thread 0x000001e0e0776800 Exception <a 'sun/nio/fs/WindowsException'{0x000000008e8783b8}> (0x000000008e8783b8) thrown at [./src/hotspot/share/prims/jni.cpp, line 615]
Event: 33.174 Thread 0x000001e0e0776800 Exception <a 'sun/nio/fs/WindowsException'{0x000000008e879280}> (0x000000008e879280) thrown at [./src/hotspot/share/prims/jni.cpp, line 615]
Event: 33.174 Thread 0x000001e0e0776800 Exception <a 'sun/nio/fs/WindowsException'{0x000000008e879588}> (0x000000008e879588) thrown at [./src/hotspot/share/prims/jni.cpp, line 615]
Event: 33.174 Thread 0x000001e0e0776800 Exception <a 'sun/nio/fs/WindowsException'{0x000000008e87a420}> (0x000000008e87a420) thrown at [./src/hotspot/share/prims/jni.cpp, line 615]
Event: 33.193 Thread 0x000001e0e0776800 Exception <a 'java/lang/NoSuchMethodError'{0x000000008e259738}: <clinit>> (0x000000008e259738) thrown at [./src/hotspot/share/prims/jni.cpp, line 1362]
Event: 33.197 Thread 0x000001e0e0776800 Exception <a 'java/lang/NoSuchMethodError'{0x000000008e28f430}: <clinit>> (0x000000008e28f430) thrown at [./src/hotspot/share/prims/jni.cpp, line 1362]
Event: 33.351 Thread 0x000001e0e077b800 Exception <a 'java/lang/NoSuchMethodError'{0x000000008d95ce70}: 'void java.lang.invoke.DirectMethodHandle$Holder.invokeStatic(java.lang.Object, long)'> (0x000000008d95ce70) thrown at [./src/hotspot/share/interpreter/linkResolver.cpp, line 773]
Event: 33.352 Thread 0x000001e0e077b800 Exception <a 'java/lang/NoSuchMethodError'{0x000000008d962088}: 'java.lang.Object java.lang.invoke.DirectMethodHandle$Holder.invokeStatic(java.lang.Object, long)'> (0x000000008d962088) thrown at [./src/hotspot/share/interpreter/linkResolver.cpp, line 773]
Event: 33.353 Thread 0x000001e0e077b800 Exception <a 'java/lang/NoSuchMethodError'{0x000000008d604388}: 'java.lang.Object java.lang.invoke.Invokers$Holder.linkToTargetMethod(long, java.lang.Object)'> (0x000000008d604388) thrown at [./src/hotspot/share/interpreter/linkResolver.cpp, line 773]
Event: 33.391 Thread 0x000001e0e077b800 Exception <a 'java/lang/NoSuchMethodError'{0x000000008d60c8a0}: 'java.lang.Object java.lang.invoke.DirectMethodHandle$Holder.invokeStaticInit(java.lang.Object, java.lang.Object, long, java.lang.Object)'> (0x000000008d60c8a0) thrown at [./src/hotspot/share/interpreter/linkResolver.cpp, line 773]
Event: 33.430 Thread 0x000001e0e077b800 Exception <a 'java/lang/NoSuchMethodError'{0x000000008d612a38}: 'java.lang.Object java.lang.invoke.DirectMethodHandle$Holder.invokeStatic(java.lang.Object, java.lang.Object, long)'> (0x000000008d612a38) thrown at [./src/hotspot/share/interpreter/linkResolver.cpp, line 773]
Event: 33.462 Thread 0x000001e0e077b800 Exception <a 'java/lang/NoSuchMethodError'{0x000000008d618fb0}: 'java.lang.Object java.lang.invoke.Invokers$Holder.linkToTargetMethod(java.lang.Object, long, java.lang.Object)'> (0x000000008d618fb0) thrown at [./src/hotspot/share/interpreter/linkResolver.cpp, line 773]
Event: 33.723 Thread 0x000001e0e077a000 Exception <a 'java/lang/NoSuchMethodError'{0x000000008b4c0d40}: 'java.lang.Object java.lang.invoke.DirectMethodHandle$Holder.invokeVirtual(java.lang.Object, java.lang.Object, int)'> (0x000000008b4c0d40) thrown at [./src/hotspot/share/interpreter/linkResolver.cpp, line 773]
Event: 33.726 Thread 0x000001e0e077a000 Exception <a 'java/lang/NoSuchMethodError'{0x000000008b4de8a0}: 'void java.lang.invoke.DirectMethodHandle$Holder.invokeStatic(java.lang.Object, java.lang.Object, java.lang.Object, int)'> (0x000000008b4de8a0) thrown at [./src/hotspot/share/interpreter/linkResolver.cpp, line 773]
Event: 33.863 Thread 0x000001e0dc2ab800 Exception <a 'java/lang/NoSuchMethodError'{0x000000008adf8c88}: 'java.lang.Object java.lang.invoke.DirectMethodHandle$Holder.newInvokeSpecial(java.lang.Object, int)'> (0x000000008adf8c88) thrown at [./src/hotspot/share/interpreter/linkResolver.cpp, line 773]
Event: 33.962 Thread 0x000001e0e077b800 Exception <a 'java/lang/NoSuchMethodError'{0x000000008a741918}: 'int java.lang.invoke.DirectMethodHandle$Holder.invokeSpecialIFC(java.lang.Object, java.lang.Object, java.lang.Object)'> (0x000000008a741918) thrown at [./src/hotspot/share/interpreter/linkResolver.cpp, line 773]

Events (20 events):
Event: 34.219 loading class com/android/tools/r8/w/a/a/a/h/E0
Event: 34.219 loading class com/android/tools/r8/w/a/a/a/h/E0 done
Event: 34.220 loading class com/android/tools/r8/w/a/a/a/h/f0$f
Event: 34.220 loading class com/android/tools/r8/w/a/a/a/h/f0$f done
Event: 34.221 loading class com/android/tools/r8/s/a/a/a/s$a
Event: 34.221 loading class com/android/tools/r8/s/a/a/a/s$a done
Event: 34.221 loading class com/android/tools/r8/w/a/a/a/h/h0
Event: 34.221 loading class com/android/tools/r8/w/a/a/a/h/h0 done
Event: 34.222 loading class com/android/tools/r8/graph/v1
Event: 34.222 loading class com/android/tools/r8/graph/v1 done
Event: 34.222 loading class com/android/tools/r8/w/a/a/a/h/f0$d
Event: 34.222 loading class com/android/tools/r8/w/a/a/a/h/f0$d done
Event: 34.222 loading class com/android/tools/r8/w/a/a/a/h/g0
Event: 34.222 loading class com/android/tools/r8/w/a/a/a/h/g0 done
Event: 34.225 loading class com/android/tools/r8/v/a/t/i
Event: 34.225 loading class com/android/tools/r8/v/a/t/i done
Event: 34.226 loading class com/android/tools/r8/v/a/t/k
Event: 34.226 loading class com/android/tools/r8/v/a/t/k done
Event: 34.382 loading class com/android/tools/build/apkzlib/zip/ZFile
Event: 34.382 loading class com/android/tools/build/apkzlib/zip/ZFile done


Dynamic libraries:
0x00007ff6d1270000 - 0x00007ff6d127a000 	C:\Program Files\Android\Android Studio\jre\bin\java.exe
0x00007ffdf8530000 - 0x00007ffdf86f1000 	C:\Windows\SYSTEM32\ntdll.dll
0x00007ffdf6c20000 - 0x00007ffdf6ccd000 	C:\Windows\system32\KERNEL32.DLL
0x00007ffdf5440000 - 0x00007ffdf5628000 	C:\Windows\system32\KERNELBASE.dll
0x00007ffde1670000 - 0x00007ffde1689000 	C:\Program Files\Android\Android Studio\jre\bin\jli.dll
0x00007ffde2710000 - 0x00007ffde2727000 	C:\Program Files\Android\Android Studio\jre\bin\VCRUNTIME140.dll
0x00007ffdf3df0000 - 0x00007ffdf3ee4000 	C:\Windows\SYSTEM32\ucrtbase.dll
0x00007ffdf6140000 - 0x00007ffdf6296000 	C:\Windows\system32\USER32.dll
0x00007ffdf63c0000 - 0x00007ffdf6547000 	C:\Windows\system32\GDI32.dll
0x00007ffdec530000 - 0x00007ffdec7a4000 	C:\Windows\WinSxS\amd64_microsoft.windows.common-controls_6595b64144ccf1df_6.0.10586.839_none_a2ddba30a539a2ae\COMCTL32.dll
0x00007ffdf62b0000 - 0x00007ffdf634d000 	C:\Windows\system32\msvcrt.dll
0x00007ffdf6890000 - 0x00007ffdf6b0e000 	C:\Windows\system32\combase.dll
0x00007ffdf5b90000 - 0x00007ffdf5cad000 	C:\Windows\system32\RPCRT4.dll
0x00007ffdf53d0000 - 0x00007ffdf543a000 	C:\Windows\system32\bcryptPrimitives.dll
0x00007ffdf5b50000 - 0x00007ffdf5b8b000 	C:\Windows\system32\IMM32.DLL
0x00007ffdd78d0000 - 0x00007ffdd796d000 	C:\Program Files\Android\Android Studio\jre\bin\msvcp140.dll
0x00007ffdd22c0000 - 0x00007ffdd2d7c000 	C:\Program Files\Android\Android Studio\jre\bin\server\jvm.dll
0x00007ffdf67e0000 - 0x00007ffdf6887000 	C:\Windows\system32\ADVAPI32.dll
0x00007ffdf5af0000 - 0x00007ffdf5b4b000 	C:\Windows\system32\sechost.dll
0x00007ffdf6b30000 - 0x00007ffdf6b38000 	C:\Windows\system32\PSAPI.DLL
0x00007ffdec280000 - 0x00007ffdec289000 	C:\Windows\SYSTEM32\WSOCK32.dll
0x00007ffdf2f20000 - 0x00007ffdf2f43000 	C:\Windows\SYSTEM32\WINMM.dll
0x00007ffde6e20000 - 0x00007ffde6e2a000 	C:\Windows\SYSTEM32\VERSION.dll
0x00007ffdf2ef0000 - 0x00007ffdf2f1c000 	C:\Windows\SYSTEM32\WINMMBASE.dll
0x00007ffdf5380000 - 0x00007ffdf53c3000 	C:\Windows\system32\cfgmgr32.dll
0x00007ffdf6350000 - 0x00007ffdf63bb000 	C:\Windows\system32\WS2_32.dll
0x00007ffdf4bd0000 - 0x00007ffdf4bdf000 	C:\Windows\system32\kernel.appcore.dll
0x00007ffdec170000 - 0x00007ffdec181000 	C:\Program Files\Android\Android Studio\jre\bin\verify.dll
0x00007ffde85f0000 - 0x00007ffde877c000 	C:\Windows\SYSTEM32\DBGHELP.DLL
0x00007ffdf2f80000 - 0x00007ffdf2fa5000 	C:\Windows\SYSTEM32\dbgcore.DLL
0x00007ffdec030000 - 0x00007ffdec059000 	C:\Program Files\Android\Android Studio\jre\bin\java.dll
0x00007ffdec160000 - 0x00007ffdec16b000 	C:\Program Files\Android\Android Studio\jre\bin\jimage.dll
0x00007ffdec010000 - 0x00007ffdec028000 	C:\Program Files\Android\Android Studio\jre\bin\zip.dll
0x00007ffdf6cd0000 - 0x00007ffdf822c000 	C:\Windows\system32\SHELL32.dll
0x00007ffdf4d30000 - 0x00007ffdf5375000 	C:\Windows\system32\windows.storage.dll
0x00007ffdf5a90000 - 0x00007ffdf5ae2000 	C:\Windows\system32\shlwapi.dll
0x00007ffdf4be0000 - 0x00007ffdf4c95000 	C:\Windows\system32\shcore.dll
0x00007ffdf4b70000 - 0x00007ffdf4bbb000 	C:\Windows\system32\powrprof.dll
0x00007ffdf4b50000 - 0x00007ffdf4b64000 	C:\Windows\system32\profapi.dll
0x00007ffdeadf0000 - 0x00007ffdeae0a000 	C:\Program Files\Android\Android Studio\jre\bin\net.dll
0x00007ffdebf10000 - 0x00007ffdebfd7000 	C:\Windows\SYSTEM32\WINHTTP.dll
0x00007ffdf4480000 - 0x00007ffdf44dc000 	C:\Windows\system32\mswsock.dll
0x00007ffdea920000 - 0x00007ffdea934000 	C:\Program Files\Android\Android Studio\jre\bin\nio.dll
0x00007ffdddff0000 - 0x00007ffdde017000 	C:\Users\Huzaifa Sammar\.gradle\native\8bec1ad78214c89d9ad589b4d07fe93259594b29d510b10fafb7a158f7737e5d\windows-amd64\native-platform.dll
0x00007ffdd80b0000 - 0x00007ffdd81ed000 	C:\Users\Huzaifa Sammar\.gradle\native\53dbd7edfb1c66fb8903c78663c9afc45aea4f116125fa6feffd364cf09443e8\windows-amd64\native-platform-file-events.dll
0x00007ffdec150000 - 0x00007ffdec15a000 	C:\Program Files\Android\Android Studio\jre\bin\management.dll
0x00007ffdeac50000 - 0x00007ffdeac5c000 	C:\Program Files\Android\Android Studio\jre\bin\management_ext.dll
0x00007ffdf4530000 - 0x00007ffdf4547000 	C:\Windows\SYSTEM32\CRYPTSP.dll
0x00007ffdf41c0000 - 0x00007ffdf41f4000 	C:\Windows\system32\rsaenh.dll
0x00007ffdf4750000 - 0x00007ffdf4779000 	C:\Windows\SYSTEM32\bcrypt.dll
0x00007ffdf4310000 - 0x00007ffdf432f000 	C:\Windows\SYSTEM32\USERENV.dll
0x00007ffdf4650000 - 0x00007ffdf465b000 	C:\Windows\SYSTEM32\CRYPTBASE.dll
0x00007ffdec7c0000 - 0x00007ffdec7f8000 	C:\Windows\SYSTEM32\IPHLPAPI.DLL
0x00007ffdf62a0000 - 0x00007ffdf62a8000 	C:\Windows\system32\NSI.dll
0x00007ffdeb5c0000 - 0x00007ffdeb5d6000 	C:\Windows\SYSTEM32\dhcpcsvc6.DLL
0x00007ffdeb700000 - 0x00007ffdeb71a000 	C:\Windows\SYSTEM32\dhcpcsvc.DLL

dbghelp: loaded successfully - version: 4.0.5 - missing functions: none
symbol engine: initialized successfully - sym options: 0x614 - pdb path: .;C:\Program Files\Android\Android Studio\jre\bin;C:\Windows\SYSTEM32;C:\Windows\WinSxS\amd64_microsoft.windows.common-controls_6595b64144ccf1df_6.0.10586.839_none_a2ddba30a539a2ae;C:\Program Files\Android\Android Studio\jre\bin\server;C:\Users\Huzaifa Sammar\.gradle\native\8bec1ad78214c89d9ad589b4d07fe93259594b29d510b10fafb7a158f7737e5d\windows-amd64;C:\Users\Huzaifa Sammar\.gradle\native\53dbd7edfb1c66fb8903c78663c9afc45aea4f116125fa6feffd364cf09443e8\windows-amd64

VM Arguments:
jvm_args: --add-opens=java.base/java.util=ALL-UNNAMED --add-opens=java.base/java.lang=ALL-UNNAMED --add-opens=java.base/java.lang.invoke=ALL-UNNAMED --add-opens=java.base/java.util=ALL-UNNAMED --add-opens=java.prefs/java.util.prefs=ALL-UNNAMED --add-opens=java.prefs/java.util.prefs=ALL-UNNAMED --add-opens=java.base/java.nio.charset=ALL-UNNAMED --add-opens=java.base/java.net=ALL-UNNAMED --add-opens=java.base/java.util.concurrent.atomic=ALL-UNNAMED -Xmx2048m -Dfile.encoding=UTF-8 -Duser.country=US -Duser.language=en -Duser.variant 
java_command: org.gradle.launcher.daemon.bootstrap.GradleDaemon 7.0.2
java_class_path (initial): C:\Users\Huzaifa Sammar\.gradle\wrapper\dists\gradle-7.0.2-bin\857tjihv64xamwrf0h14cai3r\gradle-7.0.2\lib\gradle-launcher-7.0.2.jar
Launcher Type: SUN_STANDARD

[Global flags]
     intx CICompilerCount                          = 3                                         {product} {ergonomic}
     uint ConcGCThreads                            = 1                                         {product} {ergonomic}
     uint G1ConcRefinementThreads                  = 4                                         {product} {ergonomic}
   size_t G1HeapRegionSize                         = 1048576                                   {product} {ergonomic}
    uintx GCDrainStackTargetSize                   = 64                                        {product} {ergonomic}
   size_t InitialHeapSize                          = 67108864                                  {product} {ergonomic}
   size_t MarkStackSize                            = 4194304                                   {product} {ergonomic}
   size_t MaxHeapSize                              = 2147483648                                {product} {command line}
   size_t MaxNewSize                               = 1287651328                                {product} {ergonomic}
   size_t MinHeapDeltaBytes                        = 1048576                                   {product} {ergonomic}
    uintx NonNMethodCodeHeapSize                   = 5830732                                {pd product} {ergonomic}
    uintx NonProfiledCodeHeapSize                  = 122913754                              {pd product} {ergonomic}
    uintx ProfiledCodeHeapSize                     = 122913754                              {pd product} {ergonomic}
    uintx ReservedCodeCacheSize                    = 251658240                              {pd product} {ergonomic}
     bool SegmentedCodeCache                       = true                                      {product} {ergonomic}
     bool UseCompressedClassPointers               = true                                 {lp64_product} {ergonomic}
     bool UseCompressedOops                        = true                                 {lp64_product} {ergonomic}
     bool UseG1GC                                  = true                                      {product} {ergonomic}
     bool UseLargePagesIndividualAllocation        = false                                  {pd product} {ergonomic}

Logging:
Log output configuration:
 #0: stdout all=warning uptime,level,tags
 #1: stderr all=off uptime,level,tags

Environment Variables:
JAVA_HOME=C:\Program Files\Java\jdk-12.0.2
PATH=C:\Users\Huzaifa Sammar\flutter/bin;C:\Program Files\Git\bin\git.exe;C:\Windows\System32;C:\Program Files\Git\cmd;C:\Windows\System32\Windows;C:\Windows\System32\WindowsPowerShell\v1.0;C:\Users\Huzaifa Sammar\AppData\Local\Android\Sdk;C:\Program Files\Java\jdk-12.0.2\bin;C:\Program Files (x86)\Java\jre1.8.0_171\bin;C:\Users\Huzaifa Sammar\dart-sdk\bin;C:\Users\Huzaifa Sammar\AppData\Local\Programs\Python\Python38;C:\Users\Huzaifa Sammar\AppData\Local\Programs\Python\Python38\Scripts
USERNAME=Huzaifa Sammar
OS=Windows_NT
PROCESSOR_IDENTIFIER=Intel64 Family 6 Model 69 Stepping 1, GenuineIntel



---------------  S Y S T E M  ---------------

OS: Windows 10 , 64 bit Build 10586 (10.0.10586.589)
OS uptime: 1 days 2:29 hours

CPU:total 4 (initial active 4) (2 cores per cpu, 2 threads per core) family 6 model 69 stepping 1, cmov, cx8, fxsr, mmx, sse, sse2, sse3, ssse3, sse4.1, sse4.2, popcnt, avx, avx2, aes, clmul, erms, lzcnt, ht, tsc, tscinvbit, bmi1, bmi2, fma

Memory: 4k page, system-wide physical 4001M (304M free)
TotalPageFile size 6655M (AvailPageFile size 5M)
current process WorkingSet (physical memory assigned to process): 490M, peak: 521M
current process commit charge ("private bytes"): 547M, peak: 548M

vm_info: OpenJDK 64-Bit Server VM (11.0.8+10-b944.6842174) for windows-amd64 JRE (11.0.8+10-b944.6842174), built on Sep 19 2020 01:11:42 by "builder" with MS VC++ 14.0 (VS2015)

END.
