#
# There is insufficient memory for the Java Runtime Environment to continue.
# Native memory allocation (mmap) failed to map 184549376 bytes for Failed to commit area from 0x000000008f100000 to 0x000000009a100000 of length 184549376.
# Possible reasons:
#   The system is out of physical RAM or swap space
#   The process is running with CompressedOops enabled, and the Java Heap may be blocking the growth of the native heap
# Possible solutions:
#   Reduce memory load on the system
#   Increase physical memory or swap space
#   Check if swap backing store is full
#   Decrease Java heap size (-Xmx/-Xms)
#   Decrease number of Java threads
#   Decrease Java thread stack sizes (-Xss)
#   Set larger code cache with -XX:ReservedCodeCacheSize=
#   JVM is running with Unscaled Compressed Oops mode in which the Java heap is
#     placed in the first 4GB address space. The Java Heap base address is the
#     maximum limit for the native heap growth. Please use -XX:HeapBaseMinAddress
#     to set the Java Heap base and to place the Java Heap above 4GB virtual address.
# This output file may be truncated or incomplete.
#
#  Out of Memory Error (./src/hotspot/os/windows/os_windows.cpp:3303), pid=7952, tid=892
#
# JRE version: OpenJDK Runtime Environment (11.0.8+10) (build 11.0.8+10-b944.6842174)
# Java VM: OpenJDK 64-Bit Server VM (11.0.8+10-b944.6842174, mixed mode, tiered, compressed oops, g1 gc, windows-amd64)
# No core dump will be written. Minidumps are not enabled by default on client versions of Windows
#

---------------  S U M M A R Y ------------

Command Line: --add-opens=java.base/java.util=ALL-UNNAMED --add-opens=java.base/java.lang=ALL-UNNAMED --add-opens=java.base/java.lang.invoke=ALL-UNNAMED --add-opens=java.base/java.util=ALL-UNNAMED --add-opens=java.prefs/java.util.prefs=ALL-UNNAMED --add-opens=java.prefs/java.util.prefs=ALL-UNNAMED --add-opens=java.base/java.nio.charset=ALL-UNNAMED --add-opens=java.base/java.net=ALL-UNNAMED --add-opens=java.base/java.util.concurrent.atomic=ALL-UNNAMED -Xmx2048m -Dfile.encoding=UTF-8 -Duser.country=US -Duser.language=en -Duser.variant org.gradle.launcher.daemon.bootstrap.GradleDaemon 7.0.2

Host: Intel(R) Core(TM) i5-4310U CPU @ 2.00GHz, 4 cores, 3G,  Windows 10 , 64 bit Build 10586 (10.0.10586.589)
Time: Thu Nov 25 11:46:58 2021 Pakistan Standard Time elapsed time: 30 seconds (0d 0h 0m 30s)

---------------  T H R E A D  ---------------

Current thread (0x00000232b1d6f000):  VMThread "VM Thread" [stack: 0x000000d2ff900000,0x000000d2ffa00000] [id=892]

Stack: [0x000000d2ff900000,0x000000d2ffa00000]
[error occurred during error reporting (printing stack bounds), id 0xc0000005, EXCEPTION_ACCESS_VIOLATION (0xc0000005) at pc=0x000002329b590dad]

Native frames: (J=compiled Java code, j=interpreted, Vv=VM code, C=native code)
V  [jvm.dll+0x5de50a]
V  [jvm.dll+0x7122f5]
V  [jvm.dll+0x71384d]
V  [jvm.dll+0x713e65]
V  [jvm.dll+0x713e1b]
V  [jvm.dll+0x5dd958]
V  [jvm.dll+0x5de0f8]
C  [ntdll.dll+0xa9aed]
C  [ntdll.dll+0x34fe9]
C  [ntdll.dll+0xa8bfa]
C  0x000002329b590dad

VM_Operation (0x000000d2839fdc60): G1CollectForAllocation, mode: safepoint, requested by thread 0x00000232b34b7000


---------------  P R O C E S S  ---------------

Threads class SMR info:
_java_thread_list=0x00000232b8b738d0, length=61, elements={
0x0000023297c04000, 0x00000232b1d78800, 0x00000232b1d7b800, 0x00000232b1dcf800,
0x00000232b1dd0800, 0x00000232b1dd2800, 0x00000232b2718800, 0x00000232b2719800,
0x00000232b281f800, 0x00000232b2839000, 0x00000232b4c3c000, 0x00000232b4271000,
0x00000232b40fb000, 0x00000232b29a9800, 0x00000232b407d000, 0x00000232b40e6000,
0x00000232b3f7c800, 0x00000232b3cfd800, 0x00000232b3e4e800, 0x00000232b6000000,
0x00000232b471b800, 0x00000232b471e800, 0x00000232b471c800, 0x00000232b471f800,
0x00000232b471a000, 0x00000232b4720800, 0x00000232b471d000, 0x00000232b471a800,
0x00000232b471e000, 0x00000232b857c800, 0x00000232b857b800, 0x00000232b857f000,
0x00000232b8580000, 0x00000232b857e000, 0x00000232b8580800, 0x00000232b857b000,
0x00000232b8586800, 0x00000232b8585800, 0x00000232b8587000, 0x00000232b8581800,
0x00000232b8584000, 0x00000232b8588000, 0x00000232b8584800, 0x00000232b8589000,
0x00000232b8583000, 0x00000232b8589800, 0x00000232b34b0800, 0x00000232b34b2000,
0x00000232b34ae000, 0x00000232b34ad000, 0x00000232b34ae800, 0x00000232b34b1000,
0x00000232b34ac800, 0x00000232b34b3000, 0x00000232b34b3800, 0x00000232b34af800,
0x00000232b34b6000, 0x00000232b34b8800, 0x00000232b34b7000, 0x00000232b34b7800,
0x00000232b34b9800
}

Java Threads: ( => current thread )
  0x0000023297c04000 JavaThread "main" [_thread_blocked, id=8808, stack(0x000000d2ff300000,0x000000d2ff400000)]
  0x00000232b1d78800 JavaThread "Reference Handler" daemon [_thread_blocked, id=8636, stack(0x000000d2ffa00000,0x000000d2ffb00000)]
  0x00000232b1d7b800 JavaThread "Finalizer" daemon [_thread_blocked, id=1660, stack(0x000000d2ffb00000,0x000000d2ffc00000)]
  0x00000232b1dcf800 JavaThread "Signal Dispatcher" daemon [_thread_blocked, id=6864, stack(0x000000d2ffc00000,0x000000d2ffd00000)]
  0x00000232b1dd0800 JavaThread "Attach Listener" daemon [_thread_blocked, id=5192, stack(0x000000d2ffd00000,0x000000d2ffe00000)]
  0x00000232b1dd2800 JavaThread "C2 CompilerThread0" daemon [_thread_in_native, id=4352, stack(0x000000d2ffe00000,0x000000d2fff00000)]
  0x00000232b2718800 JavaThread "C1 CompilerThread0" daemon [_thread_blocked, id=1124, stack(0x000000d2fff00000,0x000000d300000000)]
  0x00000232b2719800 JavaThread "Sweeper thread" daemon [_thread_blocked, id=6092, stack(0x000000d280000000,0x000000d280100000)]
  0x00000232b281f800 JavaThread "Common-Cleaner" daemon [_thread_blocked, id=6300, stack(0x000000d280100000,0x000000d280200000)]
  0x00000232b2839000 JavaThread "Service Thread" daemon [_thread_blocked, id=7380, stack(0x000000d280200000,0x000000d280300000)]
  0x00000232b4c3c000 JavaThread "Daemon health stats" [_thread_blocked, id=5980, stack(0x000000d280600000,0x000000d280700000)]
  0x00000232b4271000 JavaThread "Incoming local TCP Connector on port 57895" [_thread_in_native, id=5800, stack(0x000000d280700000,0x000000d280800000)]
  0x00000232b40fb000 JavaThread "Daemon periodic checks" [_thread_blocked, id=5444, stack(0x000000d280800000,0x000000d280900000)]
  0x00000232b29a9800 JavaThread "Daemon" [_thread_blocked, id=9192, stack(0x000000d280900000,0x000000d280a00000)]
  0x00000232b407d000 JavaThread "Handler for socket connection from /127.0.0.1:57895 to /127.0.0.1:57896" [_thread_in_native, id=8672, stack(0x000000d280a00000,0x000000d280b00000)]
  0x00000232b40e6000 JavaThread "Cancel handler" [_thread_blocked, id=3496, stack(0x000000d280b00000,0x000000d280c00000)]
  0x00000232b3f7c800 JavaThread "Daemon worker" [_thread_blocked, id=5808, stack(0x000000d280c00000,0x000000d280d00000)]
  0x00000232b3cfd800 JavaThread "Asynchronous log dispatcher for DefaultDaemonConnection: socket connection from /127.0.0.1:57895 to /127.0.0.1:57896" [_thread_blocked, id=4412, stack(0x000000d280d00000,0x000000d280e00000)]
  0x00000232b3e4e800 JavaThread "Stdin handler" [_thread_blocked, id=3740, stack(0x000000d280e00000,0x000000d280f00000)]
  0x00000232b6000000 JavaThread "Daemon client event forwarder" [_thread_blocked, id=8848, stack(0x000000d280f00000,0x000000d281000000)]
  0x00000232b471b800 JavaThread "Cache worker for file hash cache (C:\Users\Huzaifa Sammar\.gradle\caches\7.0.2\fileHashes)" [_thread_blocked, id=6976, stack(0x000000d281200000,0x000000d281300000)]
  0x00000232b471e800 JavaThread "File lock request listener" [_thread_in_native, id=8360, stack(0x000000d281300000,0x000000d281400000)]
  0x00000232b471c800 JavaThread "Cache worker for journal cache (C:\Users\Huzaifa Sammar\.gradle\caches\journal-1)" [_thread_blocked, id=8836, stack(0x000000d281400000,0x000000d281500000)]
  0x00000232b471f800 JavaThread "Cache worker for file hash cache (C:\Users\Huzaifa Sammar\AndroidStudioProjects\DingVpnn\.gradle\7.0.2\fileHashes)" [_thread_blocked, id=1988, stack(0x000000d281500000,0x000000d281600000)]
  0x00000232b471a000 JavaThread "File watcher server" daemon [_thread_blocked, id=6772, stack(0x000000d281700000,0x000000d281800000)]
  0x00000232b4720800 JavaThread "File watcher consumer" daemon [_thread_blocked, id=3276, stack(0x000000d281800000,0x000000d281900000)]
  0x00000232b471d000 JavaThread "Cache worker for checksums cache (C:\Users\Huzaifa Sammar\AndroidStudioProjects\DingVpnn\.gradle\checksums)" [_thread_blocked, id=2956, stack(0x000000d281900000,0x000000d281a00000)]
  0x00000232b471a800 JavaThread "Cache worker for cache directory md-supplier (C:\Users\Huzaifa Sammar\.gradle\caches\7.0.2\md-supplier)" [_thread_blocked, id=3356, stack(0x000000d281a00000,0x000000d281b00000)]
  0x00000232b471e000 JavaThread "Cache worker for cache directory md-rule (C:\Users\Huzaifa Sammar\.gradle\caches\7.0.2\md-rule)" [_thread_blocked, id=6280, stack(0x000000d281b00000,0x000000d281c00000)]
  0x00000232b857c800 JavaThread "Cache worker for execution history cache (C:\Users\Huzaifa Sammar\.gradle\caches\7.0.2\executionHistory)" [_thread_blocked, id=7268, stack(0x000000d281c00000,0x000000d281d00000)]
  0x00000232b857b800 JavaThread "jar transforms" [_thread_blocked, id=3888, stack(0x000000d281d00000,0x000000d281e00000)]
  0x00000232b857f000 JavaThread "jar transforms Thread 2" [_thread_blocked, id=6468, stack(0x000000d281e00000,0x000000d281f00000)]
  0x00000232b8580000 JavaThread "Cache worker for file content cache (C:\Users\Huzaifa Sammar\.gradle\caches\7.0.2\fileContent)" [_thread_blocked, id=3392, stack(0x000000d281f00000,0x000000d282000000)]
  0x00000232b857e000 JavaThread "Cache worker for dependencies-accessors (C:\Users\Huzaifa Sammar\AndroidStudioProjects\DingVpnn\.gradle\7.0.2\dependencies-accessors)" [_thread_blocked, id=8196, stack(0x000000d282000000,0x000000d282100000)]
  0x00000232b8580800 JavaThread "jar transforms Thread 3" [_thread_blocked, id=9108, stack(0x000000d282100000,0x000000d282200000)]
  0x00000232b857b000 JavaThread "Cache worker for Build Output Cleanup Cache (C:\Users\Huzaifa Sammar\AndroidStudioProjects\DingVpnn\.gradle\buildOutputCleanup)" [_thread_blocked, id=5732, stack(0x000000d282200000,0x000000d282300000)]
  0x00000232b8586800 JavaThread "Build operations" [_thread_blocked, id=768, stack(0x000000d282300000,0x000000d282400000)]
  0x00000232b8585800 JavaThread "Build operations Thread 2" [_thread_blocked, id=6420, stack(0x000000d282400000,0x000000d282500000)]
  0x00000232b8587000 JavaThread "Build operations Thread 3" [_thread_blocked, id=6208, stack(0x000000d282500000,0x000000d282600000)]
  0x00000232b8581800 JavaThread "Build operations Thread 4" [_thread_blocked, id=7776, stack(0x000000d282600000,0x000000d282700000)]
  0x00000232b8584000 JavaThread "jar transforms Thread 4" [_thread_blocked, id=2460, stack(0x000000d282700000,0x000000d282800000)]
  0x00000232b8588000 JavaThread "Memory manager" [_thread_blocked, id=4452, stack(0x000000d282800000,0x000000d282900000)]
  0x00000232b8584800 JavaThread "build event listener" [_thread_blocked, id=3860, stack(0x000000d282900000,0x000000d282a00000)]
  0x00000232b8589000 JavaThread "pool-3-thread-1" [_thread_blocked, id=9044, stack(0x000000d282a00000,0x000000d282b00000)]
  0x00000232b8583000 JavaThread "build event listener" [_thread_blocked, id=812, stack(0x000000d282b00000,0x000000d282c00000)]
  0x00000232b8589800 JavaThread "Execution worker for ':'" [_thread_blocked, id=2772, stack(0x000000d282c00000,0x000000d282d00000)]
  0x00000232b34b0800 JavaThread "Execution worker for ':' Thread 2" [_thread_blocked, id=120, stack(0x000000d282d00000,0x000000d282e00000)]
  0x00000232b34b2000 JavaThread "Execution worker for ':' Thread 3" [_thread_blocked, id=8340, stack(0x000000d282e00000,0x000000d282f00000)]
  0x00000232b34ae000 JavaThread "Cache worker for execution history cache (C:\Users\Huzaifa Sammar\AndroidStudioProjects\DingVpnn\.gradle\7.0.2\executionHistory)" [_thread_blocked, id=4856, stack(0x000000d282f00000,0x000000d283000000)]
  0x00000232b34ad000 JavaThread "WorkerExecutor Queue" [_thread_blocked, id=7688, stack(0x000000d283000000,0x000000d283100000)]
  0x00000232b34ae800 JavaThread "WorkerExecutor Queue Thread 2" [_thread_blocked, id=3856, stack(0x000000d283100000,0x000000d283200000)]
  0x00000232b34b1000 JavaThread "WorkerExecutor Queue Thread 3" [_thread_blocked, id=3196, stack(0x000000d283200000,0x000000d283300000)]
  0x00000232b34ac800 JavaThread "WorkerExecutor Queue Thread 4" [_thread_blocked, id=6580, stack(0x000000d283300000,0x000000d283400000)]
  0x00000232b34b3000 JavaThread "WorkerExecutor Queue Thread 5" [_thread_blocked, id=6064, stack(0x000000d283400000,0x000000d283500000)]
  0x00000232b34b3800 JavaThread "pool-4-thread-1" [_thread_blocked, id=4796, stack(0x000000d283500000,0x000000d283600000)]
  0x00000232b34af800 JavaThread "stderr" [_thread_in_native, id=3632, stack(0x000000d283600000,0x000000d283700000)]
  0x00000232b34b6000 JavaThread "stdout" [_thread_in_native, id=6228, stack(0x000000d283700000,0x000000d283800000)]
  0x00000232b34b8800 JavaThread "ForkJoinPool-1-worker-3" daemon [_thread_blocked, id=3380, stack(0x000000d283800000,0x000000d283900000)]
  0x00000232b34b7000 JavaThread "ForkJoinPool-1-worker-5" daemon [_thread_blocked, id=6704, stack(0x000000d283900000,0x000000d283a00000)]
  0x00000232b34b7800 JavaThread "ForkJoinPool-1-worker-7" daemon [_thread_blocked, id=2116, stack(0x000000d283a00000,0x000000d283b00000)]
  0x00000232b34b9800 JavaThread "ForkJoinPool-1-worker-1" daemon [_thread_blocked, id=7464, stack(0x000000d283b00000,0x000000d283c00000)]

Other Threads:
=>0x00000232b1d6f000 VMThread "VM Thread" [stack: 0x000000d2ff900000,0x000000d2ffa00000] [id=892]
  0x00000232b283a000 WatcherThread [stack: 0x000000d280300000,0x000000d280400000] [id=4000]
  0x0000023297c1c800 GCTaskThread "GC Thread#0" [stack: 0x000000d2ff400000,0x000000d2ff500000] [id=3404]
  0x00000232b2d2c000 GCTaskThread "GC Thread#1" [stack: 0x000000d280500000,0x000000d280600000] [id=7428]
  0x00000232b391b000 GCTaskThread "GC Thread#2" [stack: 0x000000d281000000,0x000000d281100000] [id=6460]
  0x00000232b3b18000 GCTaskThread "GC Thread#3" [stack: 0x000000d281100000,0x000000d281200000] [id=4924]
  0x0000023297c50000 ConcurrentGCThread "G1 Main Marker" [stack: 0x000000d2ff500000,0x000000d2ff600000] [id=8960]
  0x0000023297c51800 ConcurrentGCThread "G1 Conc#0" [stack: 0x000000d2ff600000,0x000000d2ff700000] [id=6648]
  0x0000023297cae000 ConcurrentGCThread "G1 Refine#0" [stack: 0x000000d2ff700000,0x000000d2ff800000] [id=4592]
  0x00000232b91ff800 ConcurrentGCThread "G1 Refine#1" [stack: 0x000000d283c00000,0x000000d283d00000] [id=4372]
  0x0000023297caf000 ConcurrentGCThread "G1 Young RemSet Sampling" [stack: 0x000000d2ff800000,0x000000d2ff900000] [id=4240]

Threads with active compile tasks:
C2 CompilerThread0  30654 11184 %     4       com.android.tools.r8.dex.n::m @ 64 (2054 bytes)
C1 CompilerThread0  30654 11758       2       com.android.tools.r8.code.P3::<init> (7 bytes)

VM state:at safepoint (normal execution)

VM Mutex/Monitor currently owned by a thread:  ([mutex/lock_event])
[0x0000023297c00100] Threads_lock - owner thread: 0x00000232b1d6f000
[0x0000023297c007c0] Heap_lock - owner thread: 0x00000232b34b7000

Heap address: 0x0000000080000000, size: 2048 MB, Compressed Oops mode: 32-bit
Narrow klass base: 0x0000000000000000, Narrow klass shift: 3
Compressed class space size: 1073741824 Address: 0x0000000100000000

Heap:
 garbage-first heap   total 427008K, used 143360K [0x0000000080000000, 0x0000000100000000)
  region size 1024K, 2 young (2048K), 2 survivors (2048K)
 Metaspace       used 96217K, capacity 98439K, committed 98684K, reserved 1134592K
  class space    used 12457K, capacity 13271K, committed 13312K, reserved 1048576K
Heap Regions: E=young(eden), S=young(survivor), O=old, HS=humongous(starts), HC=humongous(continues), CS=collection set, F=free, A=archive, TAMS=top-at-mark-start (previous, next)
|   0|0x0000000080000000, 0x0000000080100000, 0x0000000080100000|100%|HS|  |TAMS 0x0000000080100000, 0x0000000080000000| Complete 
|   1|0x0000000080100000, 0x0000000080200000, 0x0000000080200000|100%|HC|  |TAMS 0x0000000080200000, 0x0000000080100000| Complete 
|   2|0x0000000080200000, 0x0000000080300000, 0x0000000080300000|100%|HC|  |TAMS 0x0000000080300000, 0x0000000080200000| Complete 
|   3|0x0000000080300000, 0x0000000080400000, 0x0000000080400000|100%| O|  |TAMS 0x0000000080400000, 0x0000000080300000| Untracked 
|   4|0x0000000080400000, 0x0000000080500000, 0x0000000080500000|100%| O|  |TAMS 0x0000000080500000, 0x0000000080400000| Untracked 
|   5|0x0000000080500000, 0x0000000080600000, 0x0000000080600000|100%| O|  |TAMS 0x0000000080600000, 0x0000000080500000| Untracked 
|   6|0x0000000080600000, 0x0000000080700000, 0x0000000080700000|100%| O|  |TAMS 0x0000000080700000, 0x0000000080600000| Untracked 
|   7|0x0000000080700000, 0x0000000080800000, 0x0000000080800000|100%| O|  |TAMS 0x0000000080800000, 0x0000000080700000| Complete 
|   8|0x0000000080800000, 0x0000000080900000, 0x0000000080900000|100%| O|  |TAMS 0x0000000080900000, 0x0000000080800000| Untracked 
|   9|0x0000000080900000, 0x0000000080a00000, 0x0000000080a00000|100%| O|  |TAMS 0x0000000080a00000, 0x0000000080900000| Complete 
|  10|0x0000000080a00000, 0x0000000080b00000, 0x0000000080b00000|100%| O|  |TAMS 0x0000000080b00000, 0x0000000080a00000| Untracked 
|  11|0x0000000080b00000, 0x0000000080c00000, 0x0000000080c00000|100%| O|  |TAMS 0x0000000080c00000, 0x0000000080b00000| Untracked 
|  12|0x0000000080c00000, 0x0000000080d00000, 0x0000000080d00000|100%| O|  |TAMS 0x0000000080d00000, 0x0000000080c00000| Untracked 
|  13|0x0000000080d00000, 0x0000000080e00000, 0x0000000080e00000|100%| O|  |TAMS 0x0000000080e00000, 0x0000000080d00000| Untracked 
|  14|0x0000000080e00000, 0x0000000080f00000, 0x0000000080f00000|100%| O|  |TAMS 0x0000000080f00000, 0x0000000080e00000| Untracked 
|  15|0x0000000080f00000, 0x0000000081000000, 0x0000000081000000|100%| O|  |TAMS 0x0000000081000000, 0x0000000080f00000| Untracked 
|  16|0x0000000081000000, 0x0000000081100000, 0x0000000081100000|100%| O|  |TAMS 0x0000000081100000, 0x0000000081000000| Untracked 
|  17|0x0000000081100000, 0x0000000081200000, 0x0000000081200000|100%| O|  |TAMS 0x0000000081200000, 0x0000000081100000| Untracked 
|  18|0x0000000081200000, 0x0000000081300000, 0x0000000081300000|100%| O|  |TAMS 0x0000000081300000, 0x0000000081200000| Untracked 
|  19|0x0000000081300000, 0x0000000081400000, 0x0000000081400000|100%| O|  |TAMS 0x0000000081400000, 0x0000000081300000| Untracked 
|  20|0x0000000081400000, 0x0000000081500000, 0x0000000081500000|100%| O|  |TAMS 0x0000000081500000, 0x0000000081400000| Untracked 
|  21|0x0000000081500000, 0x0000000081600000, 0x0000000081600000|100%| O|  |TAMS 0x0000000081600000, 0x0000000081500000| Untracked 
|  22|0x0000000081600000, 0x0000000081700000, 0x0000000081700000|100%| O|  |TAMS 0x0000000081700000, 0x0000000081600000| Untracked 
|  23|0x0000000081700000, 0x0000000081800000, 0x0000000081800000|100%| O|  |TAMS 0x0000000081800000, 0x0000000081700000| Complete 
|  24|0x0000000081800000, 0x0000000081900000, 0x0000000081900000|100%|HS|  |TAMS 0x0000000081900000, 0x0000000081800000| Complete 
|  25|0x0000000081900000, 0x0000000081a00000, 0x0000000081a00000|100%| O|  |TAMS 0x0000000081a00000, 0x0000000081900000| Untracked 
|  26|0x0000000081a00000, 0x0000000081b00000, 0x0000000081b00000|100%| O|  |TAMS 0x0000000081b00000, 0x0000000081a00000| Complete 
|  27|0x0000000081b00000, 0x0000000081c00000, 0x0000000081c00000|100%| O|  |TAMS 0x0000000081c00000, 0x0000000081b00000| Complete 
|  28|0x0000000081c00000, 0x0000000081d00000, 0x0000000081d00000|100%|HS|  |TAMS 0x0000000081d00000, 0x0000000081c00000| Complete 
|  29|0x0000000081d00000, 0x0000000081e00000, 0x0000000081e00000|100%|HC|  |TAMS 0x0000000081e00000, 0x0000000081d00000| Complete 
|  30|0x0000000081e00000, 0x0000000081f00000, 0x0000000081f00000|100%| O|  |TAMS 0x0000000081f00000, 0x0000000081e00000| Untracked 
|  31|0x0000000081f00000, 0x0000000082000000, 0x0000000082000000|100%| O|  |TAMS 0x0000000082000000, 0x0000000081f00000| Untracked 
|  32|0x0000000082000000, 0x0000000082100000, 0x0000000082100000|100%| O|  |TAMS 0x0000000082100000, 0x0000000082000000| Untracked 
|  33|0x0000000082100000, 0x0000000082200000, 0x0000000082200000|100%| O|  |TAMS 0x0000000082200000, 0x0000000082100000| Untracked 
|  34|0x0000000082200000, 0x0000000082300000, 0x0000000082300000|100%| O|  |TAMS 0x0000000082300000, 0x0000000082200000| Untracked 
|  35|0x0000000082300000, 0x0000000082400000, 0x0000000082400000|100%| O|  |TAMS 0x0000000082400000, 0x0000000082300000| Untracked 
|  36|0x0000000082400000, 0x0000000082500000, 0x0000000082500000|100%| O|  |TAMS 0x0000000082500000, 0x0000000082400000| Untracked 
|  37|0x0000000082500000, 0x0000000082600000, 0x0000000082600000|100%| O|  |TAMS 0x0000000082600000, 0x0000000082500000| Untracked 
|  38|0x0000000082600000, 0x0000000082700000, 0x0000000082700000|100%| O|  |TAMS 0x0000000082700000, 0x0000000082600000| Untracked 
|  39|0x0000000082700000, 0x0000000082800000, 0x0000000082800000|100%| O|  |TAMS 0x0000000082800000, 0x0000000082700000| Untracked 
|  40|0x0000000082800000, 0x0000000082900000, 0x0000000082900000|100%| O|  |TAMS 0x0000000082900000, 0x0000000082800000| Untracked 
|  41|0x0000000082900000, 0x0000000082a00000, 0x0000000082a00000|100%| O|  |TAMS 0x0000000082a00000, 0x0000000082900000| Untracked 
|  42|0x0000000082a00000, 0x0000000082b00000, 0x0000000082b00000|100%| O|  |TAMS 0x0000000082b00000, 0x0000000082a00000| Complete 
|  43|0x0000000082b00000, 0x0000000082c00000, 0x0000000082c00000|100%| O|  |TAMS 0x0000000082c00000, 0x0000000082b00000| Untracked 
|  44|0x0000000082c00000, 0x0000000082d00000, 0x0000000082d00000|100%| O|  |TAMS 0x0000000082d00000, 0x0000000082c00000| Untracked 
|  45|0x0000000082d00000, 0x0000000082e00000, 0x0000000082e00000|100%| O|  |TAMS 0x0000000082e00000, 0x0000000082d00000| Complete 
|  46|0x0000000082e00000, 0x0000000082f00000, 0x0000000082f00000|100%| O|  |TAMS 0x0000000082f00000, 0x0000000082e00000| Untracked 
|  47|0x0000000082f00000, 0x0000000083000000, 0x0000000083000000|100%| O|  |TAMS 0x0000000083000000, 0x0000000082f00000| Untracked 
|  48|0x0000000083000000, 0x0000000083100000, 0x0000000083100000|100%| O|  |TAMS 0x0000000083100000, 0x0000000083000000| Untracked 
|  49|0x0000000083100000, 0x0000000083200000, 0x0000000083200000|100%| O|  |TAMS 0x0000000083200000, 0x0000000083100000| Untracked 
|  50|0x0000000083200000, 0x0000000083300000, 0x0000000083300000|100%| O|  |TAMS 0x0000000083300000, 0x0000000083200000| Untracked 
|  51|0x0000000083300000, 0x0000000083400000, 0x0000000083400000|100%| O|  |TAMS 0x0000000083400000, 0x0000000083300000| Untracked 
|  52|0x0000000083400000, 0x0000000083500000, 0x0000000083500000|100%| O|  |TAMS 0x0000000083500000, 0x0000000083400000| Untracked 
|  53|0x0000000083500000, 0x0000000083600000, 0x0000000083600000|100%| O|  |TAMS 0x0000000083600000, 0x0000000083500000| Untracked 
|  54|0x0000000083600000, 0x0000000083700000, 0x0000000083700000|100%| O|  |TAMS 0x0000000083700000, 0x0000000083600000| Untracked 
|  55|0x0000000083700000, 0x0000000083800000, 0x0000000083800000|100%| O|  |TAMS 0x0000000083800000, 0x0000000083700000| Untracked 
|  56|0x0000000083800000, 0x0000000083900000, 0x0000000083900000|100%| O|  |TAMS 0x0000000083900000, 0x0000000083800000| Untracked 
|  57|0x0000000083900000, 0x0000000083a00000, 0x0000000083a00000|100%| O|  |TAMS 0x0000000083a00000, 0x0000000083900000| Complete 
|  58|0x0000000083a00000, 0x0000000083b00000, 0x0000000083b00000|100%|HS|  |TAMS 0x0000000083b00000, 0x0000000083a00000| Complete 
|  59|0x0000000083b00000, 0x0000000083c00000, 0x0000000083c00000|100%| O|  |TAMS 0x0000000083c00000, 0x0000000083b00000| Untracked 
|  60|0x0000000083c00000, 0x0000000083d00000, 0x0000000083d00000|100%| O|  |TAMS 0x0000000083d00000, 0x0000000083c00000| Complete 
|  61|0x0000000083d00000, 0x0000000083e00000, 0x0000000083e00000|100%| O|  |TAMS 0x0000000083e00000, 0x0000000083d00000| Complete 
|  62|0x0000000083e00000, 0x0000000083f00000, 0x0000000083f00000|100%| O|  |TAMS 0x0000000083f00000, 0x0000000083e00000| Complete 
|  63|0x0000000083f00000, 0x0000000084000000, 0x0000000084000000|100%| O|  |TAMS 0x0000000084000000, 0x0000000083f00000| Complete 
|  64|0x0000000084000000, 0x0000000084100000, 0x0000000084100000|100%| O|  |TAMS 0x0000000084100000, 0x0000000084000000| Untracked 
|  65|0x0000000084100000, 0x0000000084200000, 0x0000000084200000|100%| O|  |TAMS 0x0000000084200000, 0x0000000084100000| Complete 
|  66|0x0000000084200000, 0x0000000084300000, 0x0000000084300000|100%| O|  |TAMS 0x0000000084300000, 0x0000000084200000| Complete 
|  67|0x0000000084300000, 0x0000000084400000, 0x0000000084400000|100%|HS|  |TAMS 0x0000000084400000, 0x0000000084300000| Complete 
|  68|0x0000000084400000, 0x0000000084500000, 0x0000000084500000|100%| O|  |TAMS 0x0000000084500000, 0x0000000084400000| Untracked 
|  69|0x0000000084500000, 0x0000000084600000, 0x0000000084600000|100%|HS|  |TAMS 0x0000000084600000, 0x0000000084500000| Complete 
|  70|0x0000000084600000, 0x0000000084700000, 0x0000000084700000|100%|HC|  |TAMS 0x0000000084700000, 0x0000000084600000| Complete 
|  71|0x0000000084700000, 0x0000000084800000, 0x0000000084800000|100%|HS|  |TAMS 0x0000000084800000, 0x0000000084700000| Complete 
|  72|0x0000000084800000, 0x0000000084900000, 0x0000000084900000|100%| O|  |TAMS 0x0000000084900000, 0x0000000084800000| Complete 
|  73|0x0000000084900000, 0x0000000084a00000, 0x0000000084a00000|100%| O|  |TAMS 0x0000000084a00000, 0x0000000084900000| Complete 
|  74|0x0000000084a00000, 0x0000000084b00000, 0x0000000084b00000|100%| O|  |TAMS 0x0000000084b00000, 0x0000000084a00000| Complete 
|  75|0x0000000084b00000, 0x0000000084c00000, 0x0000000084c00000|100%| O|  |TAMS 0x0000000084c00000, 0x0000000084b00000| Untracked 
|  76|0x0000000084c00000, 0x0000000084d00000, 0x0000000084d00000|100%|HS|  |TAMS 0x0000000084d00000, 0x0000000084c00000| Complete 
|  77|0x0000000084d00000, 0x0000000084e00000, 0x0000000084e00000|100%| O|  |TAMS 0x0000000084e00000, 0x0000000084d00000| Untracked 
|  78|0x0000000084e00000, 0x0000000084f00000, 0x0000000084f00000|100%| O|  |TAMS 0x0000000084f00000, 0x0000000084e00000| Untracked 
|  79|0x0000000084f00000, 0x0000000085000000, 0x0000000085000000|100%| O|  |TAMS 0x0000000085000000, 0x0000000084f00000| Untracked 
|  80|0x0000000085000000, 0x0000000085100000, 0x0000000085100000|100%| O|  |TAMS 0x0000000085100000, 0x0000000085000000| Untracked 
|  81|0x0000000085100000, 0x0000000085200000, 0x0000000085200000|100%| O|  |TAMS 0x0000000085200000, 0x0000000085100000| Complete 
|  82|0x0000000085200000, 0x0000000085300000, 0x0000000085300000|100%| O|  |TAMS 0x0000000085300000, 0x0000000085200000| Untracked 
|  83|0x0000000085300000, 0x0000000085300000, 0x0000000085400000|  0%| F|  |TAMS 0x0000000085300000, 0x0000000085300000| Untracked 
|  84|0x0000000085400000, 0x0000000085500000, 0x0000000085500000|100%| O|  |TAMS 0x0000000085500000, 0x0000000085400000| Untracked 
|  85|0x0000000085500000, 0x0000000085600000, 0x0000000085600000|100%| O|  |TAMS 0x0000000085600000, 0x0000000085500000| Untracked 
|  86|0x0000000085600000, 0x0000000085700000, 0x0000000085700000|100%| O|  |TAMS 0x0000000085700000, 0x0000000085600000| Untracked 
|  87|0x0000000085700000, 0x0000000085800000, 0x0000000085800000|100%|HS|  |TAMS 0x0000000085800000, 0x0000000085700000| Complete 
|  88|0x0000000085800000, 0x0000000085900000, 0x0000000085900000|100%|HC|  |TAMS 0x0000000085900000, 0x0000000085800000| Complete 
|  89|0x0000000085900000, 0x0000000085a00000, 0x0000000085a00000|100%|HS|  |TAMS 0x0000000085a00000, 0x0000000085900000| Complete 
|  90|0x0000000085a00000, 0x0000000085b00000, 0x0000000085b00000|100%| O|  |TAMS 0x0000000085b00000, 0x0000000085a00000| Untracked 
|  91|0x0000000085b00000, 0x0000000085c00000, 0x0000000085c00000|100%| O|  |TAMS 0x0000000085c00000, 0x0000000085b00000| Untracked 
|  92|0x0000000085c00000, 0x0000000085d00000, 0x0000000085d00000|100%| O|  |TAMS 0x0000000085d00000, 0x0000000085c00000| Complete 
|  93|0x0000000085d00000, 0x0000000085e00000, 0x0000000085e00000|100%|HS|  |TAMS 0x0000000085e00000, 0x0000000085d00000| Complete 
|  94|0x0000000085e00000, 0x0000000085f00000, 0x0000000085f00000|100%| O|  |TAMS 0x0000000085f00000, 0x0000000085e00000| Untracked 
|  95|0x0000000085f00000, 0x0000000086000000, 0x0000000086000000|100%|HS|  |TAMS 0x0000000086000000, 0x0000000085f00000| Complete 
|  96|0x0000000086000000, 0x0000000086100000, 0x0000000086100000|100%| O|  |TAMS 0x0000000086100000, 0x0000000086000000| Complete 
|  97|0x0000000086100000, 0x0000000086200000, 0x0000000086200000|100%|HS|  |TAMS 0x0000000086200000, 0x0000000086100000| Complete 
|  98|0x0000000086200000, 0x0000000086300000, 0x0000000086300000|100%| O|  |TAMS 0x0000000086300000, 0x0000000086200000| Untracked 
|  99|0x0000000086300000, 0x0000000086400000, 0x0000000086400000|100%| O|  |TAMS 0x0000000086400000, 0x0000000086300000| Untracked 
| 100|0x0000000086400000, 0x0000000086500000, 0x0000000086500000|100%| O|  |TAMS 0x0000000086500000, 0x0000000086400000| Untracked 
| 101|0x0000000086500000, 0x0000000086600000, 0x0000000086600000|100%| O|  |TAMS 0x0000000086600000, 0x0000000086500000| Untracked 
| 102|0x0000000086600000, 0x0000000086700000, 0x0000000086700000|100%| O|  |TAMS 0x0000000086700000, 0x0000000086600000| Untracked 
| 103|0x0000000086700000, 0x0000000086800000, 0x0000000086800000|100%| O|  |TAMS 0x0000000086800000, 0x0000000086700000| Complete 
| 104|0x0000000086800000, 0x0000000086900000, 0x0000000086900000|100%| O|  |TAMS 0x0000000086900000, 0x0000000086800000| Untracked 
| 105|0x0000000086900000, 0x0000000086a00000, 0x0000000086a00000|100%| O|  |TAMS 0x0000000086a00000, 0x0000000086900000| Untracked 
| 106|0x0000000086a00000, 0x0000000086b00000, 0x0000000086b00000|100%| O|  |TAMS 0x0000000086b00000, 0x0000000086a00000| Complete 
| 107|0x0000000086b00000, 0x0000000086c00000, 0x0000000086c00000|100%| O|  |TAMS 0x0000000086c00000, 0x0000000086b00000| Complete 
| 108|0x0000000086c00000, 0x0000000086d00000, 0x0000000086d00000|100%| O|  |TAMS 0x0000000086d00000, 0x0000000086c00000| Complete 
| 109|0x0000000086d00000, 0x0000000086d00000, 0x0000000086e00000|  0%| F|  |TAMS 0x0000000086d00000, 0x0000000086d00000| Untracked 
| 110|0x0000000086e00000, 0x0000000086f00000, 0x0000000086f00000|100%| O|  |TAMS 0x0000000086f00000, 0x0000000086e00000| Untracked 
| 111|0x0000000086f00000, 0x0000000087000000, 0x0000000087000000|100%| O|  |TAMS 0x0000000087000000, 0x0000000086f00000| Complete 
| 112|0x0000000087000000, 0x0000000087100000, 0x0000000087100000|100%| O|  |TAMS 0x0000000087100000, 0x0000000087000000| Untracked 
| 113|0x0000000087100000, 0x0000000087200000, 0x0000000087200000|100%| O|  |TAMS 0x0000000087200000, 0x0000000087100000| Untracked 
| 114|0x0000000087200000, 0x0000000087300000, 0x0000000087300000|100%| O|  |TAMS 0x0000000087300000, 0x0000000087200000| Untracked 
| 115|0x0000000087300000, 0x0000000087400000, 0x0000000087400000|100%| O|  |TAMS 0x0000000087400000, 0x0000000087300000| Untracked 
| 116|0x0000000087400000, 0x0000000087500000, 0x0000000087500000|100%| O|  |TAMS 0x0000000087500000, 0x0000000087400000| Untracked 
| 117|0x0000000087500000, 0x0000000087600000, 0x0000000087600000|100%| O|  |TAMS 0x0000000087600000, 0x0000000087500000| Complete 
| 118|0x0000000087600000, 0x0000000087700000, 0x0000000087700000|100%| O|  |TAMS 0x000000008762b200, 0x0000000087600000| Untracked 
| 119|0x0000000087700000, 0x0000000087800000, 0x0000000087800000|100%|HS|  |TAMS 0x0000000087700000, 0x0000000087700000| Complete 
| 120|0x0000000087800000, 0x0000000087900000, 0x0000000087900000|100%| O|  |TAMS 0x0000000087800000, 0x0000000087800000| Untracked 
| 121|0x0000000087900000, 0x0000000087a00000, 0x0000000087a00000|100%| O|  |TAMS 0x0000000087900000, 0x0000000087900000| Untracked 
| 122|0x0000000087a00000, 0x0000000087b00000, 0x0000000087b00000|100%| O|  |TAMS 0x0000000087a00000, 0x0000000087a00000| Untracked 
| 123|0x0000000087b00000, 0x0000000087c00000, 0x0000000087c00000|100%| O|  |TAMS 0x0000000087b00000, 0x0000000087b00000| Untracked 
| 124|0x0000000087c00000, 0x0000000087d00000, 0x0000000087d00000|100%| O|  |TAMS 0x0000000087c00000, 0x0000000087c00000| Untracked 
| 125|0x0000000087d00000, 0x0000000087e00000, 0x0000000087e00000|100%| O|  |TAMS 0x0000000087d00000, 0x0000000087d00000| Untracked 
| 126|0x0000000087e00000, 0x0000000087f00000, 0x0000000087f00000|100%| O|  |TAMS 0x0000000087e00000, 0x0000000087e00000| Untracked 
| 127|0x0000000087f00000, 0x0000000088000000, 0x0000000088000000|100%| O|  |TAMS 0x0000000087f00000, 0x0000000087f00000| Untracked 
| 128|0x0000000088000000, 0x0000000088100000, 0x0000000088100000|100%| O|  |TAMS 0x0000000088000000, 0x0000000088000000| Untracked 
| 129|0x0000000088100000, 0x0000000088200000, 0x0000000088200000|100%| O|  |TAMS 0x0000000088100000, 0x0000000088100000| Untracked 
| 130|0x0000000088200000, 0x0000000088300000, 0x0000000088300000|100%| O|  |TAMS 0x0000000088200000, 0x0000000088200000| Untracked 
| 131|0x0000000088300000, 0x0000000088400000, 0x0000000088400000|100%| O|  |TAMS 0x0000000088300000, 0x0000000088300000| Untracked 
| 132|0x0000000088400000, 0x0000000088500000, 0x0000000088500000|100%| O|  |TAMS 0x0000000088400000, 0x0000000088400000| Untracked 
| 133|0x0000000088500000, 0x0000000088600000, 0x0000000088600000|100%| O|  |TAMS 0x0000000088500000, 0x0000000088500000| Untracked 
| 134|0x0000000088600000, 0x0000000088700000, 0x0000000088700000|100%| O|  |TAMS 0x0000000088600000, 0x0000000088600000| Untracked 
| 135|0x0000000088700000, 0x0000000088800000, 0x0000000088800000|100%| O|  |TAMS 0x0000000088700000, 0x0000000088700000| Untracked 
| 136|0x0000000088800000, 0x0000000088900000, 0x0000000088900000|100%| O|  |TAMS 0x0000000088800000, 0x0000000088800000| Untracked 
| 137|0x0000000088900000, 0x0000000088a00000, 0x0000000088a00000|100%| O|  |TAMS 0x0000000088900000, 0x0000000088900000| Untracked 
| 138|0x0000000088a00000, 0x0000000088b00000, 0x0000000088b00000|100%| O|  |TAMS 0x0000000088a00000, 0x0000000088a00000| Untracked 
| 139|0x0000000088b00000, 0x0000000088c00000, 0x0000000088c00000|100%| O|  |TAMS 0x0000000088b00000, 0x0000000088b00000| Untracked 
| 140|0x0000000088c00000, 0x0000000088c00000, 0x0000000088d00000|  0%| F|  |TAMS 0x0000000088c00000, 0x0000000088c00000| Untracked 
| 141|0x0000000088d00000, 0x0000000088d00000, 0x0000000088e00000|  0%| F|  |TAMS 0x0000000088d00000, 0x0000000088d00000| Untracked 
| 142|0x0000000088e00000, 0x0000000088e00000, 0x0000000088f00000|  0%| F|  |TAMS 0x0000000088e00000, 0x0000000088e00000| Untracked 
| 143|0x0000000088f00000, 0x0000000088f00000, 0x0000000089000000|  0%| F|  |TAMS 0x0000000088f00000, 0x0000000088f00000| Untracked 
| 144|0x0000000089000000, 0x0000000089000000, 0x0000000089100000|  0%| F|  |TAMS 0x0000000089000000, 0x0000000089000000| Untracked 
| 145|0x0000000089100000, 0x0000000089100000, 0x0000000089200000|  0%| F|  |TAMS 0x0000000089100000, 0x0000000089100000| Untracked 
| 146|0x0000000089200000, 0x0000000089200000, 0x0000000089300000|  0%| F|  |TAMS 0x0000000089200000, 0x0000000089200000| Untracked 
| 147|0x0000000089300000, 0x0000000089300000, 0x0000000089400000|  0%| F|  |TAMS 0x0000000089300000, 0x0000000089300000| Untracked 
| 148|0x0000000089400000, 0x0000000089400000, 0x0000000089500000|  0%| F|  |TAMS 0x0000000089400000, 0x0000000089400000| Untracked 
| 149|0x0000000089500000, 0x0000000089500000, 0x0000000089600000|  0%| F|  |TAMS 0x0000000089500000, 0x0000000089500000| Untracked 
| 150|0x0000000089600000, 0x0000000089600000, 0x0000000089700000|  0%| F|  |TAMS 0x0000000089600000, 0x0000000089600000| Untracked 
| 151|0x0000000089700000, 0x0000000089700000, 0x0000000089800000|  0%| F|  |TAMS 0x0000000089700000, 0x0000000089700000| Untracked 
| 152|0x0000000089800000, 0x0000000089800000, 0x0000000089900000|  0%| F|  |TAMS 0x0000000089800000, 0x0000000089800000| Untracked 
| 153|0x0000000089900000, 0x0000000089900000, 0x0000000089a00000|  0%| F|  |TAMS 0x0000000089900000, 0x0000000089900000| Untracked 
| 154|0x0000000089a00000, 0x0000000089a00000, 0x0000000089b00000|  0%| F|  |TAMS 0x0000000089a00000, 0x0000000089a00000| Untracked 
| 155|0x0000000089b00000, 0x0000000089b00000, 0x0000000089c00000|  0%| F|  |TAMS 0x0000000089b00000, 0x0000000089b00000| Untracked 
| 156|0x0000000089c00000, 0x0000000089c00000, 0x0000000089d00000|  0%| F|  |TAMS 0x0000000089c00000, 0x0000000089c00000| Untracked 
| 157|0x0000000089d00000, 0x0000000089d00000, 0x0000000089e00000|  0%| F|  |TAMS 0x0000000089d00000, 0x0000000089d00000| Untracked 
| 158|0x0000000089e00000, 0x0000000089e00000, 0x0000000089f00000|  0%| F|  |TAMS 0x0000000089e00000, 0x0000000089e00000| Untracked 
| 159|0x0000000089f00000, 0x0000000089f00000, 0x000000008a000000|  0%| F|  |TAMS 0x0000000089f00000, 0x0000000089f00000| Untracked 
| 160|0x000000008a000000, 0x000000008a000000, 0x000000008a100000|  0%| F|  |TAMS 0x000000008a000000, 0x000000008a000000| Untracked 
| 161|0x000000008a100000, 0x000000008a100000, 0x000000008a200000|  0%| F|  |TAMS 0x000000008a100000, 0x000000008a100000| Untracked 
| 162|0x000000008a200000, 0x000000008a200000, 0x000000008a300000|  0%| F|  |TAMS 0x000000008a200000, 0x000000008a200000| Untracked 
| 163|0x000000008a300000, 0x000000008a300000, 0x000000008a400000|  0%| F|  |TAMS 0x000000008a300000, 0x000000008a300000| Untracked 
| 164|0x000000008a400000, 0x000000008a400000, 0x000000008a500000|  0%| F|  |TAMS 0x000000008a400000, 0x000000008a400000| Untracked 
| 165|0x000000008a500000, 0x000000008a500000, 0x000000008a600000|  0%| F|  |TAMS 0x000000008a500000, 0x000000008a500000| Untracked 
| 166|0x000000008a600000, 0x000000008a600000, 0x000000008a700000|  0%| F|  |TAMS 0x000000008a600000, 0x000000008a600000| Untracked 
| 167|0x000000008a700000, 0x000000008a700000, 0x000000008a800000|  0%| F|  |TAMS 0x000000008a700000, 0x000000008a700000| Untracked 
| 168|0x000000008a800000, 0x000000008a800000, 0x000000008a900000|  0%| F|  |TAMS 0x000000008a800000, 0x000000008a800000| Untracked 
| 169|0x000000008a900000, 0x000000008a900000, 0x000000008aa00000|  0%| F|  |TAMS 0x000000008a900000, 0x000000008a900000| Untracked 
| 170|0x000000008aa00000, 0x000000008aa00000, 0x000000008ab00000|  0%| F|  |TAMS 0x000000008aa00000, 0x000000008aa00000| Untracked 
| 171|0x000000008ab00000, 0x000000008ab00000, 0x000000008ac00000|  0%| F|  |TAMS 0x000000008ab00000, 0x000000008ab00000| Untracked 
| 172|0x000000008ac00000, 0x000000008ac00000, 0x000000008ad00000|  0%| F|  |TAMS 0x000000008ac00000, 0x000000008ac00000| Untracked 
| 173|0x000000008ad00000, 0x000000008ad00000, 0x000000008ae00000|  0%| F|  |TAMS 0x000000008ad00000, 0x000000008ad00000| Untracked 
| 174|0x000000008ae00000, 0x000000008ae00000, 0x000000008af00000|  0%| F|  |TAMS 0x000000008ae00000, 0x000000008ae00000| Untracked 
| 175|0x000000008af00000, 0x000000008af00000, 0x000000008b000000|  0%| F|  |TAMS 0x000000008af00000, 0x000000008af00000| Untracked 
| 176|0x000000008b000000, 0x000000008b000000, 0x000000008b100000|  0%| F|  |TAMS 0x000000008b000000, 0x000000008b000000| Untracked 
| 177|0x000000008b100000, 0x000000008b100000, 0x000000008b200000|  0%| F|  |TAMS 0x000000008b100000, 0x000000008b100000| Untracked 
| 178|0x000000008b200000, 0x000000008b200000, 0x000000008b300000|  0%| F|  |TAMS 0x000000008b200000, 0x000000008b200000| Untracked 
| 179|0x000000008b300000, 0x000000008b300000, 0x000000008b400000|  0%| F|  |TAMS 0x000000008b300000, 0x000000008b300000| Untracked 
| 180|0x000000008b400000, 0x000000008b400000, 0x000000008b500000|  0%| F|  |TAMS 0x000000008b400000, 0x000000008b400000| Untracked 
| 181|0x000000008b500000, 0x000000008b500000, 0x000000008b600000|  0%| F|  |TAMS 0x000000008b500000, 0x000000008b500000| Untracked 
| 182|0x000000008b600000, 0x000000008b600000, 0x000000008b700000|  0%| F|  |TAMS 0x000000008b600000, 0x000000008b600000| Untracked 
| 183|0x000000008b700000, 0x000000008b700000, 0x000000008b800000|  0%| F|  |TAMS 0x000000008b700000, 0x000000008b700000| Untracked 
| 184|0x000000008b800000, 0x000000008b800000, 0x000000008b900000|  0%| F|  |TAMS 0x000000008b800000, 0x000000008b800000| Untracked 
| 185|0x000000008b900000, 0x000000008b900000, 0x000000008ba00000|  0%| F|  |TAMS 0x000000008b900000, 0x000000008b900000| Untracked 
| 186|0x000000008ba00000, 0x000000008ba00000, 0x000000008bb00000|  0%| F|  |TAMS 0x000000008ba00000, 0x000000008ba00000| Untracked 
| 187|0x000000008bb00000, 0x000000008bb00000, 0x000000008bc00000|  0%| F|  |TAMS 0x000000008bb00000, 0x000000008bb00000| Untracked 
| 188|0x000000008bc00000, 0x000000008bc00000, 0x000000008bd00000|  0%| F|  |TAMS 0x000000008bc00000, 0x000000008bc00000| Untracked 
| 189|0x000000008bd00000, 0x000000008bd00000, 0x000000008be00000|  0%| F|  |TAMS 0x000000008bd00000, 0x000000008bd00000| Untracked 
| 190|0x000000008be00000, 0x000000008be00000, 0x000000008bf00000|  0%| F|  |TAMS 0x000000008be00000, 0x000000008be00000| Untracked 
| 191|0x000000008bf00000, 0x000000008bf00000, 0x000000008c000000|  0%| F|  |TAMS 0x000000008bf00000, 0x000000008bf00000| Untracked 
| 192|0x000000008c000000, 0x000000008c000000, 0x000000008c100000|  0%| F|  |TAMS 0x000000008c000000, 0x000000008c000000| Untracked 
| 193|0x000000008c100000, 0x000000008c100000, 0x000000008c200000|  0%| F|  |TAMS 0x000000008c100000, 0x000000008c100000| Untracked 
| 194|0x000000008c200000, 0x000000008c200000, 0x000000008c300000|  0%| F|  |TAMS 0x000000008c200000, 0x000000008c200000| Untracked 
| 195|0x000000008c300000, 0x000000008c300000, 0x000000008c400000|  0%| F|  |TAMS 0x000000008c300000, 0x000000008c300000| Untracked 
| 196|0x000000008c400000, 0x000000008c400000, 0x000000008c500000|  0%| F|  |TAMS 0x000000008c400000, 0x000000008c400000| Untracked 
| 197|0x000000008c500000, 0x000000008c500000, 0x000000008c600000|  0%| F|  |TAMS 0x000000008c500000, 0x000000008c500000| Untracked 
| 198|0x000000008c600000, 0x000000008c600000, 0x000000008c700000|  0%| F|  |TAMS 0x000000008c600000, 0x000000008c600000| Untracked 
| 199|0x000000008c700000, 0x000000008c700000, 0x000000008c800000|  0%| F|  |TAMS 0x000000008c700000, 0x000000008c700000| Untracked 
| 200|0x000000008c800000, 0x000000008c800000, 0x000000008c900000|  0%| F|  |TAMS 0x000000008c800000, 0x000000008c800000| Untracked 
| 201|0x000000008c900000, 0x000000008c900000, 0x000000008ca00000|  0%| F|  |TAMS 0x000000008c900000, 0x000000008c900000| Untracked 
| 202|0x000000008ca00000, 0x000000008ca00000, 0x000000008cb00000|  0%| F|  |TAMS 0x000000008ca00000, 0x000000008ca00000| Untracked 
| 203|0x000000008cb00000, 0x000000008cb00000, 0x000000008cc00000|  0%| F|  |TAMS 0x000000008cb00000, 0x000000008cb00000| Untracked 
| 204|0x000000008cc00000, 0x000000008cc00000, 0x000000008cd00000|  0%| F|  |TAMS 0x000000008cc00000, 0x000000008cc00000| Untracked 
| 205|0x000000008cd00000, 0x000000008cd00000, 0x000000008ce00000|  0%| F|  |TAMS 0x000000008cd00000, 0x000000008cd00000| Untracked 
| 206|0x000000008ce00000, 0x000000008ce00000, 0x000000008cf00000|  0%| F|  |TAMS 0x000000008ce00000, 0x000000008ce00000| Untracked 
| 207|0x000000008cf00000, 0x000000008cf00000, 0x000000008d000000|  0%| F|  |TAMS 0x000000008cf00000, 0x000000008cf00000| Untracked 
| 208|0x000000008d000000, 0x000000008d000000, 0x000000008d100000|  0%| F|  |TAMS 0x000000008d000000, 0x000000008d000000| Untracked 
| 209|0x000000008d100000, 0x000000008d100000, 0x000000008d200000|  0%| F|  |TAMS 0x000000008d100000, 0x000000008d100000| Untracked 
| 210|0x000000008d200000, 0x000000008d200000, 0x000000008d300000|  0%| F|  |TAMS 0x000000008d200000, 0x000000008d200000| Untracked 
| 211|0x000000008d300000, 0x000000008d300000, 0x000000008d400000|  0%| F|  |TAMS 0x000000008d300000, 0x000000008d300000| Untracked 
| 212|0x000000008d400000, 0x000000008d400000, 0x000000008d500000|  0%| F|  |TAMS 0x000000008d400000, 0x000000008d400000| Untracked 
| 213|0x000000008d500000, 0x000000008d500000, 0x000000008d600000|  0%| F|  |TAMS 0x000000008d500000, 0x000000008d500000| Untracked 
| 214|0x000000008d600000, 0x000000008d600000, 0x000000008d700000|  0%| F|  |TAMS 0x000000008d600000, 0x000000008d600000| Untracked 
| 215|0x000000008d700000, 0x000000008d700000, 0x000000008d800000|  0%| F|  |TAMS 0x000000008d700000, 0x000000008d700000| Untracked 
| 216|0x000000008d800000, 0x000000008d800000, 0x000000008d900000|  0%| F|  |TAMS 0x000000008d800000, 0x000000008d800000| Untracked 
| 217|0x000000008d900000, 0x000000008d900000, 0x000000008da00000|  0%| F|  |TAMS 0x000000008d900000, 0x000000008d900000| Untracked 
| 218|0x000000008da00000, 0x000000008da00000, 0x000000008db00000|  0%| F|  |TAMS 0x000000008da00000, 0x000000008da00000| Untracked 
| 219|0x000000008db00000, 0x000000008db00000, 0x000000008dc00000|  0%| F|  |TAMS 0x000000008db00000, 0x000000008db00000| Untracked 
| 220|0x000000008dc00000, 0x000000008dc00000, 0x000000008dd00000|  0%| F|  |TAMS 0x000000008dc00000, 0x000000008dc00000| Untracked 
| 221|0x000000008dd00000, 0x000000008dd00000, 0x000000008de00000|  0%| F|  |TAMS 0x000000008dd00000, 0x000000008dd00000| Untracked 
| 222|0x000000008de00000, 0x000000008de00000, 0x000000008df00000|  0%| F|  |TAMS 0x000000008de00000, 0x000000008de00000| Untracked 
| 223|0x000000008df00000, 0x000000008df00000, 0x000000008e000000|  0%| F|  |TAMS 0x000000008df00000, 0x000000008df00000| Untracked 
| 224|0x000000008e000000, 0x000000008e000000, 0x000000008e100000|  0%| F|  |TAMS 0x000000008e000000, 0x000000008e000000| Untracked 
| 225|0x000000008e100000, 0x000000008e100000, 0x000000008e200000|  0%| F|  |TAMS 0x000000008e100000, 0x000000008e100000| Untracked 
| 226|0x000000008e200000, 0x000000008e200000, 0x000000008e300000|  0%| F|  |TAMS 0x000000008e200000, 0x000000008e200000| Untracked 
| 227|0x000000008e300000, 0x000000008e300000, 0x000000008e400000|  0%| F|  |TAMS 0x000000008e300000, 0x000000008e300000| Untracked 
| 228|0x000000008e400000, 0x000000008e400000, 0x000000008e500000|  0%| F|  |TAMS 0x000000008e400000, 0x000000008e400000| Untracked 
| 229|0x000000008e500000, 0x000000008e500000, 0x000000008e600000|  0%| F|  |TAMS 0x000000008e500000, 0x000000008e500000| Untracked 
| 230|0x000000008e600000, 0x000000008e600000, 0x000000008e700000|  0%| F|  |TAMS 0x000000008e600000, 0x000000008e600000| Untracked 
| 231|0x000000008e700000, 0x000000008e700000, 0x000000008e800000|  0%| F|  |TAMS 0x000000008e700000, 0x000000008e700000| Untracked 
| 232|0x000000008e800000, 0x000000008e800000, 0x000000008e900000|  0%| F|  |TAMS 0x000000008e800000, 0x000000008e800000| Untracked 
| 233|0x000000008e900000, 0x000000008ea00000, 0x000000008ea00000|100%| S|CS|TAMS 0x000000008e900000, 0x000000008e900000| Complete 
| 234|0x000000008ea00000, 0x000000008eb00000, 0x000000008eb00000|100%| S|CS|TAMS 0x000000008ea00000, 0x000000008ea00000| Complete 
| 235|0x000000008eb00000, 0x000000008eb00000, 0x000000008ec00000|  0%| F|  |TAMS 0x000000008eb00000, 0x000000008eb00000| Untracked 
| 236|0x000000008ec00000, 0x000000008ec00000, 0x000000008ed00000|  0%| F|  |TAMS 0x000000008ec00000, 0x000000008ec00000| Untracked 
| 237|0x000000008ed00000, 0x000000008ed00000, 0x000000008ee00000|  0%| F|  |TAMS 0x000000008ed00000, 0x000000008ed00000| Untracked 
| 238|0x000000008ee00000, 0x000000008ee00000, 0x000000008ef00000|  0%| F|  |TAMS 0x000000008ee00000, 0x000000008ee00000| Untracked 
| 239|0x000000008ef00000, 0x000000008ef00000, 0x000000008f000000|  0%| F|  |TAMS 0x000000008ef00000, 0x000000008ef00000| Untracked 
| 240|0x000000008f000000, 0x000000008f000000, 0x000000008f100000|  0%| F|  |TAMS 0x000000008f000000, 0x000000008f000000| Untracked 

Card table byte_map: [0x00000232aafc0000,0x00000232ab3c0000] _byte_map_base: 0x00000232aabc0000

Marking Bits (Prev, Next): (CMBitMap*) 0x0000023297c473f0, (CMBitMap*) 0x0000023297c473b8
 Prev Bits: [0x00000232ad7c0000, 0x00000232af7c0000)
 Next Bits: [0x00000232ab7c0000, 0x00000232ad7c0000)

Polling page: 0x0000023296420000

Metaspace:

Usage:
  Non-class:     83.17 MB capacity,    81.80 MB ( 98%) used,     1.12 MB (  1%) free+waste,   265.38 KB ( <1%) overhead. 
      Class:     12.96 MB capacity,    12.17 MB ( 94%) used,   695.19 KB (  5%) free+waste,   118.63 KB ( <1%) overhead. 
       Both:     96.13 MB capacity,    93.96 MB ( 98%) used,     1.79 MB (  2%) free+waste,   384.00 KB ( <1%) overhead. 

Virtual space:
  Non-class space:       84.00 MB reserved,      83.37 MB (>99%) committed 
      Class space:        1.00 GB reserved,      13.00 MB (  1%) committed 
             Both:        1.08 GB reserved,      96.37 MB (  9%) committed 

Chunk freelists:
   Non-Class:  12.00 KB
       Class:  9.00 KB
        Both:  21.00 KB

MaxMetaspaceSize: 17179869184.00 GB
CompressedClassSpaceSize: 1.00 GB

CodeHeap 'non-profiled nmethods': size=120064Kb used=5324Kb max_used=5324Kb free=114739Kb
 bounds [0x00000232a3050000, 0x00000232a3590000, 0x00000232aa590000]
CodeHeap 'profiled nmethods': size=120000Kb used=22804Kb max_used=22804Kb free=97195Kb
 bounds [0x000002329bb20000, 0x000002329d170000, 0x00000232a3050000]
CodeHeap 'non-nmethods': size=5696Kb used=2303Kb max_used=2321Kb free=3392Kb
 bounds [0x000002329b590000, 0x000002329b800000, 0x000002329bb20000]
 total_blobs=12205 nmethods=11290 adapters=826
 compilation: enabled
              stopped_count=0, restarted_count=0
 full_count=0

Compilation events (20 events):
Event: 30.574 Thread 0x00000232b2718800 nmethod 11745 0x000002329d15c790 code [0x000002329d15c940, 0x000002329d15ca68]
Event: 30.576 Thread 0x00000232b2718800 11747       2       com.android.tools.r8.code.T0::hashCode (21 bytes)
Event: 30.577 Thread 0x00000232b2718800 nmethod 11747 0x000002329d15cb10 code [0x000002329d15ccc0, 0x000002329d15ce08]
Event: 30.577 Thread 0x00000232b2718800 11748       2       com.android.tools.r8.code.T2::hashCode (28 bytes)
Event: 30.577 Thread 0x00000232b2718800 nmethod 11748 0x000002329d15ce90 code [0x000002329d15d040, 0x000002329d15d188]
Event: 30.582 Thread 0x00000232b2718800 11749   !   2       com.android.tools.r8.graph.q0::g (24 bytes)
Event: 30.583 Thread 0x00000232b2718800 nmethod 11749 0x000002329d15d210 code [0x000002329d15d400, 0x000002329d15d738]
Event: 30.583 Thread 0x00000232b2718800 11750       2       com.android.tools.r8.code.T2::<init> (58 bytes)
Event: 30.584 Thread 0x00000232b2718800 nmethod 11750 0x000002329d15d990 code [0x000002329d15dba0, 0x000002329d15e128]
Event: 30.584 Thread 0x00000232b2718800 11751       2       com.android.tools.r8.code.J2::<init> (6 bytes)
Event: 30.584 Thread 0x00000232b2718800 nmethod 11751 0x000002329d15e590 code [0x000002329d15e740, 0x000002329d15e878]
Event: 30.586 Thread 0x00000232b2718800 11752       2       com.android.tools.r8.dex.n::a (71 bytes)
Event: 30.588 Thread 0x00000232b2718800 nmethod 11752 0x000002329d15e990 code [0x000002329d15ec40, 0x000002329d15f558]
Event: 30.588 Thread 0x00000232b2718800 11753       3       com.android.tools.r8.dex.n::d (498 bytes)
Event: 30.593 Thread 0x00000232b2718800 nmethod 11753 0x000002329d15fb90 code [0x000002329d1601c0, 0x000002329d1644a8]
Event: 30.593 Thread 0x00000232b2718800 11755       2       com.android.tools.r8.graph.B::d (73 bytes)
Event: 30.594 Thread 0x00000232b2718800 nmethod 11755 0x000002329d166410 code [0x000002329d166640, 0x000002329d166b58]
Event: 30.601 Thread 0x00000232b2718800 11760 %     3       com.android.tools.r8.graph.o0::a @ 28 (132 bytes)
Event: 30.602 Thread 0x00000232b2718800 nmethod 11760% 0x000002329d166f10 code [0x000002329d167140, 0x000002329d167888]
Event: 30.602 Thread 0x00000232b2718800 11758       2       com.android.tools.r8.code.P3::<init> (7 bytes)

GC Heap History (20 events):
Event: 27.781 GC heap after
{Heap after GC invocations=42 (full 0):
 garbage-first heap   total 167936K, used 99443K [0x0000000080000000, 0x0000000100000000)
  region size 1024K, 4 young (4096K), 4 survivors (4096K)
 Metaspace       used 86712K, capacity 88789K, committed 89084K, reserved 1126400K
  class space    used 11100K, capacity 11861K, committed 11904K, reserved 1048576K
}
Event: 27.832 GC heap before
{Heap before GC invocations=42 (full 0):
 garbage-first heap   total 167936K, used 103539K [0x0000000080000000, 0x0000000100000000)
  region size 1024K, 8 young (8192K), 4 survivors (4096K)
 Metaspace       used 86940K, capacity 89057K, committed 89212K, reserved 1126400K
  class space    used 11144K, capacity 11929K, committed 12032K, reserved 1048576K
}
Event: 27.851 GC heap after
{Heap after GC invocations=43 (full 0):
 garbage-first heap   total 202752K, used 86449K [0x0000000080000000, 0x0000000100000000)
  region size 1024K, 1 young (1024K), 1 survivors (1024K)
 Metaspace       used 86940K, capacity 89057K, committed 89212K, reserved 1126400K
  class space    used 11144K, capacity 11929K, committed 12032K, reserved 1048576K
}
Event: 28.216 GC heap before
{Heap before GC invocations=43 (full 0):
 garbage-first heap   total 202752K, used 134577K [0x0000000080000000, 0x0000000100000000)
  region size 1024K, 49 young (50176K), 1 survivors (1024K)
 Metaspace       used 89238K, capacity 91346K, committed 91516K, reserved 1128448K
  class space    used 11454K, capacity 12244K, committed 12288K, reserved 1048576K
}
Event: 28.223 GC heap after
{Heap after GC invocations=44 (full 0):
 garbage-first heap   total 202752K, used 88340K [0x0000000080000000, 0x0000000100000000)
  region size 1024K, 3 young (3072K), 3 survivors (3072K)
 Metaspace       used 89238K, capacity 91346K, committed 91516K, reserved 1128448K
  class space    used 11454K, capacity 12244K, committed 12288K, reserved 1048576K
}
Event: 28.717 GC heap before
{Heap before GC invocations=44 (full 0):
 garbage-first heap   total 202752K, used 149780K [0x0000000080000000, 0x0000000100000000)
  region size 1024K, 64 young (65536K), 3 survivors (3072K)
 Metaspace       used 90683K, capacity 92814K, committed 92924K, reserved 1130496K
  class space    used 11611K, capacity 12410K, committed 12416K, reserved 1048576K
}
Event: 28.730 GC heap after
{Heap after GC invocations=45 (full 0):
 garbage-first heap   total 202752K, used 93100K [0x0000000080000000, 0x0000000100000000)
  region size 1024K, 7 young (7168K), 7 survivors (7168K)
 Metaspace       used 90683K, capacity 92814K, committed 92924K, reserved 1130496K
  class space    used 11611K, capacity 12410K, committed 12416K, reserved 1048576K
}
Event: 28.817 GC heap before
{Heap before GC invocations=45 (full 0):
 garbage-first heap   total 202752K, used 106412K [0x0000000080000000, 0x0000000100000000)
  region size 1024K, 17 young (17408K), 7 survivors (7168K)
 Metaspace       used 90913K, capacity 93030K, committed 93180K, reserved 1130496K
  class space    used 11628K, capacity 12414K, committed 12416K, reserved 1048576K
}
Event: 28.839 GC heap after
{Heap after GC invocations=46 (full 0):
 garbage-first heap   total 202752K, used 101979K [0x0000000080000000, 0x0000000100000000)
  region size 1024K, 4 young (4096K), 4 survivors (4096K)
 Metaspace       used 90913K, capacity 93030K, committed 93180K, reserved 1130496K
  class space    used 11628K, capacity 12414K, committed 12416K, reserved 1048576K
}
Event: 29.477 GC heap before
{Heap before GC invocations=47 (full 0):
 garbage-first heap   total 202752K, used 147035K [0x0000000080000000, 0x0000000100000000)
  region size 1024K, 43 young (44032K), 4 survivors (4096K)
 Metaspace       used 93728K, capacity 95936K, committed 96252K, reserved 1132544K
  class space    used 12035K, capacity 12854K, committed 12928K, reserved 1048576K
}
Event: 29.488 GC heap after
{Heap after GC invocations=48 (full 0):
 garbage-first heap   total 202752K, used 110592K [0x0000000080000000, 0x0000000100000000)
  region size 1024K, 6 young (6144K), 6 survivors (6144K)
 Metaspace       used 93728K, capacity 95936K, committed 96252K, reserved 1132544K
  class space    used 12035K, capacity 12854K, committed 12928K, reserved 1048576K
}
Event: 29.506 GC heap before
{Heap before GC invocations=48 (full 0):
 garbage-first heap   total 202752K, used 113664K [0x0000000080000000, 0x0000000100000000)
  region size 1024K, 9 young (9216K), 6 survivors (6144K)
 Metaspace       used 93734K, capacity 95936K, committed 96252K, reserved 1132544K
  class space    used 12035K, capacity 12854K, committed 12928K, reserved 1048576K
}
Event: 29.515 GC heap after
{Heap after GC invocations=49 (full 0):
 garbage-first heap   total 246784K, used 110241K [0x0000000080000000, 0x0000000100000000)
  region size 1024K, 2 young (2048K), 2 survivors (2048K)
 Metaspace       used 93734K, capacity 95936K, committed 96252K, reserved 1132544K
  class space    used 12035K, capacity 12854K, committed 12928K, reserved 1048576K
}
Event: 29.780 GC heap before
{Heap before GC invocations=49 (full 0):
 garbage-first heap   total 246784K, used 164513K [0x0000000080000000, 0x0000000100000000)
  region size 1024K, 56 young (57344K), 2 survivors (2048K)
 Metaspace       used 94172K, capacity 96337K, committed 96508K, reserved 1132544K
  class space    used 12087K, capacity 12902K, committed 12928K, reserved 1048576K
}
Event: 29.805 GC heap after
{Heap after GC invocations=50 (full 0):
 garbage-first heap   total 246784K, used 120652K [0x0000000080000000, 0x0000000100000000)
  region size 1024K, 7 young (7168K), 7 survivors (7168K)
 Metaspace       used 94172K, capacity 96337K, committed 96508K, reserved 1132544K
  class space    used 12087K, capacity 12902K, committed 12928K, reserved 1048576K
}
Event: 29.833 GC heap before
{Heap before GC invocations=50 (full 0):
 garbage-first heap   total 246784K, used 123724K [0x0000000080000000, 0x0000000100000000)
  region size 1024K, 11 young (11264K), 7 survivors (7168K)
 Metaspace       used 94172K, capacity 96337K, committed 96508K, reserved 1132544K
  class space    used 12087K, capacity 12902K, committed 12928K, reserved 1048576K
}
Event: 29.854 GC heap after
{Heap after GC invocations=51 (full 0):
 garbage-first heap   total 246784K, used 122560K [0x0000000080000000, 0x0000000100000000)
  region size 1024K, 2 young (2048K), 2 survivors (2048K)
 Metaspace       used 94172K, capacity 96337K, committed 96508K, reserved 1132544K
  class space    used 12087K, capacity 12902K, committed 12928K, reserved 1048576K
}
Event: 30.516 GC heap before
{Heap before GC invocations=52 (full 0):
 garbage-first heap   total 246784K, used 164544K [0x0000000080000000, 0x0000000100000000)
  region size 1024K, 41 young (41984K), 2 survivors (2048K)
 Metaspace       used 96211K, capacity 98439K, committed 98684K, reserved 1134592K
  class space    used 12457K, capacity 13271K, committed 13312K, reserved 1048576K
}
Event: 30.562 GC heap after
{Heap after GC invocations=53 (full 0):
 garbage-first heap   total 246784K, used 140876K [0x0000000080000000, 0x0000000100000000)
  region size 1024K, 6 young (6144K), 6 survivors (6144K)
 Metaspace       used 96211K, capacity 98439K, committed 98684K, reserved 1134592K
  class space    used 12457K, capacity 13271K, committed 13312K, reserved 1048576K
}
Event: 30.602 GC heap before
{Heap before GC invocations=53 (full 0):
 garbage-first heap   total 246784K, used 147020K [0x0000000080000000, 0x0000000100000000)
  region size 1024K, 12 young (12288K), 6 survivors (6144K)
 Metaspace       used 96217K, capacity 98439K, committed 98684K, reserved 1134592K
  class space    used 12457K, capacity 13271K, committed 13312K, reserved 1048576K
}

Deoptimization events (20 events):
Event: 30.389 Thread 0x00000232b34b8800 DEOPT PACKING pc=0x000002329d03b1d3 sp=0x000000d2838fe9b0
Event: 30.389 Thread 0x00000232b34b8800 DEOPT UNPACKING pc=0x000002329b5b72ce sp=0x000000d2838fdf08 mode 0
Event: 30.392 Thread 0x00000232b34ae800 Uncommon trap: trap_request=0xffffff4d fr.pc=0x00000232a34f71fc relative=0x000000000000053c
Event: 30.392 Thread 0x00000232b34ae800 Uncommon trap: reason=unstable_if action=reinterpret pc=0x00000232a34f71fc method=java.io.ObjectOutputStream$BlockDataOutputStream.writeBytes(Ljava/lang/String;)V @ 22 c2
Event: 30.392 Thread 0x00000232b34ae800 DEOPT PACKING pc=0x00000232a34f71fc sp=0x000000d2831fd0a0
Event: 30.392 Thread 0x00000232b34ae800 DEOPT UNPACKING pc=0x000002329b5b74af sp=0x000000d2831fd048 mode 2
Event: 30.397 Thread 0x00000232b34b7800 DEOPT PACKING pc=0x000002329d0529b9 sp=0x000000d283afe150
Event: 30.397 Thread 0x00000232b34b7800 DEOPT UNPACKING pc=0x000002329b5b72ce sp=0x000000d283afddb0 mode 0
Event: 30.400 Thread 0x00000232b34b7800 DEOPT PACKING pc=0x000002329d06c204 sp=0x000000d283afe5e0
Event: 30.400 Thread 0x00000232b34b7800 DEOPT UNPACKING pc=0x000002329b5b72ce sp=0x000000d283afdca0 mode 0
Event: 30.412 Thread 0x00000232b34b7800 DEOPT PACKING pc=0x000002329d0529b9 sp=0x000000d283afe130
Event: 30.412 Thread 0x00000232b34b7800 DEOPT UNPACKING pc=0x000002329b5b72ce sp=0x000000d283afdd90 mode 0
Event: 30.424 Thread 0x00000232b34b9800 DEOPT PACKING pc=0x000002329d03b1d3 sp=0x000000d283bfea30
Event: 30.424 Thread 0x00000232b34b9800 DEOPT UNPACKING pc=0x000002329b5b72ce sp=0x000000d283bfdf88 mode 0
Event: 30.483 Thread 0x00000232b34b9800 DEOPT PACKING pc=0x000002329d11a07e sp=0x000000d283bfe6b0
Event: 30.483 Thread 0x00000232b34b9800 DEOPT UNPACKING pc=0x000002329b5b72ce sp=0x000000d283bfdc30 mode 0
Event: 30.498 Thread 0x00000232b34ae800 Uncommon trap: trap_request=0xffffff4d fr.pc=0x00000232a355cb48 relative=0x0000000000000368
Event: 30.498 Thread 0x00000232b34ae800 Uncommon trap: reason=unstable_if action=reinterpret pc=0x00000232a355cb48 method=java.lang.StringCoding.decode(Ljava/nio/charset/Charset;[BII)Ljava/lang/StringCoding$Result; @ 19 c2
Event: 30.498 Thread 0x00000232b34ae800 DEOPT PACKING pc=0x00000232a355cb48 sp=0x000000d2831fdb20
Event: 30.498 Thread 0x00000232b34ae800 DEOPT UNPACKING pc=0x000002329b5b74af sp=0x000000d2831fda20 mode 2

Classes redefined (0 events):
No events

Internal exceptions (20 events):
Event: 27.529 Thread 0x00000232b34b0800 Exception <a 'java/lang/NoSuchMethodError'{0x000000008945a210}: <clinit>> (0x000000008945a210) thrown at [./src/hotspot/share/prims/jni.cpp, line 1362]
Event: 28.022 Thread 0x00000232b3f7c800 Exception <a 'java/lang/NoSuchMethodError'{0x000000008b1b9738}: 'int java.lang.invoke.DirectMethodHandle$Holder.invokeSpecial(java.lang.Object, java.lang.Object, java.lang.Object, java.lang.Object, java.lang.Object)'> (0x000000008b1b9738) thrown at [./src/hotspot/share/interpreter/linkResolver.cpp, line 773]
Event: 28.030 Thread 0x00000232b3f7c800 Exception <a 'sun/nio/fs/WindowsException'{0x000000008b0ef5a8}> (0x000000008b0ef5a8) thrown at [./src/hotspot/share/prims/jni.cpp, line 615]
Event: 28.030 Thread 0x00000232b3f7c800 Exception <a 'sun/nio/fs/WindowsException'{0x000000008b0f0c30}> (0x000000008b0f0c30) thrown at [./src/hotspot/share/prims/jni.cpp, line 615]
Event: 28.049 Thread 0x00000232b34ae800 Exception <a 'sun/nio/fs/WindowsException'{0x000000008ad54bb8}> (0x000000008ad54bb8) thrown at [./src/hotspot/share/prims/jni.cpp, line 615]
Event: 28.049 Thread 0x00000232b34ae800 Exception <a 'sun/nio/fs/WindowsException'{0x000000008ad54ee0}> (0x000000008ad54ee0) thrown at [./src/hotspot/share/prims/jni.cpp, line 615]
Event: 29.007 Thread 0x00000232b34ad000 Exception <a 'java/lang/NoSuchMethodError'{0x000000008bd59598}: 'void java.lang.invoke.DirectMethodHandle$Holder.invokeStatic(java.lang.Object, long)'> (0x000000008bd59598) thrown at [./src/hotspot/share/interpreter/linkResolver.cpp, line 773]
Event: 29.008 Thread 0x00000232b34ad000 Exception <a 'java/lang/NoSuchMethodError'{0x000000008bd5e7b0}: 'java.lang.Object java.lang.invoke.DirectMethodHandle$Holder.invokeStatic(java.lang.Object, long)'> (0x000000008bd5e7b0) thrown at [./src/hotspot/share/interpreter/linkResolver.cpp, line 773]
Event: 29.008 Thread 0x00000232b34ad000 Exception <a 'java/lang/NoSuchMethodError'{0x000000008bd64b30}: 'java.lang.Object java.lang.invoke.Invokers$Holder.linkToTargetMethod(long, java.lang.Object)'> (0x000000008bd64b30) thrown at [./src/hotspot/share/interpreter/linkResolver.cpp, line 773]
Event: 29.012 Thread 0x00000232b34ad000 Exception <a 'java/lang/NoSuchMethodError'{0x000000008bd6d048}: 'java.lang.Object java.lang.invoke.DirectMethodHandle$Holder.invokeStaticInit(java.lang.Object, java.lang.Object, long, java.lang.Object)'> (0x000000008bd6d048) thrown at [./src/hotspot/share/interpreter/linkResolver.cpp, line 773]
Event: 29.013 Thread 0x00000232b34ad000 Exception <a 'java/lang/NoSuchMethodError'{0x000000008bd731e0}: 'java.lang.Object java.lang.invoke.DirectMethodHandle$Holder.invokeStatic(java.lang.Object, java.lang.Object, long)'> (0x000000008bd731e0) thrown at [./src/hotspot/share/interpreter/linkResolver.cpp, line 773]
Event: 29.013 Thread 0x00000232b34ad000 Exception <a 'java/lang/NoSuchMethodError'{0x000000008bcb40c8}: 'java.lang.Object java.lang.invoke.Invokers$Holder.linkToTargetMethod(java.lang.Object, long, java.lang.Object)'> (0x000000008bcb40c8) thrown at [./src/hotspot/share/interpreter/linkResolver.cpp, line 773]
Event: 29.143 Thread 0x00000232b34ac800 Exception <a 'sun/nio/fs/WindowsException'{0x000000008b387a78}> (0x000000008b387a78) thrown at [./src/hotspot/share/prims/jni.cpp, line 615]
Event: 29.275 Thread 0x00000232b34ac800 Exception <a 'java/lang/NoSuchMethodError'{0x000000008ad79a28}: 'int java.lang.invoke.DirectMethodHandle$Holder.invokeVirtual(java.lang.Object, java.lang.Object, java.lang.Object)'> (0x000000008ad79a28) thrown at [./src/hotspot/share/interpreter/linkResolver.cpp, line 773]
Event: 29.385 Thread 0x00000232b34ac800 Exception <a 'java/lang/NoSuchMethodError'{0x000000008a937620}: 'java.lang.Object java.lang.invoke.DirectMethodHandle$Holder.invokeStatic(java.lang.Object, java.lang.Object, java.lang.Object, java.lang.Object, java.lang.Object, java.lang.Object, java.lang.Object, java.lang.Object, java.lang.Object, java.lang.Object, java.lang.Object, java.lang.Object, java.lang.Object, java.lang.Object, java.lang.Object, java.lang.Object, java.lang.Object, int, java.lang.Object)'> (0x000000008a937620) thrown at [./src/hots
Event: 29.386 Thread 0x00000232b34ac800 Exception <a 'java/lang/NoSuchMethodError'{0x000000008a93cec0}: 'java.lang.Object java.lang.invoke.DirectMethodHandle$Holder.invokeStaticInit(java.lang.Object, java.lang.Object, java.lang.Object, java.lang.Object, java.lang.Object, java.lang.Object, java.lang.Object, java.lang.Object, java.lang.Object, java.lang.Object, java.lang.Object, java.lang.Object, java.lang.Object, java.lang.Object, java.lang.Object, java.lang.Object, java.lang.Object, int, java.lang.Object)'> (0x000000008a93cec0) thrown at [./src/
Event: 29.449 Thread 0x00000232b34ae800 Exception <a 'java/lang/NoSuchMethodError'{0x0000000089dd4828}: 'java.lang.Object java.lang.invoke.DirectMethodHandle$Holder.invokeVirtual(java.lang.Object, java.lang.Object, int)'> (0x0000000089dd4828) thrown at [./src/hotspot/share/interpreter/linkResolver.cpp, line 773]
Event: 29.459 Thread 0x00000232b34ae800 Exception <a 'java/lang/NoSuchMethodError'{0x0000000089c5c9b8}: 'void java.lang.invoke.DirectMethodHandle$Holder.invokeStatic(java.lang.Object, java.lang.Object, java.lang.Object, int)'> (0x0000000089c5c9b8) thrown at [./src/hotspot/share/interpreter/linkResolver.cpp, line 773]
Event: 29.528 Thread 0x00000232b34ad000 Exception <a 'java/lang/NoSuchMethodError'{0x000000008f095128}: 'int java.lang.invoke.DirectMethodHandle$Holder.invokeSpecialIFC(java.lang.Object, java.lang.Object, java.lang.Object)'> (0x000000008f095128) thrown at [./src/hotspot/share/interpreter/linkResolver.cpp, line 773]
Event: 29.934 Thread 0x00000232b34b7000 Exception <a 'java/lang/NoSuchMethodError'{0x000000008e9ae7c0}: 'java.lang.Object java.lang.invoke.DirectMethodHandle$Holder.newInvokeSpecial(java.lang.Object, int)'> (0x000000008e9ae7c0) thrown at [./src/hotspot/share/interpreter/linkResolver.cpp, line 773]

Events (20 events):
Event: 30.484 loading class org/apache/commons/codec/binary/Base64 done
Event: 30.488 loading class org/apache/commons/codec/binary/BaseNCodec
Event: 30.488 loading class org/apache/commons/codec/binary/BaseNCodec done
Event: 30.489 loading class org/apache/commons/codec/BinaryEncoder
Event: 30.489 loading class org/apache/commons/codec/BinaryEncoder done
Event: 30.489 loading class org/apache/commons/codec/Encoder
Event: 30.489 loading class org/apache/commons/codec/Encoder done
Event: 30.491 loading class org/apache/commons/codec/BinaryDecoder
Event: 30.491 loading class org/apache/commons/codec/BinaryDecoder done
Event: 30.492 loading class org/apache/commons/codec/Decoder
Event: 30.492 loading class org/apache/commons/codec/Decoder done
Event: 30.496 loading class org/apache/commons/codec/DecoderException
Event: 30.496 loading class org/apache/commons/codec/DecoderException done
Event: 30.496 loading class org/apache/commons/codec/EncoderException
Event: 30.496 loading class org/apache/commons/codec/EncoderException done
Event: 30.497 loading class org/apache/commons/codec/binary/BaseNCodec$Context
Event: 30.497 loading class org/apache/commons/codec/binary/BaseNCodec$Context done
Event: 30.515 Executing VM operation: G1CollectForAllocation
Event: 30.562 Executing VM operation: G1CollectForAllocation done
Event: 30.602 Executing VM operation: G1CollectForAllocation


Dynamic libraries:
0x00007ff6d1270000 - 0x00007ff6d127a000 	C:\Program Files\Android\Android Studio\jre\bin\java.exe
0x00007ffdf8530000 - 0x00007ffdf86f1000 	C:\Windows\SYSTEM32\ntdll.dll
0x00007ffdf6c20000 - 0x00007ffdf6ccd000 	C:\Windows\system32\KERNEL32.DLL
0x00007ffdf5440000 - 0x00007ffdf5628000 	C:\Windows\system32\KERNELBASE.dll
0x00007ffde2710000 - 0x00007ffde2727000 	C:\Program Files\Android\Android Studio\jre\bin\VCRUNTIME140.dll
0x00007ffdf3df0000 - 0x00007ffdf3ee4000 	C:\Windows\SYSTEM32\ucrtbase.dll
0x00007ffde1670000 - 0x00007ffde1689000 	C:\Program Files\Android\Android Studio\jre\bin\jli.dll
0x00007ffdf6140000 - 0x00007ffdf6296000 	C:\Windows\system32\USER32.dll
0x00007ffdf63c0000 - 0x00007ffdf6547000 	C:\Windows\system32\GDI32.dll
0x00007ffdec530000 - 0x00007ffdec7a4000 	C:\Windows\WinSxS\amd64_microsoft.windows.common-controls_6595b64144ccf1df_6.0.10586.839_none_a2ddba30a539a2ae\COMCTL32.dll
0x00007ffdf62b0000 - 0x00007ffdf634d000 	C:\Windows\system32\msvcrt.dll
0x00007ffdf6890000 - 0x00007ffdf6b0e000 	C:\Windows\system32\combase.dll
0x00007ffdf5b90000 - 0x00007ffdf5cad000 	C:\Windows\system32\RPCRT4.dll
0x00007ffdf53d0000 - 0x00007ffdf543a000 	C:\Windows\system32\bcryptPrimitives.dll
0x00007ffdf5b50000 - 0x00007ffdf5b8b000 	C:\Windows\system32\IMM32.DLL
0x00007ffdd78d0000 - 0x00007ffdd796d000 	C:\Program Files\Android\Android Studio\jre\bin\msvcp140.dll
0x00007ffdd22c0000 - 0x00007ffdd2d7c000 	C:\Program Files\Android\Android Studio\jre\bin\server\jvm.dll
0x00007ffdf67e0000 - 0x00007ffdf6887000 	C:\Windows\system32\ADVAPI32.dll
0x00007ffdf5af0000 - 0x00007ffdf5b4b000 	C:\Windows\system32\sechost.dll
0x00007ffdf6b30000 - 0x00007ffdf6b38000 	C:\Windows\system32\PSAPI.DLL
0x00007ffdec280000 - 0x00007ffdec289000 	C:\Windows\SYSTEM32\WSOCK32.dll
0x00007ffdf6350000 - 0x00007ffdf63bb000 	C:\Windows\system32\WS2_32.dll
0x00007ffdf2f20000 - 0x00007ffdf2f43000 	C:\Windows\SYSTEM32\WINMM.dll
0x00007ffde6e20000 - 0x00007ffde6e2a000 	C:\Windows\SYSTEM32\VERSION.dll
0x00007ffdf2ef0000 - 0x00007ffdf2f1c000 	C:\Windows\SYSTEM32\WINMMBASE.dll
0x00007ffdf5380000 - 0x00007ffdf53c3000 	C:\Windows\system32\cfgmgr32.dll
0x00007ffdf4bd0000 - 0x00007ffdf4bdf000 	C:\Windows\system32\kernel.appcore.dll
0x00007ffdec170000 - 0x00007ffdec181000 	C:\Program Files\Android\Android Studio\jre\bin\verify.dll
0x00007ffde85f0000 - 0x00007ffde877c000 	C:\Windows\SYSTEM32\DBGHELP.DLL
0x00007ffdf2f80000 - 0x00007ffdf2fa5000 	C:\Windows\SYSTEM32\dbgcore.DLL
0x00007ffdec030000 - 0x00007ffdec059000 	C:\Program Files\Android\Android Studio\jre\bin\java.dll
0x00007ffdec160000 - 0x00007ffdec16b000 	C:\Program Files\Android\Android Studio\jre\bin\jimage.dll
0x00007ffdec010000 - 0x00007ffdec028000 	C:\Program Files\Android\Android Studio\jre\bin\zip.dll
0x00007ffdf6cd0000 - 0x00007ffdf822c000 	C:\Windows\system32\SHELL32.dll
0x00007ffdf4d30000 - 0x00007ffdf5375000 	C:\Windows\system32\windows.storage.dll
0x00007ffdf5a90000 - 0x00007ffdf5ae2000 	C:\Windows\system32\shlwapi.dll
0x00007ffdf4be0000 - 0x00007ffdf4c95000 	C:\Windows\system32\shcore.dll
0x00007ffdf4b70000 - 0x00007ffdf4bbb000 	C:\Windows\system32\powrprof.dll
0x00007ffdf4b50000 - 0x00007ffdf4b64000 	C:\Windows\system32\profapi.dll
0x00007ffdeadf0000 - 0x00007ffdeae0a000 	C:\Program Files\Android\Android Studio\jre\bin\net.dll
0x00007ffdebf10000 - 0x00007ffdebfd7000 	C:\Windows\SYSTEM32\WINHTTP.dll
0x00007ffdf4480000 - 0x00007ffdf44dc000 	C:\Windows\system32\mswsock.dll
0x00007ffdea920000 - 0x00007ffdea934000 	C:\Program Files\Android\Android Studio\jre\bin\nio.dll
0x00007ffdddff0000 - 0x00007ffdde017000 	C:\Users\Huzaifa Sammar\.gradle\native\8bec1ad78214c89d9ad589b4d07fe93259594b29d510b10fafb7a158f7737e5d\windows-amd64\native-platform.dll
0x00007ffdd33b0000 - 0x00007ffdd34ed000 	C:\Users\Huzaifa Sammar\.gradle\native\53dbd7edfb1c66fb8903c78663c9afc45aea4f116125fa6feffd364cf09443e8\windows-amd64\native-platform-file-events.dll
0x00007ffdec150000 - 0x00007ffdec15a000 	C:\Program Files\Android\Android Studio\jre\bin\management.dll
0x00007ffdeac50000 - 0x00007ffdeac5c000 	C:\Program Files\Android\Android Studio\jre\bin\management_ext.dll
0x00007ffdf4530000 - 0x00007ffdf4547000 	C:\Windows\SYSTEM32\CRYPTSP.dll
0x00007ffdf41c0000 - 0x00007ffdf41f4000 	C:\Windows\system32\rsaenh.dll
0x00007ffdf4750000 - 0x00007ffdf4779000 	C:\Windows\SYSTEM32\bcrypt.dll
0x00007ffdf4310000 - 0x00007ffdf432f000 	C:\Windows\SYSTEM32\USERENV.dll
0x00007ffdf4650000 - 0x00007ffdf465b000 	C:\Windows\SYSTEM32\CRYPTBASE.dll
0x00007ffdec7c0000 - 0x00007ffdec7f8000 	C:\Windows\SYSTEM32\IPHLPAPI.DLL
0x00007ffdf62a0000 - 0x00007ffdf62a8000 	C:\Windows\system32\NSI.dll
0x00007ffdeb5c0000 - 0x00007ffdeb5d6000 	C:\Windows\SYSTEM32\dhcpcsvc6.DLL
0x00007ffdeb700000 - 0x00007ffdeb71a000 	C:\Windows\SYSTEM32\dhcpcsvc.DLL

dbghelp: loaded successfully - version: 4.0.5 - missing functions: none
symbol engine: initialized successfully - sym options: 0x614 - pdb path: .;C:\Program Files\Android\Android Studio\jre\bin;C:\Windows\SYSTEM32;C:\Windows\WinSxS\amd64_microsoft.windows.common-controls_6595b64144ccf1df_6.0.10586.839_none_a2ddba30a539a2ae;C:\Program Files\Android\Android Studio\jre\bin\server;C:\Users\Huzaifa Sammar\.gradle\native\8bec1ad78214c89d9ad589b4d07fe93259594b29d510b10fafb7a158f7737e5d\windows-amd64;C:\Users\Huzaifa Sammar\.gradle\native\53dbd7edfb1c66fb8903c78663c9afc45aea4f116125fa6feffd364cf09443e8\windows-amd64

VM Arguments:
jvm_args: --add-opens=java.base/java.util=ALL-UNNAMED --add-opens=java.base/java.lang=ALL-UNNAMED --add-opens=java.base/java.lang.invoke=ALL-UNNAMED --add-opens=java.base/java.util=ALL-UNNAMED --add-opens=java.prefs/java.util.prefs=ALL-UNNAMED --add-opens=java.prefs/java.util.prefs=ALL-UNNAMED --add-opens=java.base/java.nio.charset=ALL-UNNAMED --add-opens=java.base/java.net=ALL-UNNAMED --add-opens=java.base/java.util.concurrent.atomic=ALL-UNNAMED -Xmx2048m -Dfile.encoding=UTF-8 -Duser.country=US -Duser.language=en -Duser.variant 
java_command: org.gradle.launcher.daemon.bootstrap.GradleDaemon 7.0.2
java_class_path (initial): C:\Users\Huzaifa Sammar\.gradle\wrapper\dists\gradle-7.0.2-bin\857tjihv64xamwrf0h14cai3r\gradle-7.0.2\lib\gradle-launcher-7.0.2.jar
Launcher Type: SUN_STANDARD

[Global flags]
     intx CICompilerCount                          = 3                                         {product} {ergonomic}
     uint ConcGCThreads                            = 1                                         {product} {ergonomic}
     uint G1ConcRefinementThreads                  = 4                                         {product} {ergonomic}
   size_t G1HeapRegionSize                         = 1048576                                   {product} {ergonomic}
    uintx GCDrainStackTargetSize                   = 64                                        {product} {ergonomic}
   size_t InitialHeapSize                          = 67108864                                  {product} {ergonomic}
   size_t MarkStackSize                            = 4194304                                   {product} {ergonomic}
   size_t MaxHeapSize                              = 2147483648                                {product} {command line}
   size_t MaxNewSize                               = 1287651328                                {product} {ergonomic}
   size_t MinHeapDeltaBytes                        = 1048576                                   {product} {ergonomic}
    uintx NonNMethodCodeHeapSize                   = 5830732                                {pd product} {ergonomic}
    uintx NonProfiledCodeHeapSize                  = 122913754                              {pd product} {ergonomic}
    uintx ProfiledCodeHeapSize                     = 122913754                              {pd product} {ergonomic}
    uintx ReservedCodeCacheSize                    = 251658240                              {pd product} {ergonomic}
     bool SegmentedCodeCache                       = true                                      {product} {ergonomic}
     bool UseCompressedClassPointers               = true                                 {lp64_product} {ergonomic}
     bool UseCompressedOops                        = true                                 {lp64_product} {ergonomic}
     bool UseG1GC                                  = true                                      {product} {ergonomic}
     bool UseLargePagesIndividualAllocation        = false                                  {pd product} {ergonomic}

Logging:
Log output configuration:
 #0: stdout all=warning uptime,level,tags
 #1: stderr all=off uptime,level,tags

Environment Variables:
JAVA_HOME=C:\Program Files\Java\jdk-12.0.2
PATH=C:\Users\Huzaifa Sammar\flutter/bin;C:\Program Files\Git\bin\git.exe;C:\Windows\System32;C:\Program Files\Git\cmd;C:\Windows\System32\Windows;C:\Windows\System32\WindowsPowerShell\v1.0;C:\Users\Huzaifa Sammar\AppData\Local\Android\Sdk;C:\Program Files\Java\jdk-12.0.2\bin;C:\Program Files (x86)\Java\jre1.8.0_171\bin;C:\Users\Huzaifa Sammar\dart-sdk\bin;C:\Users\Huzaifa Sammar\AppData\Local\Programs\Python\Python38;C:\Users\Huzaifa Sammar\AppData\Local\Programs\Python\Python38\Scripts
USERNAME=Huzaifa Sammar
OS=Windows_NT
PROCESSOR_IDENTIFIER=Intel64 Family 6 Model 69 Stepping 1, GenuineIntel



---------------  S Y S T E M  ---------------

OS: Windows 10 , 64 bit Build 10586 (10.0.10586.589)
OS uptime: 1 days 2:34 hours

CPU:total 4 (initial active 4) (2 cores per cpu, 2 threads per core) family 6 model 69 stepping 1, cmov, cx8, fxsr, mmx, sse, sse2, sse3, ssse3, sse4.1, sse4.2, popcnt, avx, avx2, aes, clmul, erms, lzcnt, ht, tsc, tscinvbit, bmi1, bmi2, fma

Memory: 4k page, system-wide physical 4001M (261M free)
TotalPageFile size 6636M (AvailPageFile size 92M)
current process WorkingSet (physical memory assigned to process): 454M, peak: 463M
current process commit charge ("private bytes"): 515M, peak: 691M

vm_info: OpenJDK 64-Bit Server VM (11.0.8+10-b944.6842174) for windows-amd64 JRE (11.0.8+10-b944.6842174), built on Sep 19 2020 01:11:42 by "builder" with MS VC++ 14.0 (VS2015)

END.
