#
# There is insufficient memory for the Java Runtime Environment to continue.
# Native memory allocation (mmap) failed to map 41943040 bytes for Failed to commit area from 0x000000008c500000 to 0x000000008ed00000 of length 41943040.
# Possible reasons:
#   The system is out of physical RAM or swap space
#   The process is running with CompressedOops enabled, and the Java Heap may be blocking the growth of the native heap
# Possible solutions:
#   Reduce memory load on the system
#   Increase physical memory or swap space
#   Check if swap backing store is full
#   Decrease Java heap size (-Xmx/-Xms)
#   Decrease number of Java threads
#   Decrease Java thread stack sizes (-Xss)
#   Set larger code cache with -XX:ReservedCodeCacheSize=
#   JVM is running with Unscaled Compressed Oops mode in which the Java heap is
#     placed in the first 4GB address space. The Java Heap base address is the
#     maximum limit for the native heap growth. Please use -XX:HeapBaseMinAddress
#     to set the Java Heap base and to place the Java Heap above 4GB virtual address.
# This output file may be truncated or incomplete.
#
#  Out of Memory Error (./src/hotspot/os/windows/os_windows.cpp:3303), pid=4736, tid=4668
#
# JRE version: OpenJDK Runtime Environment (11.0.8+10) (build 11.0.8+10-b944.6842174)
# Java VM: OpenJDK 64-Bit Server VM (11.0.8+10-b944.6842174, mixed mode, tiered, compressed oops, g1 gc, windows-amd64)
# No core dump will be written. Minidumps are not enabled by default on client versions of Windows
#

---------------  S U M M A R Y ------------

Command Line: --add-opens=java.base/java.util=ALL-UNNAMED --add-opens=java.base/java.lang=ALL-UNNAMED --add-opens=java.base/java.lang.invoke=ALL-UNNAMED --add-opens=java.base/java.util=ALL-UNNAMED --add-opens=java.prefs/java.util.prefs=ALL-UNNAMED --add-opens=java.prefs/java.util.prefs=ALL-UNNAMED --add-opens=java.base/java.nio.charset=ALL-UNNAMED --add-opens=java.base/java.net=ALL-UNNAMED --add-opens=java.base/java.util.concurrent.atomic=ALL-UNNAMED -Xmx2048m -Dfile.encoding=UTF-8 -Duser.country=US -Duser.language=en -Duser.variant org.gradle.launcher.daemon.bootstrap.GradleDaemon 7.0.2

Host: Intel(R) Core(TM) i5-4310U CPU @ 2.00GHz, 4 cores, 3G,  Windows 10 , 64 bit Build 10586 (10.0.10586.589)
Time: Wed Nov 24 11:01:23 2021 Pakistan Standard Time elapsed time: 20 seconds (0d 0h 0m 20s)

---------------  T H R E A D  ---------------

Current thread (0x0000022d72dcf000):  VMThread "VM Thread" [stack: 0x0000003e5ae00000,0x0000003e5af00000] [id=4668]

Stack: [0x0000003e5ae00000,0x0000003e5af00000]
[error occurred during error reporting (printing stack bounds), id 0xc0000005, EXCEPTION_ACCESS_VIOLATION (0xc0000005) at pc=0x0000022d5c5a0dad]

Native frames: (J=compiled Java code, j=interpreted, Vv=VM code, C=native code)
V  [jvm.dll+0x5de50a]
V  [jvm.dll+0x7122f5]
V  [jvm.dll+0x71384d]
V  [jvm.dll+0x713e65]
V  [jvm.dll+0x713e1b]
V  [jvm.dll+0x5dd958]
V  [jvm.dll+0x5de0f8]
C  [ntdll.dll+0xa9aed]
C  [ntdll.dll+0x34fe9]
C  [ntdll.dll+0xa8bfa]
C  0x0000022d5c5a0dad

VM_Operation (0x0000003e5e8fc510): G1CollectForAllocation, mode: safepoint, requested by thread 0x0000022d78b48000


---------------  P R O C E S S  ---------------

Threads class SMR info:
_java_thread_list=0x0000022d790e5c90, length=54, elements={
0x0000022d58bf1000, 0x0000022d72dd5800, 0x0000022d72dd9000, 0x0000022d72e2e800,
0x0000022d72e30800, 0x0000022d72e31800, 0x0000022d72e3a800, 0x0000022d72e4b800,
0x0000022d7388c000, 0x0000022d738a4000, 0x0000022d73b40000, 0x0000022d75557000,
0x0000022d7563a800, 0x0000022d74afd000, 0x0000022d74987000, 0x0000022d7424e800,
0x0000022d75750800, 0x0000022d75544800, 0x0000022d751ec000, 0x0000022d75bc5000,
0x0000022d7531e000, 0x0000022d75625800, 0x0000022d75624000, 0x0000022d75626800,
0x0000022d75625000, 0x0000022d75623000, 0x0000022d75627800, 0x0000022d75628000,
0x0000022d75622800, 0x0000022d75629000, 0x0000022d777c0800, 0x0000022d777c1800,
0x0000022d777c8000, 0x0000022d777c2000, 0x0000022d777c3000, 0x0000022d777c9800,
0x0000022d777c5800, 0x0000022d777c4000, 0x0000022d777c6000, 0x0000022d777c4800,
0x0000022d777cc000, 0x0000022d777cd000, 0x0000022d777c7000, 0x0000022d777cf000,
0x0000022d777ca800, 0x0000022d777cb000, 0x0000022d777cd800, 0x0000022d78b44000,
0x0000022d78b44800, 0x0000022d78b46800, 0x0000022d78b45800, 0x0000022d78b47000,
0x0000022d78b48000, 0x0000022d78b42800
}

Java Threads: ( => current thread )
  0x0000022d58bf1000 JavaThread "main" [_thread_blocked, id=7808, stack(0x0000003e5a800000,0x0000003e5a900000)]
  0x0000022d72dd5800 JavaThread "Reference Handler" daemon [_thread_blocked, id=5432, stack(0x0000003e5af00000,0x0000003e5b000000)]
  0x0000022d72dd9000 JavaThread "Finalizer" daemon [_thread_blocked, id=6028, stack(0x0000003e5b000000,0x0000003e5b100000)]
  0x0000022d72e2e800 JavaThread "Signal Dispatcher" daemon [_thread_blocked, id=7300, stack(0x0000003e5b100000,0x0000003e5b200000)]
  0x0000022d72e30800 JavaThread "Attach Listener" daemon [_thread_blocked, id=7324, stack(0x0000003e5b200000,0x0000003e5b300000)]
  0x0000022d72e31800 JavaThread "C2 CompilerThread0" daemon [_thread_in_native, id=3168, stack(0x0000003e5b300000,0x0000003e5b400000)]
  0x0000022d72e3a800 JavaThread "C1 CompilerThread0" daemon [_thread_blocked, id=5904, stack(0x0000003e5b400000,0x0000003e5b500000)]
  0x0000022d72e4b800 JavaThread "Sweeper thread" daemon [_thread_blocked, id=8128, stack(0x0000003e5b500000,0x0000003e5b600000)]
  0x0000022d7388c000 JavaThread "Common-Cleaner" daemon [_thread_blocked, id=5752, stack(0x0000003e5b600000,0x0000003e5b700000)]
  0x0000022d738a4000 JavaThread "Service Thread" daemon [_thread_blocked, id=7520, stack(0x0000003e5b700000,0x0000003e5b800000)]
  0x0000022d73b40000 JavaThread "C2 CompilerThread1" daemon [_thread_blocked, id=7572, stack(0x0000003e5ba00000,0x0000003e5bb00000)]
  0x0000022d75557000 JavaThread "Daemon health stats" [_thread_blocked, id=5208, stack(0x0000003e5bc00000,0x0000003e5bd00000)]
  0x0000022d7563a800 JavaThread "Incoming local TCP Connector on port 50680" [_thread_in_native, id=2600, stack(0x0000003e5bd00000,0x0000003e5be00000)]
  0x0000022d74afd000 JavaThread "Daemon" [_thread_blocked, id=5352, stack(0x0000003e5be00000,0x0000003e5bf00000)]
  0x0000022d74987000 JavaThread "Daemon periodic checks" [_thread_blocked, id=6592, stack(0x0000003e5bf00000,0x0000003e5c000000)]
  0x0000022d7424e800 JavaThread "Handler for socket connection from /127.0.0.1:50680 to /127.0.0.1:50681" [_thread_in_native, id=8052, stack(0x0000003e5c000000,0x0000003e5c100000)]
  0x0000022d75750800 JavaThread "Cancel handler" [_thread_blocked, id=2664, stack(0x0000003e5c100000,0x0000003e5c200000)]
  0x0000022d75544800 JavaThread "Daemon worker" [_thread_blocked, id=5812, stack(0x0000003e5c200000,0x0000003e5c300000)]
  0x0000022d751ec000 JavaThread "Asynchronous log dispatcher for DefaultDaemonConnection: socket connection from /127.0.0.1:50680 to /127.0.0.1:50681" [_thread_blocked, id=7584, stack(0x0000003e5c300000,0x0000003e5c400000)]
  0x0000022d75bc5000 JavaThread "Stdin handler" [_thread_blocked, id=7680, stack(0x0000003e5c400000,0x0000003e5c500000)]
  0x0000022d7531e000 JavaThread "Daemon client event forwarder" [_thread_blocked, id=4516, stack(0x0000003e5c500000,0x0000003e5c600000)]
  0x0000022d75625800 JavaThread "Cache worker for file hash cache (C:\Users\Huzaifa Sammar\.gradle\caches\7.0.2\fileHashes)" [_thread_blocked, id=2644, stack(0x0000003e5c800000,0x0000003e5c900000)]
  0x0000022d75624000 JavaThread "File lock request listener" [_thread_in_native, id=6484, stack(0x0000003e5c900000,0x0000003e5ca00000)]
  0x0000022d75626800 JavaThread "Cache worker for journal cache (C:\Users\Huzaifa Sammar\.gradle\caches\journal-1)" [_thread_blocked, id=7796, stack(0x0000003e5ca00000,0x0000003e5cb00000)]
  0x0000022d75625000 JavaThread "Cache worker for file hash cache (C:\Users\Huzaifa Sammar\AndroidStudioProjects\DingVpnn\.gradle\7.0.2\fileHashes)" [_thread_blocked, id=6892, stack(0x0000003e5cb00000,0x0000003e5cc00000)]
  0x0000022d75623000 JavaThread "File watcher server" daemon [_thread_blocked, id=7952, stack(0x0000003e5cc00000,0x0000003e5cd00000)]
  0x0000022d75627800 JavaThread "File watcher consumer" daemon [_thread_blocked, id=1796, stack(0x0000003e5cd00000,0x0000003e5ce00000)]
  0x0000022d75628000 JavaThread "Cache worker for checksums cache (C:\Users\Huzaifa Sammar\AndroidStudioProjects\DingVpnn\.gradle\checksums)" [_thread_blocked, id=3304, stack(0x0000003e5ce00000,0x0000003e5cf00000)]
  0x0000022d75622800 JavaThread "Cache worker for cache directory md-supplier (C:\Users\Huzaifa Sammar\.gradle\caches\7.0.2\md-supplier)" [_thread_blocked, id=6256, stack(0x0000003e5cf00000,0x0000003e5d000000)]
  0x0000022d75629000 JavaThread "Cache worker for cache directory md-rule (C:\Users\Huzaifa Sammar\.gradle\caches\7.0.2\md-rule)" [_thread_blocked, id=5616, stack(0x0000003e5d000000,0x0000003e5d100000)]
  0x0000022d777c0800 JavaThread "Cache worker for execution history cache (C:\Users\Huzaifa Sammar\.gradle\caches\7.0.2\executionHistory)" [_thread_blocked, id=7668, stack(0x0000003e5d100000,0x0000003e5d200000)]
  0x0000022d777c1800 JavaThread "jar transforms" [_thread_blocked, id=5528, stack(0x0000003e5d200000,0x0000003e5d300000)]
  0x0000022d777c8000 JavaThread "jar transforms Thread 2" [_thread_blocked, id=7920, stack(0x0000003e5d300000,0x0000003e5d400000)]
  0x0000022d777c2000 JavaThread "Cache worker for file content cache (C:\Users\Huzaifa Sammar\.gradle\caches\7.0.2\fileContent)" [_thread_blocked, id=4540, stack(0x0000003e5d400000,0x0000003e5d500000)]
  0x0000022d777c3000 JavaThread "Cache worker for dependencies-accessors (C:\Users\Huzaifa Sammar\AndroidStudioProjects\DingVpnn\.gradle\7.0.2\dependencies-accessors)" [_thread_blocked, id=7692, stack(0x0000003e5d500000,0x0000003e5d600000)]
  0x0000022d777c9800 JavaThread "jar transforms Thread 3" [_thread_blocked, id=208, stack(0x0000003e5d600000,0x0000003e5d700000)]
  0x0000022d777c5800 JavaThread "Cache worker for Build Output Cleanup Cache (C:\Users\Huzaifa Sammar\AndroidStudioProjects\DingVpnn\.gradle\buildOutputCleanup)" [_thread_blocked, id=7264, stack(0x0000003e5d700000,0x0000003e5d800000)]
  0x0000022d777c4000 JavaThread "Build operations" [_thread_blocked, id=6840, stack(0x0000003e5d800000,0x0000003e5d900000)]
  0x0000022d777c6000 JavaThread "Build operations Thread 2" [_thread_blocked, id=6928, stack(0x0000003e5d900000,0x0000003e5da00000)]
  0x0000022d777c4800 JavaThread "Build operations Thread 3" [_thread_blocked, id=4660, stack(0x0000003e5da00000,0x0000003e5db00000)]
  0x0000022d777cc000 JavaThread "Build operations Thread 4" [_thread_blocked, id=8044, stack(0x0000003e5db00000,0x0000003e5dc00000)]
  0x0000022d777cd000 JavaThread "jar transforms Thread 4" [_thread_blocked, id=6072, stack(0x0000003e5dc00000,0x0000003e5dd00000)]
  0x0000022d777c7000 JavaThread "Memory manager" [_thread_blocked, id=2044, stack(0x0000003e5dd00000,0x0000003e5de00000)]
  0x0000022d777cf000 JavaThread "build event listener" [_thread_blocked, id=4164, stack(0x0000003e5de00000,0x0000003e5df00000)]
  0x0000022d777ca800 JavaThread "pool-3-thread-1" [_thread_blocked, id=1996, stack(0x0000003e5df00000,0x0000003e5e000000)]
  0x0000022d777cb000 JavaThread "build event listener" [_thread_blocked, id=7360, stack(0x0000003e5e000000,0x0000003e5e100000)]
  0x0000022d777cd800 JavaThread "Execution worker for ':'" [_thread_blocked, id=6172, stack(0x0000003e5e100000,0x0000003e5e200000)]
  0x0000022d78b44000 JavaThread "Execution worker for ':' Thread 2" [_thread_blocked, id=5868, stack(0x0000003e5e200000,0x0000003e5e300000)]
  0x0000022d78b44800 JavaThread "Execution worker for ':' Thread 3" [_thread_blocked, id=4336, stack(0x0000003e5e300000,0x0000003e5e400000)]
  0x0000022d78b46800 JavaThread "Cache worker for execution history cache (C:\Users\Huzaifa Sammar\AndroidStudioProjects\DingVpnn\.gradle\7.0.2\executionHistory)" [_thread_blocked, id=3784, stack(0x0000003e5e400000,0x0000003e5e500000)]
  0x0000022d78b45800 JavaThread "WorkerExecutor Queue" [_thread_blocked, id=6508, stack(0x0000003e5e500000,0x0000003e5e600000)]
  0x0000022d78b47000 JavaThread "WorkerExecutor Queue Thread 2" [_thread_blocked, id=4388, stack(0x0000003e5e700000,0x0000003e5e800000)]
  0x0000022d78b48000 JavaThread "WorkerExecutor Queue Thread 3" [_thread_blocked, id=5668, stack(0x0000003e5e800000,0x0000003e5e900000)]
  0x0000022d78b42800 JavaThread "WorkerExecutor Queue Thread 4" [_thread_blocked, id=1916, stack(0x0000003e5e900000,0x0000003e5ea00000)]

Other Threads:
=>0x0000022d72dcf000 VMThread "VM Thread" [stack: 0x0000003e5ae00000,0x0000003e5af00000] [id=4668]
  0x0000022d738a4800 WatcherThread [stack: 0x0000003e5b800000,0x0000003e5b900000] [id=7532]
  0x0000022d58c09800 GCTaskThread "GC Thread#0" [stack: 0x0000003e5a900000,0x0000003e5aa00000] [id=5908]
  0x0000022d73c94800 GCTaskThread "GC Thread#1" [stack: 0x0000003e5bb00000,0x0000003e5bc00000] [id=5672]
  0x0000022d75093800 GCTaskThread "GC Thread#2" [stack: 0x0000003e5c600000,0x0000003e5c700000] [id=88]
  0x0000022d751cb000 GCTaskThread "GC Thread#3" [stack: 0x0000003e5c700000,0x0000003e5c800000] [id=7772]
  0x0000022d58c3d000 ConcurrentGCThread "G1 Main Marker" [stack: 0x0000003e5aa00000,0x0000003e5ab00000] [id=7092]
  0x0000022d58c3e800 ConcurrentGCThread "G1 Conc#0" [stack: 0x0000003e5ab00000,0x0000003e5ac00000] [id=7824]
  0x0000022d58ca1000 ConcurrentGCThread "G1 Refine#0" [stack: 0x0000003e5ac00000,0x0000003e5ad00000] [id=6764]
  0x0000022d77c4e000 ConcurrentGCThread "G1 Refine#1" [stack: 0x0000003e5e600000,0x0000003e5e700000] [id=7616]
  0x0000022d58ca4000 ConcurrentGCThread "G1 Young RemSet Sampling" [stack: 0x0000003e5ad00000,0x0000003e5ae00000] [id=7428]

Threads with active compile tasks:
C2 CompilerThread0  20788 11049       4       com.android.utils.XmlUtils::append (647 bytes)
C2 CompilerThread1  20788 11184   !   4       java.io.ObjectOutputStream::writeSerialData (221 bytes)

VM state:at safepoint (normal execution)

VM Mutex/Monitor currently owned by a thread:  ([mutex/lock_event])
[0x0000022d58bed670] Threads_lock - owner thread: 0x0000022d72dcf000
[0x0000022d58bed310] Heap_lock - owner thread: 0x0000022d78b48000

Heap address: 0x0000000080000000, size: 2048 MB, Compressed Oops mode: 32-bit
Narrow klass base: 0x0000000000000000, Narrow klass shift: 3
Compressed class space size: 1073741824 Address: 0x0000000100000000

Heap:
 garbage-first heap   total 242688K, used 122391K [0x0000000080000000, 0x0000000100000000)
  region size 1024K, 5 young (5120K), 5 survivors (5120K)
 Metaspace       used 85307K, capacity 87385K, committed 87792K, reserved 1126400K
  class space    used 10842K, capacity 11592K, committed 11724K, reserved 1048576K
Heap Regions: E=young(eden), S=young(survivor), O=old, HS=humongous(starts), HC=humongous(continues), CS=collection set, F=free, A=archive, TAMS=top-at-mark-start (previous, next)
|   0|0x0000000080000000, 0x0000000080100000, 0x0000000080100000|100%|HS|  |TAMS 0x0000000080100000, 0x0000000080000000| Complete 
|   1|0x0000000080100000, 0x0000000080200000, 0x0000000080200000|100%|HC|  |TAMS 0x0000000080200000, 0x0000000080100000| Complete 
|   2|0x0000000080200000, 0x0000000080300000, 0x0000000080300000|100%|HC|  |TAMS 0x0000000080300000, 0x0000000080200000| Complete 
|   3|0x0000000080300000, 0x0000000080400000, 0x0000000080400000|100%| O|  |TAMS 0x0000000080400000, 0x0000000080300000| Untracked 
|   4|0x0000000080400000, 0x0000000080500000, 0x0000000080500000|100%| O|  |TAMS 0x0000000080500000, 0x0000000080400000| Untracked 
|   5|0x0000000080500000, 0x0000000080600000, 0x0000000080600000|100%| O|  |TAMS 0x0000000080600000, 0x0000000080500000| Untracked 
|   6|0x0000000080600000, 0x0000000080700000, 0x0000000080700000|100%| O|  |TAMS 0x0000000080700000, 0x0000000080600000| Untracked 
|   7|0x0000000080700000, 0x0000000080800000, 0x0000000080800000|100%| O|  |TAMS 0x0000000080800000, 0x0000000080700000| Untracked 
|   8|0x0000000080800000, 0x0000000080900000, 0x0000000080900000|100%| O|  |TAMS 0x0000000080900000, 0x0000000080800000| Untracked 
|   9|0x0000000080900000, 0x0000000080a00000, 0x0000000080a00000|100%| O|  |TAMS 0x0000000080a00000, 0x0000000080900000| Untracked 
|  10|0x0000000080a00000, 0x0000000080b00000, 0x0000000080b00000|100%| O|  |TAMS 0x0000000080b00000, 0x0000000080a00000| Untracked 
|  11|0x0000000080b00000, 0x0000000080c00000, 0x0000000080c00000|100%| O|  |TAMS 0x0000000080c00000, 0x0000000080b00000| Untracked 
|  12|0x0000000080c00000, 0x0000000080d00000, 0x0000000080d00000|100%| O|  |TAMS 0x0000000080d00000, 0x0000000080c00000| Untracked 
|  13|0x0000000080d00000, 0x0000000080e00000, 0x0000000080e00000|100%| O|  |TAMS 0x0000000080e00000, 0x0000000080d00000| Untracked 
|  14|0x0000000080e00000, 0x0000000080f00000, 0x0000000080f00000|100%| O|  |TAMS 0x0000000080f00000, 0x0000000080e00000| Untracked 
|  15|0x0000000080f00000, 0x0000000081000000, 0x0000000081000000|100%| O|  |TAMS 0x0000000081000000, 0x0000000080f00000| Untracked 
|  16|0x0000000081000000, 0x0000000081100000, 0x0000000081100000|100%| O|  |TAMS 0x0000000081100000, 0x0000000081000000| Untracked 
|  17|0x0000000081100000, 0x0000000081200000, 0x0000000081200000|100%| O|  |TAMS 0x0000000081200000, 0x0000000081100000| Untracked 
|  18|0x0000000081200000, 0x0000000081300000, 0x0000000081300000|100%| O|  |TAMS 0x0000000081300000, 0x0000000081200000| Untracked 
|  19|0x0000000081300000, 0x0000000081400000, 0x0000000081400000|100%| O|  |TAMS 0x0000000081400000, 0x0000000081300000| Untracked 
|  20|0x0000000081400000, 0x0000000081500000, 0x0000000081500000|100%| O|  |TAMS 0x0000000081500000, 0x0000000081400000| Untracked 
|  21|0x0000000081500000, 0x0000000081600000, 0x0000000081600000|100%| O|  |TAMS 0x0000000081600000, 0x0000000081500000| Untracked 
|  22|0x0000000081600000, 0x0000000081700000, 0x0000000081700000|100%| O|  |TAMS 0x0000000081700000, 0x0000000081600000| Untracked 
|  23|0x0000000081700000, 0x0000000081800000, 0x0000000081800000|100%| O|  |TAMS 0x0000000081800000, 0x0000000081700000| Untracked 
|  24|0x0000000081800000, 0x0000000081900000, 0x0000000081900000|100%|HS|  |TAMS 0x0000000081900000, 0x0000000081800000| Complete 
|  25|0x0000000081900000, 0x0000000081a00000, 0x0000000081a00000|100%| O|  |TAMS 0x0000000081a00000, 0x0000000081900000| Untracked 
|  26|0x0000000081a00000, 0x0000000081b00000, 0x0000000081b00000|100%| O|  |TAMS 0x0000000081b00000, 0x0000000081a00000| Untracked 
|  27|0x0000000081b00000, 0x0000000081c00000, 0x0000000081c00000|100%| O|  |TAMS 0x0000000081c00000, 0x0000000081b00000| Untracked 
|  28|0x0000000081c00000, 0x0000000081d00000, 0x0000000081d00000|100%|HS|  |TAMS 0x0000000081d00000, 0x0000000081c00000| Complete 
|  29|0x0000000081d00000, 0x0000000081e00000, 0x0000000081e00000|100%|HC|  |TAMS 0x0000000081e00000, 0x0000000081d00000| Complete 
|  30|0x0000000081e00000, 0x0000000081f00000, 0x0000000081f00000|100%| O|  |TAMS 0x0000000081f00000, 0x0000000081e00000| Untracked 
|  31|0x0000000081f00000, 0x0000000082000000, 0x0000000082000000|100%| O|  |TAMS 0x0000000082000000, 0x0000000081f00000| Untracked 
|  32|0x0000000082000000, 0x0000000082100000, 0x0000000082100000|100%| O|  |TAMS 0x0000000082100000, 0x0000000082000000| Untracked 
|  33|0x0000000082100000, 0x0000000082200000, 0x0000000082200000|100%| O|  |TAMS 0x0000000082200000, 0x0000000082100000| Untracked 
|  34|0x0000000082200000, 0x0000000082300000, 0x0000000082300000|100%| O|  |TAMS 0x0000000082300000, 0x0000000082200000| Untracked 
|  35|0x0000000082300000, 0x0000000082400000, 0x0000000082400000|100%| O|  |TAMS 0x0000000082400000, 0x0000000082300000| Untracked 
|  36|0x0000000082400000, 0x0000000082500000, 0x0000000082500000|100%| O|  |TAMS 0x0000000082500000, 0x0000000082400000| Untracked 
|  37|0x0000000082500000, 0x0000000082600000, 0x0000000082600000|100%| O|  |TAMS 0x0000000082600000, 0x0000000082500000| Untracked 
|  38|0x0000000082600000, 0x0000000082700000, 0x0000000082700000|100%| O|  |TAMS 0x0000000082700000, 0x0000000082600000| Untracked 
|  39|0x0000000082700000, 0x0000000082800000, 0x0000000082800000|100%| O|  |TAMS 0x0000000082800000, 0x0000000082700000| Untracked 
|  40|0x0000000082800000, 0x0000000082900000, 0x0000000082900000|100%| O|  |TAMS 0x0000000082900000, 0x0000000082800000| Untracked 
|  41|0x0000000082900000, 0x0000000082a00000, 0x0000000082a00000|100%| O|  |TAMS 0x0000000082a00000, 0x0000000082900000| Untracked 
|  42|0x0000000082a00000, 0x0000000082b00000, 0x0000000082b00000|100%| O|  |TAMS 0x0000000082b00000, 0x0000000082a00000| Untracked 
|  43|0x0000000082b00000, 0x0000000082c00000, 0x0000000082c00000|100%| O|  |TAMS 0x0000000082c00000, 0x0000000082b00000| Untracked 
|  44|0x0000000082c00000, 0x0000000082d00000, 0x0000000082d00000|100%| O|  |TAMS 0x0000000082d00000, 0x0000000082c00000| Untracked 
|  45|0x0000000082d00000, 0x0000000082e00000, 0x0000000082e00000|100%| O|  |TAMS 0x0000000082e00000, 0x0000000082d00000| Untracked 
|  46|0x0000000082e00000, 0x0000000082f00000, 0x0000000082f00000|100%| O|  |TAMS 0x0000000082f00000, 0x0000000082e00000| Untracked 
|  47|0x0000000082f00000, 0x0000000083000000, 0x0000000083000000|100%| O|  |TAMS 0x0000000083000000, 0x0000000082f00000| Untracked 
|  48|0x0000000083000000, 0x0000000083100000, 0x0000000083100000|100%| O|  |TAMS 0x0000000083100000, 0x0000000083000000| Untracked 
|  49|0x0000000083100000, 0x0000000083200000, 0x0000000083200000|100%| O|  |TAMS 0x0000000083200000, 0x0000000083100000| Untracked 
|  50|0x0000000083200000, 0x0000000083300000, 0x0000000083300000|100%| O|  |TAMS 0x0000000083300000, 0x0000000083200000| Untracked 
|  51|0x0000000083300000, 0x0000000083400000, 0x0000000083400000|100%| O|  |TAMS 0x0000000083400000, 0x0000000083300000| Untracked 
|  52|0x0000000083400000, 0x0000000083500000, 0x0000000083500000|100%| O|  |TAMS 0x0000000083500000, 0x0000000083400000| Untracked 
|  53|0x0000000083500000, 0x0000000083600000, 0x0000000083600000|100%| O|  |TAMS 0x0000000083600000, 0x0000000083500000| Untracked 
|  54|0x0000000083600000, 0x0000000083700000, 0x0000000083700000|100%| O|  |TAMS 0x0000000083700000, 0x0000000083600000| Untracked 
|  55|0x0000000083700000, 0x0000000083800000, 0x0000000083800000|100%| O|  |TAMS 0x0000000083800000, 0x0000000083700000| Untracked 
|  56|0x0000000083800000, 0x0000000083900000, 0x0000000083900000|100%| O|  |TAMS 0x0000000083900000, 0x0000000083800000| Untracked 
|  57|0x0000000083900000, 0x0000000083a00000, 0x0000000083a00000|100%| O|  |TAMS 0x0000000083a00000, 0x0000000083900000| Untracked 
|  58|0x0000000083a00000, 0x0000000083b00000, 0x0000000083b00000|100%| O|  |TAMS 0x0000000083b00000, 0x0000000083a00000| Untracked 
|  59|0x0000000083b00000, 0x0000000083c00000, 0x0000000083c00000|100%| O|  |TAMS 0x0000000083c00000, 0x0000000083b00000| Untracked 
|  60|0x0000000083c00000, 0x0000000083d00000, 0x0000000083d00000|100%| O|  |TAMS 0x0000000083d00000, 0x0000000083c00000| Untracked 
|  61|0x0000000083d00000, 0x0000000083e00000, 0x0000000083e00000|100%| O|  |TAMS 0x0000000083e00000, 0x0000000083d00000| Untracked 
|  62|0x0000000083e00000, 0x0000000083f00000, 0x0000000083f00000|100%| O|  |TAMS 0x0000000083f00000, 0x0000000083e00000| Untracked 
|  63|0x0000000083f00000, 0x0000000084000000, 0x0000000084000000|100%| O|  |TAMS 0x0000000084000000, 0x0000000083f00000| Untracked 
|  64|0x0000000084000000, 0x0000000084100000, 0x0000000084100000|100%| O|  |TAMS 0x0000000084100000, 0x0000000084000000| Untracked 
|  65|0x0000000084100000, 0x0000000084200000, 0x0000000084200000|100%| O|  |TAMS 0x0000000084200000, 0x0000000084100000| Untracked 
|  66|0x0000000084200000, 0x0000000084300000, 0x0000000084300000|100%| O|  |TAMS 0x0000000084300000, 0x0000000084200000| Untracked 
|  67|0x0000000084300000, 0x0000000084400000, 0x0000000084400000|100%| O|  |TAMS 0x0000000084400000, 0x0000000084300000| Untracked 
|  68|0x0000000084400000, 0x0000000084500000, 0x0000000084500000|100%| O|  |TAMS 0x0000000084500000, 0x0000000084400000| Untracked 
|  69|0x0000000084500000, 0x0000000084600000, 0x0000000084600000|100%| O|  |TAMS 0x0000000084600000, 0x0000000084500000| Untracked 
|  70|0x0000000084600000, 0x0000000084700000, 0x0000000084700000|100%| O|  |TAMS 0x0000000084700000, 0x0000000084600000| Untracked 
|  71|0x0000000084700000, 0x0000000084800000, 0x0000000084800000|100%| O|  |TAMS 0x0000000084800000, 0x0000000084700000| Untracked 
|  72|0x0000000084800000, 0x0000000084900000, 0x0000000084900000|100%| O|  |TAMS 0x0000000084900000, 0x0000000084800000| Untracked 
|  73|0x0000000084900000, 0x0000000084a00000, 0x0000000084a00000|100%| O|  |TAMS 0x0000000084a00000, 0x0000000084900000| Untracked 
|  74|0x0000000084a00000, 0x0000000084b00000, 0x0000000084b00000|100%| O|  |TAMS 0x0000000084b00000, 0x0000000084a00000| Untracked 
|  75|0x0000000084b00000, 0x0000000084c00000, 0x0000000084c00000|100%| O|  |TAMS 0x0000000084c00000, 0x0000000084b00000| Untracked 
|  76|0x0000000084c00000, 0x0000000084d00000, 0x0000000084d00000|100%| O|  |TAMS 0x0000000084d00000, 0x0000000084c00000| Untracked 
|  77|0x0000000084d00000, 0x0000000084e00000, 0x0000000084e00000|100%| O|  |TAMS 0x0000000084e00000, 0x0000000084d00000| Untracked 
|  78|0x0000000084e00000, 0x0000000084f00000, 0x0000000084f00000|100%| O|  |TAMS 0x0000000084f00000, 0x0000000084e00000| Untracked 
|  79|0x0000000084f00000, 0x0000000085000000, 0x0000000085000000|100%| O|  |TAMS 0x0000000085000000, 0x0000000084f00000| Untracked 
|  80|0x0000000085000000, 0x0000000085100000, 0x0000000085100000|100%| O|  |TAMS 0x0000000085100000, 0x0000000085000000| Untracked 
|  81|0x0000000085100000, 0x0000000085200000, 0x0000000085200000|100%| O|  |TAMS 0x0000000085200000, 0x0000000085100000| Untracked 
|  82|0x0000000085200000, 0x0000000085300000, 0x0000000085300000|100%| O|  |TAMS 0x0000000085300000, 0x0000000085200000| Untracked 
|  83|0x0000000085300000, 0x0000000085400000, 0x0000000085400000|100%| O|  |TAMS 0x0000000085400000, 0x0000000085300000| Untracked 
|  84|0x0000000085400000, 0x0000000085500000, 0x0000000085500000|100%| O|  |TAMS 0x0000000085500000, 0x0000000085400000| Untracked 
|  85|0x0000000085500000, 0x0000000085600000, 0x0000000085600000|100%| O|  |TAMS 0x0000000085600000, 0x0000000085500000| Untracked 
|  86|0x0000000085600000, 0x0000000085700000, 0x0000000085700000|100%| O|  |TAMS 0x0000000085700000, 0x0000000085600000| Untracked 
|  87|0x0000000085700000, 0x0000000085800000, 0x0000000085800000|100%| O|  |TAMS 0x0000000085800000, 0x0000000085700000| Untracked 
|  88|0x0000000085800000, 0x0000000085900000, 0x0000000085900000|100%|HS|  |TAMS 0x0000000085900000, 0x0000000085800000| Complete 
|  89|0x0000000085900000, 0x0000000085a00000, 0x0000000085a00000|100%| O|  |TAMS 0x0000000085a00000, 0x0000000085900000| Untracked 
|  90|0x0000000085a00000, 0x0000000085b00000, 0x0000000085b00000|100%| O|  |TAMS 0x0000000085b00000, 0x0000000085a00000| Untracked 
|  91|0x0000000085b00000, 0x0000000085c00000, 0x0000000085c00000|100%| O|  |TAMS 0x0000000085c00000, 0x0000000085b00000| Untracked 
|  92|0x0000000085c00000, 0x0000000085d00000, 0x0000000085d00000|100%| O|  |TAMS 0x0000000085d00000, 0x0000000085c00000| Untracked 
|  93|0x0000000085d00000, 0x0000000085e00000, 0x0000000085e00000|100%| O|  |TAMS 0x0000000085e00000, 0x0000000085d00000| Untracked 
|  94|0x0000000085e00000, 0x0000000085f00000, 0x0000000085f00000|100%| O|  |TAMS 0x0000000085f00000, 0x0000000085e00000| Untracked 
|  95|0x0000000085f00000, 0x0000000086000000, 0x0000000086000000|100%| O|  |TAMS 0x0000000086000000, 0x0000000085f00000| Untracked 
|  96|0x0000000086000000, 0x0000000086100000, 0x0000000086100000|100%| O|  |TAMS 0x0000000086100000, 0x0000000086000000| Untracked 
|  97|0x0000000086100000, 0x0000000086200000, 0x0000000086200000|100%| O|  |TAMS 0x0000000086200000, 0x0000000086100000| Untracked 
|  98|0x0000000086200000, 0x0000000086300000, 0x0000000086300000|100%| O|  |TAMS 0x0000000086300000, 0x0000000086200000| Untracked 
|  99|0x0000000086300000, 0x0000000086400000, 0x0000000086400000|100%| O|  |TAMS 0x0000000086400000, 0x0000000086300000| Untracked 
| 100|0x0000000086400000, 0x0000000086500000, 0x0000000086500000|100%| O|  |TAMS 0x0000000086500000, 0x0000000086400000| Untracked 
| 101|0x0000000086500000, 0x0000000086600000, 0x0000000086600000|100%| O|  |TAMS 0x0000000086600000, 0x0000000086500000| Untracked 
| 102|0x0000000086600000, 0x0000000086700000, 0x0000000086700000|100%| O|  |TAMS 0x0000000086700000, 0x0000000086600000| Untracked 
| 103|0x0000000086700000, 0x0000000086800000, 0x0000000086800000|100%| O|  |TAMS 0x0000000086800000, 0x0000000086700000| Untracked 
| 104|0x0000000086800000, 0x0000000086900000, 0x0000000086900000|100%| O|  |TAMS 0x00000000868a4600, 0x0000000086800000| Untracked 
| 105|0x0000000086900000, 0x0000000086900000, 0x0000000086a00000|  0%| F|  |TAMS 0x0000000086900000, 0x0000000086900000| Untracked 
| 106|0x0000000086a00000, 0x0000000086b00000, 0x0000000086b00000|100%| O|  |TAMS 0x0000000086a00000, 0x0000000086a00000| Untracked 
| 107|0x0000000086b00000, 0x0000000086c00000, 0x0000000086c00000|100%| O|  |TAMS 0x0000000086c00000, 0x0000000086b00000| Untracked 
| 108|0x0000000086c00000, 0x0000000086d00000, 0x0000000086d00000|100%| O|  |TAMS 0x0000000086d00000, 0x0000000086c00000| Untracked 
| 109|0x0000000086d00000, 0x0000000086e00000, 0x0000000086e00000|100%| O|  |TAMS 0x0000000086e00000, 0x0000000086d00000| Untracked 
| 110|0x0000000086e00000, 0x0000000086f00000, 0x0000000086f00000|100%| O|  |TAMS 0x0000000086f00000, 0x0000000086e00000| Untracked 
| 111|0x0000000086f00000, 0x0000000086f00000, 0x0000000087000000|  0%| F|  |TAMS 0x0000000086f00000, 0x0000000086f00000| Untracked 
| 112|0x0000000087000000, 0x0000000087000000, 0x0000000087100000|  0%| F|  |TAMS 0x0000000087000000, 0x0000000087000000| Untracked 
| 113|0x0000000087100000, 0x0000000087100000, 0x0000000087200000|  0%| F|  |TAMS 0x0000000087100000, 0x0000000087100000| Untracked 
| 114|0x0000000087200000, 0x0000000087200000, 0x0000000087300000|  0%| F|  |TAMS 0x0000000087200000, 0x0000000087200000| Untracked 
| 115|0x0000000087300000, 0x0000000087300000, 0x0000000087400000|  0%| F|  |TAMS 0x0000000087300000, 0x0000000087300000| Untracked 
| 116|0x0000000087400000, 0x0000000087400000, 0x0000000087500000|  0%| F|  |TAMS 0x0000000087400000, 0x0000000087400000| Untracked 
| 117|0x0000000087500000, 0x0000000087500000, 0x0000000087600000|  0%| F|  |TAMS 0x0000000087500000, 0x0000000087500000| Untracked 
| 118|0x0000000087600000, 0x0000000087600000, 0x0000000087700000|  0%| F|  |TAMS 0x0000000087600000, 0x0000000087600000| Untracked 
| 119|0x0000000087700000, 0x0000000087700000, 0x0000000087800000|  0%| F|  |TAMS 0x0000000087700000, 0x0000000087700000| Untracked 
| 120|0x0000000087800000, 0x0000000087800000, 0x0000000087900000|  0%| F|  |TAMS 0x0000000087800000, 0x0000000087800000| Untracked 
| 121|0x0000000087900000, 0x0000000087900000, 0x0000000087a00000|  0%| F|  |TAMS 0x0000000087900000, 0x0000000087900000| Untracked 
| 122|0x0000000087a00000, 0x0000000087a00000, 0x0000000087b00000|  0%| F|  |TAMS 0x0000000087a00000, 0x0000000087a00000| Untracked 
| 123|0x0000000087b00000, 0x0000000087b00000, 0x0000000087c00000|  0%| F|  |TAMS 0x0000000087b00000, 0x0000000087b00000| Untracked 
| 124|0x0000000087c00000, 0x0000000087c00000, 0x0000000087d00000|  0%| F|  |TAMS 0x0000000087c00000, 0x0000000087c00000| Untracked 
| 125|0x0000000087d00000, 0x0000000087d00000, 0x0000000087e00000|  0%| F|  |TAMS 0x0000000087d00000, 0x0000000087d00000| Untracked 
| 126|0x0000000087e00000, 0x0000000087e00000, 0x0000000087f00000|  0%| F|  |TAMS 0x0000000087e00000, 0x0000000087e00000| Untracked 
| 127|0x0000000087f00000, 0x0000000088000000, 0x0000000088000000|100%| O|  |TAMS 0x0000000087f00000, 0x0000000087f00000| Untracked 
| 128|0x0000000088000000, 0x0000000088100000, 0x0000000088100000|100%| O|  |TAMS 0x0000000088000000, 0x0000000088000000| Untracked 
| 129|0x0000000088100000, 0x0000000088200000, 0x0000000088200000|100%| O|  |TAMS 0x0000000088100000, 0x0000000088100000| Untracked 
| 130|0x0000000088200000, 0x0000000088300000, 0x0000000088300000|100%| O|  |TAMS 0x0000000088200000, 0x0000000088200000| Untracked 
| 131|0x0000000088300000, 0x0000000088385e00, 0x0000000088400000| 52%| O|  |TAMS 0x0000000088300000, 0x0000000088300000| Untracked 
| 132|0x0000000088400000, 0x0000000088400000, 0x0000000088500000|  0%| F|  |TAMS 0x0000000088400000, 0x0000000088400000| Untracked 
| 133|0x0000000088500000, 0x0000000088500000, 0x0000000088600000|  0%| F|  |TAMS 0x0000000088500000, 0x0000000088500000| Untracked 
| 134|0x0000000088600000, 0x0000000088600000, 0x0000000088700000|  0%| F|  |TAMS 0x0000000088600000, 0x0000000088600000| Untracked 
| 135|0x0000000088700000, 0x0000000088700000, 0x0000000088800000|  0%| F|  |TAMS 0x0000000088700000, 0x0000000088700000| Untracked 
| 136|0x0000000088800000, 0x0000000088800000, 0x0000000088900000|  0%| F|  |TAMS 0x0000000088800000, 0x0000000088800000| Untracked 
| 137|0x0000000088900000, 0x0000000088900000, 0x0000000088a00000|  0%| F|  |TAMS 0x0000000088900000, 0x0000000088900000| Untracked 
| 138|0x0000000088a00000, 0x0000000088a00000, 0x0000000088b00000|  0%| F|  |TAMS 0x0000000088a00000, 0x0000000088a00000| Untracked 
| 139|0x0000000088b00000, 0x0000000088b00000, 0x0000000088c00000|  0%| F|  |TAMS 0x0000000088b00000, 0x0000000088b00000| Untracked 
| 140|0x0000000088c00000, 0x0000000088c00000, 0x0000000088d00000|  0%| F|  |TAMS 0x0000000088c00000, 0x0000000088c00000| Untracked 
| 141|0x0000000088d00000, 0x0000000088d00000, 0x0000000088e00000|  0%| F|  |TAMS 0x0000000088d00000, 0x0000000088d00000| Untracked 
| 142|0x0000000088e00000, 0x0000000088e00000, 0x0000000088f00000|  0%| F|  |TAMS 0x0000000088e00000, 0x0000000088e00000| Untracked 
| 143|0x0000000088f00000, 0x0000000088f00000, 0x0000000089000000|  0%| F|  |TAMS 0x0000000088f00000, 0x0000000088f00000| Untracked 
| 144|0x0000000089000000, 0x0000000089000000, 0x0000000089100000|  0%| F|  |TAMS 0x0000000089000000, 0x0000000089000000| Untracked 
| 145|0x0000000089100000, 0x0000000089100000, 0x0000000089200000|  0%| F|  |TAMS 0x0000000089100000, 0x0000000089100000| Untracked 
| 146|0x0000000089200000, 0x0000000089200000, 0x0000000089300000|  0%| F|  |TAMS 0x0000000089200000, 0x0000000089200000| Untracked 
| 147|0x0000000089300000, 0x0000000089300000, 0x0000000089400000|  0%| F|  |TAMS 0x0000000089300000, 0x0000000089300000| Untracked 
| 148|0x0000000089400000, 0x0000000089400000, 0x0000000089500000|  0%| F|  |TAMS 0x0000000089400000, 0x0000000089400000| Untracked 
| 149|0x0000000089500000, 0x0000000089500000, 0x0000000089600000|  0%| F|  |TAMS 0x0000000089500000, 0x0000000089500000| Untracked 
| 150|0x0000000089600000, 0x0000000089600000, 0x0000000089700000|  0%| F|  |TAMS 0x0000000089600000, 0x0000000089600000| Untracked 
| 151|0x0000000089700000, 0x0000000089700000, 0x0000000089800000|  0%| F|  |TAMS 0x0000000089700000, 0x0000000089700000| Untracked 
| 152|0x0000000089800000, 0x0000000089800000, 0x0000000089900000|  0%| F|  |TAMS 0x0000000089800000, 0x0000000089800000| Untracked 
| 153|0x0000000089900000, 0x0000000089900000, 0x0000000089a00000|  0%| F|  |TAMS 0x0000000089900000, 0x0000000089900000| Untracked 
| 154|0x0000000089a00000, 0x0000000089b00000, 0x0000000089b00000|100%| S|CS|TAMS 0x0000000089a00000, 0x0000000089a00000| Complete 
| 155|0x0000000089b00000, 0x0000000089c00000, 0x0000000089c00000|100%| S|CS|TAMS 0x0000000089b00000, 0x0000000089b00000| Complete 
| 156|0x0000000089c00000, 0x0000000089d00000, 0x0000000089d00000|100%| S|CS|TAMS 0x0000000089c00000, 0x0000000089c00000| Complete 
| 157|0x0000000089d00000, 0x0000000089d00000, 0x0000000089e00000|  0%| F|  |TAMS 0x0000000089d00000, 0x0000000089d00000| Untracked 
| 158|0x0000000089e00000, 0x0000000089e00000, 0x0000000089f00000|  0%| F|  |TAMS 0x0000000089e00000, 0x0000000089e00000| Untracked 
| 159|0x0000000089f00000, 0x0000000089f00000, 0x000000008a000000|  0%| F|  |TAMS 0x0000000089f00000, 0x0000000089f00000| Untracked 
| 160|0x000000008a000000, 0x000000008a000000, 0x000000008a100000|  0%| F|  |TAMS 0x000000008a000000, 0x000000008a000000| Untracked 
| 161|0x000000008a100000, 0x000000008a100000, 0x000000008a200000|  0%| F|  |TAMS 0x000000008a100000, 0x000000008a100000| Untracked 
| 162|0x000000008a200000, 0x000000008a300000, 0x000000008a300000|100%| S|CS|TAMS 0x000000008a200000, 0x000000008a200000| Complete 
| 163|0x000000008a300000, 0x000000008a400000, 0x000000008a400000|100%| S|CS|TAMS 0x000000008a300000, 0x000000008a300000| Complete 
| 164|0x000000008a400000, 0x000000008a400000, 0x000000008a500000|  0%| F|  |TAMS 0x000000008a400000, 0x000000008a400000| Untracked 
| 165|0x000000008a500000, 0x000000008a500000, 0x000000008a600000|  0%| F|  |TAMS 0x000000008a500000, 0x000000008a500000| Untracked 
| 166|0x000000008a600000, 0x000000008a600000, 0x000000008a700000|  0%| F|  |TAMS 0x000000008a600000, 0x000000008a600000| Untracked 
| 167|0x000000008a700000, 0x000000008a700000, 0x000000008a800000|  0%| F|  |TAMS 0x000000008a700000, 0x000000008a700000| Untracked 
| 168|0x000000008a800000, 0x000000008a800000, 0x000000008a900000|  0%| F|  |TAMS 0x000000008a800000, 0x000000008a800000| Untracked 
| 169|0x000000008a900000, 0x000000008a900000, 0x000000008aa00000|  0%| F|  |TAMS 0x000000008a900000, 0x000000008a900000| Untracked 
| 170|0x000000008aa00000, 0x000000008aa00000, 0x000000008ab00000|  0%| F|  |TAMS 0x000000008aa00000, 0x000000008aa00000| Untracked 
| 171|0x000000008ab00000, 0x000000008ab00000, 0x000000008ac00000|  0%| F|  |TAMS 0x000000008ab00000, 0x000000008ab00000| Untracked 
| 172|0x000000008ac00000, 0x000000008ac00000, 0x000000008ad00000|  0%| F|  |TAMS 0x000000008ac00000, 0x000000008ac00000| Untracked 
| 173|0x000000008ad00000, 0x000000008ad00000, 0x000000008ae00000|  0%| F|  |TAMS 0x000000008ad00000, 0x000000008ad00000| Untracked 
| 174|0x000000008ae00000, 0x000000008ae00000, 0x000000008af00000|  0%| F|  |TAMS 0x000000008ae00000, 0x000000008ae00000| Untracked 
| 175|0x000000008af00000, 0x000000008af00000, 0x000000008b000000|  0%| F|  |TAMS 0x000000008af00000, 0x000000008af00000| Untracked 
| 176|0x000000008b000000, 0x000000008b000000, 0x000000008b100000|  0%| F|  |TAMS 0x000000008b000000, 0x000000008b000000| Untracked 
| 177|0x000000008b100000, 0x000000008b100000, 0x000000008b200000|  0%| F|  |TAMS 0x000000008b100000, 0x000000008b100000| Untracked 
| 178|0x000000008b200000, 0x000000008b200000, 0x000000008b300000|  0%| F|  |TAMS 0x000000008b200000, 0x000000008b200000| Untracked 
| 179|0x000000008b300000, 0x000000008b300000, 0x000000008b400000|  0%| F|  |TAMS 0x000000008b300000, 0x000000008b300000| Untracked 
| 180|0x000000008b400000, 0x000000008b400000, 0x000000008b500000|  0%| F|  |TAMS 0x000000008b400000, 0x000000008b400000| Untracked 
| 181|0x000000008b500000, 0x000000008b500000, 0x000000008b600000|  0%| F|  |TAMS 0x000000008b500000, 0x000000008b500000| Untracked 
| 182|0x000000008b600000, 0x000000008b600000, 0x000000008b700000|  0%| F|  |TAMS 0x000000008b600000, 0x000000008b600000| Untracked 
| 183|0x000000008b700000, 0x000000008b700000, 0x000000008b800000|  0%| F|  |TAMS 0x000000008b700000, 0x000000008b700000| Untracked 
| 184|0x000000008b800000, 0x000000008b800000, 0x000000008b900000|  0%| F|  |TAMS 0x000000008b800000, 0x000000008b800000| Untracked 
| 185|0x000000008b900000, 0x000000008b900000, 0x000000008ba00000|  0%| F|  |TAMS 0x000000008b900000, 0x000000008b900000| Untracked 
| 186|0x000000008ba00000, 0x000000008ba00000, 0x000000008bb00000|  0%| F|  |TAMS 0x000000008ba00000, 0x000000008ba00000| Untracked 
| 187|0x000000008bb00000, 0x000000008bb00000, 0x000000008bc00000|  0%| F|  |TAMS 0x000000008bb00000, 0x000000008bb00000| Untracked 
| 188|0x000000008bc00000, 0x000000008bc00000, 0x000000008bd00000|  0%| F|  |TAMS 0x000000008bc00000, 0x000000008bc00000| Untracked 
| 189|0x000000008bd00000, 0x000000008bd00000, 0x000000008be00000|  0%| F|  |TAMS 0x000000008bd00000, 0x000000008bd00000| Untracked 
| 190|0x000000008be00000, 0x000000008be00000, 0x000000008bf00000|  0%| F|  |TAMS 0x000000008be00000, 0x000000008be00000| Untracked 
| 191|0x000000008bf00000, 0x000000008bf00000, 0x000000008c000000|  0%| F|  |TAMS 0x000000008bf00000, 0x000000008bf00000| Untracked 
| 192|0x000000008c000000, 0x000000008c000000, 0x000000008c100000|  0%| F|  |TAMS 0x000000008c000000, 0x000000008c000000| Untracked 
| 193|0x000000008c100000, 0x000000008c100000, 0x000000008c200000|  0%| F|  |TAMS 0x000000008c100000, 0x000000008c100000| Untracked 
| 194|0x000000008c200000, 0x000000008c200000, 0x000000008c300000|  0%| F|  |TAMS 0x000000008c200000, 0x000000008c200000| Untracked 
| 195|0x000000008c300000, 0x000000008c300000, 0x000000008c400000|  0%| F|  |TAMS 0x000000008c300000, 0x000000008c300000| Untracked 
| 196|0x000000008c400000, 0x000000008c400000, 0x000000008c500000|  0%| F|  |TAMS 0x000000008c400000, 0x000000008c400000| Untracked 

Card table byte_map: [0x0000022d6bfd0000,0x0000022d6c3d0000] _byte_map_base: 0x0000022d6bbd0000

Marking Bits (Prev, Next): (CMBitMap*) 0x0000022d58c345a0, (CMBitMap*) 0x0000022d58c34568
 Prev Bits: [0x0000022d6e7d0000, 0x0000022d707d0000)
 Next Bits: [0x0000022d6c7d0000, 0x0000022d6e7d0000)

Polling page: 0x0000022d5c580000

Metaspace:

Usage:
  Non-class:     74.02 MB capacity,    72.72 MB ( 98%) used,     1.07 MB (  1%) free+waste,   234.06 KB ( <1%) overhead. 
      Class:     11.32 MB capacity,    10.59 MB ( 94%) used,   644.59 KB (  6%) free+waste,   104.75 KB ( <1%) overhead. 
       Both:     85.34 MB capacity,    83.31 MB ( 98%) used,     1.70 MB (  2%) free+waste,   338.81 KB ( <1%) overhead. 

Virtual space:
  Non-class space:       76.00 MB reserved,      74.29 MB ( 98%) committed 
      Class space:        1.00 GB reserved,      11.45 MB (  1%) committed 
             Both:        1.07 GB reserved,      85.73 MB (  8%) committed 

Chunk freelists:
   Non-Class:  83.00 KB
       Class:  24.00 KB
        Both:  107.00 KB

MaxMetaspaceSize: 17179869184.00 GB
CompressedClassSpaceSize: 1.00 GB

CodeHeap 'non-profiled nmethods': size=120064Kb used=6148Kb max_used=6148Kb free=113915Kb
 bounds [0x0000022d64060000, 0x0000022d64670000, 0x0000022d6b5a0000]
CodeHeap 'profiled nmethods': size=120000Kb used=23709Kb max_used=23709Kb free=96290Kb
 bounds [0x0000022d5cb30000, 0x0000022d5e260000, 0x0000022d64060000]
CodeHeap 'non-nmethods': size=5696Kb used=2274Kb max_used=2322Kb free=3421Kb
 bounds [0x0000022d5c5a0000, 0x0000022d5c810000, 0x0000022d5cb30000]
 total_blobs=11688 nmethods=10809 adapters=790
 compilation: enabled
              stopped_count=0, restarted_count=0
 full_count=0

Compilation events (20 events):
Event: 20.684 Thread 0x0000022d72e3a800 11246   !   2       org.gradle.internal.snapshot.impl.DefaultValueSnapshotter::serialize (88 bytes)
Event: 20.685 Thread 0x0000022d72e3a800 nmethod 11246 0x0000022d5e250510 code [0x0000022d5e250780, 0x0000022d5e250f98]
Event: 20.685 Thread 0x0000022d72e3a800 11247       2       org.gradle.internal.snapshot.impl.DefaultValueSnapshotter$IsolatableVisitor::serialized (7 bytes)
Event: 20.686 Thread 0x0000022d72e3a800 nmethod 11247 0x0000022d5e251490 code [0x0000022d5e251700, 0x0000022d5e251f18]
Event: 20.687 Thread 0x0000022d72e3a800 11248       2       java.util.AbstractCollection::remove (67 bytes)
Event: 20.687 Thread 0x0000022d72e3a800 nmethod 11248 0x0000022d5e252310 code [0x0000022d5e252540, 0x0000022d5e2528d8]
Event: 20.691 Thread 0x0000022d72e3a800 11250       2       org.gradle.api.internal.provider.Providers::fixedValue (68 bytes)
Event: 20.692 Thread 0x0000022d72e3a800 nmethod 11250 0x0000022d5e252a90 code [0x0000022d5e252d20, 0x0000022d5e253648]
Event: 20.724 Thread 0x0000022d72e3a800 11254       2       com.sun.org.apache.xerces.internal.impl.XMLStreamReaderImpl::hasNext (25 bytes)
Event: 20.724 Thread 0x0000022d72e3a800 nmethod 11254 0x0000022d5e253b10 code [0x0000022d5e253cc0, 0x0000022d5e253df8]
Event: 20.724 Thread 0x0000022d72e3a800 11255       2       com.sun.org.apache.xerces.internal.impl.io.UTF8Reader::read (1443 bytes)
Event: 20.728 Thread 0x0000022d72e3a800 nmethod 11255 0x0000022d5e253e90 code [0x0000022d5e254260, 0x0000022d5e255dd8]
Event: 20.740 Thread 0x0000022d72e3a800 11256       2       com.sun.org.apache.xerces.internal.impl.PropertyManager::getProperty (9 bytes)
Event: 20.740 Thread 0x0000022d72e3a800 nmethod 11256 0x0000022d5e257010 code [0x0000022d5e2571c0, 0x0000022d5e2572e8]
Event: 20.749 Thread 0x0000022d72e3a800 11258       2       java.lang.CharacterData::of (120 bytes)
Event: 20.750 Thread 0x0000022d72e3a800 nmethod 11258 0x0000022d5e257390 code [0x0000022d5e2575a0, 0x0000022d5e257b58]
Event: 20.750 Thread 0x0000022d72e3a800 11259 %     3       java.lang.StringLatin1::toLowerCase @ 18 (180 bytes)
Event: 20.751 Thread 0x0000022d72e3a800 nmethod 11259% 0x0000022d5e257d10 code [0x0000022d5e257fc0, 0x0000022d5e258df8]
Event: 20.752 Thread 0x0000022d72e3a800 11260       2       java.lang.Character::toLowerCase (6 bytes)
Event: 20.753 Thread 0x0000022d72e3a800 nmethod 11260 0x0000022d5e259390 code [0x0000022d5e259560, 0x0000022d5e259698]

GC Heap History (20 events):
Event: 14.895 GC heap after
{Heap after GC invocations=27 (full 0):
 garbage-first heap   total 138240K, used 65669K [0x0000000080000000, 0x0000000100000000)
  region size 1024K, 7 young (7168K), 7 survivors (7168K)
 Metaspace       used 79750K, capacity 81791K, committed 82032K, reserved 1120256K
  class space    used 10335K, capacity 11073K, committed 11084K, reserved 1048576K
}
Event: 15.931 GC heap before
{Heap before GC invocations=27 (full 0):
 garbage-first heap   total 138240K, used 109701K [0x0000000080000000, 0x0000000100000000)
  region size 1024K, 51 young (52224K), 7 survivors (7168K)
 Metaspace       used 80942K, capacity 82969K, committed 83184K, reserved 1122304K
  class space    used 10441K, capacity 11184K, committed 11212K, reserved 1048576K
}
Event: 15.951 GC heap after
{Heap after GC invocations=28 (full 0):
 garbage-first heap   total 165888K, used 71511K [0x0000000080000000, 0x0000000100000000)
  region size 1024K, 7 young (7168K), 7 survivors (7168K)
 Metaspace       used 80942K, capacity 82969K, committed 83184K, reserved 1122304K
  class space    used 10441K, capacity 11184K, committed 11212K, reserved 1048576K
}
Event: 16.528 GC heap before
{Heap before GC invocations=28 (full 0):
 garbage-first heap   total 165888K, used 122711K [0x0000000080000000, 0x0000000100000000)
  region size 1024K, 58 young (59392K), 7 survivors (7168K)
 Metaspace       used 81090K, capacity 83109K, committed 83184K, reserved 1122304K
  class space    used 10441K, capacity 11184K, committed 11212K, reserved 1048576K
}
Event: 16.559 GC heap after
{Heap after GC invocations=29 (full 0):
 garbage-first heap   total 165888K, used 86224K [0x0000000080000000, 0x0000000100000000)
  region size 1024K, 8 young (8192K), 8 survivors (8192K)
 Metaspace       used 81090K, capacity 83109K, committed 83184K, reserved 1122304K
  class space    used 10441K, capacity 11184K, committed 11212K, reserved 1048576K
}
Event: 16.611 GC heap before
{Heap before GC invocations=29 (full 0):
 garbage-first heap   total 165888K, used 91344K [0x0000000080000000, 0x0000000100000000)
  region size 1024K, 14 young (14336K), 8 survivors (8192K)
 Metaspace       used 81113K, capacity 83109K, committed 83184K, reserved 1122304K
  class space    used 10441K, capacity 11184K, committed 11212K, reserved 1048576K
}
Event: 16.630 GC heap after
{Heap after GC invocations=30 (full 0):
 garbage-first heap   total 165888K, used 89600K [0x0000000080000000, 0x0000000100000000)
  region size 1024K, 2 young (2048K), 2 survivors (2048K)
 Metaspace       used 81113K, capacity 83109K, committed 83184K, reserved 1122304K
  class space    used 10441K, capacity 11184K, committed 11212K, reserved 1048576K
}
Event: 17.137 GC heap before
{Heap before GC invocations=31 (full 0):
 garbage-first heap   total 165888K, used 120320K [0x0000000080000000, 0x0000000100000000)
  region size 1024K, 29 young (29696K), 2 survivors (2048K)
 Metaspace       used 81141K, capacity 83057K, committed 83440K, reserved 1122304K
  class space    used 10407K, capacity 11122K, committed 11212K, reserved 1048576K
}
Event: 17.154 GC heap after
{Heap after GC invocations=32 (full 0):
 garbage-first heap   total 165888K, used 98158K [0x0000000080000000, 0x0000000100000000)
  region size 1024K, 4 young (4096K), 4 survivors (4096K)
 Metaspace       used 81141K, capacity 83057K, committed 83440K, reserved 1122304K
  class space    used 10407K, capacity 11122K, committed 11212K, reserved 1048576K
}
Event: 17.406 GC heap before
{Heap before GC invocations=32 (full 0):
 garbage-first heap   total 165888K, used 122734K [0x0000000080000000, 0x0000000100000000)
  region size 1024K, 28 young (28672K), 4 survivors (4096K)
 Metaspace       used 81144K, capacity 83057K, committed 83440K, reserved 1122304K
  class space    used 10407K, capacity 11122K, committed 11212K, reserved 1048576K
}
Event: 17.417 GC heap after
{Heap after GC invocations=33 (full 0):
 garbage-first heap   total 201728K, used 101273K [0x0000000080000000, 0x0000000100000000)
  region size 1024K, 3 young (3072K), 3 survivors (3072K)
 Metaspace       used 81144K, capacity 83057K, committed 83440K, reserved 1122304K
  class space    used 10407K, capacity 11122K, committed 11212K, reserved 1048576K
}
Event: 18.176 GC heap before
{Heap before GC invocations=34 (full 0):
 garbage-first heap   total 201728K, used 138137K [0x0000000080000000, 0x0000000100000000)
  region size 1024K, 39 young (39936K), 3 survivors (3072K)
 Metaspace       used 81992K, capacity 84065K, committed 84336K, reserved 1122304K
  class space    used 10495K, capacity 11246K, committed 11340K, reserved 1048576K
}
Event: 18.188 GC heap after
{Heap after GC invocations=35 (full 0):
 garbage-first heap   total 201728K, used 102942K [0x0000000080000000, 0x0000000100000000)
  region size 1024K, 4 young (4096K), 4 survivors (4096K)
 Metaspace       used 81992K, capacity 84065K, committed 84336K, reserved 1122304K
  class space    used 10495K, capacity 11246K, committed 11340K, reserved 1048576K
}
Event: 18.198 GC heap before
{Heap before GC invocations=35 (full 0):
 garbage-first heap   total 201728K, used 102942K [0x0000000080000000, 0x0000000100000000)
  region size 1024K, 5 young (5120K), 4 survivors (4096K)
 Metaspace       used 81992K, capacity 84065K, committed 84336K, reserved 1122304K
  class space    used 10495K, capacity 11246K, committed 11340K, reserved 1048576K
}
Event: 18.206 GC heap after
{Heap after GC invocations=36 (full 0):
 garbage-first heap   total 201728K, used 103588K [0x0000000080000000, 0x0000000100000000)
  region size 1024K, 3 young (3072K), 3 survivors (3072K)
 Metaspace       used 81992K, capacity 84065K, committed 84336K, reserved 1122304K
  class space    used 10495K, capacity 11246K, committed 11340K, reserved 1048576K
}
Event: 19.294 GC heap before
{Heap before GC invocations=37 (full 0):
 garbage-first heap   total 201728K, used 149668K [0x0000000080000000, 0x0000000100000000)
  region size 1024K, 40 young (40960K), 3 survivors (3072K)
 Metaspace       used 84092K, capacity 86202K, committed 86384K, reserved 1124352K
  class space    used 10758K, capacity 11510K, committed 11596K, reserved 1048576K
}
Event: 19.320 GC heap after
{Heap after GC invocations=38 (full 0):
 garbage-first heap   total 201728K, used 110099K [0x0000000080000000, 0x0000000100000000)
  region size 1024K, 5 young (5120K), 5 survivors (5120K)
 Metaspace       used 84092K, capacity 86202K, committed 86384K, reserved 1124352K
  class space    used 10758K, capacity 11510K, committed 11596K, reserved 1048576K
}
Event: 20.038 GC heap before
{Heap before GC invocations=38 (full 0):
 garbage-first heap   total 201728K, used 143891K [0x0000000080000000, 0x0000000100000000)
  region size 1024K, 40 young (40960K), 5 survivors (5120K)
 Metaspace       used 84356K, capacity 86507K, committed 86640K, reserved 1124352K
  class space    used 10769K, capacity 11546K, committed 11596K, reserved 1048576K
}
Event: 20.063 GC heap after
{Heap after GC invocations=39 (full 0):
 garbage-first heap   total 201728K, used 117393K [0x0000000080000000, 0x0000000100000000)
  region size 1024K, 6 young (6144K), 6 survivors (6144K)
 Metaspace       used 84356K, capacity 86507K, committed 86640K, reserved 1124352K
  class space    used 10769K, capacity 11546K, committed 11596K, reserved 1048576K
}
Event: 20.754 GC heap before
{Heap before GC invocations=40 (full 0):
 garbage-first heap   total 201728K, used 167569K [0x0000000080000000, 0x0000000100000000)
  region size 1024K, 39 young (39936K), 6 survivors (6144K)
 Metaspace       used 85307K, capacity 87385K, committed 87792K, reserved 1126400K
  class space    used 10842K, capacity 11592K, committed 11724K, reserved 1048576K
}

Deoptimization events (20 events):
Event: 20.290 Thread 0x0000022d78b44800 DEOPT PACKING pc=0x0000022d5e1f540a sp=0x0000003e5e3f88e0
Event: 20.290 Thread 0x0000022d78b44800 DEOPT UNPACKING pc=0x0000022d5c5c72ce sp=0x0000003e5e3f7e00 mode 0
Event: 20.315 Thread 0x0000022d78b44800 DEOPT PACKING pc=0x0000022d5e1f43ab sp=0x0000003e5e3f8d60
Event: 20.315 Thread 0x0000022d78b44800 DEOPT UNPACKING pc=0x0000022d5c5c72ce sp=0x0000003e5e3f8208 mode 0
Event: 20.410 Thread 0x0000022d78b45800 DEOPT PACKING pc=0x0000022d5e20ec24 sp=0x0000003e5e5fbee0
Event: 20.410 Thread 0x0000022d78b45800 DEOPT UNPACKING pc=0x0000022d5c5c72ce sp=0x0000003e5e5fb438 mode 0
Event: 20.414 Thread 0x0000022d78b45800 DEOPT PACKING pc=0x0000022d5e21397a sp=0x0000003e5e5fbd90
Event: 20.414 Thread 0x0000022d78b45800 DEOPT UNPACKING pc=0x0000022d5c5c72ce sp=0x0000003e5e5fb270 mode 0
Event: 20.424 Thread 0x0000022d78b45800 DEOPT PACKING pc=0x0000022d5e207772 sp=0x0000003e5e5fbd10
Event: 20.424 Thread 0x0000022d78b45800 DEOPT UNPACKING pc=0x0000022d5c5c72ce sp=0x0000003e5e5fb260 mode 0
Event: 20.458 Thread 0x0000022d78b44800 DEOPT PACKING pc=0x0000022d5e1fc58c sp=0x0000003e5e3f92f0
Event: 20.458 Thread 0x0000022d78b44800 DEOPT UNPACKING pc=0x0000022d5c5c72ce sp=0x0000003e5e3f8798 mode 0
Event: 20.543 Thread 0x0000022d78b45800 DEOPT PACKING pc=0x0000022d5e2097c7 sp=0x0000003e5e5fc450
Event: 20.543 Thread 0x0000022d78b45800 DEOPT UNPACKING pc=0x0000022d5c5c72ce sp=0x0000003e5e5fb910 mode 0
Event: 20.614 Thread 0x0000022d78b47000 DEOPT PACKING pc=0x0000022d5e21300b sp=0x0000003e5e7fc250
Event: 20.614 Thread 0x0000022d78b47000 DEOPT UNPACKING pc=0x0000022d5c5c72ce sp=0x0000003e5e7fb6f8 mode 0
Event: 20.741 Thread 0x0000022d78b47000 Uncommon trap: trap_request=0xffffff4d fr.pc=0x0000022d6406c764 relative=0x0000000000000044
Event: 20.741 Thread 0x0000022d78b47000 Uncommon trap: reason=unstable_if action=reinterpret pc=0x0000022d6406c764 method=java.lang.CharacterData.of(I)Ljava/lang/CharacterData; @ 4 c2
Event: 20.741 Thread 0x0000022d78b47000 DEOPT PACKING pc=0x0000022d6406c764 sp=0x0000003e5e7fd290
Event: 20.741 Thread 0x0000022d78b47000 DEOPT UNPACKING pc=0x0000022d5c5c74af sp=0x0000003e5e7fd228 mode 2

Classes redefined (0 events):
No events

Internal exceptions (20 events):
Event: 17.950 Thread 0x0000022d78b44800 Exception <a 'java/lang/NoSuchMethodError'{0x000000008ade13f0}: <clinit>> (0x000000008ade13f0) thrown at [./src/hotspot/share/prims/jni.cpp, line 1362]
Event: 17.951 Thread 0x0000022d78b44800 Exception <a 'java/lang/NoSuchMethodError'{0x000000008adf16b0}: <clinit>> (0x000000008adf16b0) thrown at [./src/hotspot/share/prims/jni.cpp, line 1362]
Event: 17.960 Thread 0x0000022d78b44800 Exception <a 'java/lang/NoSuchMethodError'{0x000000008ac61318}: <clinit>> (0x000000008ac61318) thrown at [./src/hotspot/share/prims/jni.cpp, line 1362]
Event: 17.960 Thread 0x0000022d78b44800 Exception <a 'java/lang/NoSuchMethodError'{0x000000008ac63ee0}: <clinit>> (0x000000008ac63ee0) thrown at [./src/hotspot/share/prims/jni.cpp, line 1362]
Event: 17.960 Thread 0x0000022d78b44800 Exception <a 'java/lang/NoSuchMethodError'{0x000000008ac68808}: <clinit>> (0x000000008ac68808) thrown at [./src/hotspot/share/prims/jni.cpp, line 1362]
Event: 17.961 Thread 0x0000022d78b44800 Exception <a 'java/lang/NoSuchMethodError'{0x000000008ac73ae8}: <clinit>> (0x000000008ac73ae8) thrown at [./src/hotspot/share/prims/jni.cpp, line 1362]
Event: 17.967 Thread 0x0000022d78b44800 Exception <a 'java/lang/NoSuchMethodError'{0x000000008accb0b0}: <clinit>> (0x000000008accb0b0) thrown at [./src/hotspot/share/prims/jni.cpp, line 1362]
Event: 17.970 Thread 0x0000022d78b44800 Exception <a 'java/lang/NoSuchMethodError'{0x000000008acfcd98}: <clinit>> (0x000000008acfcd98) thrown at [./src/hotspot/share/prims/jni.cpp, line 1362]
Event: 17.970 Thread 0x0000022d78b44800 Exception <a 'java/lang/NoSuchMethodError'{0x000000008ab00488}: <clinit>> (0x000000008ab00488) thrown at [./src/hotspot/share/prims/jni.cpp, line 1362]
Event: 17.970 Thread 0x0000022d78b44800 Exception <a 'java/lang/NoSuchMethodError'{0x000000008ab03340}: <clinit>> (0x000000008ab03340) thrown at [./src/hotspot/share/prims/jni.cpp, line 1362]
Event: 17.971 Thread 0x0000022d78b44800 Exception <a 'java/lang/NoSuchMethodError'{0x000000008ab1b338}: <clinit>> (0x000000008ab1b338) thrown at [./src/hotspot/share/prims/jni.cpp, line 1362]
Event: 17.972 Thread 0x0000022d78b44800 Exception <a 'java/lang/NoSuchMethodError'{0x000000008ab32930}: <clinit>> (0x000000008ab32930) thrown at [./src/hotspot/share/prims/jni.cpp, line 1362]
Event: 17.973 Thread 0x0000022d78b44800 Exception <a 'java/lang/NoSuchMethodError'{0x000000008ab47398}: <clinit>> (0x000000008ab47398) thrown at [./src/hotspot/share/prims/jni.cpp, line 1362]
Event: 17.974 Thread 0x0000022d78b44800 Exception <a 'java/lang/NoSuchMethodError'{0x000000008ab69e98}: <clinit>> (0x000000008ab69e98) thrown at [./src/hotspot/share/prims/jni.cpp, line 1362]
Event: 17.975 Thread 0x0000022d78b44800 Exception <a 'java/lang/NoSuchMethodError'{0x000000008ab8f450}: <clinit>> (0x000000008ab8f450) thrown at [./src/hotspot/share/prims/jni.cpp, line 1362]
Event: 17.977 Thread 0x0000022d78b44800 Exception <a 'java/lang/NoSuchMethodError'{0x000000008aba3a28}: <clinit>> (0x000000008aba3a28) thrown at [./src/hotspot/share/prims/jni.cpp, line 1362]
Event: 18.155 Thread 0x0000022d78b44800 Implicit null exception at 0x0000022d640baf6f to 0x0000022d640bb5ac
Event: 20.153 Thread 0x0000022d78b44800 Implicit null exception at 0x0000022d645f936a to 0x0000022d645fe3ec
Event: 20.261 Thread 0x0000022d78b44800 Exception <a 'java/lang/NoSuchMethodError'{0x000000008c100b50}: <clinit>> (0x000000008c100b50) thrown at [./src/hotspot/share/prims/jni.cpp, line 1362]
Event: 20.346 Thread 0x0000022d78b44800 Exception <a 'java/lang/NoSuchMethodError'{0x000000008bdc7278}: <clinit>> (0x000000008bdc7278) thrown at [./src/hotspot/share/prims/jni.cpp, line 1362]

Events (20 events):
Event: 20.741 loading class java/lang/CharacterData00 done
Event: 20.742 Executing VM operation: Deoptimize
Event: 20.743 Executing VM operation: Deoptimize done
Event: 20.743 loading class com/android/aaptcompiler/ResourceTable$addResourceWithId$1
Event: 20.743 loading class com/android/aaptcompiler/ResourceTable$addResourceWithId$1 done
Event: 20.744 loading class com/android/aaptcompiler/ResourceTable$addResourceWithId$2
Event: 20.744 loading class com/android/aaptcompiler/ResourceTable$addResourceWithId$2 done
Event: 20.745 loading class com/android/aaptcompiler/UnicodeUtilKt
Event: 20.745 loading class com/android/aaptcompiler/UnicodeUtilKt done
Event: 20.748 loading class com/android/aaptcompiler/ResourceTablePackage
Event: 20.748 loading class com/android/aaptcompiler/ResourceTablePackage done
Event: 20.749 loading class com/android/aaptcompiler/ResourceFileKt
Event: 20.749 loading class com/android/aaptcompiler/ResourceFileKt done
Event: 20.750 loading class com/android/aaptcompiler/ResourceGroup
Event: 20.750 loading class com/android/aaptcompiler/ResourceGroup done
Event: 20.752 loading class com/android/aaptcompiler/ResourceEntry
Event: 20.752 loading class com/android/aaptcompiler/ResourceEntry done
Event: 20.752 loading class com/android/aaptcompiler/Visibility
Event: 20.752 loading class com/android/aaptcompiler/Visibility done
Event: 20.753 Executing VM operation: G1CollectForAllocation


Dynamic libraries:
0x00007ff782aa0000 - 0x00007ff782aaa000 	C:\Program Files\Android\Android Studio\jre\bin\java.exe
0x00007ffdf8530000 - 0x00007ffdf86f1000 	C:\Windows\SYSTEM32\ntdll.dll
0x00007ffdf6c20000 - 0x00007ffdf6ccd000 	C:\Windows\system32\KERNEL32.DLL
0x00007ffdf5440000 - 0x00007ffdf5628000 	C:\Windows\system32\KERNELBASE.dll
0x00007ffdeaea0000 - 0x00007ffdeaeb9000 	C:\Program Files\Android\Android Studio\jre\bin\jli.dll
0x00007ffdf6140000 - 0x00007ffdf6296000 	C:\Windows\system32\USER32.dll
0x00007ffdf63c0000 - 0x00007ffdf6547000 	C:\Windows\system32\GDI32.dll
0x00007ffde6730000 - 0x00007ffde6747000 	C:\Program Files\Android\Android Studio\jre\bin\VCRUNTIME140.dll
0x00007ffdf3df0000 - 0x00007ffdf3ee4000 	C:\Windows\SYSTEM32\ucrtbase.dll
0x00007ffdec530000 - 0x00007ffdec7a4000 	C:\Windows\WinSxS\amd64_microsoft.windows.common-controls_6595b64144ccf1df_6.0.10586.839_none_a2ddba30a539a2ae\COMCTL32.dll
0x00007ffdf62b0000 - 0x00007ffdf634d000 	C:\Windows\system32\msvcrt.dll
0x00007ffdf6890000 - 0x00007ffdf6b0e000 	C:\Windows\system32\combase.dll
0x00007ffdf5b90000 - 0x00007ffdf5cad000 	C:\Windows\system32\RPCRT4.dll
0x00007ffdf53d0000 - 0x00007ffdf543a000 	C:\Windows\system32\bcryptPrimitives.dll
0x00007ffdf5b50000 - 0x00007ffdf5b8b000 	C:\Windows\system32\IMM32.DLL
0x00007ffde4db0000 - 0x00007ffde4e4d000 	C:\Program Files\Android\Android Studio\jre\bin\msvcp140.dll
0x00007ffdd2050000 - 0x00007ffdd2b0c000 	C:\Program Files\Android\Android Studio\jre\bin\server\jvm.dll
0x00007ffdf67e0000 - 0x00007ffdf6887000 	C:\Windows\system32\ADVAPI32.dll
0x00007ffdf5af0000 - 0x00007ffdf5b4b000 	C:\Windows\system32\sechost.dll
0x00007ffdf6b30000 - 0x00007ffdf6b38000 	C:\Windows\system32\PSAPI.DLL
0x00007ffdeaf50000 - 0x00007ffdeaf59000 	C:\Windows\SYSTEM32\WSOCK32.dll
0x00007ffdf6350000 - 0x00007ffdf63bb000 	C:\Windows\system32\WS2_32.dll
0x00007ffdf2f20000 - 0x00007ffdf2f43000 	C:\Windows\SYSTEM32\WINMM.dll
0x00007ffde6e20000 - 0x00007ffde6e2a000 	C:\Windows\SYSTEM32\VERSION.dll
0x00007ffdf2ef0000 - 0x00007ffdf2f1c000 	C:\Windows\SYSTEM32\WINMMBASE.dll
0x00007ffdf5380000 - 0x00007ffdf53c3000 	C:\Windows\system32\cfgmgr32.dll
0x00007ffdf4bd0000 - 0x00007ffdf4bdf000 	C:\Windows\system32\kernel.appcore.dll
0x00007ffde91a0000 - 0x00007ffde91b1000 	C:\Program Files\Android\Android Studio\jre\bin\verify.dll
0x00007ffde85f0000 - 0x00007ffde877c000 	C:\Windows\SYSTEM32\DBGHELP.DLL
0x00007ffdf2f80000 - 0x00007ffdf2fa5000 	C:\Windows\SYSTEM32\dbgcore.DLL
0x00007ffde9170000 - 0x00007ffde9199000 	C:\Program Files\Android\Android Studio\jre\bin\java.dll
0x00007ffdeaf40000 - 0x00007ffdeaf4b000 	C:\Program Files\Android\Android Studio\jre\bin\jimage.dll
0x00007ffde9150000 - 0x00007ffde9168000 	C:\Program Files\Android\Android Studio\jre\bin\zip.dll
0x00007ffdf6cd0000 - 0x00007ffdf822c000 	C:\Windows\system32\SHELL32.dll
0x00007ffdf4d30000 - 0x00007ffdf5375000 	C:\Windows\system32\windows.storage.dll
0x00007ffdf5a90000 - 0x00007ffdf5ae2000 	C:\Windows\system32\shlwapi.dll
0x00007ffdf4be0000 - 0x00007ffdf4c95000 	C:\Windows\system32\shcore.dll
0x00007ffdf4b70000 - 0x00007ffdf4bbb000 	C:\Windows\system32\powrprof.dll
0x00007ffdf4b50000 - 0x00007ffdf4b64000 	C:\Windows\system32\profapi.dll
0x00007ffde8f20000 - 0x00007ffde8f3a000 	C:\Program Files\Android\Android Studio\jre\bin\net.dll
0x00007ffdebf10000 - 0x00007ffdebfd7000 	C:\Windows\SYSTEM32\WINHTTP.dll
0x00007ffdf4480000 - 0x00007ffdf44dc000 	C:\Windows\system32\mswsock.dll
0x00007ffde8f00000 - 0x00007ffde8f14000 	C:\Program Files\Android\Android Studio\jre\bin\nio.dll
0x00007ffdec200000 - 0x00007ffdec227000 	C:\Users\Huzaifa Sammar\.gradle\native\8bec1ad78214c89d9ad589b4d07fe93259594b29d510b10fafb7a158f7737e5d\windows-amd64\native-platform.dll
0x00007ffdec0c0000 - 0x00007ffdec1fd000 	C:\Users\Huzaifa Sammar\.gradle\native\53dbd7edfb1c66fb8903c78663c9afc45aea4f116125fa6feffd364cf09443e8\windows-amd64\native-platform-file-events.dll
0x00007ffdeaf10000 - 0x00007ffdeaf1a000 	C:\Program Files\Android\Android Studio\jre\bin\management.dll
0x00007ffde9140000 - 0x00007ffde914c000 	C:\Program Files\Android\Android Studio\jre\bin\management_ext.dll
0x00007ffdf4530000 - 0x00007ffdf4547000 	C:\Windows\SYSTEM32\CRYPTSP.dll
0x00007ffdf41c0000 - 0x00007ffdf41f4000 	C:\Windows\system32\rsaenh.dll
0x00007ffdf4750000 - 0x00007ffdf4779000 	C:\Windows\SYSTEM32\bcrypt.dll
0x00007ffdf4310000 - 0x00007ffdf432f000 	C:\Windows\SYSTEM32\USERENV.dll
0x00007ffdf4650000 - 0x00007ffdf465b000 	C:\Windows\SYSTEM32\CRYPTBASE.dll
0x00007ffdec7c0000 - 0x00007ffdec7f8000 	C:\Windows\SYSTEM32\IPHLPAPI.DLL
0x00007ffdf62a0000 - 0x00007ffdf62a8000 	C:\Windows\system32\NSI.dll
0x00007ffdeb5c0000 - 0x00007ffdeb5d6000 	C:\Windows\SYSTEM32\dhcpcsvc6.DLL
0x00007ffdeb700000 - 0x00007ffdeb71a000 	C:\Windows\SYSTEM32\dhcpcsvc.DLL

dbghelp: loaded successfully - version: 4.0.5 - missing functions: none
symbol engine: initialized successfully - sym options: 0x614 - pdb path: .;C:\Program Files\Android\Android Studio\jre\bin;C:\Windows\SYSTEM32;C:\Windows\WinSxS\amd64_microsoft.windows.common-controls_6595b64144ccf1df_6.0.10586.839_none_a2ddba30a539a2ae;C:\Program Files\Android\Android Studio\jre\bin\server;C:\Users\Huzaifa Sammar\.gradle\native\8bec1ad78214c89d9ad589b4d07fe93259594b29d510b10fafb7a158f7737e5d\windows-amd64;C:\Users\Huzaifa Sammar\.gradle\native\53dbd7edfb1c66fb8903c78663c9afc45aea4f116125fa6feffd364cf09443e8\windows-amd64

VM Arguments:
jvm_args: --add-opens=java.base/java.util=ALL-UNNAMED --add-opens=java.base/java.lang=ALL-UNNAMED --add-opens=java.base/java.lang.invoke=ALL-UNNAMED --add-opens=java.base/java.util=ALL-UNNAMED --add-opens=java.prefs/java.util.prefs=ALL-UNNAMED --add-opens=java.prefs/java.util.prefs=ALL-UNNAMED --add-opens=java.base/java.nio.charset=ALL-UNNAMED --add-opens=java.base/java.net=ALL-UNNAMED --add-opens=java.base/java.util.concurrent.atomic=ALL-UNNAMED -Xmx2048m -Dfile.encoding=UTF-8 -Duser.country=US -Duser.language=en -Duser.variant 
java_command: org.gradle.launcher.daemon.bootstrap.GradleDaemon 7.0.2
java_class_path (initial): C:\Users\Huzaifa Sammar\.gradle\wrapper\dists\gradle-7.0.2-bin\857tjihv64xamwrf0h14cai3r\gradle-7.0.2\lib\gradle-launcher-7.0.2.jar
Launcher Type: SUN_STANDARD

[Global flags]
     intx CICompilerCount                          = 3                                         {product} {ergonomic}
     uint ConcGCThreads                            = 1                                         {product} {ergonomic}
     uint G1ConcRefinementThreads                  = 4                                         {product} {ergonomic}
   size_t G1HeapRegionSize                         = 1048576                                   {product} {ergonomic}
    uintx GCDrainStackTargetSize                   = 64                                        {product} {ergonomic}
   size_t InitialHeapSize                          = 67108864                                  {product} {ergonomic}
   size_t MarkStackSize                            = 4194304                                   {product} {ergonomic}
   size_t MaxHeapSize                              = 2147483648                                {product} {command line}
   size_t MaxNewSize                               = 1287651328                                {product} {ergonomic}
   size_t MinHeapDeltaBytes                        = 1048576                                   {product} {ergonomic}
    uintx NonNMethodCodeHeapSize                   = 5830732                                {pd product} {ergonomic}
    uintx NonProfiledCodeHeapSize                  = 122913754                              {pd product} {ergonomic}
    uintx ProfiledCodeHeapSize                     = 122913754                              {pd product} {ergonomic}
    uintx ReservedCodeCacheSize                    = 251658240                              {pd product} {ergonomic}
     bool SegmentedCodeCache                       = true                                      {product} {ergonomic}
     bool UseCompressedClassPointers               = true                                 {lp64_product} {ergonomic}
     bool UseCompressedOops                        = true                                 {lp64_product} {ergonomic}
     bool UseG1GC                                  = true                                      {product} {ergonomic}
     bool UseLargePagesIndividualAllocation        = false                                  {pd product} {ergonomic}

Logging:
Log output configuration:
 #0: stdout all=warning uptime,level,tags
 #1: stderr all=off uptime,level,tags

Environment Variables:
JAVA_HOME=C:\Program Files\Java\jdk-12.0.2
PATH=C:\Users\Huzaifa Sammar\flutter/bin;C:\Program Files\Git\bin\git.exe;C:\Windows\System32;C:\Program Files\Git\cmd;C:\Windows\System32\Windows;C:\Windows\System32\WindowsPowerShell\v1.0;C:\Users\Huzaifa Sammar\AppData\Local\Android\Sdk;C:\Program Files\Java\jdk-12.0.2\bin;C:\Program Files (x86)\Java\jre1.8.0_171\bin;C:\Users\Huzaifa Sammar\dart-sdk\bin;C:\Users\Huzaifa Sammar\AppData\Local\Programs\Python\Python38;C:\Users\Huzaifa Sammar\AppData\Local\Programs\Python\Python38\Scripts
USERNAME=Huzaifa Sammar
OS=Windows_NT
PROCESSOR_IDENTIFIER=Intel64 Family 6 Model 69 Stepping 1, GenuineIntel



---------------  S Y S T E M  ---------------

OS: Windows 10 , 64 bit Build 10586 (10.0.10586.589)
OS uptime: 0 days 1:49 hours

CPU:total 4 (initial active 4) (2 cores per cpu, 2 threads per core) family 6 model 69 stepping 1, cmov, cx8, fxsr, mmx, sse, sse2, sse3, ssse3, sse4.1, sse4.2, popcnt, avx, avx2, aes, clmul, erms, lzcnt, ht, tsc, tscinvbit, bmi1, bmi2, fma

Memory: 4k page, system-wide physical 4001M (511M free)
TotalPageFile size 6863M (AvailPageFile size 40M)
current process WorkingSet (physical memory assigned to process): 449M, peak: 449M
current process commit charge ("private bytes"): 475M, peak: 515M

vm_info: OpenJDK 64-Bit Server VM (11.0.8+10-b944.6842174) for windows-amd64 JRE (11.0.8+10-b944.6842174), built on Sep 19 2020 01:11:42 by "builder" with MS VC++ 14.0 (VS2015)

END.
