#
# There is insufficient memory for the Java Runtime Environment to continue.
# Native memory allocation (malloc) failed to allocate 2146256 bytes for Chunk::new
# Possible reasons:
#   The system is out of physical RAM or swap space
#   The process is running with CompressedOops enabled, and the Java Heap may be blocking the growth of the native heap
# Possible solutions:
#   Reduce memory load on the system
#   Increase physical memory or swap space
#   Check if swap backing store is full
#   Decrease Java heap size (-Xmx/-Xms)
#   Decrease number of Java threads
#   Decrease Java thread stack sizes (-Xss)
#   Set larger code cache with -XX:ReservedCodeCacheSize=
#   JVM is running with Unscaled Compressed Oops mode in which the Java heap is
#     placed in the first 4GB address space. The Java Heap base address is the
#     maximum limit for the native heap growth. Please use -XX:HeapBaseMinAddress
#     to set the Java Heap base and to place the Java Heap above 4GB virtual address.
# This output file may be truncated or incomplete.
#
#  Out of Memory Error (./src/hotspot/share/memory/arena.cpp:197), pid=8984, tid=3392
#
# JRE version: OpenJDK Runtime Environment (11.0.8+10) (build 11.0.8+10-b944.6842174)
# Java VM: OpenJDK 64-Bit Server VM (11.0.8+10-b944.6842174, mixed mode, tiered, compressed oops, g1 gc, windows-amd64)
# No core dump will be written. Minidumps are not enabled by default on client versions of Windows
#

---------------  S U M M A R Y ------------

Command Line: --add-opens=java.base/java.util=ALL-UNNAMED --add-opens=java.base/java.lang=ALL-UNNAMED --add-opens=java.base/java.lang.invoke=ALL-UNNAMED --add-opens=java.base/java.util=ALL-UNNAMED --add-opens=java.prefs/java.util.prefs=ALL-UNNAMED --add-opens=java.prefs/java.util.prefs=ALL-UNNAMED --add-opens=java.base/java.nio.charset=ALL-UNNAMED --add-opens=java.base/java.net=ALL-UNNAMED --add-opens=java.base/java.util.concurrent.atomic=ALL-UNNAMED -Xmx2048m -Dfile.encoding=UTF-8 -Duser.country=US -Duser.language=en -Duser.variant org.gradle.launcher.daemon.bootstrap.GradleDaemon 7.0.2

Host: Intel(R) Core(TM) i5-4310U CPU @ 2.00GHz, 4 cores, 3G,  Windows 10 , 64 bit Build 10586 (10.0.10586.589)
Time: Thu Nov 25 11:11:02 2021 Pakistan Standard Time elapsed time: 265 seconds (0d 0h 4m 25s)

---------------  T H R E A D  ---------------

Current thread (0x000001acb37a9800):  JavaThread "C2 CompilerThread1" daemon [_thread_in_native, id=3392, stack(0x0000009a22000000,0x0000009a22100000)]


Current CompileTask:
C2: 265793 12004       4       org.gradle.internal.service.DefaultServiceRegistry$OwnServices$ProviderAnalyser::analyseType (114 bytes)

Stack: [0x0000009a22000000,0x0000009a22100000]
Native frames: (J=compiled Java code, j=interpreted, Vv=VM code, C=native code)
V  [jvm.dll+0x5de50a]
V  [jvm.dll+0x7122f5]
V  [jvm.dll+0x71384d]
V  [jvm.dll+0x713f03]
V  [jvm.dll+0x23e728]
V  [jvm.dll+0xb899c]
V  [jvm.dll+0xb8e9c]
V  [jvm.dll+0x35020b]
V  [jvm.dll+0x31dea3]
V  [jvm.dll+0x31d39a]
V  [jvm.dll+0x1f7702]
V  [jvm.dll+0x1f68d4]
V  [jvm.dll+0x17f32c]
V  [jvm.dll+0x205047]
V  [jvm.dll+0x203891]
V  [jvm.dll+0x6dad3f]
V  [jvm.dll+0x6d3895]
V  [jvm.dll+0x5dd4a6]
C  [ucrtbase.dll+0x6beed]
C  [KERNEL32.DLL+0x18102]
C  [ntdll.dll+0x5c5b4]


---------------  P R O C E S S  ---------------

Threads class SMR info:
_java_thread_list=0x000001acb575a550, length=41, elements={
0x000001ac98894000, 0x000001acb2a12800, 0x000001acb2a14000, 0x000001acb2a6d800,
0x000001acb2a6f000, 0x000001acb2a71800, 0x000001acb2a76000, 0x000001acb2a7f000,
0x000001acb34cc000, 0x000001acb34f2000, 0x000001acb4f31800, 0x000001acb521c000,
0x000001acb5b57800, 0x000001acb44b4000, 0x000001acb44b1800, 0x000001acb44b1000,
0x000001acb44b5000, 0x000001acb44af000, 0x000001acb5a2c800, 0x000001acb5a2b000,
0x000001acb5a2b800, 0x000001acb5a29000, 0x000001acb5a27800, 0x000001acb5a34800,
0x000001acb5a32000, 0x000001acb5a36800, 0x000001acb91c0800, 0x000001acb91b6000,
0x000001acb91b5800, 0x000001acb91bc800, 0x000001acb91b7000, 0x000001acb91bb000,
0x000001acb91bd800, 0x000001acb91b7800, 0x000001acb37a9800, 0x000001acb91be800,
0x000001acb91ba000, 0x000001acb91b9800, 0x000001acb91b8800, 0x000001acb91c0000,
0x000001acb91c1800
}

Java Threads: ( => current thread )
  0x000001ac98894000 JavaThread "main" [_thread_blocked, id=9012, stack(0x0000009a1cf00000,0x0000009a1d000000)]
  0x000001acb2a12800 JavaThread "Reference Handler" daemon [_thread_blocked, id=4660, stack(0x0000009a1d600000,0x0000009a1d700000)]
  0x000001acb2a14000 JavaThread "Finalizer" daemon [_thread_blocked, id=1256, stack(0x0000009a1d700000,0x0000009a1d800000)]
  0x000001acb2a6d800 JavaThread "Signal Dispatcher" daemon [_thread_blocked, id=8564, stack(0x0000009a1d800000,0x0000009a1d900000)]
  0x000001acb2a6f000 JavaThread "Attach Listener" daemon [_thread_blocked, id=8992, stack(0x0000009a1d900000,0x0000009a1da00000)]
  0x000001acb2a71800 JavaThread "C2 CompilerThread0" daemon [_thread_in_native, id=5008, stack(0x0000009a1da00000,0x0000009a1db00000)]
  0x000001acb2a76000 JavaThread "C1 CompilerThread0" daemon [_thread_blocked, id=7176, stack(0x0000009a1db00000,0x0000009a1dc00000)]
  0x000001acb2a7f000 JavaThread "Sweeper thread" daemon [_thread_blocked, id=5952, stack(0x0000009a1dc00000,0x0000009a1dd00000)]
  0x000001acb34cc000 JavaThread "Common-Cleaner" daemon [_thread_blocked, id=836, stack(0x0000009a1dd00000,0x0000009a1de00000)]
  0x000001acb34f2000 JavaThread "Service Thread" daemon [_thread_blocked, id=8868, stack(0x0000009a1de00000,0x0000009a1df00000)]
  0x000001acb4f31800 JavaThread "Daemon health stats" [_thread_blocked, id=7212, stack(0x0000009a1e200000,0x0000009a1e300000)]
  0x000001acb521c000 JavaThread "Incoming local TCP Connector on port 57370" [_thread_in_native, id=5512, stack(0x0000009a1e300000,0x0000009a1e400000)]
  0x000001acb5b57800 JavaThread "Daemon periodic checks" [_thread_blocked, id=3716, stack(0x0000009a1e400000,0x0000009a1e500000)]
  0x000001acb44b4000 JavaThread "Cache worker for file hash cache (C:\Users\Huzaifa Sammar\.gradle\caches\7.0.2\fileHashes)" [_thread_blocked, id=5340, stack(0x0000009a1ee00000,0x0000009a1ef00000)]
  0x000001acb44b1800 JavaThread "File lock request listener" [_thread_in_native, id=6228, stack(0x0000009a1ef00000,0x0000009a1f000000)]
  0x000001acb44b1000 JavaThread "Cache worker for journal cache (C:\Users\Huzaifa Sammar\.gradle\caches\journal-1)" [_thread_blocked, id=2956, stack(0x0000009a1f000000,0x0000009a1f100000)]
  0x000001acb44b5000 JavaThread "File watcher server" daemon [_thread_in_native, id=5500, stack(0x0000009a1f200000,0x0000009a1f300000)]
  0x000001acb44af000 JavaThread "File watcher consumer" daemon [_thread_blocked, id=5300, stack(0x0000009a1f300000,0x0000009a1f400000)]
  0x000001acb5a2c800 JavaThread "Cache worker for execution history cache (C:\Users\Huzaifa Sammar\.gradle\caches\7.0.2\executionHistory)" [_thread_blocked, id=5196, stack(0x0000009a1f700000,0x0000009a1f800000)]
  0x000001acb5a2b000 JavaThread "jar transforms" [_thread_blocked, id=8132, stack(0x0000009a1f800000,0x0000009a1f900000)]
  0x000001acb5a2b800 JavaThread "jar transforms Thread 2" [_thread_blocked, id=7248, stack(0x0000009a1f900000,0x0000009a1fa00000)]
  0x000001acb5a29000 JavaThread "Cache worker for file content cache (C:\Users\Huzaifa Sammar\.gradle\caches\7.0.2\fileContent)" [_thread_blocked, id=6304, stack(0x0000009a1fa00000,0x0000009a1fb00000)]
  0x000001acb5a27800 JavaThread "jar transforms Thread 3" [_thread_blocked, id=8584, stack(0x0000009a1fc00000,0x0000009a1fd00000)]
  0x000001acb5a34800 JavaThread "jar transforms Thread 4" [_thread_blocked, id=9064, stack(0x0000009a20200000,0x0000009a20300000)]
  0x000001acb5a32000 JavaThread "Memory manager" [_thread_blocked, id=5640, stack(0x0000009a20300000,0x0000009a20400000)]
  0x000001acb5a36800 JavaThread "pool-3-thread-1" [_thread_blocked, id=832, stack(0x0000009a20500000,0x0000009a20600000)]
  0x000001acb91c0800 JavaThread "ForkJoinPool.commonPool-worker-7" daemon [_thread_blocked, id=4360, stack(0x0000009a21500000,0x0000009a21600000)]
  0x000001acb91b6000 JavaThread "Daemon Thread 2" [_thread_blocked, id=4324, stack(0x0000009a21900000,0x0000009a21a00000)]
  0x000001acb91b5800 JavaThread "Handler for socket connection from /127.0.0.1:57370 to /127.0.0.1:57389" [_thread_in_native, id=7856, stack(0x0000009a21a00000,0x0000009a21b00000)]
  0x000001acb91bc800 JavaThread "Cancel handler" [_thread_blocked, id=220, stack(0x0000009a21b00000,0x0000009a21c00000)]
  0x000001acb91b7000 JavaThread "Daemon worker Thread 2" [_thread_in_Java, id=3860, stack(0x0000009a21c00000,0x0000009a21d00000)]
  0x000001acb91bb000 JavaThread "Asynchronous log dispatcher for DefaultDaemonConnection: socket connection from /127.0.0.1:57370 to /127.0.0.1:57389" [_thread_blocked, id=2376, stack(0x0000009a21d00000,0x0000009a21e00000)]
  0x000001acb91bd800 JavaThread "Stdin handler" [_thread_blocked, id=4312, stack(0x0000009a21e00000,0x0000009a21f00000)]
  0x000001acb91b7800 JavaThread "Daemon client event forwarder" [_thread_blocked, id=364, stack(0x0000009a21f00000,0x0000009a22000000)]
=>0x000001acb37a9800 JavaThread "C2 CompilerThread1" daemon [_thread_in_native, id=3392, stack(0x0000009a22000000,0x0000009a22100000)]
  0x000001acb91be800 JavaThread "Cache worker for file hash cache (C:\Users\Huzaifa Sammar\AndroidStudioProjects\DingVpnn\.gradle\7.0.2\fileHashes)" [_thread_blocked, id=3484, stack(0x0000009a22100000,0x0000009a22200000)]
  0x000001acb91ba000 JavaThread "Cache worker for checksums cache (C:\Users\Huzaifa Sammar\AndroidStudioProjects\DingVpnn\.gradle\checksums)" [_thread_blocked, id=9188, stack(0x0000009a22200000,0x0000009a22300000)]
  0x000001acb91b9800 JavaThread "Cache worker for cache directory md-supplier (C:\Users\Huzaifa Sammar\.gradle\caches\7.0.2\md-supplier)" [_thread_blocked, id=2928, stack(0x0000009a22300000,0x0000009a22400000)]
  0x000001acb91b8800 JavaThread "Cache worker for cache directory md-rule (C:\Users\Huzaifa Sammar\.gradle\caches\7.0.2\md-rule)" [_thread_blocked, id=9208, stack(0x0000009a22400000,0x0000009a22500000)]
  0x000001acb91c0000 JavaThread "Cache worker for dependencies-accessors (C:\Users\Huzaifa Sammar\AndroidStudioProjects\DingVpnn\.gradle\7.0.2\dependencies-accessors)" [_thread_blocked, id=3168, stack(0x0000009a22500000,0x0000009a22600000)]
  0x000001acb91c1800 JavaThread "Cache worker for Build Output Cleanup Cache (C:\Users\Huzaifa Sammar\AndroidStudioProjects\DingVpnn\.gradle\buildOutputCleanup)" [_thread_blocked, id=3496, stack(0x0000009a22600000,0x0000009a22700000)]

Other Threads:
  0x000001acb2a0b800 VMThread "VM Thread" [stack: 0x0000009a1d500000,0x0000009a1d600000] [id=8072]
  0x000001acb3514000 WatcherThread [stack: 0x0000009a1df00000,0x0000009a1e000000] [id=6236]
  0x000001ac988ac800 GCTaskThread "GC Thread#0" [stack: 0x0000009a1d000000,0x0000009a1d100000] [id=4616]
  0x000001acb3aa7800 GCTaskThread "GC Thread#1" [stack: 0x0000009a1e100000,0x0000009a1e200000] [id=8064]
  0x000001acb46c8800 GCTaskThread "GC Thread#2" [stack: 0x0000009a1ec00000,0x0000009a1ed00000] [id=7776]
  0x000001acb5c08000 GCTaskThread "GC Thread#3" [stack: 0x0000009a1ed00000,0x0000009a1ee00000] [id=3528]
  0x000001ac988dd800 ConcurrentGCThread "G1 Main Marker" [stack: 0x0000009a1d100000,0x0000009a1d200000] [id=8748]
  0x000001ac988de800 ConcurrentGCThread "G1 Conc#0" [stack: 0x0000009a1d200000,0x0000009a1d300000] [id=840]
  0x000001ac9893a800 ConcurrentGCThread "G1 Refine#0" [stack: 0x0000009a1d300000,0x0000009a1d400000] [id=4988]
  0x000001ac9893b800 ConcurrentGCThread "G1 Young RemSet Sampling" [stack: 0x0000009a1d400000,0x0000009a1d500000] [id=4012]

Threads with active compile tasks:
C2 CompilerThread0 265829 11975       4       org.gradle.internal.logging.sink.OutputEventTransformer::onOutput (399 bytes)
C2 CompilerThread1 265829 12004       4       org.gradle.internal.service.DefaultServiceRegistry$OwnServices$ProviderAnalyser::analyseType (114 bytes)

VM state:not at safepoint (normal execution)

VM Mutex/Monitor currently owned by a thread: None

Heap address: 0x0000000080000000, size: 2048 MB, Compressed Oops mode: 32-bit
Narrow klass base: 0x0000000000000000, Narrow klass shift: 3
Compressed class space size: 1073741824 Address: 0x0000000100000000

Heap:
 garbage-first heap   total 250880K, used 158583K [0x0000000080000000, 0x0000000100000000)
  region size 1024K, 52 young (53248K), 2 survivors (2048K)
 Metaspace       used 96550K, capacity 98871K, committed 98944K, reserved 1134592K
  class space    used 12155K, capacity 12996K, committed 13004K, reserved 1048576K
Heap Regions: E=young(eden), S=young(survivor), O=old, HS=humongous(starts), HC=humongous(continues), CS=collection set, F=free, A=archive, TAMS=top-at-mark-start (previous, next)
|   0|0x0000000080000000, 0x0000000080100000, 0x0000000080100000|100%|HS|  |TAMS 0x0000000080100000, 0x0000000080000000| Complete 
|   1|0x0000000080100000, 0x0000000080200000, 0x0000000080200000|100%|HC|  |TAMS 0x0000000080200000, 0x0000000080100000| Complete 
|   2|0x0000000080200000, 0x0000000080300000, 0x0000000080300000|100%|HC|  |TAMS 0x0000000080300000, 0x0000000080200000| Complete 
|   3|0x0000000080300000, 0x0000000080400000, 0x0000000080400000|100%| O|  |TAMS 0x0000000080400000, 0x0000000080300000| Untracked 
|   4|0x0000000080400000, 0x0000000080500000, 0x0000000080500000|100%| O|  |TAMS 0x0000000080500000, 0x0000000080400000| Untracked 
|   5|0x0000000080500000, 0x0000000080600000, 0x0000000080600000|100%| O|  |TAMS 0x0000000080600000, 0x0000000080500000| Untracked 
|   6|0x0000000080600000, 0x0000000080700000, 0x0000000080700000|100%| O|  |TAMS 0x0000000080700000, 0x0000000080600000| Untracked 
|   7|0x0000000080700000, 0x0000000080800000, 0x0000000080800000|100%| O|  |TAMS 0x0000000080800000, 0x0000000080700000| Untracked 
|   8|0x0000000080800000, 0x0000000080900000, 0x0000000080900000|100%| O|  |TAMS 0x0000000080900000, 0x0000000080800000| Untracked 
|   9|0x0000000080900000, 0x0000000080a00000, 0x0000000080a00000|100%| O|  |TAMS 0x0000000080a00000, 0x0000000080900000| Untracked 
|  10|0x0000000080a00000, 0x0000000080b00000, 0x0000000080b00000|100%| O|  |TAMS 0x0000000080b00000, 0x0000000080a00000| Untracked 
|  11|0x0000000080b00000, 0x0000000080c00000, 0x0000000080c00000|100%| O|  |TAMS 0x0000000080c00000, 0x0000000080b00000| Untracked 
|  12|0x0000000080c00000, 0x0000000080d00000, 0x0000000080d00000|100%| O|  |TAMS 0x0000000080d00000, 0x0000000080c00000| Untracked 
|  13|0x0000000080d00000, 0x0000000080e00000, 0x0000000080e00000|100%| O|  |TAMS 0x0000000080e00000, 0x0000000080d00000| Untracked 
|  14|0x0000000080e00000, 0x0000000080f00000, 0x0000000080f00000|100%| O|  |TAMS 0x0000000080f00000, 0x0000000080e00000| Untracked 
|  15|0x0000000080f00000, 0x0000000081000000, 0x0000000081000000|100%| O|  |TAMS 0x0000000081000000, 0x0000000080f00000| Untracked 
|  16|0x0000000081000000, 0x0000000081100000, 0x0000000081100000|100%| O|  |TAMS 0x0000000081100000, 0x0000000081000000| Untracked 
|  17|0x0000000081100000, 0x0000000081200000, 0x0000000081200000|100%| O|  |TAMS 0x0000000081200000, 0x0000000081100000| Untracked 
|  18|0x0000000081200000, 0x0000000081300000, 0x0000000081300000|100%| O|  |TAMS 0x0000000081300000, 0x0000000081200000| Untracked 
|  19|0x0000000081300000, 0x0000000081400000, 0x0000000081400000|100%| O|  |TAMS 0x0000000081400000, 0x0000000081300000| Untracked 
|  20|0x0000000081400000, 0x0000000081500000, 0x0000000081500000|100%| O|  |TAMS 0x0000000081500000, 0x0000000081400000| Untracked 
|  21|0x0000000081500000, 0x0000000081600000, 0x0000000081600000|100%| O|  |TAMS 0x0000000081600000, 0x0000000081500000| Untracked 
|  22|0x0000000081600000, 0x0000000081700000, 0x0000000081700000|100%| O|  |TAMS 0x0000000081700000, 0x0000000081600000| Untracked 
|  23|0x0000000081700000, 0x0000000081800000, 0x0000000081800000|100%| O|  |TAMS 0x0000000081800000, 0x0000000081700000| Untracked 
|  24|0x0000000081800000, 0x0000000081900000, 0x0000000081900000|100%| O|  |TAMS 0x0000000081900000, 0x0000000081800000| Untracked 
|  25|0x0000000081900000, 0x0000000081a00000, 0x0000000081a00000|100%| O|  |TAMS 0x0000000081a00000, 0x0000000081900000| Untracked 
|  26|0x0000000081a00000, 0x0000000081b00000, 0x0000000081b00000|100%|HS|  |TAMS 0x0000000081b00000, 0x0000000081a00000| Complete 
|  27|0x0000000081b00000, 0x0000000081c00000, 0x0000000081c00000|100%|HS|  |TAMS 0x0000000081c00000, 0x0000000081b00000| Complete 
|  28|0x0000000081c00000, 0x0000000081d00000, 0x0000000081d00000|100%|HC|  |TAMS 0x0000000081d00000, 0x0000000081c00000| Complete 
|  29|0x0000000081d00000, 0x0000000081e00000, 0x0000000081e00000|100%| O|  |TAMS 0x0000000081e00000, 0x0000000081d00000| Untracked 
|  30|0x0000000081e00000, 0x0000000081f00000, 0x0000000081f00000|100%| O|  |TAMS 0x0000000081f00000, 0x0000000081e00000| Untracked 
|  31|0x0000000081f00000, 0x0000000082000000, 0x0000000082000000|100%| O|  |TAMS 0x0000000082000000, 0x0000000081f00000| Untracked 
|  32|0x0000000082000000, 0x0000000082100000, 0x0000000082100000|100%| O|  |TAMS 0x0000000082100000, 0x0000000082000000| Untracked 
|  33|0x0000000082100000, 0x0000000082200000, 0x0000000082200000|100%| O|  |TAMS 0x0000000082200000, 0x0000000082100000| Untracked 
|  34|0x0000000082200000, 0x0000000082300000, 0x0000000082300000|100%| O|  |TAMS 0x0000000082300000, 0x0000000082200000| Untracked 
|  35|0x0000000082300000, 0x0000000082400000, 0x0000000082400000|100%| O|  |TAMS 0x0000000082400000, 0x0000000082300000| Untracked 
|  36|0x0000000082400000, 0x0000000082500000, 0x0000000082500000|100%| O|  |TAMS 0x0000000082500000, 0x0000000082400000| Untracked 
|  37|0x0000000082500000, 0x0000000082600000, 0x0000000082600000|100%| O|  |TAMS 0x0000000082600000, 0x0000000082500000| Untracked 
|  38|0x0000000082600000, 0x0000000082700000, 0x0000000082700000|100%| O|  |TAMS 0x0000000082700000, 0x0000000082600000| Untracked 
|  39|0x0000000082700000, 0x0000000082800000, 0x0000000082800000|100%| O|  |TAMS 0x0000000082800000, 0x0000000082700000| Untracked 
|  40|0x0000000082800000, 0x0000000082900000, 0x0000000082900000|100%| O|  |TAMS 0x0000000082900000, 0x0000000082800000| Untracked 
|  41|0x0000000082900000, 0x0000000082a00000, 0x0000000082a00000|100%| O|  |TAMS 0x0000000082a00000, 0x0000000082900000| Untracked 
|  42|0x0000000082a00000, 0x0000000082b00000, 0x0000000082b00000|100%| O|  |TAMS 0x0000000082b00000, 0x0000000082a00000| Untracked 
|  43|0x0000000082b00000, 0x0000000082c00000, 0x0000000082c00000|100%| O|  |TAMS 0x0000000082c00000, 0x0000000082b00000| Untracked 
|  44|0x0000000082c00000, 0x0000000082d00000, 0x0000000082d00000|100%| O|  |TAMS 0x0000000082d00000, 0x0000000082c00000| Untracked 
|  45|0x0000000082d00000, 0x0000000082e00000, 0x0000000082e00000|100%| O|  |TAMS 0x0000000082e00000, 0x0000000082d00000| Untracked 
|  46|0x0000000082e00000, 0x0000000082f00000, 0x0000000082f00000|100%| O|  |TAMS 0x0000000082f00000, 0x0000000082e00000| Untracked 
|  47|0x0000000082f00000, 0x0000000083000000, 0x0000000083000000|100%| O|  |TAMS 0x0000000083000000, 0x0000000082f00000| Untracked 
|  48|0x0000000083000000, 0x0000000083100000, 0x0000000083100000|100%| O|  |TAMS 0x0000000083100000, 0x0000000083000000| Untracked 
|  49|0x0000000083100000, 0x0000000083200000, 0x0000000083200000|100%| O|  |TAMS 0x0000000083200000, 0x0000000083100000| Untracked 
|  50|0x0000000083200000, 0x0000000083300000, 0x0000000083300000|100%| O|  |TAMS 0x0000000083300000, 0x0000000083200000| Untracked 
|  51|0x0000000083300000, 0x0000000083400000, 0x0000000083400000|100%| O|  |TAMS 0x0000000083400000, 0x0000000083300000| Untracked 
|  52|0x0000000083400000, 0x0000000083500000, 0x0000000083500000|100%| O|  |TAMS 0x0000000083500000, 0x0000000083400000| Untracked 
|  53|0x0000000083500000, 0x0000000083600000, 0x0000000083600000|100%| O|  |TAMS 0x0000000083600000, 0x0000000083500000| Untracked 
|  54|0x0000000083600000, 0x0000000083700000, 0x0000000083700000|100%| O|  |TAMS 0x0000000083700000, 0x0000000083600000| Untracked 
|  55|0x0000000083700000, 0x0000000083800000, 0x0000000083800000|100%| O|  |TAMS 0x0000000083800000, 0x0000000083700000| Untracked 
|  56|0x0000000083800000, 0x0000000083900000, 0x0000000083900000|100%| O|  |TAMS 0x0000000083900000, 0x0000000083800000| Untracked 
|  57|0x0000000083900000, 0x0000000083a00000, 0x0000000083a00000|100%| O|  |TAMS 0x0000000083a00000, 0x0000000083900000| Untracked 
|  58|0x0000000083a00000, 0x0000000083b00000, 0x0000000083b00000|100%| O|  |TAMS 0x0000000083b00000, 0x0000000083a00000| Untracked 
|  59|0x0000000083b00000, 0x0000000083c00000, 0x0000000083c00000|100%| O|  |TAMS 0x0000000083c00000, 0x0000000083b00000| Untracked 
|  60|0x0000000083c00000, 0x0000000083d00000, 0x0000000083d00000|100%| O|  |TAMS 0x0000000083d00000, 0x0000000083c00000| Untracked 
|  61|0x0000000083d00000, 0x0000000083e00000, 0x0000000083e00000|100%| O|  |TAMS 0x0000000083d00000, 0x0000000083d00000| Untracked 
|  62|0x0000000083e00000, 0x0000000083f00000, 0x0000000083f00000|100%| O|  |TAMS 0x0000000083f00000, 0x0000000083e00000| Untracked 
|  63|0x0000000083f00000, 0x0000000084000000, 0x0000000084000000|100%| O|  |TAMS 0x0000000084000000, 0x0000000083f00000| Untracked 
|  64|0x0000000084000000, 0x0000000084100000, 0x0000000084100000|100%| O|  |TAMS 0x0000000084000000, 0x0000000084000000| Untracked 
|  65|0x0000000084100000, 0x0000000084200000, 0x0000000084200000|100%| O|  |TAMS 0x0000000084100000, 0x0000000084100000| Untracked 
|  66|0x0000000084200000, 0x0000000084300000, 0x0000000084300000|100%| O|  |TAMS 0x0000000084200000, 0x0000000084200000| Untracked 
|  67|0x0000000084300000, 0x0000000084400000, 0x0000000084400000|100%| O|  |TAMS 0x0000000084300000, 0x0000000084300000| Untracked 
|  68|0x0000000084400000, 0x0000000084500000, 0x0000000084500000|100%| O|  |TAMS 0x0000000084400000, 0x0000000084400000| Untracked 
|  69|0x0000000084500000, 0x0000000084600000, 0x0000000084600000|100%| O|  |TAMS 0x0000000084600000, 0x0000000084500000| Untracked 
|  70|0x0000000084600000, 0x0000000084700000, 0x0000000084700000|100%| O|  |TAMS 0x0000000084700000, 0x0000000084600000| Untracked 
|  71|0x0000000084700000, 0x0000000084800000, 0x0000000084800000|100%| O|  |TAMS 0x0000000084800000, 0x0000000084700000| Untracked 
|  72|0x0000000084800000, 0x0000000084900000, 0x0000000084900000|100%| O|  |TAMS 0x0000000084900000, 0x0000000084800000| Untracked 
|  73|0x0000000084900000, 0x0000000084a00000, 0x0000000084a00000|100%| O|  |TAMS 0x0000000084a00000, 0x0000000084900000| Untracked 
|  74|0x0000000084a00000, 0x0000000084b00000, 0x0000000084b00000|100%| O|  |TAMS 0x0000000084b00000, 0x0000000084a00000| Untracked 
|  75|0x0000000084b00000, 0x0000000084c00000, 0x0000000084c00000|100%| O|  |TAMS 0x0000000084c00000, 0x0000000084b00000| Untracked 
|  76|0x0000000084c00000, 0x0000000084d00000, 0x0000000084d00000|100%| O|  |TAMS 0x0000000084d00000, 0x0000000084c00000| Untracked 
|  77|0x0000000084d00000, 0x0000000084e00000, 0x0000000084e00000|100%| O|  |TAMS 0x0000000084d00000, 0x0000000084d00000| Untracked 
|  78|0x0000000084e00000, 0x0000000084f00000, 0x0000000084f00000|100%| O|  |TAMS 0x0000000084e00000, 0x0000000084e00000| Untracked 
|  79|0x0000000084f00000, 0x0000000085000000, 0x0000000085000000|100%| O|  |TAMS 0x0000000084f00000, 0x0000000084f00000| Untracked 
|  80|0x0000000085000000, 0x000000008503ba00, 0x0000000085100000| 23%| O|  |TAMS 0x0000000085000000, 0x0000000085000000| Untracked 
|  81|0x0000000085100000, 0x0000000085200000, 0x0000000085200000|100%|HS|  |TAMS 0x0000000085100000, 0x0000000085100000| Complete 
|  82|0x0000000085200000, 0x0000000085300000, 0x0000000085300000|100%|HC|  |TAMS 0x0000000085200000, 0x0000000085200000| Complete 
|  83|0x0000000085300000, 0x0000000085400000, 0x0000000085400000|100%|HS|  |TAMS 0x0000000085300000, 0x0000000085300000| Complete 
|  84|0x0000000085400000, 0x0000000085500000, 0x0000000085500000|100%|HC|  |TAMS 0x0000000085400000, 0x0000000085400000| Complete 
|  85|0x0000000085500000, 0x0000000085600000, 0x0000000085600000|100%| O|  |TAMS 0x0000000085600000, 0x0000000085500000| Untracked 
|  86|0x0000000085600000, 0x0000000085700000, 0x0000000085700000|100%| O|  |TAMS 0x0000000085700000, 0x0000000085600000| Untracked 
|  87|0x0000000085700000, 0x0000000085800000, 0x0000000085800000|100%| O|  |TAMS 0x0000000085800000, 0x0000000085700000| Untracked 
|  88|0x0000000085800000, 0x0000000085900000, 0x0000000085900000|100%| O|  |TAMS 0x0000000085900000, 0x0000000085800000| Untracked 
|  89|0x0000000085900000, 0x0000000085900000, 0x0000000085a00000|  0%| F|  |TAMS 0x0000000085900000, 0x0000000085900000| Untracked 
|  90|0x0000000085a00000, 0x0000000085b00000, 0x0000000085b00000|100%| O|  |TAMS 0x0000000085a00000, 0x0000000085a00000| Untracked 
|  91|0x0000000085b00000, 0x0000000085c00000, 0x0000000085c00000|100%| O|  |TAMS 0x0000000085b00000, 0x0000000085b00000| Untracked 
|  92|0x0000000085c00000, 0x0000000085d00000, 0x0000000085d00000|100%| O|  |TAMS 0x0000000085c00000, 0x0000000085c00000| Untracked 
|  93|0x0000000085d00000, 0x0000000085e00000, 0x0000000085e00000|100%| O|  |TAMS 0x0000000085d00000, 0x0000000085d00000| Untracked 
|  94|0x0000000085e00000, 0x0000000085f00000, 0x0000000085f00000|100%| O|  |TAMS 0x0000000085e00000, 0x0000000085e00000| Untracked 
|  95|0x0000000085f00000, 0x0000000086000000, 0x0000000086000000|100%| O|  |TAMS 0x0000000085f00000, 0x0000000085f00000| Untracked 
|  96|0x0000000086000000, 0x0000000086100000, 0x0000000086100000|100%|HS|  |TAMS 0x0000000086000000, 0x0000000086000000| Complete 
|  97|0x0000000086100000, 0x0000000086200000, 0x0000000086200000|100%|HC|  |TAMS 0x0000000086100000, 0x0000000086100000| Complete 
|  98|0x0000000086200000, 0x0000000086300000, 0x0000000086300000|100%|HS|  |TAMS 0x0000000086200000, 0x0000000086200000| Complete 
|  99|0x0000000086300000, 0x0000000086400000, 0x0000000086400000|100%|HC|  |TAMS 0x0000000086300000, 0x0000000086300000| Complete 
| 100|0x0000000086400000, 0x0000000086500000, 0x0000000086500000|100%|HS|  |TAMS 0x0000000086400000, 0x0000000086400000| Complete 
| 101|0x0000000086500000, 0x0000000086600000, 0x0000000086600000|100%|HC|  |TAMS 0x0000000086500000, 0x0000000086500000| Complete 
| 102|0x0000000086600000, 0x0000000086600000, 0x0000000086700000|  0%| F|  |TAMS 0x0000000086600000, 0x0000000086600000| Untracked 
| 103|0x0000000086700000, 0x0000000086700000, 0x0000000086800000|  0%| F|  |TAMS 0x0000000086700000, 0x0000000086700000| Untracked 
| 104|0x0000000086800000, 0x0000000086800000, 0x0000000086900000|  0%| F|  |TAMS 0x0000000086800000, 0x0000000086800000| Untracked 
| 105|0x0000000086900000, 0x0000000086900000, 0x0000000086a00000|  0%| F|  |TAMS 0x0000000086900000, 0x0000000086900000| Untracked 
| 106|0x0000000086a00000, 0x0000000086a00000, 0x0000000086b00000|  0%| F|  |TAMS 0x0000000086a00000, 0x0000000086a00000| Untracked 
| 107|0x0000000086b00000, 0x0000000086c00000, 0x0000000086c00000|100%| O|  |TAMS 0x0000000086c00000, 0x0000000086b00000| Untracked 
| 108|0x0000000086c00000, 0x0000000086d00000, 0x0000000086d00000|100%| O|  |TAMS 0x0000000086d00000, 0x0000000086c00000| Untracked 
| 109|0x0000000086d00000, 0x0000000086e00000, 0x0000000086e00000|100%| O|  |TAMS 0x0000000086e00000, 0x0000000086d00000| Untracked 
| 110|0x0000000086e00000, 0x0000000086f00000, 0x0000000086f00000|100%| O|  |TAMS 0x0000000086f00000, 0x0000000086e00000| Untracked 
| 111|0x0000000086f00000, 0x0000000086f00000, 0x0000000087000000|  0%| F|  |TAMS 0x0000000086f00000, 0x0000000086f00000| Untracked 
| 112|0x0000000087000000, 0x0000000087000000, 0x0000000087100000|  0%| F|  |TAMS 0x0000000087000000, 0x0000000087000000| Untracked 
| 113|0x0000000087100000, 0x0000000087200000, 0x0000000087200000|100%| O|  |TAMS 0x0000000087180000, 0x0000000087100000| Untracked 
| 114|0x0000000087200000, 0x0000000087200000, 0x0000000087300000|  0%| F|  |TAMS 0x0000000087200000, 0x0000000087200000| Untracked 
| 115|0x0000000087300000, 0x0000000087300000, 0x0000000087400000|  0%| F|  |TAMS 0x0000000087300000, 0x0000000087300000| Untracked 
| 116|0x0000000087400000, 0x0000000087400000, 0x0000000087500000|  0%| F|  |TAMS 0x0000000087400000, 0x0000000087400000| Untracked 
| 117|0x0000000087500000, 0x0000000087500000, 0x0000000087600000|  0%| F|  |TAMS 0x0000000087500000, 0x0000000087500000| Untracked 
| 118|0x0000000087600000, 0x0000000087600000, 0x0000000087700000|  0%| F|  |TAMS 0x0000000087600000, 0x0000000087600000| Untracked 
| 119|0x0000000087700000, 0x0000000087700000, 0x0000000087800000|  0%| F|  |TAMS 0x0000000087700000, 0x0000000087700000| Untracked 
| 120|0x0000000087800000, 0x0000000087800000, 0x0000000087900000|  0%| F|  |TAMS 0x0000000087800000, 0x0000000087800000| Untracked 
| 121|0x0000000087900000, 0x0000000087900000, 0x0000000087a00000|  0%| F|  |TAMS 0x0000000087900000, 0x0000000087900000| Untracked 
| 122|0x0000000087a00000, 0x0000000087a00000, 0x0000000087b00000|  0%| F|  |TAMS 0x0000000087a00000, 0x0000000087a00000| Untracked 
| 123|0x0000000087b00000, 0x0000000087b00000, 0x0000000087c00000|  0%| F|  |TAMS 0x0000000087b00000, 0x0000000087b00000| Untracked 
| 124|0x0000000087c00000, 0x0000000087c00000, 0x0000000087d00000|  0%| F|  |TAMS 0x0000000087c00000, 0x0000000087c00000| Untracked 
| 125|0x0000000087d00000, 0x0000000087d00000, 0x0000000087e00000|  0%| F|  |TAMS 0x0000000087d00000, 0x0000000087d00000| Untracked 
| 126|0x0000000087e00000, 0x0000000087e00000, 0x0000000087f00000|  0%| F|  |TAMS 0x0000000087e00000, 0x0000000087e00000| Untracked 
| 127|0x0000000087f00000, 0x0000000087f00000, 0x0000000088000000|  0%| F|  |TAMS 0x0000000087f00000, 0x0000000087f00000| Untracked 
| 128|0x0000000088000000, 0x0000000088000000, 0x0000000088100000|  0%| F|  |TAMS 0x0000000088000000, 0x0000000088000000| Untracked 
| 129|0x0000000088100000, 0x0000000088100000, 0x0000000088200000|  0%| F|  |TAMS 0x0000000088100000, 0x0000000088100000| Untracked 
| 130|0x0000000088200000, 0x0000000088200000, 0x0000000088300000|  0%| F|  |TAMS 0x0000000088200000, 0x0000000088200000| Untracked 
| 131|0x0000000088300000, 0x0000000088300000, 0x0000000088400000|  0%| F|  |TAMS 0x0000000088300000, 0x0000000088300000| Untracked 
| 132|0x0000000088400000, 0x0000000088400000, 0x0000000088500000|  0%| F|  |TAMS 0x0000000088400000, 0x0000000088400000| Untracked 
| 133|0x0000000088500000, 0x0000000088500000, 0x0000000088600000|  0%| F|  |TAMS 0x0000000088500000, 0x0000000088500000| Untracked 
| 134|0x0000000088600000, 0x0000000088600000, 0x0000000088700000|  0%| F|  |TAMS 0x0000000088600000, 0x0000000088600000| Untracked 
| 135|0x0000000088700000, 0x0000000088700000, 0x0000000088800000|  0%| F|  |TAMS 0x0000000088700000, 0x0000000088700000| Untracked 
| 136|0x0000000088800000, 0x0000000088800000, 0x0000000088900000|  0%| F|  |TAMS 0x0000000088800000, 0x0000000088800000| Untracked 
| 137|0x0000000088900000, 0x0000000088900000, 0x0000000088a00000|  0%| F|  |TAMS 0x0000000088900000, 0x0000000088900000| Untracked 
| 138|0x0000000088a00000, 0x0000000088a00000, 0x0000000088b00000|  0%| F|  |TAMS 0x0000000088a00000, 0x0000000088a00000| Untracked 
| 139|0x0000000088b00000, 0x0000000088b00000, 0x0000000088c00000|  0%| F|  |TAMS 0x0000000088b00000, 0x0000000088b00000| Untracked 
| 140|0x0000000088c00000, 0x0000000088c00000, 0x0000000088d00000|  0%| F|  |TAMS 0x0000000088c00000, 0x0000000088c00000| Untracked 
| 141|0x0000000088d00000, 0x0000000088d00000, 0x0000000088e00000|  0%| F|  |TAMS 0x0000000088d00000, 0x0000000088d00000| Untracked 
| 142|0x0000000088e00000, 0x0000000088e00000, 0x0000000088f00000|  0%| F|  |TAMS 0x0000000088e00000, 0x0000000088e00000| Untracked 
| 143|0x0000000088f00000, 0x0000000088f00000, 0x0000000089000000|  0%| F|  |TAMS 0x0000000088f00000, 0x0000000088f00000| Untracked 
| 144|0x0000000089000000, 0x0000000089000000, 0x0000000089100000|  0%| F|  |TAMS 0x0000000089000000, 0x0000000089000000| Untracked 
| 145|0x0000000089100000, 0x0000000089100000, 0x0000000089200000|  0%| F|  |TAMS 0x0000000089100000, 0x0000000089100000| Untracked 
| 146|0x0000000089200000, 0x0000000089200000, 0x0000000089300000|  0%| F|  |TAMS 0x0000000089200000, 0x0000000089200000| Untracked 
| 147|0x0000000089300000, 0x0000000089300000, 0x0000000089400000|  0%| F|  |TAMS 0x0000000089300000, 0x0000000089300000| Untracked 
| 148|0x0000000089400000, 0x0000000089400000, 0x0000000089500000|  0%| F|  |TAMS 0x0000000089400000, 0x0000000089400000| Untracked 
| 149|0x0000000089500000, 0x0000000089500000, 0x0000000089600000|  0%| F|  |TAMS 0x0000000089500000, 0x0000000089500000| Untracked 
| 150|0x0000000089600000, 0x00000000896a22b0, 0x0000000089700000| 63%| S|CS|TAMS 0x0000000089600000, 0x0000000089600000| Complete 
| 151|0x0000000089700000, 0x0000000089800000, 0x0000000089800000|100%| S|CS|TAMS 0x0000000089700000, 0x0000000089700000| Complete 
| 152|0x0000000089800000, 0x0000000089800000, 0x0000000089900000|  0%| F|  |TAMS 0x0000000089800000, 0x0000000089800000| Untracked 
| 153|0x0000000089900000, 0x0000000089900000, 0x0000000089a00000|  0%| F|  |TAMS 0x0000000089900000, 0x0000000089900000| Untracked 
| 154|0x0000000089a00000, 0x0000000089a00000, 0x0000000089b00000|  0%| F|  |TAMS 0x0000000089a00000, 0x0000000089a00000| Untracked 
| 155|0x0000000089b00000, 0x0000000089b00000, 0x0000000089c00000|  0%| F|  |TAMS 0x0000000089b00000, 0x0000000089b00000| Untracked 
| 156|0x0000000089c00000, 0x0000000089c00000, 0x0000000089d00000|  0%| F|  |TAMS 0x0000000089c00000, 0x0000000089c00000| Untracked 
| 157|0x0000000089d00000, 0x0000000089d00000, 0x0000000089e00000|  0%| F|  |TAMS 0x0000000089d00000, 0x0000000089d00000| Untracked 
| 158|0x0000000089e00000, 0x0000000089e00000, 0x0000000089f00000|  0%| F|  |TAMS 0x0000000089e00000, 0x0000000089e00000| Untracked 
| 159|0x0000000089f00000, 0x0000000089f00000, 0x000000008a000000|  0%| F|  |TAMS 0x0000000089f00000, 0x0000000089f00000| Untracked 
| 160|0x000000008a000000, 0x000000008a000000, 0x000000008a100000|  0%| F|  |TAMS 0x000000008a000000, 0x000000008a000000| Untracked 
| 161|0x000000008a100000, 0x000000008a100000, 0x000000008a200000|  0%| F|  |TAMS 0x000000008a100000, 0x000000008a100000| Untracked 
| 162|0x000000008a200000, 0x000000008a200000, 0x000000008a300000|  0%| F|  |TAMS 0x000000008a200000, 0x000000008a200000| Untracked 
| 163|0x000000008a300000, 0x000000008a300000, 0x000000008a400000|  0%| F|  |TAMS 0x000000008a300000, 0x000000008a300000| Untracked 
| 164|0x000000008a400000, 0x000000008a400000, 0x000000008a500000|  0%| F|  |TAMS 0x000000008a400000, 0x000000008a400000| Untracked 
| 165|0x000000008a500000, 0x000000008a500000, 0x000000008a600000|  0%| F|  |TAMS 0x000000008a500000, 0x000000008a500000| Untracked 
| 166|0x000000008a600000, 0x000000008a600000, 0x000000008a700000|  0%| F|  |TAMS 0x000000008a600000, 0x000000008a600000| Untracked 
| 167|0x000000008a700000, 0x000000008a700000, 0x000000008a800000|  0%| F|  |TAMS 0x000000008a700000, 0x000000008a700000| Untracked 
| 168|0x000000008a800000, 0x000000008a800000, 0x000000008a900000|  0%| F|  |TAMS 0x000000008a800000, 0x000000008a800000| Untracked 
| 169|0x000000008a900000, 0x000000008a900000, 0x000000008aa00000|  0%| F|  |TAMS 0x000000008a900000, 0x000000008a900000| Untracked 
| 170|0x000000008aa00000, 0x000000008aa00000, 0x000000008ab00000|  0%| F|  |TAMS 0x000000008aa00000, 0x000000008aa00000| Untracked 
| 171|0x000000008ab00000, 0x000000008ab00000, 0x000000008ac00000|  0%| F|  |TAMS 0x000000008ab00000, 0x000000008ab00000| Untracked 
| 172|0x000000008ac00000, 0x000000008ac00000, 0x000000008ad00000|  0%| F|  |TAMS 0x000000008ac00000, 0x000000008ac00000| Untracked 
| 173|0x000000008ad00000, 0x000000008ad00000, 0x000000008ae00000|  0%| F|  |TAMS 0x000000008ad00000, 0x000000008ad00000| Untracked 
| 174|0x000000008ae00000, 0x000000008ae00000, 0x000000008af00000|  0%| F|  |TAMS 0x000000008ae00000, 0x000000008ae00000| Untracked 
| 175|0x000000008af00000, 0x000000008af00000, 0x000000008b000000|  0%| F|  |TAMS 0x000000008af00000, 0x000000008af00000| Untracked 
| 176|0x000000008b000000, 0x000000008b000000, 0x000000008b100000|  0%| F|  |TAMS 0x000000008b000000, 0x000000008b000000| Untracked 
| 177|0x000000008b100000, 0x000000008b100000, 0x000000008b200000|  0%| F|  |TAMS 0x000000008b100000, 0x000000008b100000| Untracked 
| 178|0x000000008b200000, 0x000000008b200000, 0x000000008b300000|  0%| F|  |TAMS 0x000000008b200000, 0x000000008b200000| Untracked 
| 179|0x000000008b300000, 0x000000008b300000, 0x000000008b400000|  0%| F|  |TAMS 0x000000008b300000, 0x000000008b300000| Untracked 
| 180|0x000000008b400000, 0x000000008b400000, 0x000000008b500000|  0%| F|  |TAMS 0x000000008b400000, 0x000000008b400000| Untracked 
| 181|0x000000008b500000, 0x000000008b500000, 0x000000008b600000|  0%| F|  |TAMS 0x000000008b500000, 0x000000008b500000| Untracked 
| 182|0x000000008b600000, 0x000000008b600000, 0x000000008b700000|  0%| F|  |TAMS 0x000000008b600000, 0x000000008b600000| Untracked 
| 183|0x000000008b700000, 0x000000008b700000, 0x000000008b800000|  0%| F|  |TAMS 0x000000008b700000, 0x000000008b700000| Untracked 
| 184|0x000000008b800000, 0x000000008b800000, 0x000000008b900000|  0%| F|  |TAMS 0x000000008b800000, 0x000000008b800000| Untracked 
| 185|0x000000008b900000, 0x000000008b900000, 0x000000008ba00000|  0%| F|  |TAMS 0x000000008b900000, 0x000000008b900000| Untracked 
| 186|0x000000008ba00000, 0x000000008ba00000, 0x000000008bb00000|  0%| F|  |TAMS 0x000000008ba00000, 0x000000008ba00000| Untracked 
| 187|0x000000008bb00000, 0x000000008bb00000, 0x000000008bc00000|  0%| F|  |TAMS 0x000000008bb00000, 0x000000008bb00000| Untracked 
| 188|0x000000008bc00000, 0x000000008bc00000, 0x000000008bd00000|  0%| F|  |TAMS 0x000000008bc00000, 0x000000008bc00000| Untracked 
| 189|0x000000008bd00000, 0x000000008bd00000, 0x000000008be00000|  0%| F|  |TAMS 0x000000008bd00000, 0x000000008bd00000| Untracked 
| 190|0x000000008be00000, 0x000000008be00000, 0x000000008bf00000|  0%| F|  |TAMS 0x000000008be00000, 0x000000008be00000| Untracked 
| 191|0x000000008bf00000, 0x000000008bf00000, 0x000000008c000000|  0%| F|  |TAMS 0x000000008bf00000, 0x000000008bf00000| Untracked 
| 192|0x000000008c000000, 0x000000008c000000, 0x000000008c100000|  0%| F|  |TAMS 0x000000008c000000, 0x000000008c000000| Untracked 
| 193|0x000000008c100000, 0x000000008c100000, 0x000000008c200000|  0%| F|  |TAMS 0x000000008c100000, 0x000000008c100000| Untracked 
| 194|0x000000008c200000, 0x000000008c200000, 0x000000008c300000|  0%| F|  |TAMS 0x000000008c200000, 0x000000008c200000| Untracked 
| 195|0x000000008c300000, 0x000000008c3d5568, 0x000000008c400000| 83%| E|  |TAMS 0x000000008c300000, 0x000000008c300000| Complete 
| 196|0x000000008c400000, 0x000000008c500000, 0x000000008c500000|100%| E|CS|TAMS 0x000000008c400000, 0x000000008c400000| Complete 
| 197|0x000000008c500000, 0x000000008c600000, 0x000000008c600000|100%| E|CS|TAMS 0x000000008c500000, 0x000000008c500000| Complete 
| 198|0x000000008c600000, 0x000000008c700000, 0x000000008c700000|100%| E|CS|TAMS 0x000000008c600000, 0x000000008c600000| Complete 
| 199|0x000000008c700000, 0x000000008c800000, 0x000000008c800000|100%| E|CS|TAMS 0x000000008c700000, 0x000000008c700000| Complete 
| 200|0x000000008c800000, 0x000000008c900000, 0x000000008c900000|100%| E|CS|TAMS 0x000000008c800000, 0x000000008c800000| Complete 
| 201|0x000000008c900000, 0x000000008ca00000, 0x000000008ca00000|100%| E|CS|TAMS 0x000000008c900000, 0x000000008c900000| Complete 
| 202|0x000000008ca00000, 0x000000008cb00000, 0x000000008cb00000|100%| E|CS|TAMS 0x000000008ca00000, 0x000000008ca00000| Complete 
| 203|0x000000008cb00000, 0x000000008cc00000, 0x000000008cc00000|100%| E|CS|TAMS 0x000000008cb00000, 0x000000008cb00000| Complete 
| 204|0x000000008cc00000, 0x000000008cd00000, 0x000000008cd00000|100%| E|CS|TAMS 0x000000008cc00000, 0x000000008cc00000| Complete 
| 205|0x000000008cd00000, 0x000000008ce00000, 0x000000008ce00000|100%| E|CS|TAMS 0x000000008cd00000, 0x000000008cd00000| Complete 
| 206|0x000000008ce00000, 0x000000008cf00000, 0x000000008cf00000|100%| E|CS|TAMS 0x000000008ce00000, 0x000000008ce00000| Complete 
| 207|0x000000008cf00000, 0x000000008d000000, 0x000000008d000000|100%| E|CS|TAMS 0x000000008cf00000, 0x000000008cf00000| Complete 
| 208|0x000000008d000000, 0x000000008d100000, 0x000000008d100000|100%| E|CS|TAMS 0x000000008d000000, 0x000000008d000000| Complete 
| 209|0x000000008d100000, 0x000000008d200000, 0x000000008d200000|100%| E|  |TAMS 0x000000008d100000, 0x000000008d100000| Complete 
| 210|0x000000008d200000, 0x000000008d300000, 0x000000008d300000|100%| E|CS|TAMS 0x000000008d200000, 0x000000008d200000| Complete 
| 211|0x000000008d300000, 0x000000008d400000, 0x000000008d400000|100%| E|CS|TAMS 0x000000008d300000, 0x000000008d300000| Complete 
| 212|0x000000008d400000, 0x000000008d500000, 0x000000008d500000|100%| E|CS|TAMS 0x000000008d400000, 0x000000008d400000| Complete 
| 213|0x000000008d500000, 0x000000008d600000, 0x000000008d600000|100%| E|CS|TAMS 0x000000008d500000, 0x000000008d500000| Complete 
| 214|0x000000008d600000, 0x000000008d700000, 0x000000008d700000|100%| E|CS|TAMS 0x000000008d600000, 0x000000008d600000| Complete 
| 215|0x000000008d700000, 0x000000008d800000, 0x000000008d800000|100%| E|CS|TAMS 0x000000008d700000, 0x000000008d700000| Complete 
| 216|0x000000008d800000, 0x000000008d900000, 0x000000008d900000|100%| E|CS|TAMS 0x000000008d800000, 0x000000008d800000| Complete 
| 217|0x000000008d900000, 0x000000008da00000, 0x000000008da00000|100%| E|CS|TAMS 0x000000008d900000, 0x000000008d900000| Complete 
| 218|0x000000008da00000, 0x000000008db00000, 0x000000008db00000|100%| E|CS|TAMS 0x000000008da00000, 0x000000008da00000| Complete 
| 219|0x000000008db00000, 0x000000008dc00000, 0x000000008dc00000|100%| E|CS|TAMS 0x000000008db00000, 0x000000008db00000| Complete 
| 220|0x000000008dc00000, 0x000000008dd00000, 0x000000008dd00000|100%| E|CS|TAMS 0x000000008dc00000, 0x000000008dc00000| Complete 
| 221|0x000000008dd00000, 0x000000008de00000, 0x000000008de00000|100%| E|CS|TAMS 0x000000008dd00000, 0x000000008dd00000| Complete 
| 222|0x000000008de00000, 0x000000008df00000, 0x000000008df00000|100%| E|CS|TAMS 0x000000008de00000, 0x000000008de00000| Complete 
| 223|0x000000008df00000, 0x000000008e000000, 0x000000008e000000|100%| E|CS|TAMS 0x000000008df00000, 0x000000008df00000| Complete 
| 224|0x000000008e000000, 0x000000008e100000, 0x000000008e100000|100%| E|CS|TAMS 0x000000008e000000, 0x000000008e000000| Complete 
| 225|0x000000008e100000, 0x000000008e200000, 0x000000008e200000|100%| E|CS|TAMS 0x000000008e100000, 0x000000008e100000| Complete 
| 226|0x000000008e200000, 0x000000008e300000, 0x000000008e300000|100%| E|CS|TAMS 0x000000008e200000, 0x000000008e200000| Complete 
| 227|0x000000008e300000, 0x000000008e400000, 0x000000008e400000|100%| E|CS|TAMS 0x000000008e300000, 0x000000008e300000| Complete 
| 228|0x000000008e400000, 0x000000008e500000, 0x000000008e500000|100%| E|CS|TAMS 0x000000008e400000, 0x000000008e400000| Complete 
| 229|0x000000008e500000, 0x000000008e600000, 0x000000008e600000|100%| E|CS|TAMS 0x000000008e500000, 0x000000008e500000| Complete 
| 230|0x000000008e600000, 0x000000008e700000, 0x000000008e700000|100%| E|CS|TAMS 0x000000008e600000, 0x000000008e600000| Complete 
| 231|0x000000008e700000, 0x000000008e800000, 0x000000008e800000|100%| E|CS|TAMS 0x000000008e700000, 0x000000008e700000| Complete 
| 232|0x000000008e800000, 0x000000008e900000, 0x000000008e900000|100%| E|CS|TAMS 0x000000008e800000, 0x000000008e800000| Complete 
| 233|0x000000008e900000, 0x000000008ea00000, 0x000000008ea00000|100%| E|CS|TAMS 0x000000008e900000, 0x000000008e900000| Complete 
| 234|0x000000008ea00000, 0x000000008eb00000, 0x000000008eb00000|100%| E|CS|TAMS 0x000000008ea00000, 0x000000008ea00000| Complete 
| 235|0x000000008eb00000, 0x000000008ec00000, 0x000000008ec00000|100%| E|CS|TAMS 0x000000008eb00000, 0x000000008eb00000| Complete 
| 236|0x000000008ec00000, 0x000000008ed00000, 0x000000008ed00000|100%| E|CS|TAMS 0x000000008ec00000, 0x000000008ec00000| Complete 
| 237|0x000000008ed00000, 0x000000008ee00000, 0x000000008ee00000|100%| E|CS|TAMS 0x000000008ed00000, 0x000000008ed00000| Complete 
| 238|0x000000008ee00000, 0x000000008ef00000, 0x000000008ef00000|100%| E|CS|TAMS 0x000000008ee00000, 0x000000008ee00000| Complete 
| 239|0x000000008ef00000, 0x000000008f000000, 0x000000008f000000|100%| E|CS|TAMS 0x000000008ef00000, 0x000000008ef00000| Complete 
| 240|0x000000008f000000, 0x000000008f100000, 0x000000008f100000|100%| E|CS|TAMS 0x000000008f000000, 0x000000008f000000| Complete 
| 241|0x000000008f100000, 0x000000008f200000, 0x000000008f200000|100%| E|CS|TAMS 0x000000008f100000, 0x000000008f100000| Complete 
| 242|0x000000008f200000, 0x000000008f300000, 0x000000008f300000|100%| E|CS|TAMS 0x000000008f200000, 0x000000008f200000| Complete 
| 243|0x000000008f300000, 0x000000008f400000, 0x000000008f400000|100%| E|CS|TAMS 0x000000008f300000, 0x000000008f300000| Complete 
| 244|0x000000008f400000, 0x000000008f500000, 0x000000008f500000|100%| E|CS|TAMS 0x000000008f400000, 0x000000008f400000| Complete 

Card table byte_map: [0x000001acabc60000,0x000001acac060000] _byte_map_base: 0x000001acab860000

Marking Bits (Prev, Next): (CMBitMap*) 0x000001ac988d49e0, (CMBitMap*) 0x000001ac988d49a8
 Prev Bits: [0x000001acae460000, 0x000001acb0460000)
 Next Bits: [0x000001acac460000, 0x000001acae460000)

Polling page: 0x000001ac970c0000

Metaspace:

Usage:
  Non-class:     83.86 MB capacity,    82.42 MB ( 98%) used,     1.18 MB (  1%) free+waste,   263.81 KB ( <1%) overhead. 
      Class:     12.69 MB capacity,    11.87 MB ( 94%) used,   723.55 KB (  6%) free+waste,   116.94 KB ( <1%) overhead. 
       Both:     96.55 MB capacity,    94.29 MB ( 98%) used,     1.89 MB (  2%) free+waste,   380.75 KB ( <1%) overhead. 

Virtual space:
  Non-class space:       84.00 MB reserved,      83.93 MB (>99%) committed 
      Class space:        1.00 GB reserved,      12.70 MB (  1%) committed 
             Both:        1.08 GB reserved,      96.63 MB (  9%) committed 

Chunk freelists:
   Non-Class:  1.00 KB
       Class:  0 bytes
        Both:  1.00 KB

MaxMetaspaceSize: 17179869184.00 GB
CompressedClassSpaceSize: 1.00 GB

CodeHeap 'non-profiled nmethods': size=120064Kb used=6690Kb max_used=6690Kb free=113373Kb
 bounds [0x000001aca3ce0000, 0x000001aca4370000, 0x000001acab220000]
CodeHeap 'profiled nmethods': size=120000Kb used=24569Kb max_used=24569Kb free=95430Kb
 bounds [0x000001ac9c7b0000, 0x000001ac9dfc0000, 0x000001aca3ce0000]
CodeHeap 'non-nmethods': size=5696Kb used=2301Kb max_used=2351Kb free=3394Kb
 bounds [0x000001ac9c220000, 0x000001ac9c490000, 0x000001ac9c7b0000]
 total_blobs=12632 nmethods=11719 adapters=824
 compilation: enabled
              stopped_count=0, restarted_count=0
 full_count=0

Compilation events (20 events):
Event: 265.696 Thread 0x000001acb2a76000 12070       3       org.gradle.internal.component.external.model.AbstractModuleComponentResolveMetadata::<init> (106 bytes)
Event: 265.697 Thread 0x000001acb2a76000 nmethod 12070 0x000001ac9df8ff10 code [0x000001ac9df90160, 0x000001ac9df90dd8]
Event: 265.697 Thread 0x000001acb2a76000 12071       3       java.io.File::<init> (113 bytes)
Event: 265.698 Thread 0x000001acb2a76000 nmethod 12071 0x000001ac9df91010 code [0x000001ac9df912e0, 0x000001ac9df91ce8]
Event: 265.698 Thread 0x000001acb2a76000 12072       3       java.util.Collections::singletonMap (10 bytes)
Event: 265.699 Thread 0x000001acb2a76000 nmethod 12072 0x000001ac9df92090 code [0x000001ac9df92260, 0x000001ac9df92578]
Event: 265.699 Thread 0x000001acb2a76000 12073       3       java.util.Collections$SingletonMap::<init> (15 bytes)
Event: 265.699 Thread 0x000001acb2a76000 nmethod 12073 0x000001ac9df92690 code [0x000001ac9df92860, 0x000001ac9df92ad8]
Event: 265.771 Thread 0x000001acb2a76000 12074       3       org.gradle.internal.logging.slf4j.OutputEventListenerBackedLogger::isLevelAtMost (20 bytes)
Event: 265.771 Thread 0x000001acb2a76000 nmethod 12074 0x000001ac9df92b90 code [0x000001ac9df92d60, 0x000001ac9df93068]
Event: 265.776 Thread 0x000001acb2a76000 12075       3       org.gradle.api.internal.artifacts.ivyservice.resolveengine.graph.builder.EdgeState::safeGetAttributes (38 bytes)
Event: 265.776 Thread 0x000001acb2a76000 nmethod 12075 0x000001ac9df93210 code [0x000001ac9df93400, 0x000001ac9df93768]
Event: 265.776 Thread 0x000001acb2a76000 12076       3       org.gradle.api.internal.artifacts.ivyservice.resolveengine.graph.builder.ResolveState::getNode (41 bytes)
Event: 265.777 Thread 0x000001acb2a76000 nmethod 12076 0x000001ac9df93910 code [0x000001ac9df93b40, 0x000001ac9df94388]
Event: 265.781 Thread 0x000001acb2a76000 12077       3       org.gradle.api.internal.artifacts.ivyservice.ivyresolve.ErrorHandlingModuleComponentRepository$ErrorHandlingModuleComponentRepositoryAccess::estimateMetadataFetchingCost (11 bytes)
Event: 265.781 Thread 0x000001acb2a76000 nmethod 12077 0x000001ac9df94690 code [0x000001ac9df94840, 0x000001ac9df94a08]
Event: 265.781 Thread 0x000001acb2a76000 12078       3       org.gradle.api.internal.artifacts.ivyservice.ivyresolve.CachingModuleComponentRepository$LocateInCacheRepositoryAccess::estimateMetadataFetchingCost (186 bytes)
Event: 265.785 Thread 0x000001acb2a76000 nmethod 12078 0x000001ac9df94b10 code [0x000001ac9df95060, 0x000001ac9df97fa8]
Event: 265.785 Thread 0x000001acb2a76000 12079       3       org.gradle.api.internal.artifacts.repositories.resolver.MetadataFetchingCost::isFast (13 bytes)
Event: 265.785 Thread 0x000001acb2a76000 nmethod 12079 0x000001ac9df99090 code [0x000001ac9df99240, 0x000001ac9df99398]

GC Heap History (20 events):
Event: 14.921 GC heap before
{Heap before GC invocations=27 (full 0):
 garbage-first heap   total 165888K, used 119614K [0x0000000080000000, 0x0000000100000000)
  region size 1024K, 58 young (59392K), 4 survivors (4096K)
 Metaspace       used 80256K, capacity 82215K, committed 82560K, reserved 1120256K
  class space    used 10385K, capacity 11117K, committed 11212K, reserved 1048576K
}
Event: 14.946 GC heap after
{Heap after GC invocations=28 (full 0):
 garbage-first heap   total 165888K, used 78050K [0x0000000080000000, 0x0000000100000000)
  region size 1024K, 8 young (8192K), 8 survivors (8192K)
 Metaspace       used 80256K, capacity 82215K, committed 82560K, reserved 1120256K
  class space    used 10385K, capacity 11117K, committed 11212K, reserved 1048576K
}
Event: 15.481 GC heap before
{Heap before GC invocations=28 (full 0):
 garbage-first heap   total 165888K, used 123106K [0x0000000080000000, 0x0000000100000000)
  region size 1024K, 53 young (54272K), 8 survivors (8192K)
 Metaspace       used 82124K, capacity 84140K, committed 84352K, reserved 1122304K
  class space    used 10632K, capacity 11355K, committed 11468K, reserved 1048576K
}
Event: 15.515 GC heap after
{Heap after GC invocations=29 (full 0):
 garbage-first heap   total 165888K, used 87476K [0x0000000080000000, 0x0000000100000000)
  region size 1024K, 7 young (7168K), 7 survivors (7168K)
 Metaspace       used 82124K, capacity 84140K, committed 84352K, reserved 1122304K
  class space    used 10632K, capacity 11355K, committed 11468K, reserved 1048576K
}
Event: 15.775 GC heap before
{Heap before GC invocations=29 (full 0):
 garbage-first heap   total 165888K, used 102836K [0x0000000080000000, 0x0000000100000000)
  region size 1024K, 23 young (23552K), 7 survivors (7168K)
 Metaspace       used 82943K, capacity 84981K, committed 85248K, reserved 1122304K
  class space    used 10711K, capacity 11485K, committed 11596K, reserved 1048576K
}
Event: 15.802 GC heap after
{Heap after GC invocations=30 (full 0):
 garbage-first heap   total 165888K, used 98225K [0x0000000080000000, 0x0000000100000000)
  region size 1024K, 6 young (6144K), 6 survivors (6144K)
 Metaspace       used 82943K, capacity 84981K, committed 85248K, reserved 1122304K
  class space    used 10711K, capacity 11485K, committed 11596K, reserved 1048576K
}
Event: 16.492 GC heap before
{Heap before GC invocations=31 (full 0):
 garbage-first heap   total 165888K, used 138161K [0x0000000080000000, 0x0000000100000000)
  region size 1024K, 29 young (29696K), 6 survivors (6144K)
 Metaspace       used 84812K, capacity 86898K, committed 87168K, reserved 1124352K
  class space    used 10905K, capacity 11639K, committed 11724K, reserved 1048576K
}
Event: 16.511 GC heap after
{Heap after GC invocations=32 (full 0):
 garbage-first heap   total 208896K, used 100117K [0x0000000080000000, 0x0000000100000000)
  region size 1024K, 2 young (2048K), 2 survivors (2048K)
 Metaspace       used 84812K, capacity 86898K, committed 87168K, reserved 1124352K
  class space    used 10905K, capacity 11639K, committed 11724K, reserved 1048576K
}
Event: 17.054 GC heap before
{Heap before GC invocations=32 (full 0):
 garbage-first heap   total 208896K, used 138005K [0x0000000080000000, 0x0000000100000000)
  region size 1024K, 40 young (40960K), 2 survivors (2048K)
 Metaspace       used 85887K, capacity 87897K, committed 88064K, reserved 1126400K
  class space    used 11017K, capacity 11749K, committed 11852K, reserved 1048576K
}
Event: 17.062 GC heap after
{Heap after GC invocations=33 (full 0):
 garbage-first heap   total 208896K, used 102207K [0x0000000080000000, 0x0000000100000000)
  region size 1024K, 4 young (4096K), 4 survivors (4096K)
 Metaspace       used 85887K, capacity 87897K, committed 88064K, reserved 1126400K
  class space    used 11017K, capacity 11749K, committed 11852K, reserved 1048576K
}
Event: 17.707 GC heap before
{Heap before GC invocations=34 (full 0):
 garbage-first heap   total 208896K, used 142143K [0x0000000080000000, 0x0000000100000000)
  region size 1024K, 45 young (46080K), 4 survivors (4096K)
 Metaspace       used 87360K, capacity 89435K, committed 89600K, reserved 1126400K
  class space    used 11218K, capacity 11989K, committed 12108K, reserved 1048576K
}
Event: 17.719 GC heap after
{Heap after GC invocations=35 (full 0):
 garbage-first heap   total 208896K, used 102959K [0x0000000080000000, 0x0000000100000000)
  region size 1024K, 4 young (4096K), 4 survivors (4096K)
 Metaspace       used 87360K, capacity 89435K, committed 89600K, reserved 1126400K
  class space    used 11218K, capacity 11989K, committed 12108K, reserved 1048576K
}
Event: 17.782 GC heap before
{Heap before GC invocations=35 (full 0):
 garbage-first heap   total 208896K, used 109103K [0x0000000080000000, 0x0000000100000000)
  region size 1024K, 11 young (11264K), 4 survivors (4096K)
 Metaspace       used 87581K, capacity 89659K, committed 89856K, reserved 1126400K
  class space    used 11244K, capacity 12021K, committed 12108K, reserved 1048576K
}
Event: 17.798 GC heap after
{Heap after GC invocations=36 (full 0):
 garbage-first heap   total 208896K, used 89337K [0x0000000080000000, 0x0000000100000000)
  region size 1024K, 1 young (1024K), 1 survivors (1024K)
 Metaspace       used 87581K, capacity 89659K, committed 89856K, reserved 1126400K
  class space    used 11244K, capacity 12021K, committed 12108K, reserved 1048576K
}
Event: 18.469 GC heap before
{Heap before GC invocations=36 (full 0):
 garbage-first heap   total 208896K, used 141561K [0x0000000080000000, 0x0000000100000000)
  region size 1024K, 52 young (53248K), 1 survivors (1024K)
 Metaspace       used 89151K, capacity 91248K, committed 91392K, reserved 1128448K
  class space    used 11438K, capacity 12250K, committed 12364K, reserved 1048576K
}
Event: 18.477 GC heap after
{Heap after GC invocations=37 (full 0):
 garbage-first heap   total 208896K, used 91028K [0x0000000080000000, 0x0000000100000000)
  region size 1024K, 3 young (3072K), 3 survivors (3072K)
 Metaspace       used 89151K, capacity 91248K, committed 91392K, reserved 1128448K
  class space    used 11438K, capacity 12250K, committed 12364K, reserved 1048576K
}
Event: 22.333 GC heap before
{Heap before GC invocations=37 (full 0):
 garbage-first heap   total 208896K, used 145300K [0x0000000080000000, 0x0000000100000000)
  region size 1024K, 57 young (58368K), 3 survivors (3072K)
 Metaspace       used 90738K, capacity 92843K, committed 93056K, reserved 1130496K
  class space    used 11600K, capacity 12398K, committed 12492K, reserved 1048576K
}
Event: 22.352 GC heap after
{Heap after GC invocations=38 (full 0):
 garbage-first heap   total 208896K, used 98661K [0x0000000080000000, 0x0000000100000000)
  region size 1024K, 8 young (8192K), 8 survivors (8192K)
 Metaspace       used 90738K, capacity 92843K, committed 93056K, reserved 1130496K
  class space    used 11600K, capacity 12398K, committed 12492K, reserved 1048576K
}
Event: 22.796 GC heap before
{Heap before GC invocations=38 (full 0):
 garbage-first heap   total 208896K, used 150885K [0x0000000080000000, 0x0000000100000000)
  region size 1024K, 60 young (61440K), 8 survivors (8192K)
 Metaspace       used 91642K, capacity 93836K, committed 94080K, reserved 1130496K
  class space    used 11682K, capacity 12483K, committed 12492K, reserved 1048576K
}
Event: 22.812 GC heap after
{Heap after GC invocations=39 (full 0):
 garbage-first heap   total 250880K, used 99191K [0x0000000080000000, 0x0000000100000000)
  region size 1024K, 2 young (2048K), 2 survivors (2048K)
 Metaspace       used 91642K, capacity 93836K, committed 94080K, reserved 1130496K
  class space    used 11682K, capacity 12483K, committed 12492K, reserved 1048576K
}

Deoptimization events (20 events):
Event: 32.167 Thread 0x000001acb5b57800 Uncommon trap: trap_request=0xffffff4d fr.pc=0x000001aca404cd00 relative=0x0000000000000620
Event: 32.167 Thread 0x000001acb5b57800 Uncommon trap: reason=unstable_if action=reinterpret pc=0x000001aca404cd00 method=java.lang.AbstractStringBuilder.append(Ljava/lang/String;)Ljava/lang/AbstractStringBuilder; @ 1 c2
Event: 32.167 Thread 0x000001acb5b57800 DEOPT PACKING pc=0x000001aca404cd00 sp=0x0000009a1e4fe140
Event: 32.167 Thread 0x000001acb5b57800 DEOPT UNPACKING pc=0x000001ac9c2474af sp=0x0000009a1e4fe128 mode 2
Event: 62.165 Thread 0x000001acb5b57800 Uncommon trap: trap_request=0xffffffc6 fr.pc=0x000001aca432bb7c relative=0x0000000000000b7c
Event: 62.165 Thread 0x000001acb5b57800 Uncommon trap: reason=bimorphic_or_optimized_type_check action=maybe_recompile pc=0x000001aca432bb7c method=java.util.HashMap.removeNode(ILjava/lang/Object;Ljava/lang/Object;ZZ)Ljava/util/HashMap$Node; @ 283 c2
Event: 62.165 Thread 0x000001acb5b57800 DEOPT PACKING pc=0x000001aca432bb7c sp=0x0000009a1e4fe100
Event: 62.165 Thread 0x000001acb5b57800 DEOPT UNPACKING pc=0x000001ac9c2474af sp=0x0000009a1e4fe018 mode 2
Event: 62.165 Thread 0x000001acb5b57800 Uncommon trap: trap_request=0xffffffc6 fr.pc=0x000001aca432bb7c relative=0x0000000000000b7c
Event: 62.165 Thread 0x000001acb5b57800 Uncommon trap: reason=bimorphic_or_optimized_type_check action=maybe_recompile pc=0x000001aca432bb7c method=java.util.HashMap.removeNode(ILjava/lang/Object;Ljava/lang/Object;ZZ)Ljava/util/HashMap$Node; @ 283 c2
Event: 62.165 Thread 0x000001acb5b57800 DEOPT PACKING pc=0x000001aca432bb7c sp=0x0000009a1e4fe100
Event: 62.165 Thread 0x000001acb5b57800 DEOPT UNPACKING pc=0x000001ac9c2474af sp=0x0000009a1e4fe018 mode 2
Event: 265.545 Thread 0x000001acb91b7000 Uncommon trap: trap_request=0xffffffc6 fr.pc=0x000001aca4242b10 relative=0x00000000000002b0
Event: 265.545 Thread 0x000001acb91b7000 Uncommon trap: reason=bimorphic_or_optimized_type_check action=maybe_recompile pc=0x000001aca4242b10 method=java.util.stream.ReduceOps$ReduceOp.evaluateSequential(Ljava/util/stream/PipelineHelper;Ljava/util/Spliterator;)Ljava/lang/Object; @ 2 c2
Event: 265.545 Thread 0x000001acb91b7000 DEOPT PACKING pc=0x000001aca4242b10 sp=0x0000009a21cfc2a0
Event: 265.545 Thread 0x000001acb91b7000 DEOPT UNPACKING pc=0x000001ac9c2474af sp=0x0000009a21cfc220 mode 2
Event: 265.548 Thread 0x000001acb91b7000 Uncommon trap: trap_request=0xffffff4d fr.pc=0x000001aca42eda58 relative=0x0000000000000098
Event: 265.548 Thread 0x000001acb91b7000 Uncommon trap: reason=unstable_if action=reinterpret pc=0x000001aca42eda58 method=org.gradle.internal.operations.DefaultBuildOperationAncestryTracker.started(Lorg/gradle/internal/operations/BuildOperationDescriptor;Lorg/gradle/internal/operations/Operatio
Event: 265.548 Thread 0x000001acb91b7000 DEOPT PACKING pc=0x000001aca42eda58 sp=0x0000009a21cfd210
Event: 265.548 Thread 0x000001acb91b7000 DEOPT UNPACKING pc=0x000001ac9c2474af sp=0x0000009a21cfd198 mode 2

Classes redefined (0 events):
No events

Internal exceptions (20 events):
Event: 19.154 Thread 0x000001acb91b8800 Exception <a 'java/lang/NoSuchMethodError'{0x000000008b13ca98}: 'java.lang.Object java.lang.invoke.DirectMethodHandle$Holder.invokeStatic(java.lang.Object, java.lang.Object, long)'> (0x000000008b13ca98) thrown at [./src/hotspot/share/interpreter/linkResolver.cpp, line 773]
Event: 19.154 Thread 0x000001acb91b8800 Exception <a 'java/lang/NoSuchMethodError'{0x000000008b143010}: 'java.lang.Object java.lang.invoke.Invokers$Holder.linkToTargetMethod(java.lang.Object, long, java.lang.Object)'> (0x000000008b143010) thrown at [./src/hotspot/share/interpreter/linkResolver.cpp, line 773]
Event: 19.431 Thread 0x000001acb91b8800 Exception <a 'java/lang/NoSuchMethodError'{0x000000008b09e8b0}: 'int java.lang.invoke.DirectMethodHandle$Holder.invokeSpecialIFC(java.lang.Object, java.lang.Object, java.lang.Object)'> (0x000000008b09e8b0) thrown at [./src/hotspot/share/interpreter/linkResolver.cpp, line 773]
Event: 22.385 Thread 0x000001acb91b8800 Exception <a 'sun/nio/fs/WindowsException'{0x000000008c620e20}> (0x000000008c620e20) thrown at [./src/hotspot/share/prims/jni.cpp, line 615]
Event: 22.385 Thread 0x000001acb91b8800 Exception <a 'sun/nio/fs/WindowsException'{0x000000008c620f08}> (0x000000008c620f08) thrown at [./src/hotspot/share/prims/jni.cpp, line 615]
Event: 22.389 Thread 0x000001acb91b8800 Implicit null exception at 0x000001aca42c1fdf to 0x000001aca42c2134
Event: 22.920 Thread 0x000001acb91b7000 Exception <a 'sun/nio/fs/WindowsException'{0x000000008f1b4c10}> (0x000000008f1b4c10) thrown at [./src/hotspot/share/prims/jni.cpp, line 615]
Event: 22.927 Thread 0x000001acb91b7000 Implicit null exception at 0x000001aca3e3e888 to 0x000001aca3e41298
Event: 23.001 Thread 0x000001acb91b7000 Exception <a 'java/lang/NoSuchMethodError'{0x000000008edcc1b0}: 'java.lang.Object java.lang.invoke.DirectMethodHandle$Holder.invokeStatic(java.lang.Object, java.lang.Object, java.lang.Object, java.lang.Object, java.lang.Object, int, java.lang.Object)'> (0x000000008edcc1b0) thrown at [./src/hotspot/share/interpreter/linkResolver.cpp, line 773]
Event: 23.070 Thread 0x000001acb91b7000 Exception <a 'java/lang/NoSuchMethodError'{0x000000008e9be550}: 'java.lang.Object java.lang.invoke.DirectMethodHandle$Holder.invokeStatic(java.lang.Object, java.lang.Object, java.lang.Object, java.lang.Object, java.lang.Object, java.lang.Object, java.lang.Object, int)'> (0x000000008e9be550) thrown at [./src/hotspot/share/interpreter/linkResolver.cpp, line 773]
Event: 23.070 Thread 0x000001acb91b7000 Exception <a 'java/lang/NoSuchMethodError'{0x000000008e9c2988}: 'java.lang.Object java.lang.invoke.DirectMethodHandle$Holder.invokeSpecial(java.lang.Object, java.lang.Object, java.lang.Object, java.lang.Object, java.lang.Object, java.lang.Object, java.lang.Object, java.lang.Object, int)'> (0x000000008e9c2988) thrown at [./src/hotspot/share/interpreter/linkResolver.cpp, line 773]
Event: 23.070 Thread 0x000001acb91b7000 Exception <a 'java/lang/NoSuchMethodError'{0x000000008e9c6740}: 'java.lang.Object java.lang.invoke.Invokers$Holder.linkToTargetMethod(java.lang.Object, java.lang.Object, java.lang.Object, java.lang.Object, java.lang.Object, java.lang.Object, int, java.lang.Object)'> (0x000000008e9c6740) thrown at [./src/hotspot/share/interpreter/linkResolver.cpp, line 773]
Event: 23.334 Thread 0x000001acb91b7000 Implicit null exception at 0x000001aca3e8c56b to 0x000001aca3e8c58c
Event: 23.408 Thread 0x000001acb6864800 Implicit null exception at 0x000001aca42e43d4 to 0x000001aca42e4c68
Event: 23.408 Thread 0x000001acb6864800 Implicit null exception at 0x000001aca42e82d2 to 0x000001aca42e86d8
Event: 23.422 Thread 0x000001acb91b6000 Exception <a 'sun/nio/fs/WindowsException'{0x000000008dc17068}> (0x000000008dc17068) thrown at [./src/hotspot/share/prims/jni.cpp, line 615]
Event: 23.459 Thread 0x000001acb6864800 Exception <a 'java/lang/NoSuchMethodError'{0x000000008db77fb8}: 'java.lang.Object java.lang.invoke.DirectMethodHandle$Holder.invokeSpecial(java.lang.Object, java.lang.Object, java.lang.Object, java.lang.Object, int, java.lang.Object, java.lang.Object)'> (0x000000008db77fb8) thrown at [./src/hotspot/share/interpreter/linkResolver.cpp, line 773]
Event: 23.468 Thread 0x000001acb6864800 Exception <a 'java/lang/NoSuchMethodError'{0x000000008da0fb08}: 'int java.lang.invoke.DirectMethodHandle$Holder.invokeVirtual(java.lang.Object, java.lang.Object, java.lang.Object)'> (0x000000008da0fb08) thrown at [./src/hotspot/share/interpreter/linkResolver.cpp, line 773]
Event: 32.166 Thread 0x000001acb5b57800 Implicit null exception at 0x000001aca4035914 to 0x000001aca4035f00
Event: 32.167 Thread 0x000001acb5b57800 Implicit null exception at 0x000001aca404c714 to 0x000001aca404cce8

Events (20 events):
Event: 265.546 Executing VM operation: RevokeBias done
Event: 265.548 Executing VM operation: RevokeBias
Event: 265.548 Executing VM operation: RevokeBias done
Event: 265.548 Executing VM operation: RevokeBias
Event: 265.548 Executing VM operation: RevokeBias done
Event: 265.560 Thread 0x000001acb91ba000 Thread added: 0x000001acb91ba000
Event: 265.564 Thread 0x000001acb91b9800 Thread added: 0x000001acb91b9800
Event: 265.568 Thread 0x000001acb91b8800 Thread added: 0x000001acb91b8800
Event: 265.574 Executing VM operation: RevokeBias
Event: 265.574 Executing VM operation: RevokeBias done
Event: 265.574 Executing VM operation: RevokeBias
Event: 265.574 Executing VM operation: RevokeBias done
Event: 265.592 Thread 0x000001acb91c0000 Thread added: 0x000001acb91c0000
Event: 265.602 Executing VM operation: RevokeBias
Event: 265.602 Executing VM operation: RevokeBias done
Event: 265.604 Executing VM operation: RevokeBias
Event: 265.605 Executing VM operation: RevokeBias done
Event: 265.609 Executing VM operation: RevokeBias
Event: 265.609 Executing VM operation: RevokeBias done
Event: 265.626 Thread 0x000001acb91c1800 Thread added: 0x000001acb91c1800


Dynamic libraries:
0x00007ff6d1270000 - 0x00007ff6d127a000 	C:\Program Files\Android\Android Studio\jre\bin\java.exe
0x00007ffdf8530000 - 0x00007ffdf86f1000 	C:\Windows\SYSTEM32\ntdll.dll
0x00007ffdf6c20000 - 0x00007ffdf6ccd000 	C:\Windows\system32\KERNEL32.DLL
0x00007ffdf5440000 - 0x00007ffdf5628000 	C:\Windows\system32\KERNELBASE.dll
0x00007ffde2710000 - 0x00007ffde2727000 	C:\Program Files\Android\Android Studio\jre\bin\VCRUNTIME140.dll
0x00007ffde1670000 - 0x00007ffde1689000 	C:\Program Files\Android\Android Studio\jre\bin\jli.dll
0x00007ffdf3df0000 - 0x00007ffdf3ee4000 	C:\Windows\SYSTEM32\ucrtbase.dll
0x00007ffdf6140000 - 0x00007ffdf6296000 	C:\Windows\system32\USER32.dll
0x00007ffdf63c0000 - 0x00007ffdf6547000 	C:\Windows\system32\GDI32.dll
0x00007ffdec530000 - 0x00007ffdec7a4000 	C:\Windows\WinSxS\amd64_microsoft.windows.common-controls_6595b64144ccf1df_6.0.10586.839_none_a2ddba30a539a2ae\COMCTL32.dll
0x00007ffdf62b0000 - 0x00007ffdf634d000 	C:\Windows\system32\msvcrt.dll
0x00007ffdf6890000 - 0x00007ffdf6b0e000 	C:\Windows\system32\combase.dll
0x00007ffdf5b90000 - 0x00007ffdf5cad000 	C:\Windows\system32\RPCRT4.dll
0x00007ffdf53d0000 - 0x00007ffdf543a000 	C:\Windows\system32\bcryptPrimitives.dll
0x00007ffdf5b50000 - 0x00007ffdf5b8b000 	C:\Windows\system32\IMM32.DLL
0x00007ffdd78d0000 - 0x00007ffdd796d000 	C:\Program Files\Android\Android Studio\jre\bin\msvcp140.dll
0x00007ffdd22c0000 - 0x00007ffdd2d7c000 	C:\Program Files\Android\Android Studio\jre\bin\server\jvm.dll
0x00007ffdf67e0000 - 0x00007ffdf6887000 	C:\Windows\system32\ADVAPI32.dll
0x00007ffdf5af0000 - 0x00007ffdf5b4b000 	C:\Windows\system32\sechost.dll
0x00007ffdf6b30000 - 0x00007ffdf6b38000 	C:\Windows\system32\PSAPI.DLL
0x00007ffdec280000 - 0x00007ffdec289000 	C:\Windows\SYSTEM32\WSOCK32.dll
0x00007ffdf2f20000 - 0x00007ffdf2f43000 	C:\Windows\SYSTEM32\WINMM.dll
0x00007ffde6e20000 - 0x00007ffde6e2a000 	C:\Windows\SYSTEM32\VERSION.dll
0x00007ffdf6350000 - 0x00007ffdf63bb000 	C:\Windows\system32\WS2_32.dll
0x00007ffdf2ef0000 - 0x00007ffdf2f1c000 	C:\Windows\SYSTEM32\WINMMBASE.dll
0x00007ffdf5380000 - 0x00007ffdf53c3000 	C:\Windows\system32\cfgmgr32.dll
0x00007ffdf4bd0000 - 0x00007ffdf4bdf000 	C:\Windows\system32\kernel.appcore.dll
0x00007ffdec170000 - 0x00007ffdec181000 	C:\Program Files\Android\Android Studio\jre\bin\verify.dll
0x00007ffde85f0000 - 0x00007ffde877c000 	C:\Windows\SYSTEM32\DBGHELP.DLL
0x00007ffdf2f80000 - 0x00007ffdf2fa5000 	C:\Windows\SYSTEM32\dbgcore.DLL
0x00007ffdec030000 - 0x00007ffdec059000 	C:\Program Files\Android\Android Studio\jre\bin\java.dll
0x00007ffdec160000 - 0x00007ffdec16b000 	C:\Program Files\Android\Android Studio\jre\bin\jimage.dll
0x00007ffdec010000 - 0x00007ffdec028000 	C:\Program Files\Android\Android Studio\jre\bin\zip.dll
0x00007ffdf6cd0000 - 0x00007ffdf822c000 	C:\Windows\system32\SHELL32.dll
0x00007ffdf4d30000 - 0x00007ffdf5375000 	C:\Windows\system32\windows.storage.dll
0x00007ffdf5a90000 - 0x00007ffdf5ae2000 	C:\Windows\system32\shlwapi.dll
0x00007ffdf4be0000 - 0x00007ffdf4c95000 	C:\Windows\system32\shcore.dll
0x00007ffdf4b70000 - 0x00007ffdf4bbb000 	C:\Windows\system32\powrprof.dll
0x00007ffdf4b50000 - 0x00007ffdf4b64000 	C:\Windows\system32\profapi.dll
0x00007ffdeadf0000 - 0x00007ffdeae0a000 	C:\Program Files\Android\Android Studio\jre\bin\net.dll
0x00007ffdebf10000 - 0x00007ffdebfd7000 	C:\Windows\SYSTEM32\WINHTTP.dll
0x00007ffdf4480000 - 0x00007ffdf44dc000 	C:\Windows\system32\mswsock.dll
0x00007ffdea920000 - 0x00007ffdea934000 	C:\Program Files\Android\Android Studio\jre\bin\nio.dll
0x00007ffdddff0000 - 0x00007ffdde017000 	C:\Users\Huzaifa Sammar\.gradle\native\8bec1ad78214c89d9ad589b4d07fe93259594b29d510b10fafb7a158f7737e5d\windows-amd64\native-platform.dll
0x00007ffdd80b0000 - 0x00007ffdd81ed000 	C:\Users\Huzaifa Sammar\.gradle\native\53dbd7edfb1c66fb8903c78663c9afc45aea4f116125fa6feffd364cf09443e8\windows-amd64\native-platform-file-events.dll
0x00007ffdec150000 - 0x00007ffdec15a000 	C:\Program Files\Android\Android Studio\jre\bin\management.dll
0x00007ffdeac50000 - 0x00007ffdeac5c000 	C:\Program Files\Android\Android Studio\jre\bin\management_ext.dll
0x00007ffdf4530000 - 0x00007ffdf4547000 	C:\Windows\SYSTEM32\CRYPTSP.dll
0x00007ffdf41c0000 - 0x00007ffdf41f4000 	C:\Windows\system32\rsaenh.dll
0x00007ffdf4750000 - 0x00007ffdf4779000 	C:\Windows\SYSTEM32\bcrypt.dll
0x00007ffdf4310000 - 0x00007ffdf432f000 	C:\Windows\SYSTEM32\USERENV.dll
0x00007ffdf4650000 - 0x00007ffdf465b000 	C:\Windows\SYSTEM32\CRYPTBASE.dll
0x00007ffdec7c0000 - 0x00007ffdec7f8000 	C:\Windows\SYSTEM32\IPHLPAPI.DLL
0x00007ffdf62a0000 - 0x00007ffdf62a8000 	C:\Windows\system32\NSI.dll
0x00007ffdeb5c0000 - 0x00007ffdeb5d6000 	C:\Windows\SYSTEM32\dhcpcsvc6.DLL
0x00007ffdeb700000 - 0x00007ffdeb71a000 	C:\Windows\SYSTEM32\dhcpcsvc.DLL
0x00007ffdea1d0000 - 0x00007ffdea1f7000 	C:\Program Files\Android\Android Studio\jre\bin\sunec.dll

dbghelp: loaded successfully - version: 4.0.5 - missing functions: none
symbol engine: initialized successfully - sym options: 0x614 - pdb path: .;C:\Program Files\Android\Android Studio\jre\bin;C:\Windows\SYSTEM32;C:\Windows\WinSxS\amd64_microsoft.windows.common-controls_6595b64144ccf1df_6.0.10586.839_none_a2ddba30a539a2ae;C:\Program Files\Android\Android Studio\jre\bin\server;C:\Users\Huzaifa Sammar\.gradle\native\8bec1ad78214c89d9ad589b4d07fe93259594b29d510b10fafb7a158f7737e5d\windows-amd64;C:\Users\Huzaifa Sammar\.gradle\native\53dbd7edfb1c66fb8903c78663c9afc45aea4f116125fa6feffd364cf09443e8\windows-amd64

VM Arguments:
jvm_args: --add-opens=java.base/java.util=ALL-UNNAMED --add-opens=java.base/java.lang=ALL-UNNAMED --add-opens=java.base/java.lang.invoke=ALL-UNNAMED --add-opens=java.base/java.util=ALL-UNNAMED --add-opens=java.prefs/java.util.prefs=ALL-UNNAMED --add-opens=java.prefs/java.util.prefs=ALL-UNNAMED --add-opens=java.base/java.nio.charset=ALL-UNNAMED --add-opens=java.base/java.net=ALL-UNNAMED --add-opens=java.base/java.util.concurrent.atomic=ALL-UNNAMED -Xmx2048m -Dfile.encoding=UTF-8 -Duser.country=US -Duser.language=en -Duser.variant 
java_command: org.gradle.launcher.daemon.bootstrap.GradleDaemon 7.0.2
java_class_path (initial): C:\Users\Huzaifa Sammar\.gradle\wrapper\dists\gradle-7.0.2-bin\857tjihv64xamwrf0h14cai3r\gradle-7.0.2\lib\gradle-launcher-7.0.2.jar
Launcher Type: SUN_STANDARD

[Global flags]
     intx CICompilerCount                          = 3                                         {product} {ergonomic}
     uint ConcGCThreads                            = 1                                         {product} {ergonomic}
     uint G1ConcRefinementThreads                  = 4                                         {product} {ergonomic}
   size_t G1HeapRegionSize                         = 1048576                                   {product} {ergonomic}
    uintx GCDrainStackTargetSize                   = 64                                        {product} {ergonomic}
   size_t InitialHeapSize                          = 67108864                                  {product} {ergonomic}
   size_t MarkStackSize                            = 4194304                                   {product} {ergonomic}
   size_t MaxHeapSize                              = 2147483648                                {product} {command line}
   size_t MaxNewSize                               = 1287651328                                {product} {ergonomic}
   size_t MinHeapDeltaBytes                        = 1048576                                   {product} {ergonomic}
    uintx NonNMethodCodeHeapSize                   = 5830732                                {pd product} {ergonomic}
    uintx NonProfiledCodeHeapSize                  = 122913754                              {pd product} {ergonomic}
    uintx ProfiledCodeHeapSize                     = 122913754                              {pd product} {ergonomic}
    uintx ReservedCodeCacheSize                    = 251658240                              {pd product} {ergonomic}
     bool SegmentedCodeCache                       = true                                      {product} {ergonomic}
     bool UseCompressedClassPointers               = true                                 {lp64_product} {ergonomic}
     bool UseCompressedOops                        = true                                 {lp64_product} {ergonomic}
     bool UseG1GC                                  = true                                      {product} {ergonomic}
     bool UseLargePagesIndividualAllocation        = false                                  {pd product} {ergonomic}

Logging:
Log output configuration:
 #0: stdout all=warning uptime,level,tags
 #1: stderr all=off uptime,level,tags

Environment Variables:
JAVA_HOME=C:\Program Files\Java\jdk-12.0.2
PATH=C:\Users\Huzaifa Sammar\flutter/bin;C:\Program Files\Git\bin\git.exe;C:\Windows\System32;C:\Program Files\Git\cmd;C:\Windows\System32\Windows;C:\Windows\System32\WindowsPowerShell\v1.0;C:\Users\Huzaifa Sammar\AppData\Local\Android\Sdk;C:\Program Files\Java\jdk-12.0.2\bin;C:\Program Files (x86)\Java\jre1.8.0_171\bin;C:\Users\Huzaifa Sammar\dart-sdk\bin;C:\Users\Huzaifa Sammar\AppData\Local\Programs\Python\Python38;C:\Users\Huzaifa Sammar\AppData\Local\Programs\Python\Python38\Scripts
USERNAME=Huzaifa Sammar
OS=Windows_NT
PROCESSOR_IDENTIFIER=Intel64 Family 6 Model 69 Stepping 1, GenuineIntel



---------------  S Y S T E M  ---------------

OS: Windows 10 , 64 bit Build 10586 (10.0.10586.589)
OS uptime: 1 days 1:58 hours

CPU:total 4 (initial active 4) (2 cores per cpu, 2 threads per core) family 6 model 69 stepping 1, cmov, cx8, fxsr, mmx, sse, sse2, sse3, ssse3, sse4.1, sse4.2, popcnt, avx, avx2, aes, clmul, erms, lzcnt, ht, tsc, tscinvbit, bmi1, bmi2, fma

Memory: 4k page, system-wide physical 4001M (467M free)
TotalPageFile size 6662M (AvailPageFile size 4M)
current process WorkingSet (physical memory assigned to process): 327M, peak: 488M
current process commit charge ("private bytes"): 534M, peak: 537M

vm_info: OpenJDK 64-Bit Server VM (11.0.8+10-b944.6842174) for windows-amd64 JRE (11.0.8+10-b944.6842174), built on Sep 19 2020 01:11:42 by "builder" with MS VC++ 14.0 (VS2015)

END.
