#
# There is insufficient memory for the Java Runtime Environment to continue.
# Native memory allocation (malloc) failed to allocate 1684976 bytes for Chunk::new
# Possible reasons:
#   The system is out of physical RAM or swap space
#   The process is running with CompressedOops enabled, and the Java Heap may be blocking the growth of the native heap
# Possible solutions:
#   Reduce memory load on the system
#   Increase physical memory or swap space
#   Check if swap backing store is full
#   Decrease Java heap size (-Xmx/-Xms)
#   Decrease number of Java threads
#   Decrease Java thread stack sizes (-Xss)
#   Set larger code cache with -XX:ReservedCodeCacheSize=
#   JVM is running with Unscaled Compressed Oops mode in which the Java heap is
#     placed in the first 4GB address space. The Java Heap base address is the
#     maximum limit for the native heap growth. Please use -XX:HeapBaseMinAddress
#     to set the Java Heap base and to place the Java Heap above 4GB virtual address.
# This output file may be truncated or incomplete.
#
#  Out of Memory Error (./src/hotspot/share/memory/arena.cpp:197), pid=988, tid=2904
#
# JRE version: OpenJDK Runtime Environment (11.0.8+10) (build 11.0.8+10-b944.6842174)
# Java VM: OpenJDK 64-Bit Server VM (11.0.8+10-b944.6842174, mixed mode, tiered, compressed oops, g1 gc, windows-amd64)
# No core dump will be written. Minidumps are not enabled by default on client versions of Windows
#

---------------  S U M M A R Y ------------

Command Line: --add-opens=java.base/java.util=ALL-UNNAMED --add-opens=java.base/java.lang=ALL-UNNAMED --add-opens=java.base/java.lang.invoke=ALL-UNNAMED --add-opens=java.base/java.util=ALL-UNNAMED --add-opens=java.prefs/java.util.prefs=ALL-UNNAMED --add-opens=java.prefs/java.util.prefs=ALL-UNNAMED --add-opens=java.base/java.nio.charset=ALL-UNNAMED --add-opens=java.base/java.net=ALL-UNNAMED --add-opens=java.base/java.util.concurrent.atomic=ALL-UNNAMED -Xmx2048m -Dfile.encoding=UTF-8 -Duser.country=US -Duser.language=en -Duser.variant org.gradle.launcher.daemon.bootstrap.GradleDaemon 7.0.2

Host: Intel(R) Core(TM) i5-4310U CPU @ 2.00GHz, 4 cores, 3G,  Windows 10 , 64 bit Build 10586 (10.0.10586.589)
Time: Wed Nov 24 11:05:37 2021 Pakistan Standard Time elapsed time: 25 seconds (0d 0h 0m 25s)

---------------  T H R E A D  ---------------

Current thread (0x00000246842f5800):  JavaThread "C2 CompilerThread1" daemon [_thread_in_native, id=2904, stack(0x0000008ed6400000,0x0000008ed6500000)]


Current CompileTask:
C2:  25672 11150   !   4       java.io.ObjectInputStream::readSerialData (563 bytes)

Stack: [0x0000008ed6400000,0x0000008ed6500000]
Native frames: (J=compiled Java code, j=interpreted, Vv=VM code, C=native code)
V  [jvm.dll+0x5de50a]
V  [jvm.dll+0x7122f5]
V  [jvm.dll+0x71384d]
V  [jvm.dll+0x713f03]
V  [jvm.dll+0x23e728]
V  [jvm.dll+0xb899c]
V  [jvm.dll+0xb8e9c]
V  [jvm.dll+0x35024d]
V  [jvm.dll+0x193ebc]
V  [jvm.dll+0x1f780e]
V  [jvm.dll+0x1f68d4]
V  [jvm.dll+0x17f32c]
V  [jvm.dll+0x205047]
V  [jvm.dll+0x203891]
V  [jvm.dll+0x6dad3f]
V  [jvm.dll+0x6d3895]
V  [jvm.dll+0x5dd4a6]
C  [ucrtbase.dll+0x6beed]
C  [KERNEL32.DLL+0x18102]
C  [ntdll.dll+0x5c5b4]


---------------  P R O C E S S  ---------------

Threads class SMR info:
_java_thread_list=0x000002468395de50, length=54, elements={
0x00000246e56b0800, 0x00000246ff874000, 0x00000246ff875000, 0x00000246ff8cd800,
0x00000246ff8cf000, 0x00000246ff8d0800, 0x00000246ff8dc800, 0x00000246ff8df800,
0x00000246ffb22800, 0x00000246ffb3c000, 0x0000024681196800, 0x00000246826a6800,
0x0000024681fe0800, 0x00000246827d3000, 0x0000024681bee800, 0x0000024681bde800,
0x0000024682267800, 0x000002468226c800, 0x00000246828fe000, 0x00000246836f8800,
0x0000024683972800, 0x0000024683973800, 0x0000024683971000, 0x0000024683970800,
0x0000024683972000, 0x0000024683974800, 0x0000024683975000, 0x000002468396f800,
0x0000024683976000, 0x0000024686afa800, 0x0000024686afd000, 0x0000024686af8800,
0x0000024686afc800, 0x0000024686afe000, 0x0000024686b00800, 0x0000024686b01800,
0x0000024686aff800, 0x0000024686afb800, 0x0000024686b02000, 0x0000024686b03000,
0x0000024686b03800, 0x0000024686aff000, 0x00000246842f5800, 0x0000024686b06000,
0x0000024686b07000, 0x0000024686f8f000, 0x0000024686f92000, 0x0000024686f8f800,
0x0000024686f8e000, 0x0000024686f90800, 0x0000024686f91000, 0x0000024686f8d000,
0x0000024686f93800, 0x0000024681652800
}

Java Threads: ( => current thread )
  0x00000246e56b0800 JavaThread "main" [_thread_blocked, id=4032, stack(0x0000008ed2c00000,0x0000008ed2d00000)]
  0x00000246ff874000 JavaThread "Reference Handler" daemon [_thread_blocked, id=7056, stack(0x0000008ed3300000,0x0000008ed3400000)]
  0x00000246ff875000 JavaThread "Finalizer" daemon [_thread_blocked, id=2628, stack(0x0000008ed3400000,0x0000008ed3500000)]
  0x00000246ff8cd800 JavaThread "Signal Dispatcher" daemon [_thread_blocked, id=7980, stack(0x0000008ed3500000,0x0000008ed3600000)]
  0x00000246ff8cf000 JavaThread "Attach Listener" daemon [_thread_blocked, id=2364, stack(0x0000008ed3600000,0x0000008ed3700000)]
  0x00000246ff8d0800 JavaThread "C2 CompilerThread0" daemon [_thread_in_native, id=6872, stack(0x0000008ed3700000,0x0000008ed3800000)]
  0x00000246ff8dc800 JavaThread "C1 CompilerThread0" daemon [_thread_blocked, id=884, stack(0x0000008ed3800000,0x0000008ed3900000)]
  0x00000246ff8df800 JavaThread "Sweeper thread" daemon [_thread_blocked, id=84, stack(0x0000008ed3900000,0x0000008ed3a00000)]
  0x00000246ffb22800 JavaThread "Common-Cleaner" daemon [_thread_blocked, id=5164, stack(0x0000008ed3a00000,0x0000008ed3b00000)]
  0x00000246ffb3c000 JavaThread "Service Thread" daemon [_thread_blocked, id=3748, stack(0x0000008ed3b00000,0x0000008ed3c00000)]
  0x0000024681196800 JavaThread "Daemon health stats" [_thread_blocked, id=8184, stack(0x0000008ed3f00000,0x0000008ed4000000)]
  0x00000246826a6800 JavaThread "Incoming local TCP Connector on port 50694" [_thread_in_native, id=7580, stack(0x0000008ed4000000,0x0000008ed4100000)]
  0x0000024681fe0800 JavaThread "Daemon periodic checks" [_thread_blocked, id=8164, stack(0x0000008ed4100000,0x0000008ed4200000)]
  0x00000246827d3000 JavaThread "Daemon" [_thread_blocked, id=6864, stack(0x0000008ed4200000,0x0000008ed4300000)]
  0x0000024681bee800 JavaThread "Handler for socket connection from /127.0.0.1:50694 to /127.0.0.1:50695" [_thread_in_native, id=2156, stack(0x0000008ed4300000,0x0000008ed4400000)]
  0x0000024681bde800 JavaThread "Cancel handler" [_thread_blocked, id=7628, stack(0x0000008ed4400000,0x0000008ed4500000)]
  0x0000024682267800 JavaThread "Daemon worker" [_thread_blocked, id=8092, stack(0x0000008ed4500000,0x0000008ed4600000)]
  0x000002468226c800 JavaThread "Asynchronous log dispatcher for DefaultDaemonConnection: socket connection from /127.0.0.1:50694 to /127.0.0.1:50695" [_thread_blocked, id=6696, stack(0x0000008ed4600000,0x0000008ed4700000)]
  0x00000246828fe000 JavaThread "Stdin handler" [_thread_blocked, id=4812, stack(0x0000008ed4700000,0x0000008ed4800000)]
  0x00000246836f8800 JavaThread "Daemon client event forwarder" [_thread_blocked, id=6876, stack(0x0000008ed4800000,0x0000008ed4900000)]
  0x0000024683972800 JavaThread "Cache worker for file hash cache (C:\Users\Huzaifa Sammar\.gradle\caches\7.0.2\fileHashes)" [_thread_blocked, id=6120, stack(0x0000008ed4b00000,0x0000008ed4c00000)]
  0x0000024683973800 JavaThread "File lock request listener" [_thread_in_native, id=7672, stack(0x0000008ed4c00000,0x0000008ed4d00000)]
  0x0000024683971000 JavaThread "Cache worker for journal cache (C:\Users\Huzaifa Sammar\.gradle\caches\journal-1)" [_thread_blocked, id=7252, stack(0x0000008ed4d00000,0x0000008ed4e00000)]
  0x0000024683970800 JavaThread "Cache worker for file hash cache (C:\Users\Huzaifa Sammar\AndroidStudioProjects\DingVpnn\.gradle\7.0.2\fileHashes)" [_thread_blocked, id=2460, stack(0x0000008ed4f00000,0x0000008ed5000000)]
  0x0000024683972000 JavaThread "File watcher server" daemon [_thread_in_native, id=4192, stack(0x0000008ed5000000,0x0000008ed5100000)]
  0x0000024683974800 JavaThread "File watcher consumer" daemon [_thread_blocked, id=6480, stack(0x0000008ed5100000,0x0000008ed5200000)]
  0x0000024683975000 JavaThread "Cache worker for checksums cache (C:\Users\Huzaifa Sammar\AndroidStudioProjects\DingVpnn\.gradle\checksums)" [_thread_blocked, id=6164, stack(0x0000008ed5200000,0x0000008ed5300000)]
  0x000002468396f800 JavaThread "Cache worker for cache directory md-supplier (C:\Users\Huzaifa Sammar\.gradle\caches\7.0.2\md-supplier)" [_thread_blocked, id=7744, stack(0x0000008ed5300000,0x0000008ed5400000)]
  0x0000024683976000 JavaThread "Cache worker for cache directory md-rule (C:\Users\Huzaifa Sammar\.gradle\caches\7.0.2\md-rule)" [_thread_blocked, id=3828, stack(0x0000008ed5400000,0x0000008ed5500000)]
  0x0000024686afa800 JavaThread "Cache worker for execution history cache (C:\Users\Huzaifa Sammar\.gradle\caches\7.0.2\executionHistory)" [_thread_blocked, id=6656, stack(0x0000008ed5500000,0x0000008ed5600000)]
  0x0000024686afd000 JavaThread "jar transforms" [_thread_blocked, id=4612, stack(0x0000008ed5600000,0x0000008ed5700000)]
  0x0000024686af8800 JavaThread "jar transforms Thread 2" [_thread_blocked, id=7268, stack(0x0000008ed5700000,0x0000008ed5800000)]
  0x0000024686afc800 JavaThread "Cache worker for file content cache (C:\Users\Huzaifa Sammar\.gradle\caches\7.0.2\fileContent)" [_thread_blocked, id=5532, stack(0x0000008ed5800000,0x0000008ed5900000)]
  0x0000024686afe000 JavaThread "Cache worker for dependencies-accessors (C:\Users\Huzaifa Sammar\AndroidStudioProjects\DingVpnn\.gradle\7.0.2\dependencies-accessors)" [_thread_blocked, id=6640, stack(0x0000008ed5900000,0x0000008ed5a00000)]
  0x0000024686b00800 JavaThread "jar transforms Thread 3" [_thread_blocked, id=2568, stack(0x0000008ed5a00000,0x0000008ed5b00000)]
  0x0000024686b01800 JavaThread "Cache worker for Build Output Cleanup Cache (C:\Users\Huzaifa Sammar\AndroidStudioProjects\DingVpnn\.gradle\buildOutputCleanup)" [_thread_blocked, id=7576, stack(0x0000008ed5b00000,0x0000008ed5c00000)]
  0x0000024686aff800 JavaThread "Build operations" [_thread_blocked, id=3372, stack(0x0000008ed5c00000,0x0000008ed5d00000)]
  0x0000024686afb800 JavaThread "Build operations Thread 2" [_thread_blocked, id=776, stack(0x0000008ed5d00000,0x0000008ed5e00000)]
  0x0000024686b02000 JavaThread "Build operations Thread 3" [_thread_blocked, id=2400, stack(0x0000008ed5e00000,0x0000008ed5f00000)]
  0x0000024686b03000 JavaThread "Build operations Thread 4" [_thread_blocked, id=7404, stack(0x0000008ed5f00000,0x0000008ed6000000)]
  0x0000024686b03800 JavaThread "jar transforms Thread 4" [_thread_blocked, id=7988, stack(0x0000008ed6000000,0x0000008ed6100000)]
  0x0000024686aff000 JavaThread "Memory manager" [_thread_blocked, id=3412, stack(0x0000008ed6300000,0x0000008ed6400000)]
=>0x00000246842f5800 JavaThread "C2 CompilerThread1" daemon [_thread_in_native, id=2904, stack(0x0000008ed6400000,0x0000008ed6500000)]
  0x0000024686b06000 JavaThread "build event listener" [_thread_blocked, id=7280, stack(0x0000008ed6500000,0x0000008ed6600000)]
  0x0000024686b07000 JavaThread "pool-3-thread-1" [_thread_blocked, id=912, stack(0x0000008ed6600000,0x0000008ed6700000)]
  0x0000024686f8f000 JavaThread "build event listener" [_thread_blocked, id=860, stack(0x0000008ed6700000,0x0000008ed6800000)]
  0x0000024686f92000 JavaThread "Execution worker for ':'" [_thread_blocked, id=640, stack(0x0000008ed6800000,0x0000008ed6900000)]
  0x0000024686f8f800 JavaThread "Execution worker for ':' Thread 2" [_thread_blocked, id=2872, stack(0x0000008ed6900000,0x0000008ed6a00000)]
  0x0000024686f8e000 JavaThread "Execution worker for ':' Thread 3" [_thread_blocked, id=3040, stack(0x0000008ed6a00000,0x0000008ed6b00000)]
  0x0000024686f90800 JavaThread "Cache worker for execution history cache (C:\Users\Huzaifa Sammar\AndroidStudioProjects\DingVpnn\.gradle\7.0.2\executionHistory)" [_thread_blocked, id=1460, stack(0x0000008ed6b00000,0x0000008ed6c00000)]
  0x0000024686f91000 JavaThread "WorkerExecutor Queue" [_thread_in_Java, id=7528, stack(0x0000008ed6d00000,0x0000008ed6e00000)]
  0x0000024686f8d000 JavaThread "WorkerExecutor Queue Thread 2" [_thread_in_Java, id=7468, stack(0x0000008ed6e00000,0x0000008ed6f00000)]
  0x0000024686f93800 JavaThread "WorkerExecutor Queue Thread 3" [_thread_blocked, id=7432, stack(0x0000008ed6f00000,0x0000008ed7000000)]
  0x0000024681652800 JavaThread "WorkerExecutor Queue Thread 4" [_thread_blocked, id=1836, stack(0x0000008ed7000000,0x0000008ed7100000)]

Other Threads:
  0x00000246ff86e000 VMThread "VM Thread" [stack: 0x0000008ed3200000,0x0000008ed3300000] [id=7512]
  0x00000246ffb3d800 WatcherThread [stack: 0x0000008ed3c00000,0x0000008ed3d00000] [id=7400]
  0x00000246e56c9000 GCTaskThread "GC Thread#0" [stack: 0x0000008ed2d00000,0x0000008ed2e00000] [id=7800]
  0x0000024680c5b800 GCTaskThread "GC Thread#1" [stack: 0x0000008ed3e00000,0x0000008ed3f00000] [id=4244]
  0x000002468177a800 GCTaskThread "GC Thread#2" [stack: 0x0000008ed4900000,0x0000008ed4a00000] [id=4636]
  0x0000024681bfb800 GCTaskThread "GC Thread#3" [stack: 0x0000008ed4a00000,0x0000008ed4b00000] [id=5924]
  0x00000246e56fa000 ConcurrentGCThread "G1 Main Marker" [stack: 0x0000008ed2e00000,0x0000008ed2f00000] [id=7564]
  0x00000246e56fb800 ConcurrentGCThread "G1 Conc#0" [stack: 0x0000008ed2f00000,0x0000008ed3000000] [id=296]
  0x00000246e5759000 ConcurrentGCThread "G1 Refine#0" [stack: 0x0000008ed3000000,0x0000008ed3100000] [id=704]
  0x00000246873c7000 ConcurrentGCThread "G1 Refine#1" [stack: 0x0000008ed6c00000,0x0000008ed6d00000] [id=2304]
  0x00000246e575a000 ConcurrentGCThread "G1 Young RemSet Sampling" [stack: 0x0000008ed3100000,0x0000008ed3200000] [id=6920]

Threads with active compile tasks:
C2 CompilerThread0  25704 11122   !   4       java.io.ObjectOutputStream::writeSerialData (221 bytes)
C1 CompilerThread0  25704 11571       2       com.android.aaptcompiler.AaptResourceTypeKt::resourceTypeFromTag (702 bytes)
C2 CompilerThread1  25704 11150   !   4       java.io.ObjectInputStream::readSerialData (563 bytes)

VM state:not at safepoint (normal execution)

VM Mutex/Monitor currently owned by a thread:  ([mutex/lock_event])
[0x00000246e56aefa0] Compile_lock - owner thread: 0x00000246ff8dc800
[0x00000246e56aff60] MethodCompileQueue_lock - owner thread: 0x00000246ff8dc800

Heap address: 0x0000000080000000, size: 2048 MB, Compressed Oops mode: 32-bit
Narrow klass base: 0x0000000000000000, Narrow klass shift: 3
Compressed class space size: 1073741824 Address: 0x0000000100000000

Heap:
 garbage-first heap   total 199680K, used 141115K [0x0000000080000000, 0x0000000100000000)
  region size 1024K, 27 young (27648K), 6 survivors (6144K)
 Metaspace       used 87178K, capacity 89209K, committed 89292K, reserved 1126400K
  class space    used 10998K, capacity 11756K, committed 11776K, reserved 1048576K
Heap Regions: E=young(eden), S=young(survivor), O=old, HS=humongous(starts), HC=humongous(continues), CS=collection set, F=free, A=archive, TAMS=top-at-mark-start (previous, next)
|   0|0x0000000080000000, 0x0000000080100000, 0x0000000080100000|100%|HS|  |TAMS 0x0000000080100000, 0x0000000080000000| Complete 
|   1|0x0000000080100000, 0x0000000080200000, 0x0000000080200000|100%|HC|  |TAMS 0x0000000080200000, 0x0000000080100000| Complete 
|   2|0x0000000080200000, 0x0000000080300000, 0x0000000080300000|100%|HC|  |TAMS 0x0000000080300000, 0x0000000080200000| Complete 
|   3|0x0000000080300000, 0x0000000080400000, 0x0000000080400000|100%| O|  |TAMS 0x0000000080400000, 0x0000000080300000| Untracked 
|   4|0x0000000080400000, 0x0000000080500000, 0x0000000080500000|100%| O|  |TAMS 0x0000000080500000, 0x0000000080400000| Untracked 
|   5|0x0000000080500000, 0x0000000080600000, 0x0000000080600000|100%| O|  |TAMS 0x0000000080600000, 0x0000000080500000| Untracked 
|   6|0x0000000080600000, 0x0000000080700000, 0x0000000080700000|100%| O|  |TAMS 0x0000000080700000, 0x0000000080600000| Untracked 
|   7|0x0000000080700000, 0x0000000080800000, 0x0000000080800000|100%| O|  |TAMS 0x0000000080800000, 0x0000000080700000| Untracked 
|   8|0x0000000080800000, 0x0000000080900000, 0x0000000080900000|100%| O|  |TAMS 0x0000000080900000, 0x0000000080800000| Untracked 
|   9|0x0000000080900000, 0x0000000080a00000, 0x0000000080a00000|100%| O|  |TAMS 0x0000000080a00000, 0x0000000080900000| Untracked 
|  10|0x0000000080a00000, 0x0000000080b00000, 0x0000000080b00000|100%| O|  |TAMS 0x0000000080b00000, 0x0000000080a00000| Untracked 
|  11|0x0000000080b00000, 0x0000000080c00000, 0x0000000080c00000|100%| O|  |TAMS 0x0000000080c00000, 0x0000000080b00000| Untracked 
|  12|0x0000000080c00000, 0x0000000080d00000, 0x0000000080d00000|100%| O|  |TAMS 0x0000000080d00000, 0x0000000080c00000| Untracked 
|  13|0x0000000080d00000, 0x0000000080e00000, 0x0000000080e00000|100%| O|  |TAMS 0x0000000080e00000, 0x0000000080d00000| Untracked 
|  14|0x0000000080e00000, 0x0000000080f00000, 0x0000000080f00000|100%| O|  |TAMS 0x0000000080f00000, 0x0000000080e00000| Untracked 
|  15|0x0000000080f00000, 0x0000000081000000, 0x0000000081000000|100%| O|  |TAMS 0x0000000081000000, 0x0000000080f00000| Untracked 
|  16|0x0000000081000000, 0x0000000081100000, 0x0000000081100000|100%| O|  |TAMS 0x0000000081100000, 0x0000000081000000| Untracked 
|  17|0x0000000081100000, 0x0000000081200000, 0x0000000081200000|100%| O|  |TAMS 0x0000000081200000, 0x0000000081100000| Untracked 
|  18|0x0000000081200000, 0x0000000081300000, 0x0000000081300000|100%| O|  |TAMS 0x0000000081300000, 0x0000000081200000| Untracked 
|  19|0x0000000081300000, 0x0000000081400000, 0x0000000081400000|100%| O|  |TAMS 0x0000000081400000, 0x0000000081300000| Untracked 
|  20|0x0000000081400000, 0x0000000081500000, 0x0000000081500000|100%| O|  |TAMS 0x0000000081500000, 0x0000000081400000| Untracked 
|  21|0x0000000081500000, 0x0000000081600000, 0x0000000081600000|100%| O|  |TAMS 0x0000000081600000, 0x0000000081500000| Untracked 
|  22|0x0000000081600000, 0x0000000081700000, 0x0000000081700000|100%| O|  |TAMS 0x0000000081700000, 0x0000000081600000| Untracked 
|  23|0x0000000081700000, 0x0000000081800000, 0x0000000081800000|100%| O|  |TAMS 0x0000000081800000, 0x0000000081700000| Untracked 
|  24|0x0000000081800000, 0x0000000081900000, 0x0000000081900000|100%| O|  |TAMS 0x0000000081900000, 0x0000000081800000| Untracked 
|  25|0x0000000081900000, 0x0000000081a00000, 0x0000000081a00000|100%| O|  |TAMS 0x0000000081a00000, 0x0000000081900000| Untracked 
|  26|0x0000000081a00000, 0x0000000081b00000, 0x0000000081b00000|100%| O|  |TAMS 0x0000000081b00000, 0x0000000081a00000| Untracked 
|  27|0x0000000081b00000, 0x0000000081c00000, 0x0000000081c00000|100%|HS|  |TAMS 0x0000000081c00000, 0x0000000081b00000| Complete 
|  28|0x0000000081c00000, 0x0000000081d00000, 0x0000000081d00000|100%|HS|  |TAMS 0x0000000081d00000, 0x0000000081c00000| Complete 
|  29|0x0000000081d00000, 0x0000000081e00000, 0x0000000081e00000|100%|HC|  |TAMS 0x0000000081e00000, 0x0000000081d00000| Complete 
|  30|0x0000000081e00000, 0x0000000081f00000, 0x0000000081f00000|100%| O|  |TAMS 0x0000000081f00000, 0x0000000081e00000| Untracked 
|  31|0x0000000081f00000, 0x0000000082000000, 0x0000000082000000|100%| O|  |TAMS 0x0000000082000000, 0x0000000081f00000| Untracked 
|  32|0x0000000082000000, 0x0000000082100000, 0x0000000082100000|100%| O|  |TAMS 0x0000000082100000, 0x0000000082000000| Untracked 
|  33|0x0000000082100000, 0x0000000082200000, 0x0000000082200000|100%| O|  |TAMS 0x0000000082200000, 0x0000000082100000| Untracked 
|  34|0x0000000082200000, 0x0000000082300000, 0x0000000082300000|100%| O|  |TAMS 0x0000000082300000, 0x0000000082200000| Untracked 
|  35|0x0000000082300000, 0x0000000082400000, 0x0000000082400000|100%| O|  |TAMS 0x0000000082400000, 0x0000000082300000| Untracked 
|  36|0x0000000082400000, 0x0000000082500000, 0x0000000082500000|100%| O|  |TAMS 0x0000000082500000, 0x0000000082400000| Untracked 
|  37|0x0000000082500000, 0x0000000082600000, 0x0000000082600000|100%| O|  |TAMS 0x0000000082600000, 0x0000000082500000| Untracked 
|  38|0x0000000082600000, 0x0000000082700000, 0x0000000082700000|100%| O|  |TAMS 0x0000000082700000, 0x0000000082600000| Untracked 
|  39|0x0000000082700000, 0x0000000082800000, 0x0000000082800000|100%| O|  |TAMS 0x0000000082800000, 0x0000000082700000| Untracked 
|  40|0x0000000082800000, 0x0000000082900000, 0x0000000082900000|100%| O|  |TAMS 0x0000000082900000, 0x0000000082800000| Untracked 
|  41|0x0000000082900000, 0x0000000082a00000, 0x0000000082a00000|100%| O|  |TAMS 0x0000000082a00000, 0x0000000082900000| Untracked 
|  42|0x0000000082a00000, 0x0000000082b00000, 0x0000000082b00000|100%| O|  |TAMS 0x0000000082b00000, 0x0000000082a00000| Untracked 
|  43|0x0000000082b00000, 0x0000000082c00000, 0x0000000082c00000|100%| O|  |TAMS 0x0000000082c00000, 0x0000000082b00000| Untracked 
|  44|0x0000000082c00000, 0x0000000082d00000, 0x0000000082d00000|100%| O|  |TAMS 0x0000000082d00000, 0x0000000082c00000| Untracked 
|  45|0x0000000082d00000, 0x0000000082e00000, 0x0000000082e00000|100%| O|  |TAMS 0x0000000082e00000, 0x0000000082d00000| Untracked 
|  46|0x0000000082e00000, 0x0000000082f00000, 0x0000000082f00000|100%| O|  |TAMS 0x0000000082f00000, 0x0000000082e00000| Untracked 
|  47|0x0000000082f00000, 0x0000000083000000, 0x0000000083000000|100%| O|  |TAMS 0x0000000083000000, 0x0000000082f00000| Untracked 
|  48|0x0000000083000000, 0x0000000083100000, 0x0000000083100000|100%| O|  |TAMS 0x0000000083100000, 0x0000000083000000| Untracked 
|  49|0x0000000083100000, 0x0000000083200000, 0x0000000083200000|100%| O|  |TAMS 0x0000000083200000, 0x0000000083100000| Untracked 
|  50|0x0000000083200000, 0x0000000083300000, 0x0000000083300000|100%| O|  |TAMS 0x0000000083300000, 0x0000000083200000| Untracked 
|  51|0x0000000083300000, 0x0000000083400000, 0x0000000083400000|100%| O|  |TAMS 0x0000000083400000, 0x0000000083300000| Untracked 
|  52|0x0000000083400000, 0x0000000083500000, 0x0000000083500000|100%| O|  |TAMS 0x0000000083500000, 0x0000000083400000| Untracked 
|  53|0x0000000083500000, 0x0000000083600000, 0x0000000083600000|100%| O|  |TAMS 0x0000000083600000, 0x0000000083500000| Untracked 
|  54|0x0000000083600000, 0x0000000083700000, 0x0000000083700000|100%| O|  |TAMS 0x0000000083700000, 0x0000000083600000| Untracked 
|  55|0x0000000083700000, 0x0000000083800000, 0x0000000083800000|100%| O|  |TAMS 0x0000000083800000, 0x0000000083700000| Untracked 
|  56|0x0000000083800000, 0x0000000083900000, 0x0000000083900000|100%| O|  |TAMS 0x0000000083900000, 0x0000000083800000| Untracked 
|  57|0x0000000083900000, 0x0000000083a00000, 0x0000000083a00000|100%| O|  |TAMS 0x0000000083a00000, 0x0000000083900000| Untracked 
|  58|0x0000000083a00000, 0x0000000083b00000, 0x0000000083b00000|100%| O|  |TAMS 0x0000000083b00000, 0x0000000083a00000| Untracked 
|  59|0x0000000083b00000, 0x0000000083c00000, 0x0000000083c00000|100%| O|  |TAMS 0x0000000083c00000, 0x0000000083b00000| Untracked 
|  60|0x0000000083c00000, 0x0000000083d00000, 0x0000000083d00000|100%| O|  |TAMS 0x0000000083d00000, 0x0000000083c00000| Untracked 
|  61|0x0000000083d00000, 0x0000000083e00000, 0x0000000083e00000|100%| O|  |TAMS 0x0000000083e00000, 0x0000000083d00000| Untracked 
|  62|0x0000000083e00000, 0x0000000083f00000, 0x0000000083f00000|100%| O|  |TAMS 0x0000000083f00000, 0x0000000083e00000| Untracked 
|  63|0x0000000083f00000, 0x0000000084000000, 0x0000000084000000|100%| O|  |TAMS 0x0000000084000000, 0x0000000083f00000| Untracked 
|  64|0x0000000084000000, 0x0000000084100000, 0x0000000084100000|100%| O|  |TAMS 0x0000000084100000, 0x0000000084000000| Untracked 
|  65|0x0000000084100000, 0x0000000084200000, 0x0000000084200000|100%| O|  |TAMS 0x0000000084200000, 0x0000000084100000| Untracked 
|  66|0x0000000084200000, 0x0000000084300000, 0x0000000084300000|100%| O|  |TAMS 0x0000000084300000, 0x0000000084200000| Untracked 
|  67|0x0000000084300000, 0x0000000084400000, 0x0000000084400000|100%| O|  |TAMS 0x0000000084400000, 0x0000000084300000| Untracked 
|  68|0x0000000084400000, 0x0000000084500000, 0x0000000084500000|100%| O|  |TAMS 0x0000000084500000, 0x0000000084400000| Untracked 
|  69|0x0000000084500000, 0x0000000084600000, 0x0000000084600000|100%| O|  |TAMS 0x0000000084600000, 0x0000000084500000| Untracked 
|  70|0x0000000084600000, 0x0000000084700000, 0x0000000084700000|100%| O|  |TAMS 0x0000000084700000, 0x0000000084600000| Untracked 
|  71|0x0000000084700000, 0x0000000084800000, 0x0000000084800000|100%| O|  |TAMS 0x0000000084800000, 0x0000000084700000| Untracked 
|  72|0x0000000084800000, 0x0000000084900000, 0x0000000084900000|100%| O|  |TAMS 0x0000000084900000, 0x0000000084800000| Untracked 
|  73|0x0000000084900000, 0x0000000084a00000, 0x0000000084a00000|100%| O|  |TAMS 0x0000000084a00000, 0x0000000084900000| Untracked 
|  74|0x0000000084a00000, 0x0000000084b00000, 0x0000000084b00000|100%| O|  |TAMS 0x0000000084b00000, 0x0000000084a00000| Untracked 
|  75|0x0000000084b00000, 0x0000000084c00000, 0x0000000084c00000|100%| O|  |TAMS 0x0000000084c00000, 0x0000000084b00000| Untracked 
|  76|0x0000000084c00000, 0x0000000084d00000, 0x0000000084d00000|100%| O|  |TAMS 0x0000000084d00000, 0x0000000084c00000| Untracked 
|  77|0x0000000084d00000, 0x0000000084e00000, 0x0000000084e00000|100%| O|  |TAMS 0x0000000084e00000, 0x0000000084d00000| Untracked 
|  78|0x0000000084e00000, 0x0000000084f00000, 0x0000000084f00000|100%| O|  |TAMS 0x0000000084f00000, 0x0000000084e00000| Untracked 
|  79|0x0000000084f00000, 0x0000000085000000, 0x0000000085000000|100%| O|  |TAMS 0x0000000085000000, 0x0000000084f00000| Untracked 
|  80|0x0000000085000000, 0x0000000085100000, 0x0000000085100000|100%|HS|  |TAMS 0x0000000085100000, 0x0000000085000000| Complete 
|  81|0x0000000085100000, 0x0000000085200000, 0x0000000085200000|100%| O|  |TAMS 0x0000000085200000, 0x0000000085100000| Untracked 
|  82|0x0000000085200000, 0x0000000085300000, 0x0000000085300000|100%| O|  |TAMS 0x0000000085300000, 0x0000000085200000| Untracked 
|  83|0x0000000085300000, 0x0000000085400000, 0x0000000085400000|100%| O|  |TAMS 0x0000000085400000, 0x0000000085300000| Untracked 
|  84|0x0000000085400000, 0x0000000085500000, 0x0000000085500000|100%| O|  |TAMS 0x0000000085500000, 0x0000000085400000| Untracked 
|  85|0x0000000085500000, 0x0000000085600000, 0x0000000085600000|100%| O|  |TAMS 0x0000000085600000, 0x0000000085500000| Untracked 
|  86|0x0000000085600000, 0x0000000085700000, 0x0000000085700000|100%| O|  |TAMS 0x0000000085700000, 0x0000000085600000| Untracked 
|  87|0x0000000085700000, 0x0000000085800000, 0x0000000085800000|100%| O|  |TAMS 0x0000000085800000, 0x0000000085700000| Untracked 
|  88|0x0000000085800000, 0x0000000085900000, 0x0000000085900000|100%| O|  |TAMS 0x0000000085900000, 0x0000000085800000| Untracked 
|  89|0x0000000085900000, 0x0000000085a00000, 0x0000000085a00000|100%| O|  |TAMS 0x0000000085a00000, 0x0000000085900000| Untracked 
|  90|0x0000000085a00000, 0x0000000085b00000, 0x0000000085b00000|100%| O|  |TAMS 0x0000000085b00000, 0x0000000085a00000| Untracked 
|  91|0x0000000085b00000, 0x0000000085c00000, 0x0000000085c00000|100%| O|  |TAMS 0x0000000085c00000, 0x0000000085b00000| Untracked 
|  92|0x0000000085c00000, 0x0000000085d00000, 0x0000000085d00000|100%| O|  |TAMS 0x0000000085d00000, 0x0000000085c00000| Untracked 
|  93|0x0000000085d00000, 0x0000000085e00000, 0x0000000085e00000|100%| O|  |TAMS 0x0000000085e00000, 0x0000000085d00000| Untracked 
|  94|0x0000000085e00000, 0x0000000085f00000, 0x0000000085f00000|100%| O|  |TAMS 0x0000000085f00000, 0x0000000085e00000| Untracked 
|  95|0x0000000085f00000, 0x0000000086000000, 0x0000000086000000|100%| O|  |TAMS 0x0000000086000000, 0x0000000085f00000| Untracked 
|  96|0x0000000086000000, 0x0000000086100000, 0x0000000086100000|100%| O|  |TAMS 0x0000000086100000, 0x0000000086000000| Untracked 
|  97|0x0000000086100000, 0x0000000086200000, 0x0000000086200000|100%| O|  |TAMS 0x0000000086200000, 0x0000000086100000| Untracked 
|  98|0x0000000086200000, 0x0000000086300000, 0x0000000086300000|100%| O|  |TAMS 0x0000000086300000, 0x0000000086200000| Untracked 
|  99|0x0000000086300000, 0x0000000086400000, 0x0000000086400000|100%| O|  |TAMS 0x0000000086400000, 0x0000000086300000| Untracked 
| 100|0x0000000086400000, 0x0000000086500000, 0x0000000086500000|100%| O|  |TAMS 0x0000000086500000, 0x0000000086400000| Untracked 
| 101|0x0000000086500000, 0x0000000086600000, 0x0000000086600000|100%| O|  |TAMS 0x0000000086600000, 0x0000000086500000| Untracked 
| 102|0x0000000086600000, 0x0000000086700000, 0x0000000086700000|100%| O|  |TAMS 0x00000000866fe200, 0x0000000086600000| Untracked 
| 103|0x0000000086700000, 0x0000000086700000, 0x0000000086800000|  0%| F|  |TAMS 0x0000000086700000, 0x0000000086700000| Untracked 
| 104|0x0000000086800000, 0x0000000086900000, 0x0000000086900000|100%| O|  |TAMS 0x0000000086900000, 0x0000000086800000| Untracked 
| 105|0x0000000086900000, 0x0000000086a00000, 0x0000000086a00000|100%| O|  |TAMS 0x0000000086a00000, 0x0000000086900000| Untracked 
| 106|0x0000000086a00000, 0x0000000086b00000, 0x0000000086b00000|100%| O|  |TAMS 0x0000000086b00000, 0x0000000086a00000| Untracked 
| 107|0x0000000086b00000, 0x0000000086b00000, 0x0000000086c00000|  0%| F|  |TAMS 0x0000000086b00000, 0x0000000086b00000| Untracked 
| 108|0x0000000086c00000, 0x0000000086c00000, 0x0000000086d00000|  0%| F|  |TAMS 0x0000000086c00000, 0x0000000086c00000| Untracked 
| 109|0x0000000086d00000, 0x0000000086d00000, 0x0000000086e00000|  0%| F|  |TAMS 0x0000000086d00000, 0x0000000086d00000| Untracked 
| 110|0x0000000086e00000, 0x0000000086e00000, 0x0000000086f00000|  0%| F|  |TAMS 0x0000000086e00000, 0x0000000086e00000| Untracked 
| 111|0x0000000086f00000, 0x0000000086f00000, 0x0000000087000000|  0%| F|  |TAMS 0x0000000086f00000, 0x0000000086f00000| Untracked 
| 112|0x0000000087000000, 0x0000000087000000, 0x0000000087100000|  0%| F|  |TAMS 0x0000000087000000, 0x0000000087000000| Untracked 
| 113|0x0000000087100000, 0x0000000087100000, 0x0000000087200000|  0%| F|  |TAMS 0x0000000087100000, 0x0000000087100000| Untracked 
| 114|0x0000000087200000, 0x0000000087200000, 0x0000000087300000|  0%| F|  |TAMS 0x0000000087200000, 0x0000000087200000| Untracked 
| 115|0x0000000087300000, 0x0000000087300000, 0x0000000087400000|  0%| F|  |TAMS 0x0000000087300000, 0x0000000087300000| Untracked 
| 116|0x0000000087400000, 0x0000000087400000, 0x0000000087500000|  0%| F|  |TAMS 0x0000000087400000, 0x0000000087400000| Untracked 
| 117|0x0000000087500000, 0x0000000087500000, 0x0000000087600000|  0%| F|  |TAMS 0x0000000087500000, 0x0000000087500000| Untracked 
| 118|0x0000000087600000, 0x0000000087600000, 0x0000000087700000|  0%| F|  |TAMS 0x0000000087600000, 0x0000000087600000| Untracked 
| 119|0x0000000087700000, 0x0000000087700000, 0x0000000087800000|  0%| F|  |TAMS 0x0000000087700000, 0x0000000087700000| Untracked 
| 120|0x0000000087800000, 0x0000000087800000, 0x0000000087900000|  0%| F|  |TAMS 0x0000000087800000, 0x0000000087800000| Untracked 
| 121|0x0000000087900000, 0x0000000087900000, 0x0000000087a00000|  0%| F|  |TAMS 0x0000000087900000, 0x0000000087900000| Untracked 
| 122|0x0000000087a00000, 0x0000000087a00000, 0x0000000087b00000|  0%| F|  |TAMS 0x0000000087a00000, 0x0000000087a00000| Untracked 
| 123|0x0000000087b00000, 0x0000000087c00000, 0x0000000087c00000|100%| O|  |TAMS 0x0000000087b00000, 0x0000000087b00000| Untracked 
| 124|0x0000000087c00000, 0x0000000087d00000, 0x0000000087d00000|100%| O|  |TAMS 0x0000000087c00000, 0x0000000087c00000| Untracked 
| 125|0x0000000087d00000, 0x0000000087e00000, 0x0000000087e00000|100%| O|  |TAMS 0x0000000087d00000, 0x0000000087d00000| Untracked 
| 126|0x0000000087e00000, 0x0000000087f00000, 0x0000000087f00000|100%| O|  |TAMS 0x0000000087e00000, 0x0000000087e00000| Untracked 
| 127|0x0000000087f00000, 0x0000000088000000, 0x0000000088000000|100%| O|  |TAMS 0x0000000087f00000, 0x0000000087f00000| Untracked 
| 128|0x0000000088000000, 0x0000000088100000, 0x0000000088100000|100%| O|  |TAMS 0x0000000088000000, 0x0000000088000000| Untracked 
| 129|0x0000000088100000, 0x0000000088100000, 0x0000000088200000|  0%| F|  |TAMS 0x0000000088100000, 0x0000000088100000| Untracked 
| 130|0x0000000088200000, 0x0000000088200000, 0x0000000088300000|  0%| F|  |TAMS 0x0000000088200000, 0x0000000088200000| Untracked 
| 131|0x0000000088300000, 0x0000000088300000, 0x0000000088400000|  0%| F|  |TAMS 0x0000000088300000, 0x0000000088300000| Untracked 
| 132|0x0000000088400000, 0x0000000088400000, 0x0000000088500000|  0%| F|  |TAMS 0x0000000088400000, 0x0000000088400000| Untracked 
| 133|0x0000000088500000, 0x0000000088500000, 0x0000000088600000|  0%| F|  |TAMS 0x0000000088500000, 0x0000000088500000| Untracked 
| 134|0x0000000088600000, 0x0000000088600000, 0x0000000088700000|  0%| F|  |TAMS 0x0000000088600000, 0x0000000088600000| Untracked 
| 135|0x0000000088700000, 0x0000000088700000, 0x0000000088800000|  0%| F|  |TAMS 0x0000000088700000, 0x0000000088700000| Untracked 
| 136|0x0000000088800000, 0x0000000088800000, 0x0000000088900000|  0%| F|  |TAMS 0x0000000088800000, 0x0000000088800000| Untracked 
| 137|0x0000000088900000, 0x0000000088900000, 0x0000000088a00000|  0%| F|  |TAMS 0x0000000088900000, 0x0000000088900000| Untracked 
| 138|0x0000000088a00000, 0x0000000088a00000, 0x0000000088b00000|  0%| F|  |TAMS 0x0000000088a00000, 0x0000000088a00000| Untracked 
| 139|0x0000000088b00000, 0x0000000088b00000, 0x0000000088c00000|  0%| F|  |TAMS 0x0000000088b00000, 0x0000000088b00000| Untracked 
| 140|0x0000000088c00000, 0x0000000088c00000, 0x0000000088d00000|  0%| F|  |TAMS 0x0000000088c00000, 0x0000000088c00000| Untracked 
| 141|0x0000000088d00000, 0x0000000088d00000, 0x0000000088e00000|  0%| F|  |TAMS 0x0000000088d00000, 0x0000000088d00000| Untracked 
| 142|0x0000000088e00000, 0x0000000088e00000, 0x0000000088f00000|  0%| F|  |TAMS 0x0000000088e00000, 0x0000000088e00000| Untracked 
| 143|0x0000000088f00000, 0x0000000088f00000, 0x0000000089000000|  0%| F|  |TAMS 0x0000000088f00000, 0x0000000088f00000| Untracked 
| 144|0x0000000089000000, 0x0000000089000000, 0x0000000089100000|  0%| F|  |TAMS 0x0000000089000000, 0x0000000089000000| Untracked 
| 145|0x0000000089100000, 0x0000000089100000, 0x0000000089200000|  0%| F|  |TAMS 0x0000000089100000, 0x0000000089100000| Untracked 
| 146|0x0000000089200000, 0x0000000089200000, 0x0000000089300000|  0%| F|  |TAMS 0x0000000089200000, 0x0000000089200000| Untracked 
| 147|0x0000000089300000, 0x0000000089300000, 0x0000000089400000|  0%| F|  |TAMS 0x0000000089300000, 0x0000000089300000| Untracked 
| 148|0x0000000089400000, 0x00000000894cee80, 0x0000000089500000| 80%| S|CS|TAMS 0x0000000089400000, 0x0000000089400000| Complete 
| 149|0x0000000089500000, 0x0000000089600000, 0x0000000089600000|100%| S|CS|TAMS 0x0000000089500000, 0x0000000089500000| Complete 
| 150|0x0000000089600000, 0x0000000089700000, 0x0000000089700000|100%| S|CS|TAMS 0x0000000089600000, 0x0000000089600000| Complete 
| 151|0x0000000089700000, 0x0000000089800000, 0x0000000089800000|100%| S|CS|TAMS 0x0000000089700000, 0x0000000089700000| Complete 
| 152|0x0000000089800000, 0x0000000089900000, 0x0000000089900000|100%| S|CS|TAMS 0x0000000089800000, 0x0000000089800000| Complete 
| 153|0x0000000089900000, 0x0000000089a00000, 0x0000000089a00000|100%| S|CS|TAMS 0x0000000089900000, 0x0000000089900000| Complete 
| 154|0x0000000089a00000, 0x0000000089a00000, 0x0000000089b00000|  0%| F|  |TAMS 0x0000000089a00000, 0x0000000089a00000| Untracked 
| 155|0x0000000089b00000, 0x0000000089b00000, 0x0000000089c00000|  0%| F|  |TAMS 0x0000000089b00000, 0x0000000089b00000| Untracked 
| 156|0x0000000089c00000, 0x0000000089c00000, 0x0000000089d00000|  0%| F|  |TAMS 0x0000000089c00000, 0x0000000089c00000| Untracked 
| 157|0x0000000089d00000, 0x0000000089d00000, 0x0000000089e00000|  0%| F|  |TAMS 0x0000000089d00000, 0x0000000089d00000| Untracked 
| 158|0x0000000089e00000, 0x0000000089e00000, 0x0000000089f00000|  0%| F|  |TAMS 0x0000000089e00000, 0x0000000089e00000| Untracked 
| 159|0x0000000089f00000, 0x0000000089f00000, 0x000000008a000000|  0%| F|  |TAMS 0x0000000089f00000, 0x0000000089f00000| Untracked 
| 160|0x000000008a000000, 0x000000008a000000, 0x000000008a100000|  0%| F|  |TAMS 0x000000008a000000, 0x000000008a000000| Untracked 
| 161|0x000000008a100000, 0x000000008a100000, 0x000000008a200000|  0%| F|  |TAMS 0x000000008a100000, 0x000000008a100000| Untracked 
| 162|0x000000008a200000, 0x000000008a200000, 0x000000008a300000|  0%| F|  |TAMS 0x000000008a200000, 0x000000008a200000| Untracked 
| 163|0x000000008a300000, 0x000000008a300000, 0x000000008a400000|  0%| F|  |TAMS 0x000000008a300000, 0x000000008a300000| Untracked 
| 164|0x000000008a400000, 0x000000008a400000, 0x000000008a500000|  0%| F|  |TAMS 0x000000008a400000, 0x000000008a400000| Untracked 
| 165|0x000000008a500000, 0x000000008a500000, 0x000000008a600000|  0%| F|  |TAMS 0x000000008a500000, 0x000000008a500000| Untracked 
| 166|0x000000008a600000, 0x000000008a600000, 0x000000008a700000|  0%| F|  |TAMS 0x000000008a600000, 0x000000008a600000| Untracked 
| 167|0x000000008a700000, 0x000000008a700000, 0x000000008a800000|  0%| F|  |TAMS 0x000000008a700000, 0x000000008a700000| Untracked 
| 168|0x000000008a800000, 0x000000008a800000, 0x000000008a900000|  0%| F|  |TAMS 0x000000008a800000, 0x000000008a800000| Untracked 
| 169|0x000000008a900000, 0x000000008a900000, 0x000000008aa00000|  0%| F|  |TAMS 0x000000008a900000, 0x000000008a900000| Untracked 
| 170|0x000000008aa00000, 0x000000008aa00000, 0x000000008ab00000|  0%| F|  |TAMS 0x000000008aa00000, 0x000000008aa00000| Untracked 
| 171|0x000000008ab00000, 0x000000008ab00000, 0x000000008ac00000|  0%| F|  |TAMS 0x000000008ab00000, 0x000000008ab00000| Untracked 
| 172|0x000000008ac00000, 0x000000008ac00000, 0x000000008ad00000|  0%| F|  |TAMS 0x000000008ac00000, 0x000000008ac00000| Untracked 
| 173|0x000000008ad00000, 0x000000008ad00000, 0x000000008ae00000|  0%| F|  |TAMS 0x000000008ad00000, 0x000000008ad00000| Untracked 
| 174|0x000000008ae00000, 0x000000008ae3eaf0, 0x000000008af00000| 24%| E|  |TAMS 0x000000008ae00000, 0x000000008ae00000| Complete 
| 175|0x000000008af00000, 0x000000008b000000, 0x000000008b000000|100%| E|CS|TAMS 0x000000008af00000, 0x000000008af00000| Complete 
| 176|0x000000008b000000, 0x000000008b100000, 0x000000008b100000|100%| E|CS|TAMS 0x000000008b000000, 0x000000008b000000| Complete 
| 177|0x000000008b100000, 0x000000008b200000, 0x000000008b200000|100%| E|CS|TAMS 0x000000008b100000, 0x000000008b100000| Complete 
| 178|0x000000008b200000, 0x000000008b300000, 0x000000008b300000|100%| E|CS|TAMS 0x000000008b200000, 0x000000008b200000| Complete 
| 179|0x000000008b300000, 0x000000008b400000, 0x000000008b400000|100%| E|CS|TAMS 0x000000008b300000, 0x000000008b300000| Complete 
| 180|0x000000008b400000, 0x000000008b500000, 0x000000008b500000|100%| E|CS|TAMS 0x000000008b400000, 0x000000008b400000| Complete 
| 181|0x000000008b500000, 0x000000008b600000, 0x000000008b600000|100%| E|CS|TAMS 0x000000008b500000, 0x000000008b500000| Complete 
| 182|0x000000008b600000, 0x000000008b700000, 0x000000008b700000|100%| E|CS|TAMS 0x000000008b600000, 0x000000008b600000| Complete 
| 183|0x000000008b700000, 0x000000008b800000, 0x000000008b800000|100%| E|CS|TAMS 0x000000008b700000, 0x000000008b700000| Complete 
| 184|0x000000008b800000, 0x000000008b900000, 0x000000008b900000|100%| E|CS|TAMS 0x000000008b800000, 0x000000008b800000| Complete 
| 185|0x000000008b900000, 0x000000008ba00000, 0x000000008ba00000|100%| E|CS|TAMS 0x000000008b900000, 0x000000008b900000| Complete 
| 186|0x000000008ba00000, 0x000000008bb00000, 0x000000008bb00000|100%| E|CS|TAMS 0x000000008ba00000, 0x000000008ba00000| Complete 
| 187|0x000000008bb00000, 0x000000008bc00000, 0x000000008bc00000|100%| E|CS|TAMS 0x000000008bb00000, 0x000000008bb00000| Complete 
| 188|0x000000008bc00000, 0x000000008bd00000, 0x000000008bd00000|100%| E|CS|TAMS 0x000000008bc00000, 0x000000008bc00000| Complete 
| 189|0x000000008bd00000, 0x000000008be00000, 0x000000008be00000|100%| E|CS|TAMS 0x000000008bd00000, 0x000000008bd00000| Complete 
| 190|0x000000008be00000, 0x000000008bf00000, 0x000000008bf00000|100%| E|CS|TAMS 0x000000008be00000, 0x000000008be00000| Complete 
| 191|0x000000008bf00000, 0x000000008c000000, 0x000000008c000000|100%| E|CS|TAMS 0x000000008bf00000, 0x000000008bf00000| Complete 
| 192|0x000000008c000000, 0x000000008c100000, 0x000000008c100000|100%| E|CS|TAMS 0x000000008c000000, 0x000000008c000000| Complete 
| 193|0x000000008c100000, 0x000000008c200000, 0x000000008c200000|100%| E|CS|TAMS 0x000000008c100000, 0x000000008c100000| Complete 
| 194|0x000000008c200000, 0x000000008c300000, 0x000000008c300000|100%| E|CS|TAMS 0x000000008c200000, 0x000000008c200000| Complete 

Card table byte_map: [0x00000246f8a60000,0x00000246f8e60000] _byte_map_base: 0x00000246f8660000

Marking Bits (Prev, Next): (CMBitMap*) 0x00000246e56f12c8, (CMBitMap*) 0x00000246e56f1300
 Prev Bits: [0x00000246f9260000, 0x00000246fb260000)
 Next Bits: [0x00000246fb260000, 0x00000246fd260000)

Polling page: 0x00000246e3e20000

Metaspace:

Usage:
  Non-class:     75.70 MB capacity,    74.42 MB ( 98%) used,     1.05 MB (  1%) free+waste,   235.31 KB ( <1%) overhead. 
      Class:     11.48 MB capacity,    10.74 MB ( 94%) used,   650.60 KB (  6%) free+waste,   105.31 KB ( <1%) overhead. 
       Both:     87.18 MB capacity,    85.16 MB ( 98%) used,     1.69 MB (  2%) free+waste,   340.63 KB ( <1%) overhead. 

Virtual space:
  Non-class space:       76.00 MB reserved,      75.95 MB (>99%) committed 
      Class space:        1.00 GB reserved,      11.50 MB (  1%) committed 
             Both:        1.07 GB reserved,      87.45 MB (  8%) committed 

Chunk freelists:
   Non-Class:  63.00 KB
       Class:  20.00 KB
        Both:  83.00 KB

MaxMetaspaceSize: 17179869184.00 GB
CompressedClassSpaceSize: 1.00 GB

CodeHeap 'non-profiled nmethods': size=120064Kb used=6711Kb max_used=6711Kb free=113352Kb
 bounds [0x00000246f0b00000, 0x00000246f1190000, 0x00000246f8040000]
CodeHeap 'profiled nmethods': size=120000Kb used=24446Kb max_used=24446Kb free=95553Kb
 bounds [0x00000246e95d0000, 0x00000246eadc0000, 0x00000246f0b00000]
CodeHeap 'non-nmethods': size=5696Kb used=2276Kb max_used=2319Kb free=3419Kb
 bounds [0x00000246e9040000, 0x00000246e92b0000, 0x00000246e95d0000]
 total_blobs=12087 nmethods=11208 adapters=790
 compilation: enabled
              stopped_count=0, restarted_count=0
 full_count=0

Compilation events (20 events):
Event: 25.626 Thread 0x00000246ff8dc800 11542       2       com.android.aaptcompiler.StringPool$Context::<init> (21 bytes)
Event: 25.626 Thread 0x00000246ff8dc800 nmethod 11542 0x00000246ead98890 code [0x00000246ead98a80, 0x00000246ead98d98]
Event: 25.626 Thread 0x00000246ff8dc800 11543       2       com.android.aaptcompiler.StringPool::makeRefImpl (225 bytes)
Event: 25.628 Thread 0x00000246ff8dc800 nmethod 11543 0x00000246ead98f90 code [0x00000246ead99320, 0x00000246ead9a1e8]
Event: 25.630 Thread 0x00000246ff8dc800 11544       2       com.android.aaptcompiler.ResourceUtilsKt::verifyJavaStringFormat (461 bytes)
Event: 25.632 Thread 0x00000246ff8dc800 nmethod 11544 0x00000246ead9aa10 code [0x00000246ead9aca0, 0x00000246ead9b578]
Event: 25.636 Thread 0x00000246ff8dc800 11545       2       java.net.URLClassLoader::getAndVerifyPackage (109 bytes)
Event: 25.637 Thread 0x00000246ff8dc800 nmethod 11545 0x00000246ead9bb90 code [0x00000246ead9be60, 0x00000246ead9c868]
Event: 25.640 Thread 0x00000246ff8d0800 nmethod 11067 0x00000246f1189290 code [0x00000246f1189500, 0x00000246f118aac0]
Event: 25.640 Thread 0x00000246ff8d0800 11122   !   4       java.io.ObjectOutputStream::writeSerialData (221 bytes)
Event: 25.642 Thread 0x00000246ff8dc800 11546 %     3       com.android.aaptcompiler.XmlStringBuilder::append @ 25 (494 bytes)
Event: 25.646 Thread 0x00000246ff8dc800 nmethod 11546% 0x00000246ead9ce10 code [0x00000246ead9d4a0, 0x00000246eada0ae8]
Event: 25.647 Thread 0x00000246ff8dc800 11547       3       com.android.aaptcompiler.XmlStringBuilder::append (494 bytes)
Event: 25.651 Thread 0x00000246ff8dc800 nmethod 11547 0x00000246eada1c90 code [0x00000246eada2320, 0x00000246eada5868]
Event: 25.654 Thread 0x00000246ff8dc800 11548       1       com.android.aaptcompiler.ResourceEntry::getValues$aaptcompiler (5 bytes)
Event: 25.654 Thread 0x00000246ff8dc800 nmethod 11548 0x00000246f118b990 code [0x00000246f118bb40, 0x00000246f118bbf8]
Event: 25.654 Thread 0x00000246ff8dc800 11549       2       kotlin.comparisons.ComparisonsKt__ComparisonsKt::compareBy (65 bytes)
Event: 25.655 Thread 0x00000246ff8dc800 nmethod 11549 0x00000246eada6990 code [0x00000246eada6ba0, 0x00000246eada6fa8]
Event: 25.656 Thread 0x00000246ff8dc800 11550       2       kotlin.collections.CollectionsKt__MutableCollectionsJVMKt::sortWith (28 bytes)
Event: 25.657 Thread 0x00000246ff8dc800 nmethod 11550 0x00000246eada7210 code [0x00000246eada7460, 0x00000246eada78b8]

GC Heap History (20 events):
Event: 18.960 GC heap before
{Heap before GC invocations=25 (full 0):
 garbage-first heap   total 138240K, used 105838K [0x0000000080000000, 0x0000000100000000)
  region size 1024K, 51 young (52224K), 6 survivors (6144K)
 Metaspace       used 79365K, capacity 81454K, committed 81740K, reserved 1120256K
  class space    used 10289K, capacity 11056K, committed 11136K, reserved 1048576K
}
Event: 18.974 GC heap after
{Heap after GC invocations=26 (full 0):
 garbage-first heap   total 138240K, used 64182K [0x0000000080000000, 0x0000000100000000)
  region size 1024K, 7 young (7168K), 7 survivors (7168K)
 Metaspace       used 79365K, capacity 81454K, committed 81740K, reserved 1120256K
  class space    used 10289K, capacity 11056K, committed 11136K, reserved 1048576K
}
Event: 20.267 GC heap before
{Heap before GC invocations=26 (full 0):
 garbage-first heap   total 138240K, used 108214K [0x0000000080000000, 0x0000000100000000)
  region size 1024K, 51 young (52224K), 7 survivors (7168K)
 Metaspace       used 80817K, capacity 82955K, committed 83148K, reserved 1122304K
  class space    used 10455K, capacity 11228K, committed 11264K, reserved 1048576K
}
Event: 20.281 GC heap after
{Heap after GC invocations=27 (full 0):
 garbage-first heap   total 138240K, used 65918K [0x0000000080000000, 0x0000000100000000)
  region size 1024K, 5 young (5120K), 5 survivors (5120K)
 Metaspace       used 80817K, capacity 82955K, committed 83148K, reserved 1122304K
  class space    used 10455K, capacity 11228K, committed 11264K, reserved 1048576K
}
Event: 20.885 GC heap before
{Heap before GC invocations=27 (full 0):
 garbage-first heap   total 138240K, used 110974K [0x0000000080000000, 0x0000000100000000)
  region size 1024K, 50 young (51200K), 5 survivors (5120K)
 Metaspace       used 81053K, capacity 83158K, committed 83404K, reserved 1122304K
  class space    used 10455K, capacity 11228K, committed 11264K, reserved 1048576K
}
Event: 20.917 GC heap after
{Heap after GC invocations=28 (full 0):
 garbage-first heap   total 165888K, used 82187K [0x0000000080000000, 0x0000000100000000)
  region size 1024K, 7 young (7168K), 7 survivors (7168K)
 Metaspace       used 81053K, capacity 83158K, committed 83404K, reserved 1122304K
  class space    used 10455K, capacity 11228K, committed 11264K, reserved 1048576K
}
Event: 21.270 GC heap before
{Heap before GC invocations=28 (full 0):
 garbage-first heap   total 165888K, used 109835K [0x0000000080000000, 0x0000000100000000)
  region size 1024K, 36 young (36864K), 7 survivors (7168K)
 Metaspace       used 81124K, capacity 83222K, committed 83404K, reserved 1122304K
  class space    used 10455K, capacity 11228K, committed 11264K, reserved 1048576K
}
Event: 21.308 GC heap after
{Heap after GC invocations=29 (full 0):
 garbage-first heap   total 165888K, used 88064K [0x0000000080000000, 0x0000000100000000)
  region size 1024K, 5 young (5120K), 5 survivors (5120K)
 Metaspace       used 81124K, capacity 83222K, committed 83404K, reserved 1122304K
  class space    used 10455K, capacity 11228K, committed 11264K, reserved 1048576K
}
Event: 21.808 GC heap before
{Heap before GC invocations=30 (full 0):
 garbage-first heap   total 165888K, used 125952K [0x0000000080000000, 0x0000000100000000)
  region size 1024K, 40 young (40960K), 5 survivors (5120K)
 Metaspace       used 81133K, capacity 83139K, committed 83404K, reserved 1122304K
  class space    used 10415K, capacity 11155K, committed 11264K, reserved 1048576K
}
Event: 21.828 GC heap after
{Heap after GC invocations=31 (full 0):
 garbage-first heap   total 165888K, used 97037K [0x0000000080000000, 0x0000000100000000)
  region size 1024K, 5 young (5120K), 5 survivors (5120K)
 Metaspace       used 81133K, capacity 83139K, committed 83404K, reserved 1122304K
  class space    used 10415K, capacity 11155K, committed 11264K, reserved 1048576K
}
Event: 22.223 GC heap before
{Heap before GC invocations=31 (full 0):
 garbage-first heap   total 165888K, used 127757K [0x0000000080000000, 0x0000000100000000)
  region size 1024K, 36 young (36864K), 5 survivors (5120K)
 Metaspace       used 81339K, capacity 83282K, committed 83660K, reserved 1122304K
  class space    used 10434K, capacity 11160K, committed 11264K, reserved 1048576K
}
Event: 22.235 GC heap after
{Heap after GC invocations=32 (full 0):
 garbage-first heap   total 165888K, used 99687K [0x0000000080000000, 0x0000000100000000)
  region size 1024K, 2 young (2048K), 2 survivors (2048K)
 Metaspace       used 81339K, capacity 83282K, committed 83660K, reserved 1122304K
  class space    used 10434K, capacity 11160K, committed 11264K, reserved 1048576K
}
Event: 22.775 GC heap before
{Heap before GC invocations=33 (full 0):
 garbage-first heap   total 165888K, used 121191K [0x0000000080000000, 0x0000000100000000)
  region size 1024K, 24 young (24576K), 2 survivors (2048K)
 Metaspace       used 81941K, capacity 84054K, committed 84300K, reserved 1122304K
  class space    used 10503K, capacity 11247K, committed 11392K, reserved 1048576K
}
Event: 22.795 GC heap after
{Heap after GC invocations=34 (full 0):
 garbage-first heap   total 199680K, used 100562K [0x0000000080000000, 0x0000000100000000)
  region size 1024K, 3 young (3072K), 3 survivors (3072K)
 Metaspace       used 81941K, capacity 84054K, committed 84300K, reserved 1122304K
  class space    used 10503K, capacity 11247K, committed 11392K, reserved 1048576K
}
Event: 23.969 GC heap before
{Heap before GC invocations=35 (full 0):
 garbage-first heap   total 199680K, used 151762K [0x0000000080000000, 0x0000000100000000)
  region size 1024K, 45 young (46080K), 3 survivors (3072K)
 Metaspace       used 84101K, capacity 86191K, committed 86604K, reserved 1124352K
  class space    used 10766K, capacity 11511K, committed 11648K, reserved 1048576K
}
Event: 23.996 GC heap after
{Heap after GC invocations=36 (full 0):
 garbage-first heap   total 199680K, used 107417K [0x0000000080000000, 0x0000000100000000)
  region size 1024K, 6 young (6144K), 6 survivors (6144K)
 Metaspace       used 84101K, capacity 86191K, committed 86604K, reserved 1124352K
  class space    used 10766K, capacity 11511K, committed 11648K, reserved 1048576K
}
Event: 24.573 GC heap before
{Heap before GC invocations=36 (full 0):
 garbage-first heap   total 199680K, used 136089K [0x0000000080000000, 0x0000000100000000)
  region size 1024K, 35 young (35840K), 6 survivors (6144K)
 Metaspace       used 84284K, capacity 86432K, committed 86604K, reserved 1124352K
  class space    used 10776K, capacity 11547K, committed 11648K, reserved 1048576K
}
Event: 24.601 GC heap after
{Heap after GC invocations=37 (full 0):
 garbage-first heap   total 199680K, used 114680K [0x0000000080000000, 0x0000000100000000)
  region size 1024K, 6 young (6144K), 6 survivors (6144K)
 Metaspace       used 84284K, capacity 86432K, committed 86604K, reserved 1124352K
  class space    used 10776K, capacity 11547K, committed 11648K, reserved 1048576K
}
Event: 25.282 GC heap before
{Heap before GC invocations=38 (full 0):
 garbage-first heap   total 199680K, used 166904K [0x0000000080000000, 0x0000000100000000)
  region size 1024K, 41 young (41984K), 6 survivors (6144K)
 Metaspace       used 84912K, capacity 87024K, committed 87372K, reserved 1124352K
  class space    used 10808K, capacity 11561K, committed 11648K, reserved 1048576K
}
Event: 25.299 GC heap after
{Heap after GC invocations=39 (full 0):
 garbage-first heap   total 199680K, used 120635K [0x0000000080000000, 0x0000000100000000)
  region size 1024K, 6 young (6144K), 6 survivors (6144K)
 Metaspace       used 84912K, capacity 87024K, committed 87372K, reserved 1124352K
  class space    used 10808K, capacity 11561K, committed 11648K, reserved 1048576K
}

Deoptimization events (20 events):
Event: 25.363 Thread 0x0000024686f8d000 Uncommon trap: trap_request=0xffffff4d fr.pc=0x00000246f0b06480 relative=0x00000000000001e0
Event: 25.368 Thread 0x0000024686f8d000 Uncommon trap: reason=unstable_if action=reinterpret pc=0x00000246f0b06480 method=java.lang.String.isLatin1()Z @ 10 c2
Event: 25.368 Thread 0x0000024686f8d000 DEOPT PACKING pc=0x00000246f0b06480 sp=0x0000008ed6efd4a0
Event: 25.368 Thread 0x0000024686f8d000 DEOPT UNPACKING pc=0x00000246e90674af sp=0x0000008ed6efd3d0 mode 2
Event: 25.377 Thread 0x0000024686f8d000 Uncommon trap: trap_request=0xffffff4d fr.pc=0x00000246f0b2324c relative=0x00000000000001ac
Event: 25.377 Thread 0x0000024686f8d000 Uncommon trap: reason=unstable_if action=reinterpret pc=0x00000246f0b2324c method=java.lang.String.equals(Ljava/lang/Object;)Z @ 34 c2
Event: 25.377 Thread 0x0000024686f8d000 DEOPT PACKING pc=0x00000246f0b2324c sp=0x0000008ed6efd420
Event: 25.377 Thread 0x0000024686f8d000 DEOPT UNPACKING pc=0x00000246e90674af sp=0x0000008ed6efd3b8 mode 2
Event: 25.377 Thread 0x0000024686f8d000 Uncommon trap: trap_request=0xffffff4d fr.pc=0x00000246f0c3b71c relative=0x000000000000007c
Event: 25.377 Thread 0x0000024686f8d000 Uncommon trap: reason=unstable_if action=reinterpret pc=0x00000246f0c3b71c method=java.lang.String.codePointAt(I)I @ 4 c2
Event: 25.377 Thread 0x0000024686f8d000 DEOPT PACKING pc=0x00000246f0c3b71c sp=0x0000008ed6efd6a0
Event: 25.377 Thread 0x0000024686f8d000 DEOPT UNPACKING pc=0x00000246e90674af sp=0x0000008ed6efd648 mode 2
Event: 25.393 Thread 0x0000024686f8d000 Uncommon trap: trap_request=0xffffff4d fr.pc=0x00000246f0cbc748 relative=0x0000000000000408
Event: 25.393 Thread 0x0000024686f8d000 Uncommon trap: reason=unstable_if action=reinterpret pc=0x00000246f0cbc748 method=java.lang.String.substring(I)Ljava/lang/String; @ 43 c2
Event: 25.393 Thread 0x0000024686f8d000 DEOPT PACKING pc=0x00000246f0cbc748 sp=0x0000008ed6efd670
Event: 25.393 Thread 0x0000024686f8d000 DEOPT UNPACKING pc=0x00000246e90674af sp=0x0000008ed6efd648 mode 2
Event: 25.594 Thread 0x0000024686f91000 DEOPT PACKING pc=0x00000246eacf90af sp=0x0000008ed6dfd410
Event: 25.594 Thread 0x0000024686f91000 DEOPT UNPACKING pc=0x00000246e90672ce sp=0x0000008ed6dfc8e8 mode 0
Event: 25.651 Thread 0x0000024686f93800 DEOPT PACKING pc=0x00000246ead67a89 sp=0x0000008ed6ffd1d0
Event: 25.651 Thread 0x0000024686f93800 DEOPT UNPACKING pc=0x00000246e90672ce sp=0x0000008ed6ffc758 mode 0

Classes redefined (0 events):
No events

Internal exceptions (20 events):
Event: 22.407 Thread 0x0000024686f8e000 Exception <a 'java/lang/NoSuchMethodError'{0x000000008980dfb0}: <clinit>> (0x000000008980dfb0) thrown at [./src/hotspot/share/prims/jni.cpp, line 1362]
Event: 22.407 Thread 0x0000024686f8e000 Exception <a 'java/lang/NoSuchMethodError'{0x00000000898128d8}: <clinit>> (0x00000000898128d8) thrown at [./src/hotspot/share/prims/jni.cpp, line 1362]
Event: 22.408 Thread 0x0000024686f8e000 Exception <a 'java/lang/NoSuchMethodError'{0x000000008981dbb8}: <clinit>> (0x000000008981dbb8) thrown at [./src/hotspot/share/prims/jni.cpp, line 1362]
Event: 22.418 Thread 0x0000024686f8e000 Exception <a 'java/lang/NoSuchMethodError'{0x0000000089874f30}: <clinit>> (0x0000000089874f30) thrown at [./src/hotspot/share/prims/jni.cpp, line 1362]
Event: 22.421 Thread 0x0000024686f8e000 Exception <a 'java/lang/NoSuchMethodError'{0x00000000898a6d00}: <clinit>> (0x00000000898a6d00) thrown at [./src/hotspot/share/prims/jni.cpp, line 1362]
Event: 22.421 Thread 0x0000024686f8e000 Exception <a 'java/lang/NoSuchMethodError'{0x00000000898aa168}: <clinit>> (0x00000000898aa168) thrown at [./src/hotspot/share/prims/jni.cpp, line 1362]
Event: 22.423 Thread 0x0000024686f8e000 Exception <a 'java/lang/NoSuchMethodError'{0x00000000898acdd8}: <clinit>> (0x00000000898acdd8) thrown at [./src/hotspot/share/prims/jni.cpp, line 1362]
Event: 22.424 Thread 0x0000024686f8e000 Exception <a 'java/lang/NoSuchMethodError'{0x00000000898c4dd0}: <clinit>> (0x00000000898c4dd0) thrown at [./src/hotspot/share/prims/jni.cpp, line 1362]
Event: 22.427 Thread 0x0000024686f8e000 Exception <a 'java/lang/NoSuchMethodError'{0x00000000898dc448}: <clinit>> (0x00000000898dc448) thrown at [./src/hotspot/share/prims/jni.cpp, line 1362]
Event: 22.428 Thread 0x0000024686f8e000 Exception <a 'java/lang/NoSuchMethodError'{0x00000000898f0eb0}: <clinit>> (0x00000000898f0eb0) thrown at [./src/hotspot/share/prims/jni.cpp, line 1362]
Event: 22.431 Thread 0x0000024686f8e000 Exception <a 'java/lang/NoSuchMethodError'{0x0000000089713f58}: <clinit>> (0x0000000089713f58) thrown at [./src/hotspot/share/prims/jni.cpp, line 1362]
Event: 22.433 Thread 0x0000024686f8e000 Exception <a 'java/lang/NoSuchMethodError'{0x00000000897392b8}: <clinit>> (0x00000000897392b8) thrown at [./src/hotspot/share/prims/jni.cpp, line 1362]
Event: 22.436 Thread 0x0000024686f8e000 Exception <a 'java/lang/NoSuchMethodError'{0x000000008974d890}: <clinit>> (0x000000008974d890) thrown at [./src/hotspot/share/prims/jni.cpp, line 1362]
Event: 22.711 Thread 0x0000024686f8e000 Implicit null exception at 0x00000246f0b5b06c to 0x00000246f0b5b6ac
Event: 23.856 Thread 0x0000024686f8e000 Implicit null exception at 0x00000246f0edcce8 to 0x00000246f0ede96c
Event: 24.550 Thread 0x0000024686f8e000 Implicit null exception at 0x00000246f10fc01a to 0x00000246f1101510
Event: 24.550 Thread 0x0000024686f8e000 Implicit null exception at 0x00000246f10fc01a to 0x00000246f1101510
Event: 24.725 Thread 0x0000024686f8e000 Implicit null exception at 0x00000246f10fc01a to 0x00000246f1101510
Event: 24.838 Thread 0x0000024686f8e000 Exception <a 'java/lang/NoSuchMethodError'{0x000000008bf020a0}: <clinit>> (0x000000008bf020a0) thrown at [./src/hotspot/share/prims/jni.cpp, line 1362]
Event: 24.918 Thread 0x0000024686f8e000 Exception <a 'java/lang/NoSuchMethodError'{0x000000008bbc7278}: <clinit>> (0x000000008bbc7278) thrown at [./src/hotspot/share/prims/jni.cpp, line 1362]

Events (20 events):
Event: 25.635 loading class com/android/aaptcompiler/Style
Event: 25.635 loading class com/android/aaptcompiler/Style done
Event: 25.636 loading class com/android/aaptcompiler/ParsedParentInfo
Event: 25.636 loading class com/android/aaptcompiler/ParsedParentInfo done
Event: 25.658 loading class com/android/aapt/ConfigurationOuterClass$Configuration$Touchscreen
Event: 25.658 loading class com/android/aapt/ConfigurationOuterClass$Configuration$Touchscreen done
Event: 25.661 loading class com/android/aapt/ConfigurationOuterClass$Configuration$Touchscreen$1
Event: 25.661 loading class com/android/aapt/ConfigurationOuterClass$Configuration$Touchscreen$1 done
Event: 25.663 loading class com/android/aapt/ConfigurationOuterClass$Configuration$KeysHidden
Event: 25.663 loading class com/android/aapt/ConfigurationOuterClass$Configuration$KeysHidden done
Event: 25.666 loading class com/android/aapt/ConfigurationOuterClass$Configuration$KeysHidden$1
Event: 25.666 loading class com/android/aapt/ConfigurationOuterClass$Configuration$KeysHidden$1 done
Event: 25.667 loading class com/android/aapt/ConfigurationOuterClass$Configuration$Keyboard
Event: 25.667 loading class com/android/aapt/ConfigurationOuterClass$Configuration$Keyboard done
Event: 25.667 loading class com/android/aaptcompiler/ParsedParentInfo$Companion
Event: 25.667 loading class com/android/aaptcompiler/ParsedParentInfo$Companion done
Event: 25.668 loading class com/android/aapt/ConfigurationOuterClass$Configuration$Keyboard$1
Event: 25.668 loading class com/android/aapt/ConfigurationOuterClass$Configuration$Keyboard$1 done
Event: 25.670 loading class com/android/aapt/ConfigurationOuterClass$Configuration$NavHidden
Event: 25.670 loading class com/android/aapt/ConfigurationOuterClass$Configuration$NavHidden done


Dynamic libraries:
0x00007ff782aa0000 - 0x00007ff782aaa000 	C:\Program Files\Android\Android Studio\jre\bin\java.exe
0x00007ffdf8530000 - 0x00007ffdf86f1000 	C:\Windows\SYSTEM32\ntdll.dll
0x00007ffdf6c20000 - 0x00007ffdf6ccd000 	C:\Windows\system32\KERNEL32.DLL
0x00007ffdf5440000 - 0x00007ffdf5628000 	C:\Windows\system32\KERNELBASE.dll
0x00007ffdeaea0000 - 0x00007ffdeaeb9000 	C:\Program Files\Android\Android Studio\jre\bin\jli.dll
0x00007ffde6730000 - 0x00007ffde6747000 	C:\Program Files\Android\Android Studio\jre\bin\VCRUNTIME140.dll
0x00007ffdf3df0000 - 0x00007ffdf3ee4000 	C:\Windows\SYSTEM32\ucrtbase.dll
0x00007ffdf6140000 - 0x00007ffdf6296000 	C:\Windows\system32\USER32.dll
0x00007ffdf63c0000 - 0x00007ffdf6547000 	C:\Windows\system32\GDI32.dll
0x00007ffdec530000 - 0x00007ffdec7a4000 	C:\Windows\WinSxS\amd64_microsoft.windows.common-controls_6595b64144ccf1df_6.0.10586.839_none_a2ddba30a539a2ae\COMCTL32.dll
0x00007ffdf62b0000 - 0x00007ffdf634d000 	C:\Windows\system32\msvcrt.dll
0x00007ffdf6890000 - 0x00007ffdf6b0e000 	C:\Windows\system32\combase.dll
0x00007ffdf5b90000 - 0x00007ffdf5cad000 	C:\Windows\system32\RPCRT4.dll
0x00007ffdf53d0000 - 0x00007ffdf543a000 	C:\Windows\system32\bcryptPrimitives.dll
0x00007ffdf5b50000 - 0x00007ffdf5b8b000 	C:\Windows\system32\IMM32.DLL
0x00007ffde4db0000 - 0x00007ffde4e4d000 	C:\Program Files\Android\Android Studio\jre\bin\msvcp140.dll
0x00007ffdd2050000 - 0x00007ffdd2b0c000 	C:\Program Files\Android\Android Studio\jre\bin\server\jvm.dll
0x00007ffdf67e0000 - 0x00007ffdf6887000 	C:\Windows\system32\ADVAPI32.dll
0x00007ffdf5af0000 - 0x00007ffdf5b4b000 	C:\Windows\system32\sechost.dll
0x00007ffdf6b30000 - 0x00007ffdf6b38000 	C:\Windows\system32\PSAPI.DLL
0x00007ffdeaf50000 - 0x00007ffdeaf59000 	C:\Windows\SYSTEM32\WSOCK32.dll
0x00007ffdf2f20000 - 0x00007ffdf2f43000 	C:\Windows\SYSTEM32\WINMM.dll
0x00007ffdf6350000 - 0x00007ffdf63bb000 	C:\Windows\system32\WS2_32.dll
0x00007ffde6e20000 - 0x00007ffde6e2a000 	C:\Windows\SYSTEM32\VERSION.dll
0x00007ffdf2ef0000 - 0x00007ffdf2f1c000 	C:\Windows\SYSTEM32\WINMMBASE.dll
0x00007ffdf5380000 - 0x00007ffdf53c3000 	C:\Windows\system32\cfgmgr32.dll
0x00007ffdf4bd0000 - 0x00007ffdf4bdf000 	C:\Windows\system32\kernel.appcore.dll
0x00007ffde91a0000 - 0x00007ffde91b1000 	C:\Program Files\Android\Android Studio\jre\bin\verify.dll
0x00007ffde85f0000 - 0x00007ffde877c000 	C:\Windows\SYSTEM32\DBGHELP.DLL
0x00007ffdf2f80000 - 0x00007ffdf2fa5000 	C:\Windows\SYSTEM32\dbgcore.DLL
0x00007ffde9170000 - 0x00007ffde9199000 	C:\Program Files\Android\Android Studio\jre\bin\java.dll
0x00007ffdeaf40000 - 0x00007ffdeaf4b000 	C:\Program Files\Android\Android Studio\jre\bin\jimage.dll
0x00007ffde9150000 - 0x00007ffde9168000 	C:\Program Files\Android\Android Studio\jre\bin\zip.dll
0x00007ffdf6cd0000 - 0x00007ffdf822c000 	C:\Windows\system32\SHELL32.dll
0x00007ffdf4d30000 - 0x00007ffdf5375000 	C:\Windows\system32\windows.storage.dll
0x00007ffdf5a90000 - 0x00007ffdf5ae2000 	C:\Windows\system32\shlwapi.dll
0x00007ffdf4be0000 - 0x00007ffdf4c95000 	C:\Windows\system32\shcore.dll
0x00007ffdf4b70000 - 0x00007ffdf4bbb000 	C:\Windows\system32\powrprof.dll
0x00007ffdf4b50000 - 0x00007ffdf4b64000 	C:\Windows\system32\profapi.dll
0x00007ffde8f20000 - 0x00007ffde8f3a000 	C:\Program Files\Android\Android Studio\jre\bin\net.dll
0x00007ffdebf10000 - 0x00007ffdebfd7000 	C:\Windows\SYSTEM32\WINHTTP.dll
0x00007ffdf4480000 - 0x00007ffdf44dc000 	C:\Windows\system32\mswsock.dll
0x00007ffde8f00000 - 0x00007ffde8f14000 	C:\Program Files\Android\Android Studio\jre\bin\nio.dll
0x00007ffdec200000 - 0x00007ffdec227000 	C:\Users\Huzaifa Sammar\.gradle\native\8bec1ad78214c89d9ad589b4d07fe93259594b29d510b10fafb7a158f7737e5d\windows-amd64\native-platform.dll
0x00007ffdec0c0000 - 0x00007ffdec1fd000 	C:\Users\Huzaifa Sammar\.gradle\native\53dbd7edfb1c66fb8903c78663c9afc45aea4f116125fa6feffd364cf09443e8\windows-amd64\native-platform-file-events.dll
0x00007ffdeaf10000 - 0x00007ffdeaf1a000 	C:\Program Files\Android\Android Studio\jre\bin\management.dll
0x00007ffde9140000 - 0x00007ffde914c000 	C:\Program Files\Android\Android Studio\jre\bin\management_ext.dll
0x00007ffdf4530000 - 0x00007ffdf4547000 	C:\Windows\SYSTEM32\CRYPTSP.dll
0x00007ffdf41c0000 - 0x00007ffdf41f4000 	C:\Windows\system32\rsaenh.dll
0x00007ffdf4750000 - 0x00007ffdf4779000 	C:\Windows\SYSTEM32\bcrypt.dll
0x00007ffdf4310000 - 0x00007ffdf432f000 	C:\Windows\SYSTEM32\USERENV.dll
0x00007ffdf4650000 - 0x00007ffdf465b000 	C:\Windows\SYSTEM32\CRYPTBASE.dll
0x00007ffdec7c0000 - 0x00007ffdec7f8000 	C:\Windows\SYSTEM32\IPHLPAPI.DLL
0x00007ffdf62a0000 - 0x00007ffdf62a8000 	C:\Windows\system32\NSI.dll
0x00007ffdeb5c0000 - 0x00007ffdeb5d6000 	C:\Windows\SYSTEM32\dhcpcsvc6.DLL
0x00007ffdeb700000 - 0x00007ffdeb71a000 	C:\Windows\SYSTEM32\dhcpcsvc.DLL

dbghelp: loaded successfully - version: 4.0.5 - missing functions: none
symbol engine: initialized successfully - sym options: 0x614 - pdb path: .;C:\Program Files\Android\Android Studio\jre\bin;C:\Windows\SYSTEM32;C:\Windows\WinSxS\amd64_microsoft.windows.common-controls_6595b64144ccf1df_6.0.10586.839_none_a2ddba30a539a2ae;C:\Program Files\Android\Android Studio\jre\bin\server;C:\Users\Huzaifa Sammar\.gradle\native\8bec1ad78214c89d9ad589b4d07fe93259594b29d510b10fafb7a158f7737e5d\windows-amd64;C:\Users\Huzaifa Sammar\.gradle\native\53dbd7edfb1c66fb8903c78663c9afc45aea4f116125fa6feffd364cf09443e8\windows-amd64

VM Arguments:
jvm_args: --add-opens=java.base/java.util=ALL-UNNAMED --add-opens=java.base/java.lang=ALL-UNNAMED --add-opens=java.base/java.lang.invoke=ALL-UNNAMED --add-opens=java.base/java.util=ALL-UNNAMED --add-opens=java.prefs/java.util.prefs=ALL-UNNAMED --add-opens=java.prefs/java.util.prefs=ALL-UNNAMED --add-opens=java.base/java.nio.charset=ALL-UNNAMED --add-opens=java.base/java.net=ALL-UNNAMED --add-opens=java.base/java.util.concurrent.atomic=ALL-UNNAMED -Xmx2048m -Dfile.encoding=UTF-8 -Duser.country=US -Duser.language=en -Duser.variant 
java_command: org.gradle.launcher.daemon.bootstrap.GradleDaemon 7.0.2
java_class_path (initial): C:\Users\Huzaifa Sammar\.gradle\wrapper\dists\gradle-7.0.2-bin\857tjihv64xamwrf0h14cai3r\gradle-7.0.2\lib\gradle-launcher-7.0.2.jar
Launcher Type: SUN_STANDARD

[Global flags]
     intx CICompilerCount                          = 3                                         {product} {ergonomic}
     uint ConcGCThreads                            = 1                                         {product} {ergonomic}
     uint G1ConcRefinementThreads                  = 4                                         {product} {ergonomic}
   size_t G1HeapRegionSize                         = 1048576                                   {product} {ergonomic}
    uintx GCDrainStackTargetSize                   = 64                                        {product} {ergonomic}
   size_t InitialHeapSize                          = 67108864                                  {product} {ergonomic}
   size_t MarkStackSize                            = 4194304                                   {product} {ergonomic}
   size_t MaxHeapSize                              = 2147483648                                {product} {command line}
   size_t MaxNewSize                               = 1287651328                                {product} {ergonomic}
   size_t MinHeapDeltaBytes                        = 1048576                                   {product} {ergonomic}
    uintx NonNMethodCodeHeapSize                   = 5830732                                {pd product} {ergonomic}
    uintx NonProfiledCodeHeapSize                  = 122913754                              {pd product} {ergonomic}
    uintx ProfiledCodeHeapSize                     = 122913754                              {pd product} {ergonomic}
    uintx ReservedCodeCacheSize                    = 251658240                              {pd product} {ergonomic}
     bool SegmentedCodeCache                       = true                                      {product} {ergonomic}
     bool UseCompressedClassPointers               = true                                 {lp64_product} {ergonomic}
     bool UseCompressedOops                        = true                                 {lp64_product} {ergonomic}
     bool UseG1GC                                  = true                                      {product} {ergonomic}
     bool UseLargePagesIndividualAllocation        = false                                  {pd product} {ergonomic}

Logging:
Log output configuration:
 #0: stdout all=warning uptime,level,tags
 #1: stderr all=off uptime,level,tags

Environment Variables:
JAVA_HOME=C:\Program Files\Java\jdk-12.0.2
PATH=C:\Users\Huzaifa Sammar\flutter/bin;C:\Program Files\Git\bin\git.exe;C:\Windows\System32;C:\Program Files\Git\cmd;C:\Windows\System32\Windows;C:\Windows\System32\WindowsPowerShell\v1.0;C:\Users\Huzaifa Sammar\AppData\Local\Android\Sdk;C:\Program Files\Java\jdk-12.0.2\bin;C:\Program Files (x86)\Java\jre1.8.0_171\bin;C:\Users\Huzaifa Sammar\dart-sdk\bin;C:\Users\Huzaifa Sammar\AppData\Local\Programs\Python\Python38;C:\Users\Huzaifa Sammar\AppData\Local\Programs\Python\Python38\Scripts
USERNAME=Huzaifa Sammar
OS=Windows_NT
PROCESSOR_IDENTIFIER=Intel64 Family 6 Model 69 Stepping 1, GenuineIntel



---------------  S Y S T E M  ---------------

OS: Windows 10 , 64 bit Build 10586 (10.0.10586.589)
OS uptime: 0 days 1:53 hours

CPU:total 4 (initial active 4) (2 cores per cpu, 2 threads per core) family 6 model 69 stepping 1, cmov, cx8, fxsr, mmx, sse, sse2, sse3, ssse3, sse4.1, sse4.2, popcnt, avx, avx2, aes, clmul, erms, lzcnt, ht, tsc, tscinvbit, bmi1, bmi2, fma

Memory: 4k page, system-wide physical 4001M (485M free)
TotalPageFile size 6864M (AvailPageFile size 5M)
current process WorkingSet (physical memory assigned to process): 454M, peak: 457M
current process commit charge ("private bytes"): 479M, peak: 481M

vm_info: OpenJDK 64-Bit Server VM (11.0.8+10-b944.6842174) for windows-amd64 JRE (11.0.8+10-b944.6842174), built on Sep 19 2020 01:11:42 by "builder" with MS VC++ 14.0 (VS2015)

END.
