#
# There is insufficient memory for the Java Runtime Environment to continue.
# Native memory allocation (mmap) failed to map 40894464 bytes for Failed to commit area from 0x000000008c300000 to 0x000000008ea00000 of length 40894464.
# Possible reasons:
#   The system is out of physical RAM or swap space
#   The process is running with CompressedOops enabled, and the Java Heap may be blocking the growth of the native heap
# Possible solutions:
#   Reduce memory load on the system
#   Increase physical memory or swap space
#   Check if swap backing store is full
#   Decrease Java heap size (-Xmx/-Xms)
#   Decrease number of Java threads
#   Decrease Java thread stack sizes (-Xss)
#   Set larger code cache with -XX:ReservedCodeCacheSize=
#   JVM is running with Unscaled Compressed Oops mode in which the Java heap is
#     placed in the first 4GB address space. The Java Heap base address is the
#     maximum limit for the native heap growth. Please use -XX:HeapBaseMinAddress
#     to set the Java Heap base and to place the Java Heap above 4GB virtual address.
# This output file may be truncated or incomplete.
#
#  Out of Memory Error (./src/hotspot/os/windows/os_windows.cpp:3303), pid=5104, tid=4636
#
# JRE version: OpenJDK Runtime Environment (11.0.8+10) (build 11.0.8+10-b944.6842174)
# Java VM: OpenJDK 64-Bit Server VM (11.0.8+10-b944.6842174, mixed mode, tiered, compressed oops, g1 gc, windows-amd64)
# No core dump will be written. Minidumps are not enabled by default on client versions of Windows
#

---------------  S U M M A R Y ------------

Command Line: --add-opens=java.base/java.util=ALL-UNNAMED --add-opens=java.base/java.lang=ALL-UNNAMED --add-opens=java.base/java.lang.invoke=ALL-UNNAMED --add-opens=java.base/java.util=ALL-UNNAMED --add-opens=java.prefs/java.util.prefs=ALL-UNNAMED --add-opens=java.prefs/java.util.prefs=ALL-UNNAMED --add-opens=java.base/java.nio.charset=ALL-UNNAMED --add-opens=java.base/java.net=ALL-UNNAMED --add-opens=java.base/java.util.concurrent.atomic=ALL-UNNAMED -Xmx2048m -Dfile.encoding=UTF-8 -Duser.country=US -Duser.language=en -Duser.variant org.gradle.launcher.daemon.bootstrap.GradleDaemon 7.0.2

Host: Intel(R) Core(TM) i5-4310U CPU @ 2.00GHz, 4 cores, 3G,  Windows 10 , 64 bit Build 10586 (10.0.10586.589)
Time: Wed Nov 24 10:59:41 2021 Pakistan Standard Time elapsed time: 27 seconds (0d 0h 0m 27s)

---------------  T H R E A D  ---------------

Current thread (0x00000236a0f3f000):  VMThread "VM Thread" [stack: 0x000000ff1b200000,0x000000ff1b300000] [id=4636]

Stack: [0x000000ff1b200000,0x000000ff1b300000]
[error occurred during error reporting (printing stack bounds), id 0xc0000005, EXCEPTION_ACCESS_VIOLATION (0xc0000005) at pc=0x000002368a770dad]

Native frames: (J=compiled Java code, j=interpreted, Vv=VM code, C=native code)
V  [jvm.dll+0x5de50a]
V  [jvm.dll+0x7122f5]
V  [jvm.dll+0x71384d]
V  [jvm.dll+0x713e65]
V  [jvm.dll+0x713e1b]
V  [jvm.dll+0x5dd958]
V  [jvm.dll+0x5de0f8]
C  [ntdll.dll+0xa9aed]
C  [ntdll.dll+0x34fe9]
C  [ntdll.dll+0xa8bfa]
C  0x000002368a770dad

VM_Operation (0x000000ff203fcc90): G1CollectForAllocation, mode: safepoint, requested by thread 0x00000236a292c000


---------------  P R O C E S S  ---------------

Threads class SMR info:
_java_thread_list=0x00000236abd35c30, length=55, elements={
0x0000023686de4800, 0x00000236a0f46800, 0x00000236a0f48000, 0x00000236a0f9e800,
0x00000236a0fa0800, 0x00000236a0fa2000, 0x00000236a0faa800, 0x00000236a0fb1000,
0x00000236a1a1b800, 0x00000236a1a22000, 0x00000236a39ce000, 0x00000236a28b0800,
0x00000236a3435000, 0x00000236a3795000, 0x00000236a4647800, 0x00000236a2d0e800,
0x00000236a2d0d000, 0x00000236a2d0b800, 0x00000236a2d10000, 0x00000236a2d11000,
0x00000236a4eba800, 0x00000236a4ebb800, 0x00000236a4ebc000, 0x00000236a4ebd000,
0x00000236a4ebf800, 0x00000236a4ec2000, 0x00000236a4ec0800, 0x00000236a4ec7800,
0x00000236a4ebe800, 0x00000236a4eba000, 0x00000236a4eb9000, 0x00000236a4ec4800,
0x00000236a4ec7000, 0x00000236a4ec5000, 0x00000236a4ec3000, 0x00000236a4ec3800,
0x00000236a1bc5000, 0x00000236a4ec1000, 0x00000236a4ec6000, 0x00000236a2d12000,
0x00000236a2d0c000, 0x00000236a2d0d800, 0x00000236a2d0f800, 0x00000236a292d800,
0x00000236a2928000, 0x00000236a292e800, 0x00000236a2929000, 0x00000236a2929800,
0x00000236a2930000, 0x00000236a292f800, 0x00000236a292a800, 0x00000236a2931000,
0x00000236a292b800, 0x00000236a2932000, 0x00000236a292c000
}

Java Threads: ( => current thread )
  0x0000023686de4800 JavaThread "main" [_thread_blocked, id=32, stack(0x000000ff1ac00000,0x000000ff1ad00000)]
  0x00000236a0f46800 JavaThread "Reference Handler" daemon [_thread_blocked, id=3420, stack(0x000000ff1b300000,0x000000ff1b400000)]
  0x00000236a0f48000 JavaThread "Finalizer" daemon [_thread_blocked, id=912, stack(0x000000ff1b400000,0x000000ff1b500000)]
  0x00000236a0f9e800 JavaThread "Signal Dispatcher" daemon [_thread_blocked, id=6808, stack(0x000000ff1b500000,0x000000ff1b600000)]
  0x00000236a0fa0800 JavaThread "Attach Listener" daemon [_thread_blocked, id=7336, stack(0x000000ff1b600000,0x000000ff1b700000)]
  0x00000236a0fa2000 JavaThread "C2 CompilerThread0" daemon [_thread_in_native, id=7416, stack(0x000000ff1b700000,0x000000ff1b800000)]
  0x00000236a0faa800 JavaThread "C1 CompilerThread0" daemon [_thread_blocked, id=7268, stack(0x000000ff1b800000,0x000000ff1b900000)]
  0x00000236a0fb1000 JavaThread "Sweeper thread" daemon [_thread_blocked, id=7508, stack(0x000000ff1b900000,0x000000ff1ba00000)]
  0x00000236a1a1b800 JavaThread "Common-Cleaner" daemon [_thread_blocked, id=7408, stack(0x000000ff1ba00000,0x000000ff1bb00000)]
  0x00000236a1a22000 JavaThread "Service Thread" daemon [_thread_blocked, id=6368, stack(0x000000ff1bb00000,0x000000ff1bc00000)]
  0x00000236a39ce000 JavaThread "Daemon health stats" [_thread_blocked, id=8012, stack(0x000000ff1bf00000,0x000000ff1c000000)]
  0x00000236a28b0800 JavaThread "Incoming local TCP Connector on port 50655" [_thread_in_native, id=2568, stack(0x000000ff1c000000,0x000000ff1c100000)]
  0x00000236a3435000 JavaThread "Daemon periodic checks" [_thread_blocked, id=2508, stack(0x000000ff1c100000,0x000000ff1c200000)]
  0x00000236a3795000 JavaThread "Daemon" [_thread_blocked, id=4980, stack(0x000000ff1c200000,0x000000ff1c300000)]
  0x00000236a4647800 JavaThread "Daemon worker" [_thread_blocked, id=7620, stack(0x000000ff1c500000,0x000000ff1c600000)]
  0x00000236a2d0e800 JavaThread "Cache worker for file hash cache (C:\Users\Huzaifa Sammar\.gradle\caches\7.0.2\fileHashes)" [_thread_blocked, id=2924, stack(0x000000ff1cb00000,0x000000ff1cc00000)]
  0x00000236a2d0d000 JavaThread "File lock request listener" [_thread_in_native, id=4100, stack(0x000000ff1cc00000,0x000000ff1cd00000)]
  0x00000236a2d0b800 JavaThread "Cache worker for journal cache (C:\Users\Huzaifa Sammar\.gradle\caches\journal-1)" [_thread_blocked, id=4588, stack(0x000000ff1cd00000,0x000000ff1ce00000)]
  0x00000236a2d10000 JavaThread "File watcher server" daemon [_thread_blocked, id=7052, stack(0x000000ff1cf00000,0x000000ff1d000000)]
  0x00000236a2d11000 JavaThread "File watcher consumer" daemon [_thread_blocked, id=640, stack(0x000000ff1d000000,0x000000ff1d100000)]
  0x00000236a4eba800 JavaThread "Cache worker for execution history cache (C:\Users\Huzaifa Sammar\.gradle\caches\7.0.2\executionHistory)" [_thread_blocked, id=1076, stack(0x000000ff1d400000,0x000000ff1d500000)]
  0x00000236a4ebb800 JavaThread "jar transforms" [_thread_blocked, id=3824, stack(0x000000ff1d500000,0x000000ff1d600000)]
  0x00000236a4ebc000 JavaThread "jar transforms Thread 2" [_thread_blocked, id=1740, stack(0x000000ff1d600000,0x000000ff1d700000)]
  0x00000236a4ebd000 JavaThread "Cache worker for file content cache (C:\Users\Huzaifa Sammar\.gradle\caches\7.0.2\fileContent)" [_thread_blocked, id=5508, stack(0x000000ff1d700000,0x000000ff1d800000)]
  0x00000236a4ebf800 JavaThread "jar transforms Thread 3" [_thread_blocked, id=1384, stack(0x000000ff1d900000,0x000000ff1da00000)]
  0x00000236a4ec2000 JavaThread "jar transforms Thread 4" [_thread_blocked, id=1748, stack(0x000000ff1df00000,0x000000ff1e000000)]
  0x00000236a4ec0800 JavaThread "Memory manager" [_thread_blocked, id=6512, stack(0x000000ff1e000000,0x000000ff1e100000)]
  0x00000236a4ec7800 JavaThread "pool-3-thread-1" [_thread_blocked, id=3548, stack(0x000000ff1e200000,0x000000ff1e300000)]
  0x00000236a4ebe800 JavaThread "Handler for socket connection from /127.0.0.1:50655 to /127.0.0.1:50661" [_thread_in_native, id=3988, stack(0x000000ff1e900000,0x000000ff1ea00000)]
  0x00000236a4eba000 JavaThread "Cancel handler" [_thread_blocked, id=1904, stack(0x000000ff1ea00000,0x000000ff1eb00000)]
  0x00000236a4eb9000 JavaThread "Asynchronous log dispatcher for DefaultDaemonConnection: socket connection from /127.0.0.1:50655 to /127.0.0.1:50661" [_thread_blocked, id=2328, stack(0x000000ff1eb00000,0x000000ff1ec00000)]
  0x00000236a4ec4800 JavaThread "Stdin handler" [_thread_blocked, id=4664, stack(0x000000ff1ec00000,0x000000ff1ed00000)]
  0x00000236a4ec7000 JavaThread "Daemon client event forwarder" [_thread_blocked, id=3564, stack(0x000000ff1ed00000,0x000000ff1ee00000)]
  0x00000236a4ec5000 JavaThread "Cache worker for file hash cache (C:\Users\Huzaifa Sammar\AndroidStudioProjects\DingVpnn\.gradle\7.0.2\fileHashes)" [_thread_blocked, id=7380, stack(0x000000ff1ee00000,0x000000ff1ef00000)]
  0x00000236a4ec3000 JavaThread "Cache worker for checksums cache (C:\Users\Huzaifa Sammar\AndroidStudioProjects\DingVpnn\.gradle\checksums)" [_thread_blocked, id=7776, stack(0x000000ff1ef00000,0x000000ff1f000000)]
  0x00000236a4ec3800 JavaThread "Cache worker for cache directory md-supplier (C:\Users\Huzaifa Sammar\.gradle\caches\7.0.2\md-supplier)" [_thread_blocked, id=956, stack(0x000000ff1f000000,0x000000ff1f100000)]
  0x00000236a1bc5000 JavaThread "C2 CompilerThread1" daemon [_thread_in_native, id=3324, stack(0x000000ff1f100000,0x000000ff1f200000)]
  0x00000236a4ec1000 JavaThread "Cache worker for cache directory md-rule (C:\Users\Huzaifa Sammar\.gradle\caches\7.0.2\md-rule)" [_thread_blocked, id=7576, stack(0x000000ff1f200000,0x000000ff1f300000)]
  0x00000236a4ec6000 JavaThread "Cache worker for dependencies-accessors (C:\Users\Huzaifa Sammar\AndroidStudioProjects\DingVpnn\.gradle\7.0.2\dependencies-accessors)" [_thread_blocked, id=1072, stack(0x000000ff1f300000,0x000000ff1f400000)]
  0x00000236a2d12000 JavaThread "Cache worker for Build Output Cleanup Cache (C:\Users\Huzaifa Sammar\AndroidStudioProjects\DingVpnn\.gradle\buildOutputCleanup)" [_thread_blocked, id=6468, stack(0x000000ff1f400000,0x000000ff1f500000)]
  0x00000236a2d0c000 JavaThread "Build operations" [_thread_blocked, id=5036, stack(0x000000ff1f500000,0x000000ff1f600000)]
  0x00000236a2d0d800 JavaThread "Build operations Thread 2" [_thread_blocked, id=2400, stack(0x000000ff1f600000,0x000000ff1f700000)]
  0x00000236a2d0f800 JavaThread "Build operations Thread 3" [_thread_blocked, id=8168, stack(0x000000ff1f700000,0x000000ff1f800000)]
  0x00000236a292d800 JavaThread "Build operations Thread 4" [_thread_blocked, id=3100, stack(0x000000ff1f800000,0x000000ff1f900000)]
  0x00000236a2928000 JavaThread "build event listener" [_thread_blocked, id=8004, stack(0x000000ff1f900000,0x000000ff1fa00000)]
  0x00000236a292e800 JavaThread "pool-6-thread-1" [_thread_blocked, id=4284, stack(0x000000ff1fa00000,0x000000ff1fb00000)]
  0x00000236a2929000 JavaThread "build event listener" [_thread_blocked, id=4524, stack(0x000000ff1fb00000,0x000000ff1fc00000)]
  0x00000236a2929800 JavaThread "Execution worker for ':'" [_thread_blocked, id=2056, stack(0x000000ff1fc00000,0x000000ff1fd00000)]
  0x00000236a2930000 JavaThread "Execution worker for ':' Thread 2" [_thread_blocked, id=2952, stack(0x000000ff1fd00000,0x000000ff1fe00000)]
  0x00000236a292f800 JavaThread "Execution worker for ':' Thread 3" [_thread_blocked, id=7560, stack(0x000000ff1fe00000,0x000000ff1ff00000)]
  0x00000236a292a800 JavaThread "Cache worker for execution history cache (C:\Users\Huzaifa Sammar\AndroidStudioProjects\DingVpnn\.gradle\7.0.2\executionHistory)" [_thread_blocked, id=8108, stack(0x000000ff1ff00000,0x000000ff20000000)]
  0x00000236a2931000 JavaThread "WorkerExecutor Queue" [_thread_blocked, id=2676, stack(0x000000ff20000000,0x000000ff20100000)]
  0x00000236a292b800 JavaThread "WorkerExecutor Queue Thread 2" [_thread_blocked, id=7976, stack(0x000000ff20100000,0x000000ff20200000)]
  0x00000236a2932000 JavaThread "WorkerExecutor Queue Thread 3" [_thread_blocked, id=5924, stack(0x000000ff20200000,0x000000ff20300000)]
  0x00000236a292c000 JavaThread "WorkerExecutor Queue Thread 4" [_thread_blocked, id=884, stack(0x000000ff20300000,0x000000ff20400000)]

Other Threads:
=>0x00000236a0f3f000 VMThread "VM Thread" [stack: 0x000000ff1b200000,0x000000ff1b300000] [id=4636]
  0x00000236a1a4c000 WatcherThread [stack: 0x000000ff1bc00000,0x000000ff1bd00000] [id=7260]
  0x0000023686dfa800 GCTaskThread "GC Thread#0" [stack: 0x000000ff1ad00000,0x000000ff1ae00000] [id=1964]
  0x00000236a1aef800 GCTaskThread "GC Thread#1" [stack: 0x000000ff1be00000,0x000000ff1bf00000] [id=7896]
  0x00000236a33d7000 GCTaskThread "GC Thread#2" [stack: 0x000000ff1c900000,0x000000ff1ca00000] [id=3632]
  0x00000236a3219000 GCTaskThread "GC Thread#3" [stack: 0x000000ff1ca00000,0x000000ff1cb00000] [id=7924]
  0x0000023686e2e000 ConcurrentGCThread "G1 Main Marker" [stack: 0x000000ff1ae00000,0x000000ff1af00000] [id=5532]
  0x0000023686e2f800 ConcurrentGCThread "G1 Conc#0" [stack: 0x000000ff1af00000,0x000000ff1b000000] [id=3892]
  0x0000023686e8d800 ConcurrentGCThread "G1 Refine#0" [stack: 0x000000ff1b000000,0x000000ff1b100000] [id=2156]
  0x0000023686e8e800 ConcurrentGCThread "G1 Young RemSet Sampling" [stack: 0x000000ff1b100000,0x000000ff1b200000] [id=7628]

Threads with active compile tasks:
C2 CompilerThread0  27452 11581   !   4       java.io.ObjectOutputStream::writeObject0 (619 bytes)
C2 CompilerThread1  27452 11642   !   4       java.io.ObjectOutputStream::writeSerialData (221 bytes)

VM state:at safepoint (normal execution)

VM Mutex/Monitor currently owned by a thread:  ([mutex/lock_event])
[0x0000023686de1c70] Threads_lock - owner thread: 0x00000236a0f3f000
[0x0000023686de1010] Heap_lock - owner thread: 0x00000236a292c000

Heap address: 0x0000000080000000, size: 2048 MB, Compressed Oops mode: 32-bit
Narrow klass base: 0x0000000000000000, Narrow klass shift: 3
Compressed class space size: 1073741824 Address: 0x0000000100000000

Heap:
 garbage-first heap   total 239616K, used 100241K [0x0000000080000000, 0x0000000100000000)
  region size 1024K, 3 young (3072K), 3 survivors (3072K)
 Metaspace       used 92153K, capacity 94386K, committed 94668K, reserved 1132544K
  class space    used 11380K, capacity 12194K, committed 12236K, reserved 1048576K
Heap Regions: E=young(eden), S=young(survivor), O=old, HS=humongous(starts), HC=humongous(continues), CS=collection set, F=free, A=archive, TAMS=top-at-mark-start (previous, next)
|   0|0x0000000080000000, 0x0000000080100000, 0x0000000080100000|100%|HS|  |TAMS 0x0000000080100000, 0x0000000080000000| Complete 
|   1|0x0000000080100000, 0x0000000080200000, 0x0000000080200000|100%|HC|  |TAMS 0x0000000080200000, 0x0000000080100000| Complete 
|   2|0x0000000080200000, 0x0000000080300000, 0x0000000080300000|100%|HC|  |TAMS 0x0000000080300000, 0x0000000080200000| Complete 
|   3|0x0000000080300000, 0x0000000080400000, 0x0000000080400000|100%| O|  |TAMS 0x0000000080400000, 0x0000000080300000| Untracked 
|   4|0x0000000080400000, 0x0000000080500000, 0x0000000080500000|100%| O|  |TAMS 0x0000000080500000, 0x0000000080400000| Untracked 
|   5|0x0000000080500000, 0x0000000080600000, 0x0000000080600000|100%| O|  |TAMS 0x0000000080600000, 0x0000000080500000| Untracked 
|   6|0x0000000080600000, 0x0000000080700000, 0x0000000080700000|100%| O|  |TAMS 0x0000000080700000, 0x0000000080600000| Untracked 
|   7|0x0000000080700000, 0x0000000080800000, 0x0000000080800000|100%| O|  |TAMS 0x0000000080800000, 0x0000000080700000| Untracked 
|   8|0x0000000080800000, 0x0000000080900000, 0x0000000080900000|100%| O|  |TAMS 0x0000000080900000, 0x0000000080800000| Complete 
|   9|0x0000000080900000, 0x0000000080a00000, 0x0000000080a00000|100%| O|  |TAMS 0x0000000080a00000, 0x0000000080900000| Complete 
|  10|0x0000000080a00000, 0x0000000080b00000, 0x0000000080b00000|100%| O|  |TAMS 0x0000000080b00000, 0x0000000080a00000| Untracked 
|  11|0x0000000080b00000, 0x0000000080c00000, 0x0000000080c00000|100%| O|  |TAMS 0x0000000080c00000, 0x0000000080b00000| Untracked 
|  12|0x0000000080c00000, 0x0000000080d00000, 0x0000000080d00000|100%| O|  |TAMS 0x0000000080d00000, 0x0000000080c00000| Untracked 
|  13|0x0000000080d00000, 0x0000000080e00000, 0x0000000080e00000|100%| O|  |TAMS 0x0000000080e00000, 0x0000000080d00000| Complete 
|  14|0x0000000080e00000, 0x0000000080f00000, 0x0000000080f00000|100%| O|  |TAMS 0x0000000080f00000, 0x0000000080e00000| Untracked 
|  15|0x0000000080f00000, 0x0000000081000000, 0x0000000081000000|100%| O|  |TAMS 0x0000000081000000, 0x0000000080f00000| Complete 
|  16|0x0000000081000000, 0x0000000081100000, 0x0000000081100000|100%| O|  |TAMS 0x0000000081100000, 0x0000000081000000| Untracked 
|  17|0x0000000081100000, 0x0000000081200000, 0x0000000081200000|100%| O|  |TAMS 0x0000000081200000, 0x0000000081100000| Untracked 
|  18|0x0000000081200000, 0x0000000081300000, 0x0000000081300000|100%| O|  |TAMS 0x0000000081300000, 0x0000000081200000| Untracked 
|  19|0x0000000081300000, 0x0000000081400000, 0x0000000081400000|100%| O|  |TAMS 0x0000000081400000, 0x0000000081300000| Untracked 
|  20|0x0000000081400000, 0x0000000081500000, 0x0000000081500000|100%| O|  |TAMS 0x0000000081500000, 0x0000000081400000| Untracked 
|  21|0x0000000081500000, 0x0000000081600000, 0x0000000081600000|100%| O|  |TAMS 0x0000000081600000, 0x0000000081500000| Complete 
|  22|0x0000000081600000, 0x0000000081700000, 0x0000000081700000|100%|HS|  |TAMS 0x0000000081700000, 0x0000000081600000| Complete 
|  23|0x0000000081700000, 0x0000000081800000, 0x0000000081800000|100%| O|  |TAMS 0x0000000081800000, 0x0000000081700000| Untracked 
|  24|0x0000000081800000, 0x0000000081900000, 0x0000000081900000|100%| O|  |TAMS 0x0000000081900000, 0x0000000081800000| Untracked 
|  25|0x0000000081900000, 0x0000000081a00000, 0x0000000081a00000|100%| O|  |TAMS 0x0000000081a00000, 0x0000000081900000| Untracked 
|  26|0x0000000081a00000, 0x0000000081b00000, 0x0000000081b00000|100%| O|  |TAMS 0x0000000081b00000, 0x0000000081a00000| Untracked 
|  27|0x0000000081b00000, 0x0000000081c00000, 0x0000000081c00000|100%|HS|  |TAMS 0x0000000081c00000, 0x0000000081b00000| Complete 
|  28|0x0000000081c00000, 0x0000000081d00000, 0x0000000081d00000|100%|HC|  |TAMS 0x0000000081d00000, 0x0000000081c00000| Complete 
|  29|0x0000000081d00000, 0x0000000081e00000, 0x0000000081e00000|100%| O|  |TAMS 0x0000000081e00000, 0x0000000081d00000| Untracked 
|  30|0x0000000081e00000, 0x0000000081f00000, 0x0000000081f00000|100%| O|  |TAMS 0x0000000081f00000, 0x0000000081e00000| Untracked 
|  31|0x0000000081f00000, 0x0000000082000000, 0x0000000082000000|100%| O|  |TAMS 0x0000000082000000, 0x0000000081f00000| Untracked 
|  32|0x0000000082000000, 0x0000000082100000, 0x0000000082100000|100%| O|  |TAMS 0x0000000082100000, 0x0000000082000000| Complete 
|  33|0x0000000082100000, 0x0000000082200000, 0x0000000082200000|100%| O|  |TAMS 0x0000000082200000, 0x0000000082100000| Untracked 
|  34|0x0000000082200000, 0x0000000082300000, 0x0000000082300000|100%| O|  |TAMS 0x0000000082300000, 0x0000000082200000| Complete 
|  35|0x0000000082300000, 0x0000000082400000, 0x0000000082400000|100%| O|  |TAMS 0x0000000082400000, 0x0000000082300000| Complete 
|  36|0x0000000082400000, 0x0000000082500000, 0x0000000082500000|100%| O|  |TAMS 0x0000000082500000, 0x0000000082400000| Complete 
|  37|0x0000000082500000, 0x0000000082600000, 0x0000000082600000|100%| O|  |TAMS 0x0000000082600000, 0x0000000082500000| Complete 
|  38|0x0000000082600000, 0x0000000082700000, 0x0000000082700000|100%| O|  |TAMS 0x0000000082700000, 0x0000000082600000| Untracked 
|  39|0x0000000082700000, 0x0000000082800000, 0x0000000082800000|100%| O|  |TAMS 0x0000000082800000, 0x0000000082700000| Untracked 
|  40|0x0000000082800000, 0x0000000082900000, 0x0000000082900000|100%| O|  |TAMS 0x0000000082900000, 0x0000000082800000| Untracked 
|  41|0x0000000082900000, 0x0000000082a00000, 0x0000000082a00000|100%| O|  |TAMS 0x0000000082a00000, 0x0000000082900000| Complete 
|  42|0x0000000082a00000, 0x0000000082b00000, 0x0000000082b00000|100%| O|  |TAMS 0x0000000082b00000, 0x0000000082a00000| Untracked 
|  43|0x0000000082b00000, 0x0000000082c00000, 0x0000000082c00000|100%| O|  |TAMS 0x0000000082c00000, 0x0000000082b00000| Untracked 
|  44|0x0000000082c00000, 0x0000000082d00000, 0x0000000082d00000|100%| O|  |TAMS 0x0000000082d00000, 0x0000000082c00000| Untracked 
|  45|0x0000000082d00000, 0x0000000082e00000, 0x0000000082e00000|100%| O|  |TAMS 0x0000000082e00000, 0x0000000082d00000| Complete 
|  46|0x0000000082e00000, 0x0000000082f00000, 0x0000000082f00000|100%| O|  |TAMS 0x0000000082f00000, 0x0000000082e00000| Untracked 
|  47|0x0000000082f00000, 0x0000000083000000, 0x0000000083000000|100%| O|  |TAMS 0x0000000083000000, 0x0000000082f00000| Untracked 
|  48|0x0000000083000000, 0x0000000083100000, 0x0000000083100000|100%| O|  |TAMS 0x0000000083100000, 0x0000000083000000| Untracked 
|  49|0x0000000083100000, 0x0000000083200000, 0x0000000083200000|100%| O|  |TAMS 0x0000000083200000, 0x0000000083100000| Complete 
|  50|0x0000000083200000, 0x0000000083300000, 0x0000000083300000|100%| O|  |TAMS 0x0000000083300000, 0x0000000083200000| Complete 
|  51|0x0000000083300000, 0x0000000083400000, 0x0000000083400000|100%| O|  |TAMS 0x0000000083400000, 0x0000000083300000| Complete 
|  52|0x0000000083400000, 0x0000000083500000, 0x0000000083500000|100%| O|  |TAMS 0x0000000083500000, 0x0000000083400000| Untracked 
|  53|0x0000000083500000, 0x0000000083600000, 0x0000000083600000|100%| O|  |TAMS 0x0000000083600000, 0x0000000083500000| Complete 
|  54|0x0000000083600000, 0x0000000083700000, 0x0000000083700000|100%| O|  |TAMS 0x0000000083700000, 0x0000000083600000| Untracked 
|  55|0x0000000083700000, 0x0000000083800000, 0x0000000083800000|100%| O|  |TAMS 0x0000000083800000, 0x0000000083700000| Untracked 
|  56|0x0000000083800000, 0x0000000083900000, 0x0000000083900000|100%| O|  |TAMS 0x0000000083900000, 0x0000000083800000| Untracked 
|  57|0x0000000083900000, 0x0000000083a00000, 0x0000000083a00000|100%| O|  |TAMS 0x0000000083a00000, 0x0000000083900000| Complete 
|  58|0x0000000083a00000, 0x0000000083b00000, 0x0000000083b00000|100%| O|  |TAMS 0x0000000083b00000, 0x0000000083a00000| Untracked 
|  59|0x0000000083b00000, 0x0000000083c00000, 0x0000000083c00000|100%| O|  |TAMS 0x0000000083c00000, 0x0000000083b00000| Untracked 
|  60|0x0000000083c00000, 0x0000000083d00000, 0x0000000083d00000|100%| O|  |TAMS 0x0000000083d00000, 0x0000000083c00000| Complete 
|  61|0x0000000083d00000, 0x0000000083e00000, 0x0000000083e00000|100%| O|  |TAMS 0x0000000083e00000, 0x0000000083d00000| Complete 
|  62|0x0000000083e00000, 0x0000000083f00000, 0x0000000083f00000|100%| O|  |TAMS 0x0000000083f00000, 0x0000000083e00000| Complete 
|  63|0x0000000083f00000, 0x0000000084000000, 0x0000000084000000|100%| O|  |TAMS 0x0000000084000000, 0x0000000083f00000| Untracked 
|  64|0x0000000084000000, 0x0000000084100000, 0x0000000084100000|100%| O|  |TAMS 0x0000000084100000, 0x0000000084000000| Untracked 
|  65|0x0000000084100000, 0x0000000084200000, 0x0000000084200000|100%| O|  |TAMS 0x0000000084200000, 0x0000000084100000| Complete 
|  66|0x0000000084200000, 0x0000000084300000, 0x0000000084300000|100%| O|  |TAMS 0x0000000084300000, 0x0000000084200000| Complete 
|  67|0x0000000084300000, 0x0000000084400000, 0x0000000084400000|100%| O|  |TAMS 0x0000000084300000, 0x0000000084300000| Untracked 
|  68|0x0000000084400000, 0x0000000084500000, 0x0000000084500000|100%| O|  |TAMS 0x0000000084400000, 0x0000000084400000| Untracked 
|  69|0x0000000084500000, 0x0000000084600000, 0x0000000084600000|100%| O|  |TAMS 0x0000000084500000, 0x0000000084500000| Untracked 
|  70|0x0000000084600000, 0x000000008467ba00, 0x0000000084700000| 48%| O|  |TAMS 0x0000000084600000, 0x0000000084600000| Untracked 
|  71|0x0000000084700000, 0x0000000084700000, 0x0000000084800000|  0%| F|  |TAMS 0x0000000084700000, 0x0000000084700000| Untracked 
|  72|0x0000000084800000, 0x0000000084800000, 0x0000000084900000|  0%| F|  |TAMS 0x0000000084800000, 0x0000000084800000| Untracked 
|  73|0x0000000084900000, 0x0000000084900000, 0x0000000084a00000|  0%| F|  |TAMS 0x0000000084900000, 0x0000000084900000| Untracked 
|  74|0x0000000084a00000, 0x0000000084a00000, 0x0000000084b00000|  0%| F|  |TAMS 0x0000000084a00000, 0x0000000084a00000| Untracked 
|  75|0x0000000084b00000, 0x0000000084b00000, 0x0000000084c00000|  0%| F|  |TAMS 0x0000000084b00000, 0x0000000084b00000| Untracked 
|  76|0x0000000084c00000, 0x0000000084d00000, 0x0000000084d00000|100%| O|  |TAMS 0x0000000084d00000, 0x0000000084c00000| Complete 
|  77|0x0000000084d00000, 0x0000000084d00000, 0x0000000084e00000|  0%| F|  |TAMS 0x0000000084d00000, 0x0000000084d00000| Untracked 
|  78|0x0000000084e00000, 0x0000000084f00000, 0x0000000084f00000|100%| O|  |TAMS 0x0000000084f00000, 0x0000000084e00000| Complete 
|  79|0x0000000084f00000, 0x0000000085000000, 0x0000000085000000|100%| O|  |TAMS 0x0000000085000000, 0x0000000084f00000| Complete 
|  80|0x0000000085000000, 0x0000000085100000, 0x0000000085100000|100%| O|  |TAMS 0x0000000085100000, 0x0000000085000000| Complete 
|  81|0x0000000085100000, 0x0000000085100000, 0x0000000085200000|  0%| F|  |TAMS 0x0000000085100000, 0x0000000085100000| Untracked 
|  82|0x0000000085200000, 0x0000000085200000, 0x0000000085300000|  0%| F|  |TAMS 0x0000000085200000, 0x0000000085200000| Untracked 
|  83|0x0000000085300000, 0x0000000085400000, 0x0000000085400000|100%| O|  |TAMS 0x0000000085400000, 0x0000000085300000| Complete 
|  84|0x0000000085400000, 0x0000000085400000, 0x0000000085500000|  0%| F|  |TAMS 0x0000000085400000, 0x0000000085400000| Untracked 
|  85|0x0000000085500000, 0x0000000085500000, 0x0000000085600000|  0%| F|  |TAMS 0x0000000085500000, 0x0000000085500000| Untracked 
|  86|0x0000000085600000, 0x0000000085700000, 0x0000000085700000|100%| O|  |TAMS 0x0000000085700000, 0x0000000085600000| Complete 
|  87|0x0000000085700000, 0x0000000085700000, 0x0000000085800000|  0%| F|  |TAMS 0x0000000085700000, 0x0000000085700000| Untracked 
|  88|0x0000000085800000, 0x0000000085800000, 0x0000000085900000|  0%| F|  |TAMS 0x0000000085800000, 0x0000000085800000| Untracked 
|  89|0x0000000085900000, 0x0000000085a00000, 0x0000000085a00000|100%| O|  |TAMS 0x0000000085a00000, 0x0000000085900000| Complete 
|  90|0x0000000085a00000, 0x0000000085b00000, 0x0000000085b00000|100%| O|  |TAMS 0x0000000085b00000, 0x0000000085a00000| Complete 
|  91|0x0000000085b00000, 0x0000000085b00000, 0x0000000085c00000|  0%| F|  |TAMS 0x0000000085b00000, 0x0000000085b00000| Untracked 
|  92|0x0000000085c00000, 0x0000000085d00000, 0x0000000085d00000|100%| O|  |TAMS 0x0000000085d00000, 0x0000000085c00000| Complete 
|  93|0x0000000085d00000, 0x0000000085d00000, 0x0000000085e00000|  0%| F|  |TAMS 0x0000000085d00000, 0x0000000085d00000| Untracked 
|  94|0x0000000085e00000, 0x0000000085f00000, 0x0000000085f00000|100%| O|  |TAMS 0x0000000085f00000, 0x0000000085e00000| Complete 
|  95|0x0000000085f00000, 0x0000000085f00000, 0x0000000086000000|  0%| F|  |TAMS 0x0000000085f00000, 0x0000000085f00000| Untracked 
|  96|0x0000000086000000, 0x0000000086000000, 0x0000000086100000|  0%| F|  |TAMS 0x0000000086000000, 0x0000000086000000| Untracked 
|  97|0x0000000086100000, 0x0000000086100000, 0x0000000086200000|  0%| F|  |TAMS 0x0000000086100000, 0x0000000086100000| Untracked 
|  98|0x0000000086200000, 0x0000000086200000, 0x0000000086300000|  0%| F|  |TAMS 0x0000000086200000, 0x0000000086200000| Untracked 
|  99|0x0000000086300000, 0x0000000086400000, 0x0000000086400000|100%| O|  |TAMS 0x0000000086400000, 0x0000000086300000| Complete 
| 100|0x0000000086400000, 0x0000000086500000, 0x0000000086500000|100%| O|  |TAMS 0x0000000086500000, 0x0000000086400000| Complete 
| 101|0x0000000086500000, 0x0000000086600000, 0x0000000086600000|100%| O|  |TAMS 0x0000000086600000, 0x0000000086500000| Complete 
| 102|0x0000000086600000, 0x0000000086700000, 0x0000000086700000|100%| O|  |TAMS 0x0000000086700000, 0x0000000086600000| Complete 
| 103|0x0000000086700000, 0x0000000086700000, 0x0000000086800000|  0%| F|  |TAMS 0x0000000086700000, 0x0000000086700000| Untracked 
| 104|0x0000000086800000, 0x0000000086800000, 0x0000000086900000|  0%| F|  |TAMS 0x0000000086800000, 0x0000000086800000| Untracked 
| 105|0x0000000086900000, 0x0000000086a00000, 0x0000000086a00000|100%| O|  |TAMS 0x0000000086a00000, 0x0000000086900000| Complete 
| 106|0x0000000086a00000, 0x0000000086b00000, 0x0000000086b00000|100%| O|  |TAMS 0x0000000086b00000, 0x0000000086a00000| Complete 
| 107|0x0000000086b00000, 0x0000000086c00000, 0x0000000086c00000|100%| O|  |TAMS 0x0000000086c00000, 0x0000000086b00000| Untracked 
| 108|0x0000000086c00000, 0x0000000086d00000, 0x0000000086d00000|100%| O|  |TAMS 0x0000000086d00000, 0x0000000086c00000| Complete 
| 109|0x0000000086d00000, 0x0000000086e00000, 0x0000000086e00000|100%| O|  |TAMS 0x0000000086e00000, 0x0000000086d00000| Complete 
| 110|0x0000000086e00000, 0x0000000086f00000, 0x0000000086f00000|100%| O|  |TAMS 0x0000000086f00000, 0x0000000086e00000| Complete 
| 111|0x0000000086f00000, 0x0000000087000000, 0x0000000087000000|100%| O|  |TAMS 0x0000000087000000, 0x0000000086f00000| Complete 
| 112|0x0000000087000000, 0x0000000087100000, 0x0000000087100000|100%| O|  |TAMS 0x0000000087100000, 0x0000000087000000| Untracked 
| 113|0x0000000087100000, 0x0000000087200000, 0x0000000087200000|100%| O|  |TAMS 0x0000000087200000, 0x0000000087100000| Untracked 
| 114|0x0000000087200000, 0x0000000087300000, 0x0000000087300000|100%| O|  |TAMS 0x0000000087300000, 0x0000000087200000| Untracked 
| 115|0x0000000087300000, 0x0000000087400000, 0x0000000087400000|100%| O|  |TAMS 0x0000000087393600, 0x0000000087300000| Untracked 
| 116|0x0000000087400000, 0x0000000087400000, 0x0000000087500000|  0%| F|  |TAMS 0x0000000087400000, 0x0000000087400000| Untracked 
| 117|0x0000000087500000, 0x0000000087500000, 0x0000000087600000|  0%| F|  |TAMS 0x0000000087500000, 0x0000000087500000| Untracked 
| 118|0x0000000087600000, 0x0000000087600000, 0x0000000087700000|  0%| F|  |TAMS 0x0000000087600000, 0x0000000087600000| Untracked 
| 119|0x0000000087700000, 0x0000000087700000, 0x0000000087800000|  0%| F|  |TAMS 0x0000000087700000, 0x0000000087700000| Untracked 
| 120|0x0000000087800000, 0x0000000087800000, 0x0000000087900000|  0%| F|  |TAMS 0x0000000087800000, 0x0000000087800000| Untracked 
| 121|0x0000000087900000, 0x0000000087900000, 0x0000000087a00000|  0%| F|  |TAMS 0x0000000087900000, 0x0000000087900000| Untracked 
| 122|0x0000000087a00000, 0x0000000087a00000, 0x0000000087b00000|  0%| F|  |TAMS 0x0000000087a00000, 0x0000000087a00000| Untracked 
| 123|0x0000000087b00000, 0x0000000087b00000, 0x0000000087c00000|  0%| F|  |TAMS 0x0000000087b00000, 0x0000000087b00000| Untracked 
| 124|0x0000000087c00000, 0x0000000087c00000, 0x0000000087d00000|  0%| F|  |TAMS 0x0000000087c00000, 0x0000000087c00000| Untracked 
| 125|0x0000000087d00000, 0x0000000087d00000, 0x0000000087e00000|  0%| F|  |TAMS 0x0000000087d00000, 0x0000000087d00000| Untracked 
| 126|0x0000000087e00000, 0x0000000087e00000, 0x0000000087f00000|  0%| F|  |TAMS 0x0000000087e00000, 0x0000000087e00000| Untracked 
| 127|0x0000000087f00000, 0x0000000087f00000, 0x0000000088000000|  0%| F|  |TAMS 0x0000000087f00000, 0x0000000087f00000| Untracked 
| 128|0x0000000088000000, 0x0000000088000000, 0x0000000088100000|  0%| F|  |TAMS 0x0000000088000000, 0x0000000088000000| Untracked 
| 129|0x0000000088100000, 0x0000000088100000, 0x0000000088200000|  0%| F|  |TAMS 0x0000000088100000, 0x0000000088100000| Untracked 
| 130|0x0000000088200000, 0x0000000088200000, 0x0000000088300000|  0%| F|  |TAMS 0x0000000088200000, 0x0000000088200000| Untracked 
| 131|0x0000000088300000, 0x0000000088300000, 0x0000000088400000|  0%| F|  |TAMS 0x0000000088300000, 0x0000000088300000| Untracked 
| 132|0x0000000088400000, 0x0000000088400000, 0x0000000088500000|  0%| F|  |TAMS 0x0000000088400000, 0x0000000088400000| Untracked 
| 133|0x0000000088500000, 0x0000000088500000, 0x0000000088600000|  0%| F|  |TAMS 0x0000000088500000, 0x0000000088500000| Untracked 
| 134|0x0000000088600000, 0x0000000088600000, 0x0000000088700000|  0%| F|  |TAMS 0x0000000088600000, 0x0000000088600000| Untracked 
| 135|0x0000000088700000, 0x0000000088700000, 0x0000000088800000|  0%| F|  |TAMS 0x0000000088700000, 0x0000000088700000| Untracked 
| 136|0x0000000088800000, 0x0000000088800000, 0x0000000088900000|  0%| F|  |TAMS 0x0000000088800000, 0x0000000088800000| Untracked 
| 137|0x0000000088900000, 0x0000000088900000, 0x0000000088a00000|  0%| F|  |TAMS 0x0000000088900000, 0x0000000088900000| Untracked 
| 138|0x0000000088a00000, 0x0000000088a00000, 0x0000000088b00000|  0%| F|  |TAMS 0x0000000088a00000, 0x0000000088a00000| Untracked 
| 139|0x0000000088b00000, 0x0000000088b00000, 0x0000000088c00000|  0%| F|  |TAMS 0x0000000088b00000, 0x0000000088b00000| Untracked 
| 140|0x0000000088c00000, 0x0000000088c00000, 0x0000000088d00000|  0%| F|  |TAMS 0x0000000088c00000, 0x0000000088c00000| Untracked 
| 141|0x0000000088d00000, 0x0000000088d00000, 0x0000000088e00000|  0%| F|  |TAMS 0x0000000088d00000, 0x0000000088d00000| Untracked 
| 142|0x0000000088e00000, 0x0000000088e00000, 0x0000000088f00000|  0%| F|  |TAMS 0x0000000088e00000, 0x0000000088e00000| Untracked 
| 143|0x0000000088f00000, 0x0000000088f00000, 0x0000000089000000|  0%| F|  |TAMS 0x0000000088f00000, 0x0000000088f00000| Untracked 
| 144|0x0000000089000000, 0x0000000089000000, 0x0000000089100000|  0%| F|  |TAMS 0x0000000089000000, 0x0000000089000000| Untracked 
| 145|0x0000000089100000, 0x0000000089100000, 0x0000000089200000|  0%| F|  |TAMS 0x0000000089100000, 0x0000000089100000| Untracked 
| 146|0x0000000089200000, 0x0000000089200000, 0x0000000089300000|  0%| F|  |TAMS 0x0000000089200000, 0x0000000089200000| Untracked 
| 147|0x0000000089300000, 0x0000000089300000, 0x0000000089400000|  0%| F|  |TAMS 0x0000000089300000, 0x0000000089300000| Untracked 
| 148|0x0000000089400000, 0x0000000089400000, 0x0000000089500000|  0%| F|  |TAMS 0x0000000089400000, 0x0000000089400000| Untracked 
| 149|0x0000000089500000, 0x0000000089500000, 0x0000000089600000|  0%| F|  |TAMS 0x0000000089500000, 0x0000000089500000| Untracked 
| 150|0x0000000089600000, 0x0000000089600000, 0x0000000089700000|  0%| F|  |TAMS 0x0000000089600000, 0x0000000089600000| Untracked 
| 151|0x0000000089700000, 0x0000000089700000, 0x0000000089800000|  0%| F|  |TAMS 0x0000000089700000, 0x0000000089700000| Untracked 
| 152|0x0000000089800000, 0x0000000089800000, 0x0000000089900000|  0%| F|  |TAMS 0x0000000089800000, 0x0000000089800000| Untracked 
| 153|0x0000000089900000, 0x0000000089968a40, 0x0000000089a00000| 40%| S|CS|TAMS 0x0000000089900000, 0x0000000089900000| Complete 
| 154|0x0000000089a00000, 0x0000000089b00000, 0x0000000089b00000|100%| S|CS|TAMS 0x0000000089a00000, 0x0000000089a00000| Complete 
| 155|0x0000000089b00000, 0x0000000089b00000, 0x0000000089c00000|  0%| F|  |TAMS 0x0000000089b00000, 0x0000000089b00000| Untracked 
| 156|0x0000000089c00000, 0x0000000089c00000, 0x0000000089d00000|  0%| F|  |TAMS 0x0000000089c00000, 0x0000000089c00000| Untracked 
| 157|0x0000000089d00000, 0x0000000089d00000, 0x0000000089e00000|  0%| F|  |TAMS 0x0000000089d00000, 0x0000000089d00000| Untracked 
| 158|0x0000000089e00000, 0x0000000089f00000, 0x0000000089f00000|100%| S|CS|TAMS 0x0000000089e00000, 0x0000000089e00000| Complete 
| 159|0x0000000089f00000, 0x0000000089f00000, 0x000000008a000000|  0%| F|  |TAMS 0x0000000089f00000, 0x0000000089f00000| Untracked 
| 160|0x000000008a000000, 0x000000008a000000, 0x000000008a100000|  0%| F|  |TAMS 0x000000008a000000, 0x000000008a000000| Untracked 
| 161|0x000000008a100000, 0x000000008a100000, 0x000000008a200000|  0%| F|  |TAMS 0x000000008a100000, 0x000000008a100000| Untracked 
| 162|0x000000008a200000, 0x000000008a200000, 0x000000008a300000|  0%| F|  |TAMS 0x000000008a200000, 0x000000008a200000| Untracked 
| 163|0x000000008a300000, 0x000000008a300000, 0x000000008a400000|  0%| F|  |TAMS 0x000000008a300000, 0x000000008a300000| Untracked 
| 164|0x000000008a400000, 0x000000008a400000, 0x000000008a500000|  0%| F|  |TAMS 0x000000008a400000, 0x000000008a400000| Untracked 
| 165|0x000000008a500000, 0x000000008a500000, 0x000000008a600000|  0%| F|  |TAMS 0x000000008a500000, 0x000000008a500000| Untracked 
| 166|0x000000008a600000, 0x000000008a600000, 0x000000008a700000|  0%| F|  |TAMS 0x000000008a600000, 0x000000008a600000| Untracked 
| 167|0x000000008a700000, 0x000000008a700000, 0x000000008a800000|  0%| F|  |TAMS 0x000000008a700000, 0x000000008a700000| Untracked 
| 168|0x000000008a800000, 0x000000008a800000, 0x000000008a900000|  0%| F|  |TAMS 0x000000008a800000, 0x000000008a800000| Untracked 
| 169|0x000000008a900000, 0x000000008a900000, 0x000000008aa00000|  0%| F|  |TAMS 0x000000008a900000, 0x000000008a900000| Untracked 
| 170|0x000000008aa00000, 0x000000008aa00000, 0x000000008ab00000|  0%| F|  |TAMS 0x000000008aa00000, 0x000000008aa00000| Untracked 
| 171|0x000000008ab00000, 0x000000008ab00000, 0x000000008ac00000|  0%| F|  |TAMS 0x000000008ab00000, 0x000000008ab00000| Untracked 
| 172|0x000000008ac00000, 0x000000008ac00000, 0x000000008ad00000|  0%| F|  |TAMS 0x000000008ac00000, 0x000000008ac00000| Untracked 
| 173|0x000000008ad00000, 0x000000008ad00000, 0x000000008ae00000|  0%| F|  |TAMS 0x000000008ad00000, 0x000000008ad00000| Untracked 
| 174|0x000000008ae00000, 0x000000008ae00000, 0x000000008af00000|  0%| F|  |TAMS 0x000000008ae00000, 0x000000008ae00000| Untracked 
| 175|0x000000008af00000, 0x000000008af00000, 0x000000008b000000|  0%| F|  |TAMS 0x000000008af00000, 0x000000008af00000| Untracked 
| 176|0x000000008b000000, 0x000000008b000000, 0x000000008b100000|  0%| F|  |TAMS 0x000000008b000000, 0x000000008b000000| Untracked 
| 177|0x000000008b100000, 0x000000008b100000, 0x000000008b200000|  0%| F|  |TAMS 0x000000008b100000, 0x000000008b100000| Untracked 
| 178|0x000000008b200000, 0x000000008b200000, 0x000000008b300000|  0%| F|  |TAMS 0x000000008b200000, 0x000000008b200000| Untracked 
| 179|0x000000008b300000, 0x000000008b300000, 0x000000008b400000|  0%| F|  |TAMS 0x000000008b300000, 0x000000008b300000| Untracked 
| 180|0x000000008b400000, 0x000000008b400000, 0x000000008b500000|  0%| F|  |TAMS 0x000000008b400000, 0x000000008b400000| Untracked 
| 181|0x000000008b500000, 0x000000008b500000, 0x000000008b600000|  0%| F|  |TAMS 0x000000008b500000, 0x000000008b500000| Untracked 
| 182|0x000000008b600000, 0x000000008b600000, 0x000000008b700000|  0%| F|  |TAMS 0x000000008b600000, 0x000000008b600000| Untracked 
| 183|0x000000008b700000, 0x000000008b700000, 0x000000008b800000|  0%| F|  |TAMS 0x000000008b700000, 0x000000008b700000| Untracked 
| 184|0x000000008b800000, 0x000000008b800000, 0x000000008b900000|  0%| F|  |TAMS 0x000000008b800000, 0x000000008b800000| Untracked 
| 185|0x000000008b900000, 0x000000008b900000, 0x000000008ba00000|  0%| F|  |TAMS 0x000000008b900000, 0x000000008b900000| Untracked 
| 186|0x000000008ba00000, 0x000000008ba00000, 0x000000008bb00000|  0%| F|  |TAMS 0x000000008ba00000, 0x000000008ba00000| Untracked 
| 187|0x000000008bb00000, 0x000000008bb00000, 0x000000008bc00000|  0%| F|  |TAMS 0x000000008bb00000, 0x000000008bb00000| Untracked 
| 188|0x000000008bc00000, 0x000000008bc00000, 0x000000008bd00000|  0%| F|  |TAMS 0x000000008bc00000, 0x000000008bc00000| Untracked 
| 189|0x000000008bd00000, 0x000000008bd00000, 0x000000008be00000|  0%| F|  |TAMS 0x000000008bd00000, 0x000000008bd00000| Untracked 
| 190|0x000000008be00000, 0x000000008be00000, 0x000000008bf00000|  0%| F|  |TAMS 0x000000008be00000, 0x000000008be00000| Untracked 
| 191|0x000000008bf00000, 0x000000008bf00000, 0x000000008c000000|  0%| F|  |TAMS 0x000000008bf00000, 0x000000008bf00000| Untracked 
| 192|0x000000008c000000, 0x000000008c000000, 0x000000008c100000|  0%| F|  |TAMS 0x000000008c000000, 0x000000008c000000| Untracked 
| 193|0x000000008c100000, 0x000000008c100000, 0x000000008c200000|  0%| F|  |TAMS 0x000000008c100000, 0x000000008c100000| Untracked 
| 194|0x000000008c200000, 0x000000008c200000, 0x000000008c300000|  0%| F|  |TAMS 0x000000008c200000, 0x000000008c200000| Untracked 

Card table byte_map: [0x000002369a190000,0x000002369a590000] _byte_map_base: 0x0000023699d90000

Marking Bits (Prev, Next): (CMBitMap*) 0x0000023686e25640, (CMBitMap*) 0x0000023686e25608
 Prev Bits: [0x000002369c990000, 0x000002369e990000)
 Next Bits: [0x000002369a990000, 0x000002369c990000)

Polling page: 0x00000236855e0000

Metaspace:

Usage:
  Non-class:     80.27 MB capacity,    78.88 MB ( 98%) used,     1.14 MB (  1%) free+waste,   248.13 KB ( <1%) overhead. 
      Class:     11.91 MB capacity,    11.11 MB ( 93%) used,   704.23 KB (  6%) free+waste,   109.44 KB ( <1%) overhead. 
       Both:     92.17 MB capacity,    89.99 MB ( 98%) used,     1.83 MB (  2%) free+waste,   357.56 KB ( <1%) overhead. 

Virtual space:
  Non-class space:       82.00 MB reserved,      80.50 MB ( 98%) committed 
      Class space:        1.00 GB reserved,      11.95 MB (  1%) committed 
             Both:        1.08 GB reserved,      92.45 MB (  8%) committed 

Chunk freelists:
   Non-Class:  48.00 KB
       Class:  30.00 KB
        Both:  78.00 KB

MaxMetaspaceSize: 17179869184.00 GB
CompressedClassSpaceSize: 1.00 GB

CodeHeap 'non-profiled nmethods': size=120064Kb used=6632Kb max_used=6632Kb free=113431Kb
 bounds [0x0000023692230000, 0x00000236928b0000, 0x0000023699770000]
CodeHeap 'profiled nmethods': size=120000Kb used=26724Kb max_used=26724Kb free=93275Kb
 bounds [0x000002368ad00000, 0x000002368c720000, 0x0000023692230000]
CodeHeap 'non-nmethods': size=5696Kb used=2276Kb max_used=2327Kb free=3420Kb
 bounds [0x000002368a770000, 0x000002368a9e0000, 0x000002368ad00000]
 total_blobs=13092 nmethods=12212 adapters=791
 compilation: enabled
              stopped_count=0, restarted_count=0
 full_count=0

Compilation events (20 events):
Event: 27.384 Thread 0x00000236a0faa800 12608       1       com.android.aaptcompiler.android.ResStringPoolHeader::getHeader (5 bytes)
Event: 27.384 Thread 0x00000236a0faa800 nmethod 12608 0x00000236928a9b10 code [0x00000236928a9cc0, 0x00000236928a9d78]
Event: 27.385 Thread 0x00000236a0faa800 12609       2       org.slf4j.LoggerFactory::getLogger (65 bytes)
Event: 27.386 Thread 0x00000236a0faa800 nmethod 12609 0x000002368c70c690 code [0x000002368c70c9a0, 0x000002368c70d3e8]
Event: 27.386 Thread 0x00000236a0faa800 12610       2       com.sun.org.apache.xerces.internal.util.XMLAttributesImpl$Attribute::<init> (27 bytes)
Event: 27.387 Thread 0x00000236a0faa800 nmethod 12610 0x000002368c70d990 code [0x000002368c70db60, 0x000002368c70e038]
Event: 27.391 Thread 0x00000236a0faa800 12611       1       com.android.aaptcompiler.ResourceGroup::getEntries$aaptcompiler (5 bytes)
Event: 27.391 Thread 0x00000236a0faa800 nmethod 12611 0x00000236928a9e10 code [0x00000236928a9fc0, 0x00000236928aa078]
Event: 27.392 Thread 0x00000236a0faa800 12612       2       com.android.aapt.Resources$Type::getSerializedSize (111 bytes)
Event: 27.394 Thread 0x00000236a0faa800 nmethod 12612 0x000002368c70e190 code [0x000002368c70e480, 0x000002368c70edf8]
Event: 27.396 Thread 0x00000236a0faa800 12613       2       com.sun.org.apache.xerces.internal.utils.XMLSecurityPropertyManager$Property::equalsName (17 bytes)
Event: 27.396 Thread 0x00000236a0faa800 nmethod 12613 0x000002368c70f410 code [0x000002368c70f5c0, 0x000002368c70f708]
Event: 27.406 Thread 0x00000236a0faa800 12614       2       com.android.aaptcompiler.buffer.BigBuffer$BlockRef::writeInt (42 bytes)
Event: 27.406 Thread 0x00000236a0faa800 nmethod 12614 0x000002368c70f810 code [0x000002368c70f9e0, 0x000002368c70fbd8]
Event: 27.406 Thread 0x00000236a0faa800 12615       2       java.nio.HeapByteBuffer::putInt (28 bytes)
Event: 27.407 Thread 0x00000236a0faa800 nmethod 12615 0x000002368c70fd10 code [0x000002368c70fec0, 0x000002368c710108]
Event: 27.412 Thread 0x00000236a0faa800 12616 %     3       kotlin.text.StringsKt__StringsKt::indexOf$StringsKt__StringsKt @ 106 (231 bytes)
Event: 27.415 Thread 0x00000236a0faa800 nmethod 12616% 0x000002368c710210 code [0x000002368c710580, 0x000002368c711eb8]
Event: 27.417 Thread 0x00000236a0faa800 12617       3       com.android.aaptcompiler.FloatParsingKt::parseFloatDec (715 bytes)
Event: 27.427 Thread 0x00000236a0faa800 nmethod 12617 0x000002368c712610 code [0x000002368c712ee0, 0x000002368c718b58]

GC Heap History (20 events):
Event: 20.671 GC heap after
{Heap after GC invocations=29 (full 0):
 garbage-first heap   total 165888K, used 67139K [0x0000000080000000, 0x0000000100000000)
  region size 1024K, 8 young (8192K), 8 survivors (8192K)
 Metaspace       used 83165K, capacity 85304K, committed 85452K, reserved 1124352K
  class space    used 10624K, capacity 11423K, committed 11468K, reserved 1048576K
}
Event: 21.694 GC heap before
{Heap before GC invocations=29 (full 0):
 garbage-first heap   total 165888K, used 124483K [0x0000000080000000, 0x0000000100000000)
  region size 1024K, 65 young (66560K), 8 survivors (8192K)
 Metaspace       used 84773K, capacity 86929K, committed 87116K, reserved 1124352K
  class space    used 10765K, capacity 11583K, committed 11596K, reserved 1048576K
}
Event: 21.713 GC heap after
{Heap after GC invocations=30 (full 0):
 garbage-first heap   total 165888K, used 70743K [0x0000000080000000, 0x0000000100000000)
  region size 1024K, 8 young (8192K), 8 survivors (8192K)
 Metaspace       used 84773K, capacity 86929K, committed 87116K, reserved 1124352K
  class space    used 10765K, capacity 11583K, committed 11596K, reserved 1048576K
}
Event: 22.405 GC heap before
{Heap before GC invocations=30 (full 0):
 garbage-first heap   total 165888K, used 130135K [0x0000000080000000, 0x0000000100000000)
  region size 1024K, 67 young (68608K), 8 survivors (8192K)
 Metaspace       used 84922K, capacity 87068K, committed 87116K, reserved 1124352K
  class space    used 10765K, capacity 11583K, committed 11596K, reserved 1048576K
}
Event: 22.446 GC heap after
{Heap after GC invocations=31 (full 0):
 garbage-first heap   total 165888K, used 89264K [0x0000000080000000, 0x0000000100000000)
  region size 1024K, 9 young (9216K), 9 survivors (9216K)
 Metaspace       used 84922K, capacity 87068K, committed 87116K, reserved 1124352K
  class space    used 10765K, capacity 11583K, committed 11596K, reserved 1048576K
}
Event: 22.505 GC heap before
{Heap before GC invocations=31 (full 0):
 garbage-first heap   total 165888K, used 94384K [0x0000000080000000, 0x0000000100000000)
  region size 1024K, 15 young (15360K), 9 survivors (9216K)
 Metaspace       used 84946K, capacity 87068K, committed 87116K, reserved 1124352K
  class space    used 10765K, capacity 11583K, committed 11596K, reserved 1048576K
}
Event: 22.546 GC heap after
{Heap after GC invocations=32 (full 0):
 garbage-first heap   total 199680K, used 92555K [0x0000000080000000, 0x0000000100000000)
  region size 1024K, 3 young (3072K), 3 survivors (3072K)
 Metaspace       used 84946K, capacity 87068K, committed 87116K, reserved 1124352K
  class space    used 10765K, capacity 11583K, committed 11596K, reserved 1048576K
}
Event: 23.102 GC heap before
{Heap before GC invocations=33 (full 0):
 garbage-first heap   total 199680K, used 135563K [0x0000000080000000, 0x0000000100000000)
  region size 1024K, 42 young (43008K), 3 survivors (3072K)
 Metaspace       used 84986K, capacity 87056K, committed 87372K, reserved 1124352K
  class space    used 10738K, capacity 11534K, committed 11596K, reserved 1048576K
}
Event: 23.121 GC heap after
{Heap after GC invocations=34 (full 0):
 garbage-first heap   total 199680K, used 102400K [0x0000000080000000, 0x0000000100000000)
  region size 1024K, 6 young (6144K), 6 survivors (6144K)
 Metaspace       used 84986K, capacity 87056K, committed 87372K, reserved 1124352K
  class space    used 10738K, capacity 11534K, committed 11596K, reserved 1048576K
}
Event: 23.624 GC heap before
{Heap before GC invocations=34 (full 0):
 garbage-first heap   total 199680K, used 140288K [0x0000000080000000, 0x0000000100000000)
  region size 1024K, 43 young (44032K), 6 survivors (6144K)
 Metaspace       used 85432K, capacity 87607K, committed 88012K, reserved 1126400K
  class space    used 10785K, capacity 11591K, committed 11724K, reserved 1048576K
}
Event: 23.641 GC heap after
{Heap after GC invocations=35 (full 0):
 garbage-first heap   total 199680K, used 105346K [0x0000000080000000, 0x0000000100000000)
  region size 1024K, 3 young (3072K), 3 survivors (3072K)
 Metaspace       used 85432K, capacity 87607K, committed 88012K, reserved 1126400K
  class space    used 10785K, capacity 11591K, committed 11724K, reserved 1048576K
}
Event: 24.658 GC heap before
{Heap before GC invocations=36 (full 0):
 garbage-first heap   total 199680K, used 152450K [0x0000000080000000, 0x0000000100000000)
  region size 1024K, 41 young (41984K), 3 survivors (3072K)
 Metaspace       used 85747K, capacity 87863K, committed 88268K, reserved 1126400K
  class space    used 10810K, capacity 11591K, committed 11724K, reserved 1048576K
}
Event: 24.688 GC heap after
{Heap after GC invocations=37 (full 0):
 garbage-first heap   total 199680K, used 112202K [0x0000000080000000, 0x0000000100000000)
  region size 1024K, 6 young (6144K), 6 survivors (6144K)
 Metaspace       used 85747K, capacity 87863K, committed 88268K, reserved 1126400K
  class space    used 10810K, capacity 11591K, committed 11724K, reserved 1048576K
}
Event: 25.455 GC heap before
{Heap before GC invocations=37 (full 0):
 garbage-first heap   total 199680K, used 150090K [0x0000000080000000, 0x0000000100000000)
  region size 1024K, 43 young (44032K), 6 survivors (6144K)
 Metaspace       used 88046K, capacity 90177K, committed 90316K, reserved 1128448K
  class space    used 11081K, capacity 11891K, committed 11980K, reserved 1048576K
}
Event: 25.474 GC heap after
{Heap after GC invocations=38 (full 0):
 garbage-first heap   total 199680K, used 114249K [0x0000000080000000, 0x0000000100000000)
  region size 1024K, 2 young (2048K), 2 survivors (2048K)
 Metaspace       used 88046K, capacity 90177K, committed 90316K, reserved 1128448K
  class space    used 11081K, capacity 11891K, committed 11980K, reserved 1048576K
}
Event: 26.249 GC heap before
{Heap before GC invocations=39 (full 0):
 garbage-first heap   total 199680K, used 169545K [0x0000000080000000, 0x0000000100000000)
  region size 1024K, 40 young (40960K), 2 survivors (2048K)
 Metaspace       used 88717K, capacity 90895K, committed 91084K, reserved 1128448K
  class space    used 11119K, capacity 11905K, committed 11980K, reserved 1048576K
}
Event: 26.258 GC heap after
{Heap after GC invocations=40 (full 0):
 garbage-first heap   total 199680K, used 118302K [0x0000000080000000, 0x0000000100000000)
  region size 1024K, 5 young (5120K), 5 survivors (5120K)
 Metaspace       used 88717K, capacity 90895K, committed 91084K, reserved 1128448K
  class space    used 11119K, capacity 11905K, committed 11980K, reserved 1048576K
}
Event: 26.901 GC heap before
{Heap before GC invocations=40 (full 0):
 garbage-first heap   total 199680K, used 155166K [0x0000000080000000, 0x0000000100000000)
  region size 1024K, 42 young (43008K), 5 survivors (5120K)
 Metaspace       used 91727K, capacity 93970K, committed 94156K, reserved 1130496K
  class space    used 11357K, capacity 12162K, committed 12236K, reserved 1048576K
}
Event: 26.922 GC heap after
{Heap after GC invocations=41 (full 0):
 garbage-first heap   total 199680K, used 123224K [0x0000000080000000, 0x0000000100000000)
  region size 1024K, 5 young (5120K), 5 survivors (5120K)
 Metaspace       used 91727K, capacity 93970K, committed 94156K, reserved 1130496K
  class space    used 11357K, capacity 12162K, committed 12236K, reserved 1048576K
}
Event: 27.431 GC heap before
{Heap before GC invocations=42 (full 0):
 garbage-first heap   total 199680K, used 135512K [0x0000000080000000, 0x0000000100000000)
  region size 1024K, 41 young (41984K), 5 survivors (5120K)
 Metaspace       used 92153K, capacity 94386K, committed 94668K, reserved 1132544K
  class space    used 11380K, capacity 12194K, committed 12236K, reserved 1048576K
}

Deoptimization events (20 events):
Event: 27.369 Thread 0x00000236a292b800 Uncommon trap: trap_request=0xffffff4d fr.pc=0x00000236928a69b0 relative=0x0000000000000790
Event: 27.369 Thread 0x00000236a292b800 Uncommon trap: reason=unstable_if action=reinterpret pc=0x00000236928a69b0 method=com.sun.org.apache.xerces.internal.impl.io.UTF8Reader.read([CII)I @ 222 c2
Event: 27.369 Thread 0x00000236a292b800 DEOPT PACKING pc=0x00000236928a69b0 sp=0x000000ff201fd500
Event: 27.369 Thread 0x00000236a292b800 DEOPT UNPACKING pc=0x000002368a7974af sp=0x000000ff201fd440 mode 2
Event: 27.370 Thread 0x00000236a292b800 DEOPT PACKING pc=0x000002368c534e9f sp=0x000000ff201fcdc0
Event: 27.370 Thread 0x00000236a292b800 DEOPT UNPACKING pc=0x000002368a7972ce sp=0x000000ff201fc1f8 mode 0
Event: 27.379 Thread 0x00000236a2931000 DEOPT PACKING pc=0x000002368c597930 sp=0x000000ff200fda60
Event: 27.379 Thread 0x00000236a2931000 DEOPT UNPACKING pc=0x000002368a7972ce sp=0x000000ff200fcf80 mode 0
Event: 27.397 Thread 0x00000236a2931000 DEOPT PACKING pc=0x000002368c597930 sp=0x000000ff200fd8d0
Event: 27.397 Thread 0x00000236a2931000 DEOPT UNPACKING pc=0x000002368a7972ce sp=0x000000ff200fcdf0 mode 0
Event: 27.404 Thread 0x00000236a2931000 DEOPT PACKING pc=0x000002368c597930 sp=0x000000ff200fd780
Event: 27.404 Thread 0x00000236a2931000 DEOPT UNPACKING pc=0x000002368a7972ce sp=0x000000ff200fcca0 mode 0
Event: 27.406 Thread 0x00000236a2932000 DEOPT PACKING pc=0x000002368c597930 sp=0x000000ff202fd4f0
Event: 27.406 Thread 0x00000236a2932000 DEOPT UNPACKING pc=0x000002368a7972ce sp=0x000000ff202fca10 mode 0
Event: 27.411 Thread 0x00000236a2932000 DEOPT PACKING pc=0x000002368c597930 sp=0x000000ff202fd360
Event: 27.411 Thread 0x00000236a2932000 DEOPT UNPACKING pc=0x000002368a7972ce sp=0x000000ff202fc880 mode 0
Event: 27.416 Thread 0x00000236a2932000 DEOPT PACKING pc=0x000002368c597930 sp=0x000000ff202fd210
Event: 27.416 Thread 0x00000236a2932000 DEOPT UNPACKING pc=0x000002368a7972ce sp=0x000000ff202fc730 mode 0
Event: 27.427 Thread 0x00000236a2931000 DEOPT PACKING pc=0x000002368c5cbe5c sp=0x000000ff200fd280
Event: 27.427 Thread 0x00000236a2931000 DEOPT UNPACKING pc=0x000002368a7972ce sp=0x000000ff200fc848 mode 0

Classes redefined (0 events):
No events

Internal exceptions (20 events):
Event: 20.868 Thread 0x00000236a292d800 Implicit null exception at 0x00000236926debd2 to 0x00000236926defe0
Event: 23.589 Thread 0x00000236a2929800 Exception <a 'java/lang/NoSuchMethodError'{0x000000008a0cad70}: <clinit>> (0x000000008a0cad70) thrown at [./src/hotspot/share/prims/jni.cpp, line 1362]
Event: 23.590 Thread 0x00000236a2929800 Exception <a 'java/lang/NoSuchMethodError'{0x000000008a0db030}: <clinit>> (0x000000008a0db030) thrown at [./src/hotspot/share/prims/jni.cpp, line 1362]
Event: 23.600 Thread 0x00000236a2929800 Exception <a 'java/lang/NoSuchMethodError'{0x0000000089f4c9f0}: <clinit>> (0x0000000089f4c9f0) thrown at [./src/hotspot/share/prims/jni.cpp, line 1362]
Event: 23.600 Thread 0x00000236a2929800 Exception <a 'java/lang/NoSuchMethodError'{0x0000000089f4f5b8}: <clinit>> (0x0000000089f4f5b8) thrown at [./src/hotspot/share/prims/jni.cpp, line 1362]
Event: 23.600 Thread 0x00000236a2929800 Exception <a 'java/lang/NoSuchMethodError'{0x0000000089f53ee0}: <clinit>> (0x0000000089f53ee0) thrown at [./src/hotspot/share/prims/jni.cpp, line 1362]
Event: 23.600 Thread 0x00000236a2929800 Exception <a 'java/lang/NoSuchMethodError'{0x0000000089f5f1c0}: <clinit>> (0x0000000089f5f1c0) thrown at [./src/hotspot/share/prims/jni.cpp, line 1362]
Event: 23.606 Thread 0x00000236a2929800 Exception <a 'java/lang/NoSuchMethodError'{0x0000000089fb6778}: <clinit>> (0x0000000089fb6778) thrown at [./src/hotspot/share/prims/jni.cpp, line 1362]
Event: 23.610 Thread 0x00000236a2929800 Exception <a 'java/lang/NoSuchMethodError'{0x0000000089fe8308}: <clinit>> (0x0000000089fe8308) thrown at [./src/hotspot/share/prims/jni.cpp, line 1362]
Event: 23.610 Thread 0x00000236a2929800 Exception <a 'java/lang/NoSuchMethodError'{0x0000000089feb770}: <clinit>> (0x0000000089feb770) thrown at [./src/hotspot/share/prims/jni.cpp, line 1362]
Event: 23.610 Thread 0x00000236a2929800 Exception <a 'java/lang/NoSuchMethodError'{0x0000000089fee3e0}: <clinit>> (0x0000000089fee3e0) thrown at [./src/hotspot/share/prims/jni.cpp, line 1362]
Event: 23.612 Thread 0x00000236a2929800 Exception <a 'java/lang/NoSuchMethodError'{0x0000000089e06bd8}: <clinit>> (0x0000000089e06bd8) thrown at [./src/hotspot/share/prims/jni.cpp, line 1362]
Event: 23.614 Thread 0x00000236a2929800 Exception <a 'java/lang/NoSuchMethodError'{0x0000000089e1dee0}: <clinit>> (0x0000000089e1dee0) thrown at [./src/hotspot/share/prims/jni.cpp, line 1362]
Event: 23.616 Thread 0x00000236a2929800 Exception <a 'java/lang/NoSuchMethodError'{0x0000000089e32948}: <clinit>> (0x0000000089e32948) thrown at [./src/hotspot/share/prims/jni.cpp, line 1362]
Event: 23.619 Thread 0x00000236a2929800 Exception <a 'java/lang/NoSuchMethodError'{0x0000000089e55448}: <clinit>> (0x0000000089e55448) thrown at [./src/hotspot/share/prims/jni.cpp, line 1362]
Event: 23.621 Thread 0x00000236a2929800 Exception <a 'java/lang/NoSuchMethodError'{0x0000000089e7a7a8}: <clinit>> (0x0000000089e7a7a8) thrown at [./src/hotspot/share/prims/jni.cpp, line 1362]
Event: 23.622 Thread 0x00000236a2929800 Exception <a 'java/lang/NoSuchMethodError'{0x0000000089e905d0}: <clinit>> (0x0000000089e905d0) thrown at [./src/hotspot/share/prims/jni.cpp, line 1362]
Event: 23.885 Thread 0x00000236a2929800 Implicit null exception at 0x000002369228a7ec to 0x000002369228ae28
Event: 25.814 Thread 0x00000236a2929800 Implicit null exception at 0x000002369281ffee to 0x0000023692825278
Event: 25.942 Thread 0x00000236a2929800 Exception <a 'java/lang/NoSuchMethodError'{0x000000008b9f3c28}: <clinit>> (0x000000008b9f3c28) thrown at [./src/hotspot/share/prims/jni.cpp, line 1362]

Events (20 events):
Event: 27.219 loading class com/android/aapt/Resources$Id$Builder done
Event: 27.256 loading class com/android/aapt/Resources$Primitive$EmptyType$1
Event: 27.256 loading class com/android/aapt/Resources$Primitive$EmptyType$1 done
Event: 27.256 loading class com/android/aapt/Resources$Primitive$EmptyType$Builder
Event: 27.256 loading class com/android/aapt/Resources$Primitive$EmptyType$Builder done
Event: 27.260 loading class com/android/aapt/Resources$Styleable$1
Event: 27.260 loading class com/android/aapt/Resources$Styleable$1 done
Event: 27.260 loading class com/android/aapt/Resources$Styleable$Builder
Event: 27.260 loading class com/android/aapt/Resources$Styleable$Builder done
Event: 27.261 loading class com/android/aapt/Resources$Styleable$Entry
Event: 27.261 loading class com/android/aapt/Resources$Styleable$Entry done
Event: 27.262 loading class com/android/aapt/Resources$Styleable$EntryOrBuilder
Event: 27.262 loading class com/android/aapt/Resources$Styleable$EntryOrBuilder done
Event: 27.282 loading class com/android/aapt/Resources$Styleable$Entry$1
Event: 27.282 loading class com/android/aapt/Resources$Styleable$Entry$1 done
Event: 27.282 loading class com/android/aapt/Resources$Styleable$Entry$Builder
Event: 27.282 loading class com/android/aapt/Resources$Styleable$Entry$Builder done
Event: 27.285 Executing VM operation: CGC_Operation
Event: 27.286 Executing VM operation: CGC_Operation done
Event: 27.431 Executing VM operation: G1CollectForAllocation


Dynamic libraries:
0x00007ff782aa0000 - 0x00007ff782aaa000 	C:\Program Files\Android\Android Studio\jre\bin\java.exe
0x00007ffdf8530000 - 0x00007ffdf86f1000 	C:\Windows\SYSTEM32\ntdll.dll
0x00007ffdf6c20000 - 0x00007ffdf6ccd000 	C:\Windows\system32\KERNEL32.DLL
0x00007ffdf5440000 - 0x00007ffdf5628000 	C:\Windows\system32\KERNELBASE.dll
0x00007ffdeaea0000 - 0x00007ffdeaeb9000 	C:\Program Files\Android\Android Studio\jre\bin\jli.dll
0x00007ffde6730000 - 0x00007ffde6747000 	C:\Program Files\Android\Android Studio\jre\bin\VCRUNTIME140.dll
0x00007ffdf3df0000 - 0x00007ffdf3ee4000 	C:\Windows\SYSTEM32\ucrtbase.dll
0x00007ffdf6140000 - 0x00007ffdf6296000 	C:\Windows\system32\USER32.dll
0x00007ffdf63c0000 - 0x00007ffdf6547000 	C:\Windows\system32\GDI32.dll
0x00007ffdec530000 - 0x00007ffdec7a4000 	C:\Windows\WinSxS\amd64_microsoft.windows.common-controls_6595b64144ccf1df_6.0.10586.839_none_a2ddba30a539a2ae\COMCTL32.dll
0x00007ffdf62b0000 - 0x00007ffdf634d000 	C:\Windows\system32\msvcrt.dll
0x00007ffdf6890000 - 0x00007ffdf6b0e000 	C:\Windows\system32\combase.dll
0x00007ffdf5b90000 - 0x00007ffdf5cad000 	C:\Windows\system32\RPCRT4.dll
0x00007ffdf53d0000 - 0x00007ffdf543a000 	C:\Windows\system32\bcryptPrimitives.dll
0x00007ffdf5b50000 - 0x00007ffdf5b8b000 	C:\Windows\system32\IMM32.DLL
0x00007ffde4db0000 - 0x00007ffde4e4d000 	C:\Program Files\Android\Android Studio\jre\bin\msvcp140.dll
0x00007ffdd2050000 - 0x00007ffdd2b0c000 	C:\Program Files\Android\Android Studio\jre\bin\server\jvm.dll
0x00007ffdf67e0000 - 0x00007ffdf6887000 	C:\Windows\system32\ADVAPI32.dll
0x00007ffdf5af0000 - 0x00007ffdf5b4b000 	C:\Windows\system32\sechost.dll
0x00007ffdf6b30000 - 0x00007ffdf6b38000 	C:\Windows\system32\PSAPI.DLL
0x00007ffdf2f20000 - 0x00007ffdf2f43000 	C:\Windows\SYSTEM32\WINMM.dll
0x00007ffdeaf50000 - 0x00007ffdeaf59000 	C:\Windows\SYSTEM32\WSOCK32.dll
0x00007ffde6e20000 - 0x00007ffde6e2a000 	C:\Windows\SYSTEM32\VERSION.dll
0x00007ffdf6350000 - 0x00007ffdf63bb000 	C:\Windows\system32\WS2_32.dll
0x00007ffdf2ef0000 - 0x00007ffdf2f1c000 	C:\Windows\SYSTEM32\winmmbase.dll
0x00007ffdf5380000 - 0x00007ffdf53c3000 	C:\Windows\system32\cfgmgr32.dll
0x00007ffdf4bd0000 - 0x00007ffdf4bdf000 	C:\Windows\system32\kernel.appcore.dll
0x00007ffde91a0000 - 0x00007ffde91b1000 	C:\Program Files\Android\Android Studio\jre\bin\verify.dll
0x00007ffde85f0000 - 0x00007ffde877c000 	C:\Windows\SYSTEM32\DBGHELP.DLL
0x00007ffdf2f80000 - 0x00007ffdf2fa5000 	C:\Windows\SYSTEM32\dbgcore.DLL
0x00007ffde9170000 - 0x00007ffde9199000 	C:\Program Files\Android\Android Studio\jre\bin\java.dll
0x00007ffdeaf40000 - 0x00007ffdeaf4b000 	C:\Program Files\Android\Android Studio\jre\bin\jimage.dll
0x00007ffde9150000 - 0x00007ffde9168000 	C:\Program Files\Android\Android Studio\jre\bin\zip.dll
0x00007ffdf6cd0000 - 0x00007ffdf822c000 	C:\Windows\system32\SHELL32.dll
0x00007ffdf4d30000 - 0x00007ffdf5375000 	C:\Windows\system32\windows.storage.dll
0x00007ffdf5a90000 - 0x00007ffdf5ae2000 	C:\Windows\system32\shlwapi.dll
0x00007ffdf4be0000 - 0x00007ffdf4c95000 	C:\Windows\system32\shcore.dll
0x00007ffdf4b70000 - 0x00007ffdf4bbb000 	C:\Windows\system32\powrprof.dll
0x00007ffdf4b50000 - 0x00007ffdf4b64000 	C:\Windows\system32\profapi.dll
0x00007ffde8f20000 - 0x00007ffde8f3a000 	C:\Program Files\Android\Android Studio\jre\bin\net.dll
0x00007ffdebf10000 - 0x00007ffdebfd7000 	C:\Windows\SYSTEM32\WINHTTP.dll
0x00007ffdf4480000 - 0x00007ffdf44dc000 	C:\Windows\system32\mswsock.dll
0x00007ffde8f00000 - 0x00007ffde8f14000 	C:\Program Files\Android\Android Studio\jre\bin\nio.dll
0x00007ffdec200000 - 0x00007ffdec227000 	C:\Users\Huzaifa Sammar\.gradle\native\8bec1ad78214c89d9ad589b4d07fe93259594b29d510b10fafb7a158f7737e5d\windows-amd64\native-platform.dll
0x00007ffdec0c0000 - 0x00007ffdec1fd000 	C:\Users\Huzaifa Sammar\.gradle\native\53dbd7edfb1c66fb8903c78663c9afc45aea4f116125fa6feffd364cf09443e8\windows-amd64\native-platform-file-events.dll
0x00007ffdeaf10000 - 0x00007ffdeaf1a000 	C:\Program Files\Android\Android Studio\jre\bin\management.dll
0x00007ffde9140000 - 0x00007ffde914c000 	C:\Program Files\Android\Android Studio\jre\bin\management_ext.dll
0x00007ffdf4530000 - 0x00007ffdf4547000 	C:\Windows\SYSTEM32\CRYPTSP.dll
0x00007ffdf41c0000 - 0x00007ffdf41f4000 	C:\Windows\system32\rsaenh.dll
0x00007ffdf4750000 - 0x00007ffdf4779000 	C:\Windows\SYSTEM32\bcrypt.dll
0x00007ffdf4310000 - 0x00007ffdf432f000 	C:\Windows\SYSTEM32\USERENV.dll
0x00007ffdf4650000 - 0x00007ffdf465b000 	C:\Windows\SYSTEM32\CRYPTBASE.dll
0x00007ffdec7c0000 - 0x00007ffdec7f8000 	C:\Windows\SYSTEM32\IPHLPAPI.DLL
0x00007ffdf62a0000 - 0x00007ffdf62a8000 	C:\Windows\system32\NSI.dll
0x00007ffdeb5c0000 - 0x00007ffdeb5d6000 	C:\Windows\SYSTEM32\dhcpcsvc6.DLL
0x00007ffdeb700000 - 0x00007ffdeb71a000 	C:\Windows\SYSTEM32\dhcpcsvc.DLL

dbghelp: loaded successfully - version: 4.0.5 - missing functions: none
symbol engine: initialized successfully - sym options: 0x614 - pdb path: .;C:\Program Files\Android\Android Studio\jre\bin;C:\Windows\SYSTEM32;C:\Windows\WinSxS\amd64_microsoft.windows.common-controls_6595b64144ccf1df_6.0.10586.839_none_a2ddba30a539a2ae;C:\Program Files\Android\Android Studio\jre\bin\server;C:\Users\Huzaifa Sammar\.gradle\native\8bec1ad78214c89d9ad589b4d07fe93259594b29d510b10fafb7a158f7737e5d\windows-amd64;C:\Users\Huzaifa Sammar\.gradle\native\53dbd7edfb1c66fb8903c78663c9afc45aea4f116125fa6feffd364cf09443e8\windows-amd64

VM Arguments:
jvm_args: --add-opens=java.base/java.util=ALL-UNNAMED --add-opens=java.base/java.lang=ALL-UNNAMED --add-opens=java.base/java.lang.invoke=ALL-UNNAMED --add-opens=java.base/java.util=ALL-UNNAMED --add-opens=java.prefs/java.util.prefs=ALL-UNNAMED --add-opens=java.prefs/java.util.prefs=ALL-UNNAMED --add-opens=java.base/java.nio.charset=ALL-UNNAMED --add-opens=java.base/java.net=ALL-UNNAMED --add-opens=java.base/java.util.concurrent.atomic=ALL-UNNAMED -Xmx2048m -Dfile.encoding=UTF-8 -Duser.country=US -Duser.language=en -Duser.variant 
java_command: org.gradle.launcher.daemon.bootstrap.GradleDaemon 7.0.2
java_class_path (initial): C:\Users\Huzaifa Sammar\.gradle\wrapper\dists\gradle-7.0.2-bin\857tjihv64xamwrf0h14cai3r\gradle-7.0.2\lib\gradle-launcher-7.0.2.jar
Launcher Type: SUN_STANDARD

[Global flags]
     intx CICompilerCount                          = 3                                         {product} {ergonomic}
     uint ConcGCThreads                            = 1                                         {product} {ergonomic}
     uint G1ConcRefinementThreads                  = 4                                         {product} {ergonomic}
   size_t G1HeapRegionSize                         = 1048576                                   {product} {ergonomic}
    uintx GCDrainStackTargetSize                   = 64                                        {product} {ergonomic}
   size_t InitialHeapSize                          = 67108864                                  {product} {ergonomic}
   size_t MarkStackSize                            = 4194304                                   {product} {ergonomic}
   size_t MaxHeapSize                              = 2147483648                                {product} {command line}
   size_t MaxNewSize                               = 1287651328                                {product} {ergonomic}
   size_t MinHeapDeltaBytes                        = 1048576                                   {product} {ergonomic}
    uintx NonNMethodCodeHeapSize                   = 5830732                                {pd product} {ergonomic}
    uintx NonProfiledCodeHeapSize                  = 122913754                              {pd product} {ergonomic}
    uintx ProfiledCodeHeapSize                     = 122913754                              {pd product} {ergonomic}
    uintx ReservedCodeCacheSize                    = 251658240                              {pd product} {ergonomic}
     bool SegmentedCodeCache                       = true                                      {product} {ergonomic}
     bool UseCompressedClassPointers               = true                                 {lp64_product} {ergonomic}
     bool UseCompressedOops                        = true                                 {lp64_product} {ergonomic}
     bool UseG1GC                                  = true                                      {product} {ergonomic}
     bool UseLargePagesIndividualAllocation        = false                                  {pd product} {ergonomic}

Logging:
Log output configuration:
 #0: stdout all=warning uptime,level,tags
 #1: stderr all=off uptime,level,tags

Environment Variables:
JAVA_HOME=C:\Program Files\Java\jdk-12.0.2
PATH=C:\Users\Huzaifa Sammar\flutter/bin;C:\Program Files\Git\bin\git.exe;C:\Windows\System32;C:\Program Files\Git\cmd;C:\Windows\System32\Windows;C:\Windows\System32\WindowsPowerShell\v1.0;C:\Users\Huzaifa Sammar\AppData\Local\Android\Sdk;C:\Program Files\Java\jdk-12.0.2\bin;C:\Program Files (x86)\Java\jre1.8.0_171\bin;C:\Users\Huzaifa Sammar\dart-sdk\bin;C:\Users\Huzaifa Sammar\AppData\Local\Programs\Python\Python38;C:\Users\Huzaifa Sammar\AppData\Local\Programs\Python\Python38\Scripts
USERNAME=Huzaifa Sammar
OS=Windows_NT
PROCESSOR_IDENTIFIER=Intel64 Family 6 Model 69 Stepping 1, GenuineIntel



---------------  S Y S T E M  ---------------

OS: Windows 10 , 64 bit Build 10586 (10.0.10586.589)
OS uptime: 0 days 1:47 hours

CPU:total 4 (initial active 4) (2 cores per cpu, 2 threads per core) family 6 model 69 stepping 1, cmov, cx8, fxsr, mmx, sse, sse2, sse3, ssse3, sse4.1, sse4.2, popcnt, avx, avx2, aes, clmul, erms, lzcnt, ht, tsc, tscinvbit, bmi1, bmi2, fma

Memory: 4k page, system-wide physical 4001M (548M free)
TotalPageFile size 6863M (AvailPageFile size 32M)
current process WorkingSet (physical memory assigned to process): 463M, peak: 464M
current process commit charge ("private bytes"): 488M, peak: 526M

vm_info: OpenJDK 64-Bit Server VM (11.0.8+10-b944.6842174) for windows-amd64 JRE (11.0.8+10-b944.6842174), built on Sep 19 2020 01:11:42 by "builder" with MS VC++ 14.0 (VS2015)

END.
