#
# There is insufficient memory for the Java Runtime Environment to continue.
# Native memory allocation (mmap) failed to map 89128960 bytes for Failed to commit area from 0x000000008c300000 to 0x0000000091800000 of length 89128960.
# Possible reasons:
#   The system is out of physical RAM or swap space
#   The process is running with CompressedOops enabled, and the Java Heap may be blocking the growth of the native heap
# Possible solutions:
#   Reduce memory load on the system
#   Increase physical memory or swap space
#   Check if swap backing store is full
#   Decrease Java heap size (-Xmx/-Xms)
#   Decrease number of Java threads
#   Decrease Java thread stack sizes (-Xss)
#   Set larger code cache with -XX:ReservedCodeCacheSize=
#   JVM is running with Unscaled Compressed Oops mode in which the Java heap is
#     placed in the first 4GB address space. The Java Heap base address is the
#     maximum limit for the native heap growth. Please use -XX:HeapBaseMinAddress
#     to set the Java Heap base and to place the Java Heap above 4GB virtual address.
# This output file may be truncated or incomplete.
#
#  Out of Memory Error (./src/hotspot/os/windows/os_windows.cpp:3303), pid=6664, tid=8092
#
# JRE version: OpenJDK Runtime Environment (11.0.8+10) (build 11.0.8+10-b944.6842174)
# Java VM: OpenJDK 64-Bit Server VM (11.0.8+10-b944.6842174, mixed mode, tiered, compressed oops, g1 gc, windows-amd64)
# No core dump will be written. Minidumps are not enabled by default on client versions of Windows
#

---------------  S U M M A R Y ------------

Command Line: --add-opens=java.base/java.util=ALL-UNNAMED --add-opens=java.base/java.lang=ALL-UNNAMED --add-opens=java.base/java.lang.invoke=ALL-UNNAMED --add-opens=java.base/java.util=ALL-UNNAMED --add-opens=java.prefs/java.util.prefs=ALL-UNNAMED --add-opens=java.prefs/java.util.prefs=ALL-UNNAMED --add-opens=java.base/java.nio.charset=ALL-UNNAMED --add-opens=java.base/java.net=ALL-UNNAMED --add-opens=java.base/java.util.concurrent.atomic=ALL-UNNAMED -Xmx2048m -Dfile.encoding=UTF-8 -Duser.country=US -Duser.language=en -Duser.variant org.gradle.launcher.daemon.bootstrap.GradleDaemon 7.0.2

Host: Intel(R) Core(TM) i5-4310U CPU @ 2.00GHz, 4 cores, 3G,  Windows 10 , 64 bit Build 10586 (10.0.10586.589)
Time: Thu Nov 25 11:54:21 2021 Pakistan Standard Time elapsed time: 19 seconds (0d 0h 0m 19s)

---------------  T H R E A D  ---------------

Current thread (0x0000020a47c09800):  VMThread "VM Thread" [stack: 0x000000b749f00000,0x000000b74a000000] [id=8092]

Stack: [0x000000b749f00000,0x000000b74a000000]
[error occurred during error reporting (printing stack bounds), id 0xc0000005, EXCEPTION_ACCESS_VIOLATION (0xc0000005) at pc=0x0000020a313a0dad]

Native frames: (J=compiled Java code, j=interpreted, Vv=VM code, C=native code)
V  [jvm.dll+0x5de50a]
V  [jvm.dll+0x7122f5]
V  [jvm.dll+0x71384d]
V  [jvm.dll+0x713e65]
V  [jvm.dll+0x713e1b]
V  [jvm.dll+0x5dd958]
V  [jvm.dll+0x5de0f8]
C  [ntdll.dll+0xa9aed]
C  [ntdll.dll+0x34fe9]
C  [ntdll.dll+0xa8bfa]
C  0x0000020a313a0dad

VM_Operation (0x000000b74e0fe540): G1CollectForAllocation, mode: safepoint, requested by thread 0x0000020a4f29b000


---------------  P R O C E S S  ---------------

Threads class SMR info:
_java_thread_list=0x0000020a48c2e730, length=61, elements={
0x0000020a2da13000, 0x0000020a47c13000, 0x0000020a47c14000, 0x0000020a48583800,
0x0000020a47c2c800, 0x0000020a47c2e000, 0x0000020a47c3a800, 0x0000020a47c3e000,
0x0000020a486f0800, 0x0000020a4870f000, 0x0000020a49590000, 0x0000020a4a6e8000,
0x0000020a4a840000, 0x0000020a4a0a4000, 0x0000020a49d5d800, 0x0000020a4ab58000,
0x0000020a495c6800, 0x0000020a49e18800, 0x0000020a4a9c6000, 0x0000020a4ab8e800,
0x0000020a495c2800, 0x0000020a495c3800, 0x0000020a495c4000, 0x0000020a4bd09800,
0x0000020a495c5000, 0x0000020a4bf56000, 0x0000020a4bf57000, 0x0000020a4bf54800,
0x0000020a4bf51800, 0x0000020a4bf55800, 0x0000020a4bf53800, 0x0000020a4bf58000,
0x0000020a4bf52000, 0x0000020a4bf58800, 0x0000020a4bf5f000, 0x0000020a4bf5e800,
0x0000020a4bf5b000, 0x0000020a4bf5c000, 0x0000020a4bf5c800, 0x0000020a4bf5d800,
0x0000020a4bf59800, 0x0000020a4bf60000, 0x0000020a4f28f000, 0x0000020a4f290800,
0x0000020a4f291800, 0x0000020a4f28e000, 0x0000020a4f292000, 0x0000020a4f28f800,
0x0000020a4f28c800, 0x0000020a4f28d800, 0x0000020a4f298000, 0x0000020a4f296000,
0x0000020a4f295800, 0x0000020a4f298800, 0x0000020a4f299800, 0x0000020a4f294800,
0x0000020a4f297000, 0x0000020a4f294000, 0x0000020a4f29a800, 0x0000020a4f29b000,
0x0000020a4b643000
}

Java Threads: ( => current thread )
  0x0000020a2da13000 JavaThread "main" [_thread_blocked, id=4884, stack(0x000000b749900000,0x000000b749a00000)]
  0x0000020a47c13000 JavaThread "Reference Handler" daemon [_thread_blocked, id=1756, stack(0x000000b74a000000,0x000000b74a100000)]
  0x0000020a47c14000 JavaThread "Finalizer" daemon [_thread_blocked, id=8468, stack(0x000000b74a100000,0x000000b74a200000)]
  0x0000020a48583800 JavaThread "Signal Dispatcher" daemon [_thread_blocked, id=6472, stack(0x000000b74a200000,0x000000b74a300000)]
  0x0000020a47c2c800 JavaThread "Attach Listener" daemon [_thread_blocked, id=8688, stack(0x000000b74a300000,0x000000b74a400000)]
  0x0000020a47c2e000 JavaThread "C2 CompilerThread0" daemon [_thread_in_native, id=3552, stack(0x000000b74a400000,0x000000b74a500000)]
  0x0000020a47c3a800 JavaThread "C1 CompilerThread0" daemon [_thread_blocked, id=4404, stack(0x000000b74a500000,0x000000b74a600000)]
  0x0000020a47c3e000 JavaThread "Sweeper thread" daemon [_thread_blocked, id=2788, stack(0x000000b74a600000,0x000000b74a700000)]
  0x0000020a486f0800 JavaThread "Common-Cleaner" daemon [_thread_blocked, id=5832, stack(0x000000b74a700000,0x000000b74a800000)]
  0x0000020a4870f000 JavaThread "Service Thread" daemon [_thread_blocked, id=4516, stack(0x000000b74a800000,0x000000b74a900000)]
  0x0000020a49590000 JavaThread "Daemon health stats" [_thread_blocked, id=1704, stack(0x000000b74ac00000,0x000000b74ad00000)]
  0x0000020a4a6e8000 JavaThread "Incoming local TCP Connector on port 57929" [_thread_in_native, id=4148, stack(0x000000b74ad00000,0x000000b74ae00000)]
  0x0000020a4a840000 JavaThread "Daemon periodic checks" [_thread_blocked, id=6356, stack(0x000000b74ae00000,0x000000b74af00000)]
  0x0000020a4a0a4000 JavaThread "Daemon" [_thread_blocked, id=4560, stack(0x000000b74af00000,0x000000b74b000000)]
  0x0000020a49d5d800 JavaThread "Handler for socket connection from /127.0.0.1:57929 to /127.0.0.1:57930" [_thread_in_native, id=4736, stack(0x000000b74b000000,0x000000b74b100000)]
  0x0000020a4ab58000 JavaThread "Cancel handler" [_thread_blocked, id=3664, stack(0x000000b74b100000,0x000000b74b200000)]
  0x0000020a495c6800 JavaThread "Daemon worker" [_thread_blocked, id=6720, stack(0x000000b74b200000,0x000000b74b300000)]
  0x0000020a49e18800 JavaThread "Asynchronous log dispatcher for DefaultDaemonConnection: socket connection from /127.0.0.1:57929 to /127.0.0.1:57930" [_thread_blocked, id=8412, stack(0x000000b74b300000,0x000000b74b400000)]
  0x0000020a4a9c6000 JavaThread "Stdin handler" [_thread_blocked, id=6036, stack(0x000000b74b400000,0x000000b74b500000)]
  0x0000020a4ab8e800 JavaThread "Daemon client event forwarder" [_thread_blocked, id=5448, stack(0x000000b74b500000,0x000000b74b600000)]
  0x0000020a495c2800 JavaThread "Cache worker for file hash cache (C:\Users\Huzaifa Sammar\.gradle\caches\7.0.2\fileHashes)" [_thread_blocked, id=2388, stack(0x000000b74b800000,0x000000b74b900000)]
  0x0000020a495c3800 JavaThread "File lock request listener" [_thread_in_native, id=7252, stack(0x000000b74b900000,0x000000b74ba00000)]
  0x0000020a495c4000 JavaThread "Cache worker for journal cache (C:\Users\Huzaifa Sammar\.gradle\caches\journal-1)" [_thread_blocked, id=5124, stack(0x000000b74ba00000,0x000000b74bb00000)]
  0x0000020a4bd09800 JavaThread "C2 CompilerThread1" daemon [_thread_in_native, id=3616, stack(0x000000b74bb00000,0x000000b74bc00000)]
  0x0000020a495c5000 JavaThread "Cache worker for file hash cache (C:\Users\Huzaifa Sammar\AndroidStudioProjects\DingVpnn\.gradle\7.0.2\fileHashes)" [_thread_blocked, id=1864, stack(0x000000b74bc00000,0x000000b74bd00000)]
  0x0000020a4bf56000 JavaThread "File watcher server" daemon [_thread_blocked, id=1996, stack(0x000000b74bd00000,0x000000b74be00000)]
  0x0000020a4bf57000 JavaThread "File watcher consumer" daemon [_thread_blocked, id=3716, stack(0x000000b74be00000,0x000000b74bf00000)]
  0x0000020a4bf54800 JavaThread "Cache worker for checksums cache (C:\Users\Huzaifa Sammar\AndroidStudioProjects\DingVpnn\.gradle\checksums)" [_thread_blocked, id=7048, stack(0x000000b74bf00000,0x000000b74c000000)]
  0x0000020a4bf51800 JavaThread "Cache worker for cache directory md-supplier (C:\Users\Huzaifa Sammar\.gradle\caches\7.0.2\md-supplier)" [_thread_blocked, id=3280, stack(0x000000b74c000000,0x000000b74c100000)]
  0x0000020a4bf55800 JavaThread "Cache worker for cache directory md-rule (C:\Users\Huzaifa Sammar\.gradle\caches\7.0.2\md-rule)" [_thread_blocked, id=5144, stack(0x000000b74c100000,0x000000b74c200000)]
  0x0000020a4bf53800 JavaThread "Cache worker for execution history cache (C:\Users\Huzaifa Sammar\.gradle\caches\7.0.2\executionHistory)" [_thread_blocked, id=9172, stack(0x000000b74c200000,0x000000b74c300000)]
  0x0000020a4bf58000 JavaThread "jar transforms" [_thread_blocked, id=6980, stack(0x000000b74c300000,0x000000b74c400000)]
  0x0000020a4bf52000 JavaThread "jar transforms Thread 2" [_thread_blocked, id=8664, stack(0x000000b74c400000,0x000000b74c500000)]
  0x0000020a4bf58800 JavaThread "Cache worker for file content cache (C:\Users\Huzaifa Sammar\.gradle\caches\7.0.2\fileContent)" [_thread_blocked, id=3572, stack(0x000000b74c500000,0x000000b74c600000)]
  0x0000020a4bf5f000 JavaThread "Cache worker for dependencies-accessors (C:\Users\Huzaifa Sammar\AndroidStudioProjects\DingVpnn\.gradle\7.0.2\dependencies-accessors)" [_thread_blocked, id=5408, stack(0x000000b74c600000,0x000000b74c700000)]
  0x0000020a4bf5e800 JavaThread "jar transforms Thread 3" [_thread_blocked, id=8648, stack(0x000000b74c700000,0x000000b74c800000)]
  0x0000020a4bf5b000 JavaThread "Cache worker for Build Output Cleanup Cache (C:\Users\Huzaifa Sammar\AndroidStudioProjects\DingVpnn\.gradle\buildOutputCleanup)" [_thread_blocked, id=4064, stack(0x000000b74c800000,0x000000b74c900000)]
  0x0000020a4bf5c000 JavaThread "Build operations" [_thread_blocked, id=7840, stack(0x000000b74c900000,0x000000b74ca00000)]
  0x0000020a4bf5c800 JavaThread "Build operations Thread 2" [_thread_blocked, id=8380, stack(0x000000b74ca00000,0x000000b74cb00000)]
  0x0000020a4bf5d800 JavaThread "Build operations Thread 3" [_thread_blocked, id=5148, stack(0x000000b74cb00000,0x000000b74cc00000)]
  0x0000020a4bf59800 JavaThread "Build operations Thread 4" [_thread_blocked, id=6184, stack(0x000000b74cc00000,0x000000b74cd00000)]
  0x0000020a4bf60000 JavaThread "jar transforms Thread 4" [_thread_blocked, id=5528, stack(0x000000b74cd00000,0x000000b74ce00000)]
  0x0000020a4f28f000 JavaThread "Memory manager" [_thread_blocked, id=5740, stack(0x000000b74ce00000,0x000000b74cf00000)]
  0x0000020a4f290800 JavaThread "build event listener" [_thread_blocked, id=2984, stack(0x000000b74cf00000,0x000000b74d000000)]
  0x0000020a4f291800 JavaThread "pool-3-thread-1" [_thread_blocked, id=9048, stack(0x000000b74d000000,0x000000b74d100000)]
  0x0000020a4f28e000 JavaThread "build event listener" [_thread_blocked, id=4192, stack(0x000000b74d100000,0x000000b74d200000)]
  0x0000020a4f292000 JavaThread "Execution worker for ':'" [_thread_blocked, id=7772, stack(0x000000b74d200000,0x000000b74d300000)]
  0x0000020a4f28f800 JavaThread "Execution worker for ':' Thread 2" [_thread_blocked, id=8180, stack(0x000000b74d300000,0x000000b74d400000)]
  0x0000020a4f28c800 JavaThread "Execution worker for ':' Thread 3" [_thread_blocked, id=8652, stack(0x000000b74d400000,0x000000b74d500000)]
  0x0000020a4f28d800 JavaThread "Cache worker for execution history cache (C:\Users\Huzaifa Sammar\AndroidStudioProjects\DingVpnn\.gradle\7.0.2\executionHistory)" [_thread_blocked, id=3588, stack(0x000000b74d500000,0x000000b74d600000)]
  0x0000020a4f298000 JavaThread "WorkerExecutor Queue" [_thread_blocked, id=2120, stack(0x000000b74d600000,0x000000b74d700000)]
  0x0000020a4f296000 JavaThread "WorkerExecutor Queue Thread 2" [_thread_blocked, id=3680, stack(0x000000b74d700000,0x000000b74d800000)]
  0x0000020a4f295800 JavaThread "WorkerExecutor Queue Thread 3" [_thread_blocked, id=7572, stack(0x000000b74d800000,0x000000b74d900000)]
  0x0000020a4f298800 JavaThread "WorkerExecutor Queue Thread 4" [_thread_blocked, id=4700, stack(0x000000b74d900000,0x000000b74da00000)]
  0x0000020a4f299800 JavaThread "pool-4-thread-1" [_thread_blocked, id=4708, stack(0x000000b74db00000,0x000000b74dc00000)]
  0x0000020a4f294800 JavaThread "stderr" [_thread_in_native, id=5084, stack(0x000000b74dc00000,0x000000b74dd00000)]
  0x0000020a4f297000 JavaThread "stdout" [_thread_in_native, id=6068, stack(0x000000b74dd00000,0x000000b74de00000)]
  0x0000020a4f294000 JavaThread "ForkJoinPool-1-worker-3" daemon [_thread_blocked, id=6844, stack(0x000000b74de00000,0x000000b74df00000)]
  0x0000020a4f29a800 JavaThread "ForkJoinPool-1-worker-5" daemon [_thread_blocked, id=8336, stack(0x000000b74df00000,0x000000b74e000000)]
  0x0000020a4f29b000 JavaThread "ForkJoinPool-1-worker-7" daemon [_thread_blocked, id=9132, stack(0x000000b74e000000,0x000000b74e100000)]
  0x0000020a4b643000 JavaThread "ForkJoinPool-1-worker-1" daemon [_thread_blocked, id=5672, stack(0x000000b74e100000,0x000000b74e200000)]

Other Threads:
=>0x0000020a47c09800 VMThread "VM Thread" [stack: 0x000000b749f00000,0x000000b74a000000] [id=8092]
  0x0000020a48710800 WatcherThread [stack: 0x000000b74a900000,0x000000b74aa00000] [id=4992]
  0x0000020a2da2b000 GCTaskThread "GC Thread#0" [stack: 0x000000b749a00000,0x000000b749b00000] [id=3200]
  0x0000020a48935000 GCTaskThread "GC Thread#1" [stack: 0x000000b74ab00000,0x000000b74ac00000] [id=1972]
  0x0000020a4b150000 GCTaskThread "GC Thread#2" [stack: 0x000000b74b600000,0x000000b74b700000] [id=3436]
  0x0000020a4a3c2800 GCTaskThread "GC Thread#3" [stack: 0x000000b74b700000,0x000000b74b800000] [id=1732]
  0x0000020a2da5d000 ConcurrentGCThread "G1 Main Marker" [stack: 0x000000b749b00000,0x000000b749c00000] [id=7540]
  0x0000020a2da5e000 ConcurrentGCThread "G1 Conc#0" [stack: 0x000000b749c00000,0x000000b749d00000] [id=6464]
  0x0000020a2dafa000 ConcurrentGCThread "G1 Refine#0" [stack: 0x000000b749d00000,0x000000b749e00000] [id=7204]
  0x0000020a2dafb800 ConcurrentGCThread "G1 Young RemSet Sampling" [stack: 0x000000b749e00000,0x000000b749f00000] [id=4196]

Threads with active compile tasks:
C2 CompilerThread0  19378 10750   !   4       java.net.URLClassLoader$1::run (63 bytes)
C2 CompilerThread1  19378 10752       4       java.net.URLClassLoader$1::run (5 bytes)

VM state:at safepoint (normal execution)

VM Mutex/Monitor currently owned by a thread:  ([mutex/lock_event])
[0x0000020a2da0f790] Threads_lock - owner thread: 0x0000020a47c09800
[0x0000020a2da105a0] Heap_lock - owner thread: 0x0000020a4f29b000

Heap address: 0x0000000080000000, size: 2048 MB, Compressed Oops mode: 32-bit
Narrow klass base: 0x0000000000000000, Narrow klass shift: 3
Compressed class space size: 1073741824 Address: 0x0000000100000000

Heap:
 garbage-first heap   total 286720K, used 140288K [0x0000000080000000, 0x0000000100000000)
  region size 1024K, 6 young (6144K), 6 survivors (6144K)
 Metaspace       used 90205K, capacity 92369K, committed 92492K, reserved 1128448K
  class space    used 11767K, capacity 12558K, committed 12620K, reserved 1048576K
Heap Regions: E=young(eden), S=young(survivor), O=old, HS=humongous(starts), HC=humongous(continues), CS=collection set, F=free, A=archive, TAMS=top-at-mark-start (previous, next)
|   0|0x0000000080000000, 0x0000000080100000, 0x0000000080100000|100%|HS|  |TAMS 0x0000000080100000, 0x0000000080100000| Complete 
|   1|0x0000000080100000, 0x0000000080200000, 0x0000000080200000|100%|HC|  |TAMS 0x0000000080200000, 0x0000000080200000| Complete 
|   2|0x0000000080200000, 0x0000000080300000, 0x0000000080300000|100%|HC|  |TAMS 0x0000000080300000, 0x0000000080300000| Complete 
|   3|0x0000000080300000, 0x0000000080400000, 0x0000000080400000|100%| O|  |TAMS 0x0000000080400000, 0x0000000080400000| Untracked 
|   4|0x0000000080400000, 0x0000000080500000, 0x0000000080500000|100%| O|  |TAMS 0x0000000080500000, 0x0000000080500000| Untracked 
|   5|0x0000000080500000, 0x0000000080600000, 0x0000000080600000|100%| O|  |TAMS 0x0000000080600000, 0x0000000080600000| Untracked 
|   6|0x0000000080600000, 0x0000000080700000, 0x0000000080700000|100%| O|  |TAMS 0x0000000080700000, 0x0000000080700000| Untracked 
|   7|0x0000000080700000, 0x0000000080800000, 0x0000000080800000|100%| O|  |TAMS 0x0000000080800000, 0x0000000080800000| Untracked 
|   8|0x0000000080800000, 0x0000000080900000, 0x0000000080900000|100%| O|  |TAMS 0x0000000080900000, 0x0000000080900000| Untracked 
|   9|0x0000000080900000, 0x0000000080a00000, 0x0000000080a00000|100%| O|  |TAMS 0x0000000080a00000, 0x0000000080a00000| Untracked 
|  10|0x0000000080a00000, 0x0000000080b00000, 0x0000000080b00000|100%| O|  |TAMS 0x0000000080b00000, 0x0000000080b00000| Untracked 
|  11|0x0000000080b00000, 0x0000000080c00000, 0x0000000080c00000|100%| O|  |TAMS 0x0000000080c00000, 0x0000000080c00000| Untracked 
|  12|0x0000000080c00000, 0x0000000080d00000, 0x0000000080d00000|100%| O|  |TAMS 0x0000000080d00000, 0x0000000080d00000| Untracked 
|  13|0x0000000080d00000, 0x0000000080e00000, 0x0000000080e00000|100%| O|  |TAMS 0x0000000080e00000, 0x0000000080e00000| Untracked 
|  14|0x0000000080e00000, 0x0000000080f00000, 0x0000000080f00000|100%| O|  |TAMS 0x0000000080f00000, 0x0000000080f00000| Untracked 
|  15|0x0000000080f00000, 0x0000000081000000, 0x0000000081000000|100%| O|  |TAMS 0x0000000081000000, 0x0000000081000000| Untracked 
|  16|0x0000000081000000, 0x0000000081100000, 0x0000000081100000|100%| O|  |TAMS 0x0000000081100000, 0x0000000081100000| Untracked 
|  17|0x0000000081100000, 0x0000000081200000, 0x0000000081200000|100%| O|  |TAMS 0x0000000081200000, 0x0000000081200000| Untracked 
|  18|0x0000000081200000, 0x0000000081300000, 0x0000000081300000|100%| O|  |TAMS 0x0000000081300000, 0x0000000081300000| Untracked 
|  19|0x0000000081300000, 0x0000000081400000, 0x0000000081400000|100%| O|  |TAMS 0x0000000081400000, 0x0000000081400000| Untracked 
|  20|0x0000000081400000, 0x0000000081500000, 0x0000000081500000|100%| O|  |TAMS 0x0000000081500000, 0x0000000081500000| Untracked 
|  21|0x0000000081500000, 0x0000000081600000, 0x0000000081600000|100%| O|  |TAMS 0x0000000081600000, 0x0000000081600000| Untracked 
|  22|0x0000000081600000, 0x0000000081700000, 0x0000000081700000|100%| O|  |TAMS 0x0000000081700000, 0x0000000081700000| Untracked 
|  23|0x0000000081700000, 0x0000000081800000, 0x0000000081800000|100%| O|  |TAMS 0x0000000081800000, 0x0000000081800000| Untracked 
|  24|0x0000000081800000, 0x0000000081900000, 0x0000000081900000|100%| O|  |TAMS 0x0000000081900000, 0x0000000081900000| Untracked 
|  25|0x0000000081900000, 0x0000000081a00000, 0x0000000081a00000|100%|HS|  |TAMS 0x0000000081a00000, 0x0000000081a00000| Complete 
|  26|0x0000000081a00000, 0x0000000081b00000, 0x0000000081b00000|100%|HS|  |TAMS 0x0000000081b00000, 0x0000000081b00000| Complete 
|  27|0x0000000081b00000, 0x0000000081c00000, 0x0000000081c00000|100%|HC|  |TAMS 0x0000000081c00000, 0x0000000081c00000| Complete 
|  28|0x0000000081c00000, 0x0000000081d00000, 0x0000000081d00000|100%| O|  |TAMS 0x0000000081d00000, 0x0000000081d00000| Untracked 
|  29|0x0000000081d00000, 0x0000000081e00000, 0x0000000081e00000|100%| O|  |TAMS 0x0000000081e00000, 0x0000000081e00000| Untracked 
|  30|0x0000000081e00000, 0x0000000081f00000, 0x0000000081f00000|100%| O|  |TAMS 0x0000000081f00000, 0x0000000081f00000| Untracked 
|  31|0x0000000081f00000, 0x0000000082000000, 0x0000000082000000|100%| O|  |TAMS 0x0000000082000000, 0x0000000082000000| Untracked 
|  32|0x0000000082000000, 0x0000000082100000, 0x0000000082100000|100%| O|  |TAMS 0x0000000082100000, 0x0000000082100000| Untracked 
|  33|0x0000000082100000, 0x0000000082200000, 0x0000000082200000|100%| O|  |TAMS 0x0000000082200000, 0x0000000082200000| Untracked 
|  34|0x0000000082200000, 0x0000000082300000, 0x0000000082300000|100%| O|  |TAMS 0x0000000082300000, 0x0000000082300000| Untracked 
|  35|0x0000000082300000, 0x0000000082400000, 0x0000000082400000|100%| O|  |TAMS 0x0000000082400000, 0x0000000082400000| Untracked 
|  36|0x0000000082400000, 0x0000000082500000, 0x0000000082500000|100%| O|  |TAMS 0x0000000082500000, 0x0000000082500000| Untracked 
|  37|0x0000000082500000, 0x0000000082600000, 0x0000000082600000|100%| O|  |TAMS 0x0000000082600000, 0x0000000082600000| Untracked 
|  38|0x0000000082600000, 0x0000000082700000, 0x0000000082700000|100%| O|  |TAMS 0x0000000082700000, 0x0000000082700000| Untracked 
|  39|0x0000000082700000, 0x0000000082800000, 0x0000000082800000|100%| O|  |TAMS 0x0000000082800000, 0x0000000082800000| Untracked 
|  40|0x0000000082800000, 0x0000000082900000, 0x0000000082900000|100%| O|  |TAMS 0x0000000082900000, 0x0000000082900000| Untracked 
|  41|0x0000000082900000, 0x0000000082a00000, 0x0000000082a00000|100%| O|  |TAMS 0x0000000082a00000, 0x0000000082a00000| Untracked 
|  42|0x0000000082a00000, 0x0000000082b00000, 0x0000000082b00000|100%| O|  |TAMS 0x0000000082b00000, 0x0000000082b00000| Untracked 
|  43|0x0000000082b00000, 0x0000000082c00000, 0x0000000082c00000|100%| O|  |TAMS 0x0000000082c00000, 0x0000000082c00000| Untracked 
|  44|0x0000000082c00000, 0x0000000082d00000, 0x0000000082d00000|100%| O|  |TAMS 0x0000000082d00000, 0x0000000082d00000| Untracked 
|  45|0x0000000082d00000, 0x0000000082e00000, 0x0000000082e00000|100%| O|  |TAMS 0x0000000082e00000, 0x0000000082e00000| Untracked 
|  46|0x0000000082e00000, 0x0000000082f00000, 0x0000000082f00000|100%| O|  |TAMS 0x0000000082f00000, 0x0000000082f00000| Untracked 
|  47|0x0000000082f00000, 0x0000000083000000, 0x0000000083000000|100%| O|  |TAMS 0x0000000083000000, 0x0000000083000000| Untracked 
|  48|0x0000000083000000, 0x0000000083100000, 0x0000000083100000|100%| O|  |TAMS 0x0000000083100000, 0x0000000083100000| Untracked 
|  49|0x0000000083100000, 0x0000000083200000, 0x0000000083200000|100%| O|  |TAMS 0x0000000083200000, 0x0000000083200000| Untracked 
|  50|0x0000000083200000, 0x0000000083300000, 0x0000000083300000|100%| O|  |TAMS 0x0000000083300000, 0x0000000083300000| Untracked 
|  51|0x0000000083300000, 0x0000000083400000, 0x0000000083400000|100%| O|  |TAMS 0x0000000083400000, 0x0000000083400000| Untracked 
|  52|0x0000000083400000, 0x0000000083500000, 0x0000000083500000|100%| O|  |TAMS 0x0000000083500000, 0x0000000083500000| Untracked 
|  53|0x0000000083500000, 0x0000000083600000, 0x0000000083600000|100%| O|  |TAMS 0x0000000083600000, 0x0000000083600000| Untracked 
|  54|0x0000000083600000, 0x0000000083700000, 0x0000000083700000|100%| O|  |TAMS 0x0000000083700000, 0x0000000083700000| Untracked 
|  55|0x0000000083700000, 0x0000000083800000, 0x0000000083800000|100%| O|  |TAMS 0x0000000083800000, 0x0000000083800000| Untracked 
|  56|0x0000000083800000, 0x0000000083900000, 0x0000000083900000|100%| O|  |TAMS 0x0000000083900000, 0x0000000083900000| Untracked 
|  57|0x0000000083900000, 0x0000000083a00000, 0x0000000083a00000|100%| O|  |TAMS 0x0000000083a00000, 0x0000000083a00000| Untracked 
|  58|0x0000000083a00000, 0x0000000083b00000, 0x0000000083b00000|100%| O|  |TAMS 0x0000000083b00000, 0x0000000083b00000| Untracked 
|  59|0x0000000083b00000, 0x0000000083c00000, 0x0000000083c00000|100%| O|  |TAMS 0x0000000083c00000, 0x0000000083c00000| Untracked 
|  60|0x0000000083c00000, 0x0000000083d00000, 0x0000000083d00000|100%| O|  |TAMS 0x0000000083d00000, 0x0000000083d00000| Untracked 
|  61|0x0000000083d00000, 0x0000000083e00000, 0x0000000083e00000|100%| O|  |TAMS 0x0000000083e00000, 0x0000000083e00000| Untracked 
|  62|0x0000000083e00000, 0x0000000083f00000, 0x0000000083f00000|100%| O|  |TAMS 0x0000000083f00000, 0x0000000083f00000| Untracked 
|  63|0x0000000083f00000, 0x0000000084000000, 0x0000000084000000|100%| O|  |TAMS 0x0000000084000000, 0x0000000084000000| Untracked 
|  64|0x0000000084000000, 0x0000000084100000, 0x0000000084100000|100%| O|  |TAMS 0x0000000084100000, 0x0000000084100000| Untracked 
|  65|0x0000000084100000, 0x0000000084200000, 0x0000000084200000|100%| O|  |TAMS 0x0000000084200000, 0x0000000084200000| Untracked 
|  66|0x0000000084200000, 0x0000000084300000, 0x0000000084300000|100%| O|  |TAMS 0x0000000084300000, 0x0000000084300000| Untracked 
|  67|0x0000000084300000, 0x0000000084400000, 0x0000000084400000|100%|HS|  |TAMS 0x0000000084400000, 0x0000000084400000| Complete 
|  68|0x0000000084400000, 0x0000000084500000, 0x0000000084500000|100%|HC|  |TAMS 0x0000000084500000, 0x0000000084500000| Complete 
|  69|0x0000000084500000, 0x0000000084600000, 0x0000000084600000|100%|HS|  |TAMS 0x0000000084600000, 0x0000000084600000| Complete 
|  70|0x0000000084600000, 0x0000000084700000, 0x0000000084700000|100%|HS|  |TAMS 0x0000000084700000, 0x0000000084700000| Complete 
|  71|0x0000000084700000, 0x0000000084800000, 0x0000000084800000|100%|HS|  |TAMS 0x0000000084800000, 0x0000000084800000| Complete 
|  72|0x0000000084800000, 0x0000000084900000, 0x0000000084900000|100%| O|  |TAMS 0x0000000084900000, 0x0000000084900000| Untracked 
|  73|0x0000000084900000, 0x0000000084a00000, 0x0000000084a00000|100%| O|  |TAMS 0x0000000084a00000, 0x0000000084a00000| Untracked 
|  74|0x0000000084a00000, 0x0000000084b00000, 0x0000000084b00000|100%| O|  |TAMS 0x0000000084b00000, 0x0000000084b00000| Untracked 
|  75|0x0000000084b00000, 0x0000000084c00000, 0x0000000084c00000|100%|HS|  |TAMS 0x0000000084c00000, 0x0000000084c00000| Complete 
|  76|0x0000000084c00000, 0x0000000084d00000, 0x0000000084d00000|100%|HS|  |TAMS 0x0000000084d00000, 0x0000000084d00000| Complete 
|  77|0x0000000084d00000, 0x0000000084e00000, 0x0000000084e00000|100%| O|  |TAMS 0x0000000084e00000, 0x0000000084e00000| Untracked 
|  78|0x0000000084e00000, 0x0000000084f00000, 0x0000000084f00000|100%|HS|  |TAMS 0x0000000084f00000, 0x0000000084f00000| Complete 
|  79|0x0000000084f00000, 0x0000000085000000, 0x0000000085000000|100%|HC|  |TAMS 0x0000000085000000, 0x0000000085000000| Complete 
|  80|0x0000000085000000, 0x0000000085100000, 0x0000000085100000|100%| O|  |TAMS 0x0000000085100000, 0x0000000085100000| Untracked 
|  81|0x0000000085100000, 0x0000000085200000, 0x0000000085200000|100%|HS|  |TAMS 0x0000000085200000, 0x0000000085200000| Complete 
|  82|0x0000000085200000, 0x0000000085300000, 0x0000000085300000|100%| O|  |TAMS 0x0000000085300000, 0x0000000085300000| Untracked 
|  83|0x0000000085300000, 0x0000000085400000, 0x0000000085400000|100%|HS|  |TAMS 0x0000000085400000, 0x0000000085400000| Complete 
|  84|0x0000000085400000, 0x0000000085500000, 0x0000000085500000|100%| O|  |TAMS 0x0000000085500000, 0x0000000085500000| Untracked 
|  85|0x0000000085500000, 0x0000000085600000, 0x0000000085600000|100%|HS|  |TAMS 0x0000000085600000, 0x0000000085600000| Complete 
|  86|0x0000000085600000, 0x0000000085700000, 0x0000000085700000|100%|HS|  |TAMS 0x0000000085600000, 0x0000000085700000| Complete 
|  87|0x0000000085700000, 0x0000000085800000, 0x0000000085800000|100%| O|  |TAMS 0x0000000085800000, 0x0000000085800000| Untracked 
|  88|0x0000000085800000, 0x0000000085900000, 0x0000000085900000|100%| O|  |TAMS 0x0000000085900000, 0x0000000085900000| Untracked 
|  89|0x0000000085900000, 0x0000000085a00000, 0x0000000085a00000|100%| O|  |TAMS 0x0000000085a00000, 0x0000000085a00000| Untracked 
|  90|0x0000000085a00000, 0x0000000085b00000, 0x0000000085b00000|100%| O|  |TAMS 0x0000000085b00000, 0x0000000085b00000| Untracked 
|  91|0x0000000085b00000, 0x0000000085c00000, 0x0000000085c00000|100%| O|  |TAMS 0x0000000085c00000, 0x0000000085c00000| Untracked 
|  92|0x0000000085c00000, 0x0000000085d00000, 0x0000000085d00000|100%| O|  |TAMS 0x0000000085d00000, 0x0000000085d00000| Untracked 
|  93|0x0000000085d00000, 0x0000000085e00000, 0x0000000085e00000|100%| O|  |TAMS 0x0000000085e00000, 0x0000000085e00000| Untracked 
|  94|0x0000000085e00000, 0x0000000085f00000, 0x0000000085f00000|100%| O|  |TAMS 0x0000000085f00000, 0x0000000085f00000| Untracked 
|  95|0x0000000085f00000, 0x0000000086000000, 0x0000000086000000|100%| O|  |TAMS 0x0000000086000000, 0x0000000086000000| Untracked 
|  96|0x0000000086000000, 0x0000000086100000, 0x0000000086100000|100%| O|  |TAMS 0x0000000086100000, 0x0000000086100000| Untracked 
|  97|0x0000000086100000, 0x0000000086200000, 0x0000000086200000|100%| O|  |TAMS 0x0000000086200000, 0x0000000086200000| Untracked 
|  98|0x0000000086200000, 0x0000000086300000, 0x0000000086300000|100%| O|  |TAMS 0x0000000086300000, 0x0000000086300000| Untracked 
|  99|0x0000000086300000, 0x0000000086400000, 0x0000000086400000|100%| O|  |TAMS 0x0000000086400000, 0x0000000086400000| Untracked 
| 100|0x0000000086400000, 0x0000000086500000, 0x0000000086500000|100%| O|  |TAMS 0x0000000086500000, 0x0000000086500000| Untracked 
| 101|0x0000000086500000, 0x0000000086600000, 0x0000000086600000|100%| O|  |TAMS 0x0000000086600000, 0x0000000086600000| Untracked 
| 102|0x0000000086600000, 0x0000000086700000, 0x0000000086700000|100%| O|  |TAMS 0x0000000086700000, 0x0000000086700000| Untracked 
| 103|0x0000000086700000, 0x0000000086800000, 0x0000000086800000|100%| O|  |TAMS 0x0000000086800000, 0x0000000086800000| Untracked 
| 104|0x0000000086800000, 0x0000000086900000, 0x0000000086900000|100%| O|  |TAMS 0x0000000086872c00, 0x0000000086900000| Untracked 
| 105|0x0000000086900000, 0x0000000086a00000, 0x0000000086a00000|100%| O|  |TAMS 0x0000000086900000, 0x0000000086a00000| Untracked 
| 106|0x0000000086a00000, 0x0000000086b00000, 0x0000000086b00000|100%| O|  |TAMS 0x0000000086a00000, 0x0000000086b00000| Untracked 
| 107|0x0000000086b00000, 0x0000000086c00000, 0x0000000086c00000|100%| O|  |TAMS 0x0000000086b00000, 0x0000000086c00000| Untracked 
| 108|0x0000000086c00000, 0x0000000086d00000, 0x0000000086d00000|100%| O|  |TAMS 0x0000000086c00000, 0x0000000086d00000| Untracked 
| 109|0x0000000086d00000, 0x0000000086e00000, 0x0000000086e00000|100%| O|  |TAMS 0x0000000086d00000, 0x0000000086e00000| Untracked 
| 110|0x0000000086e00000, 0x0000000086f00000, 0x0000000086f00000|100%| O|  |TAMS 0x0000000086e00000, 0x0000000086f00000| Untracked 
| 111|0x0000000086f00000, 0x0000000087000000, 0x0000000087000000|100%| O|  |TAMS 0x0000000086f00000, 0x0000000087000000| Untracked 
| 112|0x0000000087000000, 0x0000000087100000, 0x0000000087100000|100%| O|  |TAMS 0x0000000087000000, 0x0000000087100000| Untracked 
| 113|0x0000000087100000, 0x0000000087200000, 0x0000000087200000|100%| O|  |TAMS 0x0000000087100000, 0x0000000087200000| Untracked 
| 114|0x0000000087200000, 0x0000000087300000, 0x0000000087300000|100%| O|  |TAMS 0x0000000087200000, 0x0000000087300000| Untracked 
| 115|0x0000000087300000, 0x0000000087400000, 0x0000000087400000|100%| O|  |TAMS 0x0000000087300000, 0x0000000087400000| Untracked 
| 116|0x0000000087400000, 0x0000000087500000, 0x0000000087500000|100%| O|  |TAMS 0x0000000087400000, 0x0000000087500000| Untracked 
| 117|0x0000000087500000, 0x0000000087600000, 0x0000000087600000|100%| O|  |TAMS 0x0000000087500000, 0x0000000087600000| Untracked 
| 118|0x0000000087600000, 0x0000000087700000, 0x0000000087700000|100%| O|  |TAMS 0x0000000087600000, 0x0000000087700000| Untracked 
| 119|0x0000000087700000, 0x0000000087800000, 0x0000000087800000|100%| O|  |TAMS 0x0000000087700000, 0x0000000087800000| Untracked 
| 120|0x0000000087800000, 0x0000000087900000, 0x0000000087900000|100%| O|  |TAMS 0x0000000087800000, 0x0000000087900000| Untracked 
| 121|0x0000000087900000, 0x0000000087a00000, 0x0000000087a00000|100%| O|  |TAMS 0x0000000087900000, 0x0000000087a00000| Untracked 
| 122|0x0000000087a00000, 0x0000000087b00000, 0x0000000087b00000|100%| O|  |TAMS 0x0000000087a00000, 0x0000000087b00000| Untracked 
| 123|0x0000000087b00000, 0x0000000087c00000, 0x0000000087c00000|100%| O|  |TAMS 0x0000000087b00000, 0x0000000087c00000| Untracked 
| 124|0x0000000087c00000, 0x0000000087d00000, 0x0000000087d00000|100%| O|  |TAMS 0x0000000087c00000, 0x0000000087d00000| Untracked 
| 125|0x0000000087d00000, 0x0000000087e00000, 0x0000000087e00000|100%| O|  |TAMS 0x0000000087d00000, 0x0000000087e00000| Untracked 
| 126|0x0000000087e00000, 0x0000000087f00000, 0x0000000087f00000|100%| O|  |TAMS 0x0000000087e00000, 0x0000000087f00000| Untracked 
| 127|0x0000000087f00000, 0x0000000088000000, 0x0000000088000000|100%| O|  |TAMS 0x0000000087f00000, 0x0000000088000000| Untracked 
| 128|0x0000000088000000, 0x0000000088100000, 0x0000000088100000|100%| O|  |TAMS 0x0000000088000000, 0x0000000088100000| Untracked 
| 129|0x0000000088100000, 0x0000000088200000, 0x0000000088200000|100%| O|  |TAMS 0x0000000088100000, 0x0000000088200000| Untracked 
| 130|0x0000000088200000, 0x0000000088300000, 0x0000000088300000|100%| O|  |TAMS 0x0000000088200000, 0x0000000088300000| Untracked 
| 131|0x0000000088300000, 0x0000000088300000, 0x0000000088400000|  0%| F|  |TAMS 0x0000000088300000, 0x0000000088300000| Untracked 
| 132|0x0000000088400000, 0x0000000088400000, 0x0000000088500000|  0%| F|  |TAMS 0x0000000088400000, 0x0000000088400000| Untracked 
| 133|0x0000000088500000, 0x0000000088500000, 0x0000000088600000|  0%| F|  |TAMS 0x0000000088500000, 0x0000000088500000| Untracked 
| 134|0x0000000088600000, 0x0000000088600000, 0x0000000088700000|  0%| F|  |TAMS 0x0000000088600000, 0x0000000088600000| Untracked 
| 135|0x0000000088700000, 0x0000000088700000, 0x0000000088800000|  0%| F|  |TAMS 0x0000000088700000, 0x0000000088700000| Untracked 
| 136|0x0000000088800000, 0x0000000088800000, 0x0000000088900000|  0%| F|  |TAMS 0x0000000088800000, 0x0000000088800000| Untracked 
| 137|0x0000000088900000, 0x0000000088900000, 0x0000000088a00000|  0%| F|  |TAMS 0x0000000088900000, 0x0000000088900000| Untracked 
| 138|0x0000000088a00000, 0x0000000088a00000, 0x0000000088b00000|  0%| F|  |TAMS 0x0000000088a00000, 0x0000000088a00000| Untracked 
| 139|0x0000000088b00000, 0x0000000088b00000, 0x0000000088c00000|  0%| F|  |TAMS 0x0000000088b00000, 0x0000000088b00000| Untracked 
| 140|0x0000000088c00000, 0x0000000088c00000, 0x0000000088d00000|  0%| F|  |TAMS 0x0000000088c00000, 0x0000000088c00000| Untracked 
| 141|0x0000000088d00000, 0x0000000088d00000, 0x0000000088e00000|  0%| F|  |TAMS 0x0000000088d00000, 0x0000000088d00000| Untracked 
| 142|0x0000000088e00000, 0x0000000088e00000, 0x0000000088f00000|  0%| F|  |TAMS 0x0000000088e00000, 0x0000000088e00000| Untracked 
| 143|0x0000000088f00000, 0x0000000088f00000, 0x0000000089000000|  0%| F|  |TAMS 0x0000000088f00000, 0x0000000088f00000| Untracked 
| 144|0x0000000089000000, 0x0000000089000000, 0x0000000089100000|  0%| F|  |TAMS 0x0000000089000000, 0x0000000089000000| Untracked 
| 145|0x0000000089100000, 0x0000000089100000, 0x0000000089200000|  0%| F|  |TAMS 0x0000000089100000, 0x0000000089100000| Untracked 
| 146|0x0000000089200000, 0x0000000089200000, 0x0000000089300000|  0%| F|  |TAMS 0x0000000089200000, 0x0000000089200000| Untracked 
| 147|0x0000000089300000, 0x0000000089400000, 0x0000000089400000|100%| S|CS|TAMS 0x0000000089300000, 0x0000000089300000| Complete 
| 148|0x0000000089400000, 0x0000000089500000, 0x0000000089500000|100%| S|CS|TAMS 0x0000000089400000, 0x0000000089400000| Complete 
| 149|0x0000000089500000, 0x0000000089600000, 0x0000000089600000|100%| S|CS|TAMS 0x0000000089500000, 0x0000000089500000| Complete 
| 150|0x0000000089600000, 0x0000000089700000, 0x0000000089700000|100%| S|CS|TAMS 0x0000000089600000, 0x0000000089600000| Complete 
| 151|0x0000000089700000, 0x0000000089800000, 0x0000000089800000|100%| S|CS|TAMS 0x0000000089700000, 0x0000000089700000| Complete 
| 152|0x0000000089800000, 0x0000000089800000, 0x0000000089900000|  0%| F|  |TAMS 0x0000000089800000, 0x0000000089800000| Untracked 
| 153|0x0000000089900000, 0x0000000089900000, 0x0000000089a00000|  0%| F|  |TAMS 0x0000000089900000, 0x0000000089900000| Untracked 
| 154|0x0000000089a00000, 0x0000000089a00000, 0x0000000089b00000|  0%| F|  |TAMS 0x0000000089a00000, 0x0000000089a00000| Untracked 
| 155|0x0000000089b00000, 0x0000000089b00000, 0x0000000089c00000|  0%| F|  |TAMS 0x0000000089b00000, 0x0000000089b00000| Untracked 
| 156|0x0000000089c00000, 0x0000000089d00000, 0x0000000089d00000|100%| S|CS|TAMS 0x0000000089c00000, 0x0000000089c00000| Complete 
| 157|0x0000000089d00000, 0x0000000089d00000, 0x0000000089e00000|  0%| F|  |TAMS 0x0000000089d00000, 0x0000000089d00000| Untracked 
| 158|0x0000000089e00000, 0x0000000089e00000, 0x0000000089f00000|  0%| F|  |TAMS 0x0000000089e00000, 0x0000000089e00000| Untracked 
| 159|0x0000000089f00000, 0x0000000089f00000, 0x000000008a000000|  0%| F|  |TAMS 0x0000000089f00000, 0x0000000089f00000| Untracked 
| 160|0x000000008a000000, 0x000000008a000000, 0x000000008a100000|  0%| F|  |TAMS 0x000000008a000000, 0x000000008a000000| Untracked 
| 161|0x000000008a100000, 0x000000008a100000, 0x000000008a200000|  0%| F|  |TAMS 0x000000008a100000, 0x000000008a100000| Untracked 
| 162|0x000000008a200000, 0x000000008a200000, 0x000000008a300000|  0%| F|  |TAMS 0x000000008a200000, 0x000000008a200000| Untracked 
| 163|0x000000008a300000, 0x000000008a300000, 0x000000008a400000|  0%| F|  |TAMS 0x000000008a300000, 0x000000008a300000| Untracked 
| 164|0x000000008a400000, 0x000000008a400000, 0x000000008a500000|  0%| F|  |TAMS 0x000000008a400000, 0x000000008a400000| Untracked 
| 165|0x000000008a500000, 0x000000008a500000, 0x000000008a600000|  0%| F|  |TAMS 0x000000008a500000, 0x000000008a500000| Untracked 
| 166|0x000000008a600000, 0x000000008a600000, 0x000000008a700000|  0%| F|  |TAMS 0x000000008a600000, 0x000000008a600000| Untracked 
| 167|0x000000008a700000, 0x000000008a700000, 0x000000008a800000|  0%| F|  |TAMS 0x000000008a700000, 0x000000008a700000| Untracked 
| 168|0x000000008a800000, 0x000000008a800000, 0x000000008a900000|  0%| F|  |TAMS 0x000000008a800000, 0x000000008a800000| Untracked 
| 169|0x000000008a900000, 0x000000008a900000, 0x000000008aa00000|  0%| F|  |TAMS 0x000000008a900000, 0x000000008a900000| Untracked 
| 170|0x000000008aa00000, 0x000000008aa00000, 0x000000008ab00000|  0%| F|  |TAMS 0x000000008aa00000, 0x000000008aa00000| Untracked 
| 171|0x000000008ab00000, 0x000000008ab00000, 0x000000008ac00000|  0%| F|  |TAMS 0x000000008ab00000, 0x000000008ab00000| Untracked 
| 172|0x000000008ac00000, 0x000000008ac00000, 0x000000008ad00000|  0%| F|  |TAMS 0x000000008ac00000, 0x000000008ac00000| Untracked 
| 173|0x000000008ad00000, 0x000000008ad00000, 0x000000008ae00000|  0%| F|  |TAMS 0x000000008ad00000, 0x000000008ad00000| Untracked 
| 174|0x000000008ae00000, 0x000000008ae00000, 0x000000008af00000|  0%| F|  |TAMS 0x000000008ae00000, 0x000000008ae00000| Untracked 
| 175|0x000000008af00000, 0x000000008af00000, 0x000000008b000000|  0%| F|  |TAMS 0x000000008af00000, 0x000000008af00000| Untracked 
| 176|0x000000008b000000, 0x000000008b000000, 0x000000008b100000|  0%| F|  |TAMS 0x000000008b000000, 0x000000008b000000| Untracked 
| 177|0x000000008b100000, 0x000000008b100000, 0x000000008b200000|  0%| F|  |TAMS 0x000000008b100000, 0x000000008b100000| Untracked 
| 178|0x000000008b200000, 0x000000008b200000, 0x000000008b300000|  0%| F|  |TAMS 0x000000008b200000, 0x000000008b200000| Untracked 
| 179|0x000000008b300000, 0x000000008b300000, 0x000000008b400000|  0%| F|  |TAMS 0x000000008b300000, 0x000000008b300000| Untracked 
| 180|0x000000008b400000, 0x000000008b400000, 0x000000008b500000|  0%| F|  |TAMS 0x000000008b400000, 0x000000008b400000| Untracked 
| 181|0x000000008b500000, 0x000000008b500000, 0x000000008b600000|  0%| F|  |TAMS 0x000000008b500000, 0x000000008b500000| Untracked 
| 182|0x000000008b600000, 0x000000008b600000, 0x000000008b700000|  0%| F|  |TAMS 0x000000008b600000, 0x000000008b600000| Untracked 
| 183|0x000000008b700000, 0x000000008b700000, 0x000000008b800000|  0%| F|  |TAMS 0x000000008b700000, 0x000000008b700000| Untracked 
| 184|0x000000008b800000, 0x000000008b800000, 0x000000008b900000|  0%| F|  |TAMS 0x000000008b800000, 0x000000008b800000| Untracked 
| 185|0x000000008b900000, 0x000000008b900000, 0x000000008ba00000|  0%| F|  |TAMS 0x000000008b900000, 0x000000008b900000| Untracked 
| 186|0x000000008ba00000, 0x000000008ba00000, 0x000000008bb00000|  0%| F|  |TAMS 0x000000008ba00000, 0x000000008ba00000| Untracked 
| 187|0x000000008bb00000, 0x000000008bb00000, 0x000000008bc00000|  0%| F|  |TAMS 0x000000008bb00000, 0x000000008bb00000| Untracked 
| 188|0x000000008bc00000, 0x000000008bc00000, 0x000000008bd00000|  0%| F|  |TAMS 0x000000008bc00000, 0x000000008bc00000| Untracked 
| 189|0x000000008bd00000, 0x000000008bd00000, 0x000000008be00000|  0%| F|  |TAMS 0x000000008bd00000, 0x000000008bd00000| Untracked 
| 190|0x000000008be00000, 0x000000008be00000, 0x000000008bf00000|  0%| F|  |TAMS 0x000000008be00000, 0x000000008be00000| Untracked 
| 191|0x000000008bf00000, 0x000000008bf00000, 0x000000008c000000|  0%| F|  |TAMS 0x000000008bf00000, 0x000000008bf00000| Untracked 
| 192|0x000000008c000000, 0x000000008c000000, 0x000000008c100000|  0%| F|  |TAMS 0x000000008c000000, 0x000000008c000000| Untracked 
| 193|0x000000008c100000, 0x000000008c100000, 0x000000008c200000|  0%| F|  |TAMS 0x000000008c100000, 0x000000008c100000| Untracked 
| 194|0x000000008c200000, 0x000000008c200000, 0x000000008c300000|  0%| F|  |TAMS 0x000000008c200000, 0x000000008c200000| Untracked 

Card table byte_map: [0x0000020a40dc0000,0x0000020a411c0000] _byte_map_base: 0x0000020a409c0000

Marking Bits (Prev, Next): (CMBitMap*) 0x0000020a2da53fa8, (CMBitMap*) 0x0000020a2da53fe0
 Prev Bits: [0x0000020a415c0000, 0x0000020a435c0000)
 Next Bits: [0x0000020a435c0000, 0x0000020a455c0000)

Polling page: 0x0000020a2c160000

Metaspace:

Usage:
  Non-class:     77.94 MB capacity,    76.60 MB ( 98%) used,     1.09 MB (  1%) free+waste,   251.94 KB ( <1%) overhead. 
      Class:     12.26 MB capacity,    11.49 MB ( 94%) used,   678.16 KB (  5%) free+waste,   112.81 KB ( <1%) overhead. 
       Both:     90.20 MB capacity,    88.09 MB ( 98%) used,     1.76 MB (  2%) free+waste,   364.75 KB ( <1%) overhead. 

Virtual space:
  Non-class space:       78.00 MB reserved,      78.00 MB (100%) committed 
      Class space:        1.00 GB reserved,      12.32 MB (  1%) committed 
             Both:        1.08 GB reserved,      90.32 MB (  8%) committed 

Chunk freelists:
   Non-Class:  0 bytes
       Class:  18.00 KB
        Both:  18.00 KB

MaxMetaspaceSize: 17179869184.00 GB
CompressedClassSpaceSize: 1.00 GB

CodeHeap 'non-profiled nmethods': size=120064Kb used=5908Kb max_used=5911Kb free=114155Kb
 bounds [0x0000020a38e60000, 0x0000020a39430000, 0x0000020a403a0000]
CodeHeap 'profiled nmethods': size=120000Kb used=22800Kb max_used=22800Kb free=97199Kb
 bounds [0x0000020a31930000, 0x0000020a32f80000, 0x0000020a38e60000]
CodeHeap 'non-nmethods': size=5696Kb used=2292Kb max_used=2329Kb free=3404Kb
 bounds [0x0000020a313a0000, 0x0000020a31610000, 0x0000020a31930000]
 total_blobs=11621 nmethods=10723 adapters=809
 compilation: enabled
              stopped_count=0, restarted_count=0
 full_count=0

Compilation events (20 events):
Event: 19.218 Thread 0x0000020a47c3a800 11121       2       com.android.tools.r8.graph.B::d (73 bytes)
Event: 19.219 Thread 0x0000020a47c3a800 nmethod 11121 0x0000020a32f6b710 code [0x0000020a32f6b940, 0x0000020a32f6be58]
Event: 19.225 Thread 0x0000020a47c3a800 11122       2       com.android.tools.r8.graph.v1::a (143 bytes)
Event: 19.226 Thread 0x0000020a47c3a800 nmethod 11122 0x0000020a32f6c210 code [0x0000020a32f6c460, 0x0000020a32f6cbc8]
Event: 19.228 Thread 0x0000020a47c3a800 11123       2       com.android.tools.r8.w.a.a.a.h.f0::<init> (107 bytes)
Event: 19.228 Thread 0x0000020a47c3a800 nmethod 11123 0x0000020a32f6cf90 code [0x0000020a32f6d1e0, 0x0000020a32f6d898]
Event: 19.230 Thread 0x0000020a47c3a800 11124       2       com.android.tools.r8.w.a.a.a.h.f0::a (27 bytes)
Event: 19.231 Thread 0x0000020a47c3a800 nmethod 11124 0x0000020a32f6da90 code [0x0000020a32f6dc40, 0x0000020a32f6de58]
Event: 19.231 Thread 0x0000020a47c3a800 11125       2       com.android.tools.r8.w.a.a.a.h.s::iterator (5 bytes)
Event: 19.231 Thread 0x0000020a47c3a800 nmethod 11125 0x0000020a32f6df10 code [0x0000020a32f6e0c0, 0x0000020a32f6e2a8]
Event: 19.232 Thread 0x0000020a47c3a800 11126       2       com.android.tools.r8.code.c::<init> (7 bytes)
Event: 19.233 Thread 0x0000020a47c3a800 nmethod 11126 0x0000020a32f6e390 code [0x0000020a32f6e540, 0x0000020a32f6e698]
Event: 19.257 Thread 0x0000020a47c3a800 11128 %     3       com.android.tools.r8.dex.n::b @ 71 (244 bytes)
Event: 19.260 Thread 0x0000020a47c3a800 nmethod 11128% 0x0000020a32f6e790 code [0x0000020a32f6ec00, 0x0000020a32f71148]
Event: 19.260 Thread 0x0000020a47c3a800 11129       3       com.android.tools.r8.dex.n::b (244 bytes)
Event: 19.263 Thread 0x0000020a47c3a800 nmethod 11129 0x0000020a32f71e90 code [0x0000020a32f722e0, 0x0000020a32f74608]
Event: 19.278 Thread 0x0000020a47c3a800 11132 %     3       com.android.tools.r8.dex.n::h @ 20 (41 bytes)
Event: 19.279 Thread 0x0000020a47c3a800 nmethod 11132% 0x0000020a32f75310 code [0x0000020a32f75500, 0x0000020a32f75a18]
Event: 19.279 Thread 0x0000020a47c3a800 11133       3       com.android.tools.r8.dex.n::h (41 bytes)
Event: 19.279 Thread 0x0000020a47c3a800 nmethod 11133 0x0000020a32f75c10 code [0x0000020a32f75e00, 0x0000020a32f76298]

GC Heap History (20 events):
Event: 12.113 GC heap after
{Heap after GC invocations=22 (full 0):
 garbage-first heap   total 138240K, used 58160K [0x0000000080000000, 0x0000000100000000)
  region size 1024K, 6 young (6144K), 6 survivors (6144K)
 Metaspace       used 74641K, capacity 76406K, committed 76748K, reserved 1116160K
  class space    used 9741K, capacity 10357K, committed 10444K, reserved 1048576K
}
Event: 13.219 GC heap before
{Heap before GC invocations=22 (full 0):
 garbage-first heap   total 138240K, used 104240K [0x0000000080000000, 0x0000000100000000)
  region size 1024K, 52 young (53248K), 6 survivors (6144K)
 Metaspace       used 78721K, capacity 80709K, committed 80972K, reserved 1120256K
  class space    used 10258K, capacity 10995K, committed 11084K, reserved 1048576K
}
Event: 13.236 GC heap after
{Heap after GC invocations=23 (full 0):
 garbage-first heap   total 138240K, used 61406K [0x0000000080000000, 0x0000000100000000)
  region size 1024K, 7 young (7168K), 7 survivors (7168K)
 Metaspace       used 78721K, capacity 80709K, committed 80972K, reserved 1120256K
  class space    used 10258K, capacity 10995K, committed 11084K, reserved 1048576K
}
Event: 14.135 GC heap before
{Heap before GC invocations=23 (full 0):
 garbage-first heap   total 138240K, used 106462K [0x0000000080000000, 0x0000000100000000)
  region size 1024K, 52 young (53248K), 7 survivors (7168K)
 Metaspace       used 79292K, capacity 81310K, committed 81484K, reserved 1120256K
  class space    used 10279K, capacity 11010K, committed 11084K, reserved 1048576K
}
Event: 14.152 GC heap after
{Heap after GC invocations=24 (full 0):
 garbage-first heap   total 165888K, used 64751K [0x0000000080000000, 0x0000000100000000)
  region size 1024K, 7 young (7168K), 7 survivors (7168K)
 Metaspace       used 79292K, capacity 81310K, committed 81484K, reserved 1120256K
  class space    used 10279K, capacity 11010K, committed 11084K, reserved 1048576K
}
Event: 14.926 GC heap before
{Heap before GC invocations=24 (full 0):
 garbage-first heap   total 165888K, used 124143K [0x0000000080000000, 0x0000000100000000)
  region size 1024K, 66 young (67584K), 7 survivors (7168K)
 Metaspace       used 79710K, capacity 81742K, committed 81996K, reserved 1120256K
  class space    used 10298K, capacity 11027K, committed 11084K, reserved 1048576K
}
Event: 14.943 GC heap after
{Heap after GC invocations=25 (full 0):
 garbage-first heap   total 165888K, used 68653K [0x0000000080000000, 0x0000000100000000)
  region size 1024K, 7 young (7168K), 7 survivors (7168K)
 Metaspace       used 79710K, capacity 81742K, committed 81996K, reserved 1120256K
  class space    used 10298K, capacity 11027K, committed 11084K, reserved 1048576K
}
Event: 15.703 GC heap before
{Heap before GC invocations=25 (full 0):
 garbage-first heap   total 165888K, used 130093K [0x0000000080000000, 0x0000000100000000)
  region size 1024K, 67 young (68608K), 7 survivors (7168K)
 Metaspace       used 82304K, capacity 84467K, committed 84684K, reserved 1122304K
  class space    used 10676K, capacity 11447K, committed 11468K, reserved 1048576K
}
Event: 15.719 GC heap after
{Heap after GC invocations=26 (full 0):
 garbage-first heap   total 165888K, used 71773K [0x0000000080000000, 0x0000000100000000)
  region size 1024K, 7 young (7168K), 7 survivors (7168K)
 Metaspace       used 82304K, capacity 84467K, committed 84684K, reserved 1122304K
  class space    used 10676K, capacity 11447K, committed 11468K, reserved 1048576K
}
Event: 16.438 GC heap before
{Heap before GC invocations=26 (full 0):
 garbage-first heap   total 165888K, used 132189K [0x0000000080000000, 0x0000000100000000)
  region size 1024K, 66 young (67584K), 7 survivors (7168K)
 Metaspace       used 84697K, capacity 86857K, committed 87116K, reserved 1124352K
  class space    used 10957K, capacity 11774K, committed 11852K, reserved 1048576K
}
Event: 16.456 GC heap after
{Heap after GC invocations=27 (full 0):
 garbage-first heap   total 165888K, used 74650K [0x0000000080000000, 0x0000000100000000)
  region size 1024K, 6 young (6144K), 6 survivors (6144K)
 Metaspace       used 84697K, capacity 86857K, committed 87116K, reserved 1124352K
  class space    used 10957K, capacity 11774K, committed 11852K, reserved 1048576K
}
Event: 16.683 GC heap before
{Heap before GC invocations=27 (full 0):
 garbage-first heap   total 165888K, used 95130K [0x0000000080000000, 0x0000000100000000)
  region size 1024K, 23 young (23552K), 6 survivors (6144K)
 Metaspace       used 85026K, capacity 87214K, committed 87372K, reserved 1124352K
  class space    used 10981K, capacity 11781K, committed 11852K, reserved 1048576K
}
Event: 16.703 GC heap after
{Heap after GC invocations=28 (full 0):
 garbage-first heap   total 199680K, used 84452K [0x0000000080000000, 0x0000000100000000)
  region size 1024K, 8 young (8192K), 8 survivors (8192K)
 Metaspace       used 85026K, capacity 87214K, committed 87372K, reserved 1124352K
  class space    used 10981K, capacity 11781K, committed 11852K, reserved 1048576K
}
Event: 17.385 GC heap before
{Heap before GC invocations=29 (full 0):
 garbage-first heap   total 199680K, used 130532K [0x0000000080000000, 0x0000000100000000)
  region size 1024K, 43 young (44032K), 8 survivors (8192K)
 Metaspace       used 87411K, capacity 89529K, committed 89804K, reserved 1126400K
  class space    used 11307K, capacity 12087K, committed 12236K, reserved 1048576K
}
Event: 17.407 GC heap after
{Heap after GC invocations=30 (full 0):
 garbage-first heap   total 199680K, used 98304K [0x0000000080000000, 0x0000000100000000)
  region size 1024K, 9 young (9216K), 9 survivors (9216K)
 Metaspace       used 87411K, capacity 89529K, committed 89804K, reserved 1126400K
  class space    used 11307K, capacity 12087K, committed 12236K, reserved 1048576K
}
Event: 18.011 GC heap before
{Heap before GC invocations=31 (full 0):
 garbage-first heap   total 199680K, used 145408K [0x0000000080000000, 0x0000000100000000)
  region size 1024K, 56 young (57344K), 9 survivors (9216K)
 Metaspace       used 88079K, capacity 90263K, committed 90316K, reserved 1128448K
  class space    used 11398K, capacity 12203K, committed 12236K, reserved 1048576K
}
Event: 18.084 GC heap after
{Heap after GC invocations=32 (full 0):
 garbage-first heap   total 199680K, used 114123K [0x0000000080000000, 0x0000000100000000)
  region size 1024K, 8 young (8192K), 8 survivors (8192K)
 Metaspace       used 88079K, capacity 90263K, committed 90316K, reserved 1128448K
  class space    used 11398K, capacity 12203K, committed 12236K, reserved 1048576K
}
Event: 18.789 GC heap before
{Heap before GC invocations=33 (full 0):
 garbage-first heap   total 199680K, used 155083K [0x0000000080000000, 0x0000000100000000)
  region size 1024K, 47 young (48128K), 8 survivors (8192K)
 Metaspace       used 90068K, capacity 92292K, committed 92492K, reserved 1128448K
  class space    used 11767K, capacity 12558K, committed 12620K, reserved 1048576K
}
Event: 18.822 GC heap after
{Heap after GC invocations=34 (full 0):
 garbage-first heap   total 199680K, used 119803K [0x0000000080000000, 0x0000000100000000)
  region size 1024K, 4 young (4096K), 4 survivors (4096K)
 Metaspace       used 90068K, capacity 92292K, committed 92492K, reserved 1128448K
  class space    used 11767K, capacity 12558K, committed 12620K, reserved 1048576K
}
Event: 19.285 GC heap before
{Heap before GC invocations=34 (full 0):
 garbage-first heap   total 199680K, used 157691K [0x0000000080000000, 0x0000000100000000)
  region size 1024K, 42 young (43008K), 4 survivors (4096K)
 Metaspace       used 90205K, capacity 92369K, committed 92492K, reserved 1128448K
  class space    used 11767K, capacity 12558K, committed 12620K, reserved 1048576K
}

Deoptimization events (20 events):
Event: 18.675 Thread 0x0000020a4b643000 DEOPT PACKING pc=0x0000020a393dc6a4 sp=0x000000b74e1fe820
Event: 18.675 Thread 0x0000020a4b643000 DEOPT UNPACKING pc=0x0000020a313c74af sp=0x000000b74e1fe7b0 mode 2
Event: 18.675 Thread 0x0000020a4f294000 Uncommon trap: trap_request=0xffffff4d fr.pc=0x0000020a393f6a04 relative=0x0000000000000144
Event: 18.675 Thread 0x0000020a4f294000 Uncommon trap: reason=unstable_if action=reinterpret pc=0x0000020a393f6a04 method=com.android.tools.r8.w.a.a.a.f.X.get(I)Ljava/lang/Object; @ 1 c2
Event: 18.675 Thread 0x0000020a4f294000 DEOPT PACKING pc=0x0000020a393f6a04 sp=0x000000b74defef30
Event: 18.675 Thread 0x0000020a4f294000 DEOPT UNPACKING pc=0x0000020a313c74af sp=0x000000b74defeec8 mode 2
Event: 18.782 Thread 0x0000020a4f294000 DEOPT PACKING pc=0x0000020a32e70198 sp=0x000000b74defee60
Event: 18.782 Thread 0x0000020a4f294000 DEOPT UNPACKING pc=0x0000020a313c72ce sp=0x000000b74defe448 mode 0
Event: 18.913 Thread 0x0000020a4f294000 DEOPT PACKING pc=0x0000020a32e7f452 sp=0x000000b74defe680
Event: 18.913 Thread 0x0000020a4f294000 DEOPT UNPACKING pc=0x0000020a313c72ce sp=0x000000b74defe280 mode 0
Event: 18.937 Thread 0x0000020a4b643000 DEOPT PACKING pc=0x0000020a32e7f452 sp=0x000000b74e1fe3a0
Event: 18.937 Thread 0x0000020a4b643000 DEOPT UNPACKING pc=0x0000020a313c72ce sp=0x000000b74e1fdfa0 mode 0
Event: 18.951 Thread 0x0000020a4f29a800 DEOPT PACKING pc=0x0000020a32eaa47e sp=0x000000b74dffe830
Event: 18.951 Thread 0x0000020a4f29a800 DEOPT UNPACKING pc=0x0000020a313c72ce sp=0x000000b74dffddb8 mode 0
Event: 18.961 Thread 0x0000020a4f29a800 DEOPT PACKING pc=0x0000020a32e7f452 sp=0x000000b74dffe400
Event: 18.961 Thread 0x0000020a4f29a800 DEOPT UNPACKING pc=0x0000020a313c72ce sp=0x000000b74dffe000 mode 0
Event: 19.263 Thread 0x0000020a4f29a800 DEOPT PACKING pc=0x0000020a32f2b464 sp=0x000000b74dffe810
Event: 19.263 Thread 0x0000020a4f29a800 DEOPT UNPACKING pc=0x0000020a313c72ce sp=0x000000b74dffdd88 mode 0
Event: 19.279 Thread 0x0000020a4f29b000 DEOPT PACKING pc=0x0000020a32eab41a sp=0x000000b74e0fe4e0
Event: 19.279 Thread 0x0000020a4f29b000 DEOPT UNPACKING pc=0x0000020a313c72ce sp=0x000000b74e0fd978 mode 0

Classes redefined (0 events):
No events

Internal exceptions (20 events):
Event: 15.087 Thread 0x0000020a4f292000 Exception <a 'java/lang/NoSuchMethodError'{0x0000000089830a00}: <clinit>> (0x0000000089830a00) thrown at [./src/hotspot/share/prims/jni.cpp, line 1362]
Event: 15.091 Thread 0x0000020a4f292000 Exception <a 'java/lang/NoSuchMethodError'{0x0000000089862770}: <clinit>> (0x0000000089862770) thrown at [./src/hotspot/share/prims/jni.cpp, line 1362]
Event: 15.352 Thread 0x0000020a4bf5d800 Implicit null exception at 0x0000020a39309632 to 0x0000020a39309eb0
Event: 15.517 Thread 0x0000020a4f28c800 Exception <a 'java/lang/NoSuchMethodError'{0x00000000876c8338}: 'int java.lang.invoke.DirectMethodHandle$Holder.invokeSpecial(java.lang.Object, java.lang.Object, java.lang.Object, java.lang.Object, java.lang.Object)'> (0x00000000876c8338) thrown at [./src/hotspot/share/interpreter/linkResolver.cpp, line 773]
Event: 15.539 Thread 0x0000020a4f28c800 Implicit null exception at 0x0000020a38eada29 to 0x0000020a38eadb10
Event: 15.554 Thread 0x0000020a4f296000 Exception <a 'sun/nio/fs/WindowsException'{0x0000000087394168}> (0x0000000087394168) thrown at [./src/hotspot/share/prims/jni.cpp, line 615]
Event: 15.814 Thread 0x0000020a4bf5c800 Implicit null exception at 0x0000020a39334f52 to 0x0000020a39335358
Event: 17.030 Thread 0x0000020a4f298000 Exception <a 'java/lang/NoSuchMethodError'{0x000000008b578a28}: 'void java.lang.invoke.DirectMethodHandle$Holder.invokeStatic(java.lang.Object, long)'> (0x000000008b578a28) thrown at [./src/hotspot/share/interpreter/linkResolver.cpp, line 773]
Event: 17.031 Thread 0x0000020a4f298000 Exception <a 'java/lang/NoSuchMethodError'{0x000000008b57dc40}: 'java.lang.Object java.lang.invoke.DirectMethodHandle$Holder.invokeStatic(java.lang.Object, long)'> (0x000000008b57dc40) thrown at [./src/hotspot/share/interpreter/linkResolver.cpp, line 773]
Event: 17.033 Thread 0x0000020a4f298000 Exception <a 'java/lang/NoSuchMethodError'{0x000000008b58bed8}: 'java.lang.Object java.lang.invoke.DirectMethodHandle$Holder.invokeStaticInit(java.lang.Object, java.lang.Object, long, java.lang.Object)'> (0x000000008b58bed8) thrown at [./src/hotspot/share/interpreter/linkResolver.cpp, line 773]
Event: 17.035 Thread 0x0000020a4f298000 Exception <a 'java/lang/NoSuchMethodError'{0x000000008b592070}: 'java.lang.Object java.lang.invoke.DirectMethodHandle$Holder.invokeStatic(java.lang.Object, java.lang.Object, long)'> (0x000000008b592070) thrown at [./src/hotspot/share/interpreter/linkResolver.cpp, line 773]
Event: 17.035 Thread 0x0000020a4f298000 Exception <a 'java/lang/NoSuchMethodError'{0x000000008b5985e8}: 'java.lang.Object java.lang.invoke.Invokers$Holder.linkToTargetMethod(java.lang.Object, long, java.lang.Object)'> (0x000000008b5985e8) thrown at [./src/hotspot/share/interpreter/linkResolver.cpp, line 773]
Event: 17.065 Thread 0x0000020a4f298800 Exception <a 'sun/nio/fs/WindowsException'{0x000000008b322d68}> (0x000000008b322d68) thrown at [./src/hotspot/share/prims/jni.cpp, line 615]
Event: 17.203 Thread 0x0000020a4f298800 Exception <a 'java/lang/NoSuchMethodError'{0x000000008ad57f68}: 'int java.lang.invoke.DirectMethodHandle$Holder.invokeVirtual(java.lang.Object, java.lang.Object, java.lang.Object)'> (0x000000008ad57f68) thrown at [./src/hotspot/share/interpreter/linkResolver.cpp, line 773]
Event: 17.311 Thread 0x0000020a4f298800 Exception <a 'java/lang/NoSuchMethodError'{0x000000008a812928}: 'java.lang.Object java.lang.invoke.DirectMethodHandle$Holder.invokeStatic(java.lang.Object, java.lang.Object, java.lang.Object, java.lang.Object, java.lang.Object, java.lang.Object, java.lang.Object, java.lang.Object, java.lang.Object, java.lang.Object, java.lang.Object, java.lang.Object, java.lang.Object, java.lang.Object, java.lang.Object, java.lang.Object, java.lang.Object, int, java.lang.Object)'> (0x000000008a812928) thrown at [./src/hots
Event: 17.311 Thread 0x0000020a4f298800 Exception <a 'java/lang/NoSuchMethodError'{0x000000008a817f78}: 'java.lang.Object java.lang.invoke.DirectMethodHandle$Holder.invokeStaticInit(java.lang.Object, java.lang.Object, java.lang.Object, java.lang.Object, java.lang.Object, java.lang.Object, java.lang.Object, java.lang.Object, java.lang.Object, java.lang.Object, java.lang.Object, java.lang.Object, java.lang.Object, java.lang.Object, java.lang.Object, java.lang.Object, java.lang.Object, int, java.lang.Object)'> (0x000000008a817f78) thrown at [./src/
Event: 17.357 Thread 0x0000020a4f298000 Exception <a 'java/lang/NoSuchMethodError'{0x000000008a666ba8}: 'int java.lang.invoke.DirectMethodHandle$Holder.invokeSpecialIFC(java.lang.Object, java.lang.Object, java.lang.Object)'> (0x000000008a666ba8) thrown at [./src/hotspot/share/interpreter/linkResolver.cpp, line 773]
Event: 17.941 Thread 0x0000020a4f296000 Exception <a 'java/lang/NoSuchMethodError'{0x00000000894fb1f0}: 'java.lang.Object java.lang.invoke.DirectMethodHandle$Holder.invokeVirtual(java.lang.Object, java.lang.Object, int)'> (0x00000000894fb1f0) thrown at [./src/hotspot/share/interpreter/linkResolver.cpp, line 773]
Event: 17.946 Thread 0x0000020a4f296000 Exception <a 'java/lang/NoSuchMethodError'{0x00000000893797b8}: 'void java.lang.invoke.DirectMethodHandle$Holder.invokeStatic(java.lang.Object, java.lang.Object, java.lang.Object, int)'> (0x00000000893797b8) thrown at [./src/hotspot/share/interpreter/linkResolver.cpp, line 773]
Event: 18.507 Thread 0x0000020a4f294000 Exception <a 'java/lang/NoSuchMethodError'{0x000000008aa0da80}: 'java.lang.Object java.lang.invoke.DirectMethodHandle$Holder.newInvokeSpecial(java.lang.Object, int)'> (0x000000008aa0da80) thrown at [./src/hotspot/share/interpreter/linkResolver.cpp, line 773]

Events (20 events):
Event: 18.828 Executing VM operation: RevokeBias
Event: 18.828 Executing VM operation: RevokeBias done
Event: 18.828 Executing VM operation: RevokeBias
Event: 18.829 Executing VM operation: RevokeBias done
Event: 18.850 Thread 0x0000020a47c3e000 flushing nmethod 0x0000020a38ea7390
Event: 18.850 Thread 0x0000020a47c3e000 flushing nmethod 0x0000020a38f0f890
Event: 18.854 Thread 0x0000020a47c3e000 flushing nmethod 0x0000020a31953810
Event: 18.854 Thread 0x0000020a47c3e000 flushing nmethod 0x0000020a3197c290
Event: 18.854 Thread 0x0000020a47c3e000 flushing nmethod 0x0000020a3199a890
Event: 18.855 Thread 0x0000020a47c3e000 flushing nmethod 0x0000020a31a1bd90
Event: 18.855 Thread 0x0000020a47c3e000 flushing nmethod 0x0000020a31a1c490
Event: 18.856 Thread 0x0000020a47c3e000 flushing nmethod 0x0000020a31c2e410
Event: 18.857 Thread 0x0000020a47c3e000 flushing nmethod 0x0000020a31c7b890
Event: 18.886 Executing VM operation: RevokeBias
Event: 18.889 Executing VM operation: RevokeBias done
Event: 18.897 Executing VM operation: RevokeBias
Event: 18.898 Executing VM operation: RevokeBias done
Event: 18.898 Executing VM operation: BulkRevokeBias
Event: 18.900 Executing VM operation: BulkRevokeBias done
Event: 19.284 Executing VM operation: G1CollectForAllocation


Dynamic libraries:
0x00007ff6d1270000 - 0x00007ff6d127a000 	C:\Program Files\Android\Android Studio\jre\bin\java.exe
0x00007ffdf8530000 - 0x00007ffdf86f1000 	C:\Windows\SYSTEM32\ntdll.dll
0x00007ffdf6c20000 - 0x00007ffdf6ccd000 	C:\Windows\system32\KERNEL32.DLL
0x00007ffdf5440000 - 0x00007ffdf5628000 	C:\Windows\system32\KERNELBASE.dll
0x00007ffde1670000 - 0x00007ffde1689000 	C:\Program Files\Android\Android Studio\jre\bin\jli.dll
0x00007ffde2710000 - 0x00007ffde2727000 	C:\Program Files\Android\Android Studio\jre\bin\VCRUNTIME140.dll
0x00007ffdf3df0000 - 0x00007ffdf3ee4000 	C:\Windows\SYSTEM32\ucrtbase.dll
0x00007ffdf6140000 - 0x00007ffdf6296000 	C:\Windows\system32\USER32.dll
0x00007ffdf63c0000 - 0x00007ffdf6547000 	C:\Windows\system32\GDI32.dll
0x00007ffdec530000 - 0x00007ffdec7a4000 	C:\Windows\WinSxS\amd64_microsoft.windows.common-controls_6595b64144ccf1df_6.0.10586.839_none_a2ddba30a539a2ae\COMCTL32.dll
0x00007ffdf62b0000 - 0x00007ffdf634d000 	C:\Windows\system32\msvcrt.dll
0x00007ffdf6890000 - 0x00007ffdf6b0e000 	C:\Windows\system32\combase.dll
0x00007ffdf5b90000 - 0x00007ffdf5cad000 	C:\Windows\system32\RPCRT4.dll
0x00007ffdf53d0000 - 0x00007ffdf543a000 	C:\Windows\system32\bcryptPrimitives.dll
0x00007ffdf5b50000 - 0x00007ffdf5b8b000 	C:\Windows\system32\IMM32.DLL
0x00007ffdd78d0000 - 0x00007ffdd796d000 	C:\Program Files\Android\Android Studio\jre\bin\msvcp140.dll
0x00007ffdd22c0000 - 0x00007ffdd2d7c000 	C:\Program Files\Android\Android Studio\jre\bin\server\jvm.dll
0x00007ffdf67e0000 - 0x00007ffdf6887000 	C:\Windows\system32\ADVAPI32.dll
0x00007ffdf5af0000 - 0x00007ffdf5b4b000 	C:\Windows\system32\sechost.dll
0x00007ffdf6b30000 - 0x00007ffdf6b38000 	C:\Windows\system32\PSAPI.DLL
0x00007ffdec280000 - 0x00007ffdec289000 	C:\Windows\SYSTEM32\WSOCK32.dll
0x00007ffdf2f20000 - 0x00007ffdf2f43000 	C:\Windows\SYSTEM32\WINMM.dll
0x00007ffdf6350000 - 0x00007ffdf63bb000 	C:\Windows\system32\WS2_32.dll
0x00007ffde6e20000 - 0x00007ffde6e2a000 	C:\Windows\SYSTEM32\VERSION.dll
0x00007ffdf2ef0000 - 0x00007ffdf2f1c000 	C:\Windows\SYSTEM32\WINMMBASE.dll
0x00007ffdf5380000 - 0x00007ffdf53c3000 	C:\Windows\system32\cfgmgr32.dll
0x00007ffdf4bd0000 - 0x00007ffdf4bdf000 	C:\Windows\system32\kernel.appcore.dll
0x00007ffdec170000 - 0x00007ffdec181000 	C:\Program Files\Android\Android Studio\jre\bin\verify.dll
0x00007ffde85f0000 - 0x00007ffde877c000 	C:\Windows\SYSTEM32\DBGHELP.DLL
0x00007ffdf2f80000 - 0x00007ffdf2fa5000 	C:\Windows\SYSTEM32\dbgcore.DLL
0x00007ffdec030000 - 0x00007ffdec059000 	C:\Program Files\Android\Android Studio\jre\bin\java.dll
0x00007ffdec160000 - 0x00007ffdec16b000 	C:\Program Files\Android\Android Studio\jre\bin\jimage.dll
0x00007ffdec010000 - 0x00007ffdec028000 	C:\Program Files\Android\Android Studio\jre\bin\zip.dll
0x00007ffdf6cd0000 - 0x00007ffdf822c000 	C:\Windows\system32\SHELL32.dll
0x00007ffdf4d30000 - 0x00007ffdf5375000 	C:\Windows\system32\windows.storage.dll
0x00007ffdf5a90000 - 0x00007ffdf5ae2000 	C:\Windows\system32\shlwapi.dll
0x00007ffdf4be0000 - 0x00007ffdf4c95000 	C:\Windows\system32\shcore.dll
0x00007ffdf4b70000 - 0x00007ffdf4bbb000 	C:\Windows\system32\powrprof.dll
0x00007ffdf4b50000 - 0x00007ffdf4b64000 	C:\Windows\system32\profapi.dll
0x00007ffdeadf0000 - 0x00007ffdeae0a000 	C:\Program Files\Android\Android Studio\jre\bin\net.dll
0x00007ffdebf10000 - 0x00007ffdebfd7000 	C:\Windows\SYSTEM32\WINHTTP.dll
0x00007ffdf4480000 - 0x00007ffdf44dc000 	C:\Windows\system32\mswsock.dll
0x00007ffdea920000 - 0x00007ffdea934000 	C:\Program Files\Android\Android Studio\jre\bin\nio.dll
0x00007ffdddff0000 - 0x00007ffdde017000 	C:\Users\Huzaifa Sammar\.gradle\native\8bec1ad78214c89d9ad589b4d07fe93259594b29d510b10fafb7a158f7737e5d\windows-amd64\native-platform.dll
0x00007ffdd33b0000 - 0x00007ffdd34ed000 	C:\Users\Huzaifa Sammar\.gradle\native\53dbd7edfb1c66fb8903c78663c9afc45aea4f116125fa6feffd364cf09443e8\windows-amd64\native-platform-file-events.dll
0x00007ffdec150000 - 0x00007ffdec15a000 	C:\Program Files\Android\Android Studio\jre\bin\management.dll
0x00007ffdeac50000 - 0x00007ffdeac5c000 	C:\Program Files\Android\Android Studio\jre\bin\management_ext.dll
0x00007ffdf4530000 - 0x00007ffdf4547000 	C:\Windows\SYSTEM32\CRYPTSP.dll
0x00007ffdf41c0000 - 0x00007ffdf41f4000 	C:\Windows\system32\rsaenh.dll
0x00007ffdf4750000 - 0x00007ffdf4779000 	C:\Windows\SYSTEM32\bcrypt.dll
0x00007ffdf4310000 - 0x00007ffdf432f000 	C:\Windows\SYSTEM32\USERENV.dll
0x00007ffdf4650000 - 0x00007ffdf465b000 	C:\Windows\SYSTEM32\CRYPTBASE.dll
0x00007ffdec7c0000 - 0x00007ffdec7f8000 	C:\Windows\SYSTEM32\IPHLPAPI.DLL
0x00007ffdf62a0000 - 0x00007ffdf62a8000 	C:\Windows\system32\NSI.dll
0x00007ffdeb5c0000 - 0x00007ffdeb5d6000 	C:\Windows\SYSTEM32\dhcpcsvc6.DLL
0x00007ffdeb700000 - 0x00007ffdeb71a000 	C:\Windows\SYSTEM32\dhcpcsvc.DLL

dbghelp: loaded successfully - version: 4.0.5 - missing functions: none
symbol engine: initialized successfully - sym options: 0x614 - pdb path: .;C:\Program Files\Android\Android Studio\jre\bin;C:\Windows\SYSTEM32;C:\Windows\WinSxS\amd64_microsoft.windows.common-controls_6595b64144ccf1df_6.0.10586.839_none_a2ddba30a539a2ae;C:\Program Files\Android\Android Studio\jre\bin\server;C:\Users\Huzaifa Sammar\.gradle\native\8bec1ad78214c89d9ad589b4d07fe93259594b29d510b10fafb7a158f7737e5d\windows-amd64;C:\Users\Huzaifa Sammar\.gradle\native\53dbd7edfb1c66fb8903c78663c9afc45aea4f116125fa6feffd364cf09443e8\windows-amd64

VM Arguments:
jvm_args: --add-opens=java.base/java.util=ALL-UNNAMED --add-opens=java.base/java.lang=ALL-UNNAMED --add-opens=java.base/java.lang.invoke=ALL-UNNAMED --add-opens=java.base/java.util=ALL-UNNAMED --add-opens=java.prefs/java.util.prefs=ALL-UNNAMED --add-opens=java.prefs/java.util.prefs=ALL-UNNAMED --add-opens=java.base/java.nio.charset=ALL-UNNAMED --add-opens=java.base/java.net=ALL-UNNAMED --add-opens=java.base/java.util.concurrent.atomic=ALL-UNNAMED -Xmx2048m -Dfile.encoding=UTF-8 -Duser.country=US -Duser.language=en -Duser.variant 
java_command: org.gradle.launcher.daemon.bootstrap.GradleDaemon 7.0.2
java_class_path (initial): C:\Users\Huzaifa Sammar\.gradle\wrapper\dists\gradle-7.0.2-bin\857tjihv64xamwrf0h14cai3r\gradle-7.0.2\lib\gradle-launcher-7.0.2.jar
Launcher Type: SUN_STANDARD

[Global flags]
     intx CICompilerCount                          = 3                                         {product} {ergonomic}
     uint ConcGCThreads                            = 1                                         {product} {ergonomic}
     uint G1ConcRefinementThreads                  = 4                                         {product} {ergonomic}
   size_t G1HeapRegionSize                         = 1048576                                   {product} {ergonomic}
    uintx GCDrainStackTargetSize                   = 64                                        {product} {ergonomic}
   size_t InitialHeapSize                          = 67108864                                  {product} {ergonomic}
   size_t MarkStackSize                            = 4194304                                   {product} {ergonomic}
   size_t MaxHeapSize                              = 2147483648                                {product} {command line}
   size_t MaxNewSize                               = 1287651328                                {product} {ergonomic}
   size_t MinHeapDeltaBytes                        = 1048576                                   {product} {ergonomic}
    uintx NonNMethodCodeHeapSize                   = 5830732                                {pd product} {ergonomic}
    uintx NonProfiledCodeHeapSize                  = 122913754                              {pd product} {ergonomic}
    uintx ProfiledCodeHeapSize                     = 122913754                              {pd product} {ergonomic}
    uintx ReservedCodeCacheSize                    = 251658240                              {pd product} {ergonomic}
     bool SegmentedCodeCache                       = true                                      {product} {ergonomic}
     bool UseCompressedClassPointers               = true                                 {lp64_product} {ergonomic}
     bool UseCompressedOops                        = true                                 {lp64_product} {ergonomic}
     bool UseG1GC                                  = true                                      {product} {ergonomic}
     bool UseLargePagesIndividualAllocation        = false                                  {pd product} {ergonomic}

Logging:
Log output configuration:
 #0: stdout all=warning uptime,level,tags
 #1: stderr all=off uptime,level,tags

Environment Variables:
JAVA_HOME=C:\Program Files\Java\jdk-12.0.2
PATH=C:\Users\Huzaifa Sammar\flutter/bin;C:\Program Files\Git\bin\git.exe;C:\Windows\System32;C:\Program Files\Git\cmd;C:\Windows\System32\Windows;C:\Windows\System32\WindowsPowerShell\v1.0;C:\Users\Huzaifa Sammar\AppData\Local\Android\Sdk;C:\Program Files\Java\jdk-12.0.2\bin;C:\Program Files (x86)\Java\jre1.8.0_171\bin;C:\Users\Huzaifa Sammar\dart-sdk\bin;C:\Users\Huzaifa Sammar\AppData\Local\Programs\Python\Python38;C:\Users\Huzaifa Sammar\AppData\Local\Programs\Python\Python38\Scripts
USERNAME=Huzaifa Sammar
OS=Windows_NT
PROCESSOR_IDENTIFIER=Intel64 Family 6 Model 69 Stepping 1, GenuineIntel



---------------  S Y S T E M  ---------------

OS: Windows 10 , 64 bit Build 10586 (10.0.10586.589)
OS uptime: 1 days 2:42 hours

CPU:total 4 (initial active 4) (2 cores per cpu, 2 threads per core) family 6 model 69 stepping 1, cmov, cx8, fxsr, mmx, sse, sse2, sse3, ssse3, sse4.1, sse4.2, popcnt, avx, avx2, aes, clmul, erms, lzcnt, ht, tsc, tscinvbit, bmi1, bmi2, fma

Memory: 4k page, system-wide physical 4001M (394M free)
TotalPageFile size 6636M (AvailPageFile size 25M)
current process WorkingSet (physical memory assigned to process): 468M, peak: 468M
current process commit charge ("private bytes"): 494M, peak: 578M

vm_info: OpenJDK 64-Bit Server VM (11.0.8+10-b944.6842174) for windows-amd64 JRE (11.0.8+10-b944.6842174), built on Sep 19 2020 01:11:42 by "builder" with MS VC++ 14.0 (VS2015)

END.
