#
# There is insufficient memory for the Java Runtime Environment to continue.
# Native memory allocation (mmap) failed to map 69206016 bytes for Failed to commit area from 0x000000008c300000 to 0x0000000090500000 of length 69206016.
# Possible reasons:
#   The system is out of physical RAM or swap space
#   The process is running with CompressedOops enabled, and the Java Heap may be blocking the growth of the native heap
# Possible solutions:
#   Reduce memory load on the system
#   Increase physical memory or swap space
#   Check if swap backing store is full
#   Decrease Java heap size (-Xmx/-Xms)
#   Decrease number of Java threads
#   Decrease Java thread stack sizes (-Xss)
#   Set larger code cache with -XX:ReservedCodeCacheSize=
#   JVM is running with Unscaled Compressed Oops mode in which the Java heap is
#     placed in the first 4GB address space. The Java Heap base address is the
#     maximum limit for the native heap growth. Please use -XX:HeapBaseMinAddress
#     to set the Java Heap base and to place the Java Heap above 4GB virtual address.
# This output file may be truncated or incomplete.
#
#  Out of Memory Error (./src/hotspot/os/windows/os_windows.cpp:3303), pid=7340, tid=5356
#
# JRE version: OpenJDK Runtime Environment (11.0.8+10) (build 11.0.8+10-b944.6842174)
# Java VM: OpenJDK 64-Bit Server VM (11.0.8+10-b944.6842174, mixed mode, tiered, compressed oops, g1 gc, windows-amd64)
# No core dump will be written. Minidumps are not enabled by default on client versions of Windows
#

---------------  S U M M A R Y ------------

Command Line: --add-opens=java.base/java.util=ALL-UNNAMED --add-opens=java.base/java.lang=ALL-UNNAMED --add-opens=java.base/java.lang.invoke=ALL-UNNAMED --add-opens=java.base/java.util=ALL-UNNAMED --add-opens=java.prefs/java.util.prefs=ALL-UNNAMED --add-opens=java.prefs/java.util.prefs=ALL-UNNAMED --add-opens=java.base/java.nio.charset=ALL-UNNAMED --add-opens=java.base/java.net=ALL-UNNAMED --add-opens=java.base/java.util.concurrent.atomic=ALL-UNNAMED -Xmx2048m -Dfile.encoding=UTF-8 -Duser.country=US -Duser.language=en -Duser.variant org.gradle.launcher.daemon.bootstrap.GradleDaemon 7.0.2

Host: Intel(R) Core(TM) i5-4310U CPU @ 2.00GHz, 4 cores, 3G,  Windows 10 , 64 bit Build 10586 (10.0.10586.589)
Time: Wed Nov 24 10:58:55 2021 Pakistan Standard Time elapsed time: 22 seconds (0d 0h 0m 22s)

---------------  T H R E A D  ---------------

Current thread (0x0000021de74ed800):  VMThread "VM Thread" [stack: 0x000000b686400000,0x000000b686500000] [id=5356]

Stack: [0x000000b686400000,0x000000b686500000]
[error occurred during error reporting (printing stack bounds), id 0xc0000005, EXCEPTION_ACCESS_VIOLATION (0xc0000005) at pc=0x0000021dd0cc0dad]

Native frames: (J=compiled Java code, j=interpreted, Vv=VM code, C=native code)
V  [jvm.dll+0x5de50a]
V  [jvm.dll+0x7122f5]
V  [jvm.dll+0x71384d]
V  [jvm.dll+0x713e65]
V  [jvm.dll+0x713e1b]
V  [jvm.dll+0x5dd958]
V  [jvm.dll+0x5de0f8]
C  [ntdll.dll+0xa9aed]
C  [ntdll.dll+0x34fe9]
C  [ntdll.dll+0xa8bfa]
C  0x0000021dd0cc0dad

VM_Operation (0x000000b689efaa70): G1CollectForAllocation, mode: safepoint, requested by thread 0x0000021de9d66000


---------------  P R O C E S S  ---------------

Threads class SMR info:
_java_thread_list=0x0000021df14bfd70, length=61, elements={
0x0000021dcbbf2800, 0x0000021de74f6800, 0x0000021de7500000, 0x0000021de754d800,
0x0000021de754f800, 0x0000021de7550800, 0x0000021de755a800, 0x0000021de7563800,
0x0000021de7fb1000, 0x0000021de7fc6000, 0x0000021dea8d9800, 0x0000021dea56c000,
0x0000021de9f83000, 0x0000021de936f800, 0x0000021de992f800, 0x0000021de9643800,
0x0000021de9751800, 0x0000021dea3ab000, 0x0000021dea835800, 0x0000021deb5b1000,
0x0000021dea72a000, 0x0000021dea72c800, 0x0000021dea72b000, 0x0000021dea72b800,
0x0000021deb00b000, 0x0000021deb005000, 0x0000021deb009800, 0x0000021deb007800,
0x0000021deb00b800, 0x0000021deb008800, 0x0000021deb006000, 0x0000021deb00c800,
0x0000021deb00a000, 0x0000021deb00e000, 0x0000021deb013000, 0x0000021deb010000,
0x0000021deb00d800, 0x0000021deb011800, 0x0000021deb014000, 0x0000021deb00f000,
0x0000021deb010800, 0x0000021deb012000, 0x0000021deb56d000, 0x0000021deb56e000,
0x0000021deb56e800, 0x0000021deb571000, 0x0000021deb56f800, 0x0000021deb570800,
0x0000021deb572000, 0x0000021deb572800, 0x0000021de9d66000, 0x0000021de9d65000,
0x0000021de9d68800, 0x0000021de9d67000, 0x0000021de9d62800, 0x0000021de9d64800,
0x0000021de9d69000, 0x0000021de9d67800, 0x0000021de9d63800, 0x0000021de9d6c800,
0x0000021de9d6b800
}

Java Threads: ( => current thread )
  0x0000021dcbbf2800 JavaThread "main" [_thread_blocked, id=2368, stack(0x000000b685e00000,0x000000b685f00000)]
  0x0000021de74f6800 JavaThread "Reference Handler" daemon [_thread_blocked, id=7672, stack(0x000000b686500000,0x000000b686600000)]
  0x0000021de7500000 JavaThread "Finalizer" daemon [_thread_blocked, id=7756, stack(0x000000b686600000,0x000000b686700000)]
  0x0000021de754d800 JavaThread "Signal Dispatcher" daemon [_thread_blocked, id=4072, stack(0x000000b686700000,0x000000b686800000)]
  0x0000021de754f800 JavaThread "Attach Listener" daemon [_thread_blocked, id=8132, stack(0x000000b686800000,0x000000b686900000)]
  0x0000021de7550800 JavaThread "C2 CompilerThread0" daemon [_thread_in_native, id=3372, stack(0x000000b686900000,0x000000b686a00000)]
  0x0000021de755a800 JavaThread "C1 CompilerThread0" daemon [_thread_blocked, id=7568, stack(0x000000b686a00000,0x000000b686b00000)]
  0x0000021de7563800 JavaThread "Sweeper thread" daemon [_thread_blocked, id=8076, stack(0x000000b686b00000,0x000000b686c00000)]
  0x0000021de7fb1000 JavaThread "Common-Cleaner" daemon [_thread_blocked, id=7844, stack(0x000000b686c00000,0x000000b686d00000)]
  0x0000021de7fc6000 JavaThread "Service Thread" daemon [_thread_blocked, id=2184, stack(0x000000b686d00000,0x000000b686e00000)]
  0x0000021dea8d9800 JavaThread "Daemon health stats" [_thread_blocked, id=5192, stack(0x000000b687100000,0x000000b687200000)]
  0x0000021dea56c000 JavaThread "Incoming local TCP Connector on port 50641" [_thread_in_native, id=5292, stack(0x000000b687200000,0x000000b687300000)]
  0x0000021de9f83000 JavaThread "Daemon" [_thread_blocked, id=3904, stack(0x000000b687300000,0x000000b687400000)]
  0x0000021de936f800 JavaThread "Daemon periodic checks" [_thread_blocked, id=3504, stack(0x000000b687400000,0x000000b687500000)]
  0x0000021de992f800 JavaThread "Handler for socket connection from /127.0.0.1:50641 to /127.0.0.1:50642" [_thread_in_native, id=776, stack(0x000000b687500000,0x000000b687600000)]
  0x0000021de9643800 JavaThread "Cancel handler" [_thread_blocked, id=8164, stack(0x000000b687600000,0x000000b687700000)]
  0x0000021de9751800 JavaThread "Daemon worker" [_thread_blocked, id=2576, stack(0x000000b687700000,0x000000b687800000)]
  0x0000021dea3ab000 JavaThread "Asynchronous log dispatcher for DefaultDaemonConnection: socket connection from /127.0.0.1:50641 to /127.0.0.1:50642" [_thread_blocked, id=8144, stack(0x000000b687800000,0x000000b687900000)]
  0x0000021dea835800 JavaThread "Stdin handler" [_thread_blocked, id=1192, stack(0x000000b687900000,0x000000b687a00000)]
  0x0000021deb5b1000 JavaThread "Daemon client event forwarder" [_thread_blocked, id=7312, stack(0x000000b687a00000,0x000000b687b00000)]
  0x0000021dea72a000 JavaThread "Cache worker for file hash cache (C:\Users\Huzaifa Sammar\.gradle\caches\7.0.2\fileHashes)" [_thread_blocked, id=5392, stack(0x000000b687d00000,0x000000b687e00000)]
  0x0000021dea72c800 JavaThread "File lock request listener" [_thread_in_native, id=7040, stack(0x000000b687e00000,0x000000b687f00000)]
  0x0000021dea72b000 JavaThread "Cache worker for journal cache (C:\Users\Huzaifa Sammar\.gradle\caches\journal-1)" [_thread_blocked, id=4556, stack(0x000000b687f00000,0x000000b688000000)]
  0x0000021dea72b800 JavaThread "Cache worker for file hash cache (C:\Users\Huzaifa Sammar\AndroidStudioProjects\DingVpnn\.gradle\7.0.2\fileHashes)" [_thread_blocked, id=4244, stack(0x000000b688100000,0x000000b688200000)]
  0x0000021deb00b000 JavaThread "File watcher server" daemon [_thread_blocked, id=5040, stack(0x000000b688200000,0x000000b688300000)]
  0x0000021deb005000 JavaThread "File watcher consumer" daemon [_thread_blocked, id=1000, stack(0x000000b688300000,0x000000b688400000)]
  0x0000021deb009800 JavaThread "Cache worker for checksums cache (C:\Users\Huzaifa Sammar\AndroidStudioProjects\DingVpnn\.gradle\checksums)" [_thread_blocked, id=6064, stack(0x000000b688400000,0x000000b688500000)]
  0x0000021deb007800 JavaThread "Cache worker for cache directory md-supplier (C:\Users\Huzaifa Sammar\.gradle\caches\7.0.2\md-supplier)" [_thread_blocked, id=4800, stack(0x000000b688500000,0x000000b688600000)]
  0x0000021deb00b800 JavaThread "Cache worker for cache directory md-rule (C:\Users\Huzaifa Sammar\.gradle\caches\7.0.2\md-rule)" [_thread_blocked, id=6120, stack(0x000000b688600000,0x000000b688700000)]
  0x0000021deb008800 JavaThread "Cache worker for execution history cache (C:\Users\Huzaifa Sammar\.gradle\caches\7.0.2\executionHistory)" [_thread_blocked, id=7888, stack(0x000000b688700000,0x000000b688800000)]
  0x0000021deb006000 JavaThread "jar transforms" [_thread_blocked, id=7676, stack(0x000000b688800000,0x000000b688900000)]
  0x0000021deb00c800 JavaThread "jar transforms Thread 2" [_thread_blocked, id=4744, stack(0x000000b688900000,0x000000b688a00000)]
  0x0000021deb00a000 JavaThread "Cache worker for file content cache (C:\Users\Huzaifa Sammar\.gradle\caches\7.0.2\fileContent)" [_thread_blocked, id=7812, stack(0x000000b688a00000,0x000000b688b00000)]
  0x0000021deb00e000 JavaThread "Cache worker for dependencies-accessors (C:\Users\Huzaifa Sammar\AndroidStudioProjects\DingVpnn\.gradle\7.0.2\dependencies-accessors)" [_thread_blocked, id=6696, stack(0x000000b688b00000,0x000000b688c00000)]
  0x0000021deb013000 JavaThread "jar transforms Thread 3" [_thread_blocked, id=4736, stack(0x000000b688c00000,0x000000b688d00000)]
  0x0000021deb010000 JavaThread "Cache worker for Build Output Cleanup Cache (C:\Users\Huzaifa Sammar\AndroidStudioProjects\DingVpnn\.gradle\buildOutputCleanup)" [_thread_blocked, id=7248, stack(0x000000b688d00000,0x000000b688e00000)]
  0x0000021deb00d800 JavaThread "Build operations" [_thread_blocked, id=5284, stack(0x000000b688e00000,0x000000b688f00000)]
  0x0000021deb011800 JavaThread "Build operations Thread 2" [_thread_blocked, id=4004, stack(0x000000b688f00000,0x000000b689000000)]
  0x0000021deb014000 JavaThread "Build operations Thread 3" [_thread_blocked, id=5652, stack(0x000000b689000000,0x000000b689100000)]
  0x0000021deb00f000 JavaThread "Build operations Thread 4" [_thread_blocked, id=3276, stack(0x000000b689100000,0x000000b689200000)]
  0x0000021deb010800 JavaThread "jar transforms Thread 4" [_thread_blocked, id=1412, stack(0x000000b689200000,0x000000b689300000)]
  0x0000021deb012000 JavaThread "Memory manager" [_thread_blocked, id=3496, stack(0x000000b689300000,0x000000b689400000)]
  0x0000021deb56d000 JavaThread "build event listener" [_thread_blocked, id=2776, stack(0x000000b689400000,0x000000b689500000)]
  0x0000021deb56e000 JavaThread "pool-3-thread-1" [_thread_blocked, id=7988, stack(0x000000b689500000,0x000000b689600000)]
  0x0000021deb56e800 JavaThread "build event listener" [_thread_blocked, id=5568, stack(0x000000b689600000,0x000000b689700000)]
  0x0000021deb571000 JavaThread "Execution worker for ':'" [_thread_blocked, id=2064, stack(0x000000b689700000,0x000000b689800000)]
  0x0000021deb56f800 JavaThread "Execution worker for ':' Thread 2" [_thread_blocked, id=5808, stack(0x000000b689800000,0x000000b689900000)]
  0x0000021deb570800 JavaThread "Execution worker for ':' Thread 3" [_thread_blocked, id=7632, stack(0x000000b689900000,0x000000b689a00000)]
  0x0000021deb572000 JavaThread "Cache worker for execution history cache (C:\Users\Huzaifa Sammar\AndroidStudioProjects\DingVpnn\.gradle\7.0.2\executionHistory)" [_thread_blocked, id=7840, stack(0x000000b689a00000,0x000000b689b00000)]
  0x0000021deb572800 JavaThread "WorkerExecutor Queue" [_thread_blocked, id=7316, stack(0x000000b689c00000,0x000000b689d00000)]
  0x0000021de9d66000 JavaThread "WorkerExecutor Queue Thread 3" [_thread_blocked, id=3260, stack(0x000000b689e00000,0x000000b689f00000)]
  0x0000021de9d65000 JavaThread "C2 CompilerThread1" daemon [_thread_in_native, id=7284, stack(0x000000b689f00000,0x000000b68a000000)]
  0x0000021de9d68800 JavaThread "WorkerExecutor Queue Thread 4" [_thread_blocked, id=6852, stack(0x000000b68a000000,0x000000b68a100000)]
  0x0000021de9d67000 JavaThread "WorkerExecutor Queue Thread 5" [_thread_blocked, id=7300, stack(0x000000b68a100000,0x000000b68a200000)]
  0x0000021de9d62800 JavaThread "pool-4-thread-1" [_thread_blocked, id=5752, stack(0x000000b68a200000,0x000000b68a300000)]
  0x0000021de9d64800 JavaThread "stderr" [_thread_in_native, id=5432, stack(0x000000b68a300000,0x000000b68a400000)]
  0x0000021de9d69000 JavaThread "stdout" [_thread_in_native, id=2564, stack(0x000000b68a400000,0x000000b68a500000)]
  0x0000021de9d67800 JavaThread "ForkJoinPool-1-worker-3" daemon [_thread_blocked, id=1936, stack(0x000000b68a500000,0x000000b68a600000)]
  0x0000021de9d63800 JavaThread "ForkJoinPool-1-worker-5" daemon [_thread_blocked, id=4640, stack(0x000000b68a600000,0x000000b68a700000)]
  0x0000021de9d6c800 JavaThread "ForkJoinPool-1-worker-7" daemon [_thread_blocked, id=5904, stack(0x000000b68a700000,0x000000b68a800000)]
  0x0000021de9d6b800 JavaThread "ForkJoinPool-1-worker-1" daemon [_thread_blocked, id=3168, stack(0x000000b68a800000,0x000000b68a900000)]

Other Threads:
=>0x0000021de74ed800 VMThread "VM Thread" [stack: 0x000000b686400000,0x000000b686500000] [id=5356]
  0x0000021de7fc7000 WatcherThread [stack: 0x000000b686e00000,0x000000b686f00000] [id=3580]
  0x0000021dcbc0a800 GCTaskThread "GC Thread#0" [stack: 0x000000b685f00000,0x000000b686000000] [id=4156]
  0x0000021de8719000 GCTaskThread "GC Thread#1" [stack: 0x000000b687000000,0x000000b687100000] [id=4652]
  0x0000021de960a000 GCTaskThread "GC Thread#2" [stack: 0x000000b687b00000,0x000000b687c00000] [id=8176]
  0x0000021de9c51800 GCTaskThread "GC Thread#3" [stack: 0x000000b687c00000,0x000000b687d00000] [id=7852]
  0x0000021dcbc3b800 ConcurrentGCThread "G1 Main Marker" [stack: 0x000000b686000000,0x000000b686100000] [id=7384]
  0x0000021dcbc3d000 ConcurrentGCThread "G1 Conc#0" [stack: 0x000000b686100000,0x000000b686200000] [id=2460]
  0x0000021dcbc9d800 ConcurrentGCThread "G1 Refine#0" [stack: 0x000000b686200000,0x000000b686300000] [id=6716]
  0x0000021dea9d9000 ConcurrentGCThread "G1 Refine#1" [stack: 0x000000b68a900000,0x000000b68aa00000] [id=7484]
  0x0000021dcbc9f000 ConcurrentGCThread "G1 Young RemSet Sampling" [stack: 0x000000b686300000,0x000000b686400000] [id=3280]

Threads with active compile tasks:
C2 CompilerThread0  22138 11016 %     4       com.android.tools.r8.dex.n::a @ 315 (913 bytes)
C2 CompilerThread1  22138 11036       4       com.android.tools.r8.dex.n::e (654 bytes)

VM state:at safepoint (normal execution)

VM Mutex/Monitor currently owned by a thread:  ([mutex/lock_event])
[0x0000021dcbbeee90] Threads_lock - owner thread: 0x0000021de74ed800
[0x0000021dcbbee8f0] Heap_lock - owner thread: 0x0000021de9d66000

Heap address: 0x0000000080000000, size: 2048 MB, Compressed Oops mode: 32-bit
Narrow klass base: 0x0000000000000000, Narrow klass shift: 3
Compressed class space size: 1073741824 Address: 0x0000000100000000

Heap:
 garbage-first heap   total 267264K, used 151040K [0x0000000080000000, 0x0000000100000000)
  region size 1024K, 3 young (3072K), 3 survivors (3072K)
 Metaspace       used 91235K, capacity 93441K, committed 93644K, reserved 1130496K
  class space    used 11880K, capacity 12666K, committed 12748K, reserved 1048576K
Heap Regions: E=young(eden), S=young(survivor), O=old, HS=humongous(starts), HC=humongous(continues), CS=collection set, F=free, A=archive, TAMS=top-at-mark-start (previous, next)
|   0|0x0000000080000000, 0x0000000080100000, 0x0000000080100000|100%|HS|  |TAMS 0x0000000080100000, 0x0000000080100000| Complete 
|   1|0x0000000080100000, 0x0000000080200000, 0x0000000080200000|100%|HC|  |TAMS 0x0000000080200000, 0x0000000080200000| Complete 
|   2|0x0000000080200000, 0x0000000080300000, 0x0000000080300000|100%|HC|  |TAMS 0x0000000080300000, 0x0000000080300000| Complete 
|   3|0x0000000080300000, 0x0000000080400000, 0x0000000080400000|100%| O|  |TAMS 0x0000000080400000, 0x0000000080400000| Untracked 
|   4|0x0000000080400000, 0x0000000080500000, 0x0000000080500000|100%| O|  |TAMS 0x0000000080500000, 0x0000000080500000| Untracked 
|   5|0x0000000080500000, 0x0000000080600000, 0x0000000080600000|100%| O|  |TAMS 0x0000000080600000, 0x0000000080600000| Untracked 
|   6|0x0000000080600000, 0x0000000080700000, 0x0000000080700000|100%| O|  |TAMS 0x0000000080700000, 0x0000000080700000| Untracked 
|   7|0x0000000080700000, 0x0000000080800000, 0x0000000080800000|100%| O|  |TAMS 0x0000000080800000, 0x0000000080800000| Untracked 
|   8|0x0000000080800000, 0x0000000080900000, 0x0000000080900000|100%| O|  |TAMS 0x0000000080900000, 0x0000000080900000| Untracked 
|   9|0x0000000080900000, 0x0000000080a00000, 0x0000000080a00000|100%| O|  |TAMS 0x0000000080a00000, 0x0000000080a00000| Untracked 
|  10|0x0000000080a00000, 0x0000000080b00000, 0x0000000080b00000|100%| O|  |TAMS 0x0000000080b00000, 0x0000000080b00000| Untracked 
|  11|0x0000000080b00000, 0x0000000080c00000, 0x0000000080c00000|100%| O|  |TAMS 0x0000000080c00000, 0x0000000080c00000| Untracked 
|  12|0x0000000080c00000, 0x0000000080d00000, 0x0000000080d00000|100%| O|  |TAMS 0x0000000080d00000, 0x0000000080d00000| Untracked 
|  13|0x0000000080d00000, 0x0000000080e00000, 0x0000000080e00000|100%| O|  |TAMS 0x0000000080e00000, 0x0000000080e00000| Untracked 
|  14|0x0000000080e00000, 0x0000000080f00000, 0x0000000080f00000|100%| O|  |TAMS 0x0000000080f00000, 0x0000000080f00000| Untracked 
|  15|0x0000000080f00000, 0x0000000081000000, 0x0000000081000000|100%| O|  |TAMS 0x0000000081000000, 0x0000000081000000| Untracked 
|  16|0x0000000081000000, 0x0000000081100000, 0x0000000081100000|100%| O|  |TAMS 0x0000000081100000, 0x0000000081100000| Untracked 
|  17|0x0000000081100000, 0x0000000081200000, 0x0000000081200000|100%| O|  |TAMS 0x0000000081200000, 0x0000000081200000| Untracked 
|  18|0x0000000081200000, 0x0000000081300000, 0x0000000081300000|100%| O|  |TAMS 0x0000000081300000, 0x0000000081300000| Untracked 
|  19|0x0000000081300000, 0x0000000081400000, 0x0000000081400000|100%| O|  |TAMS 0x0000000081400000, 0x0000000081400000| Untracked 
|  20|0x0000000081400000, 0x0000000081500000, 0x0000000081500000|100%| O|  |TAMS 0x0000000081500000, 0x0000000081500000| Untracked 
|  21|0x0000000081500000, 0x0000000081600000, 0x0000000081600000|100%| O|  |TAMS 0x0000000081600000, 0x0000000081600000| Untracked 
|  22|0x0000000081600000, 0x0000000081700000, 0x0000000081700000|100%| O|  |TAMS 0x0000000081700000, 0x0000000081700000| Untracked 
|  23|0x0000000081700000, 0x0000000081800000, 0x0000000081800000|100%| O|  |TAMS 0x0000000081800000, 0x0000000081800000| Untracked 
|  24|0x0000000081800000, 0x0000000081900000, 0x0000000081900000|100%| O|  |TAMS 0x0000000081900000, 0x0000000081900000| Untracked 
|  25|0x0000000081900000, 0x0000000081a00000, 0x0000000081a00000|100%| O|  |TAMS 0x0000000081a00000, 0x0000000081a00000| Untracked 
|  26|0x0000000081a00000, 0x0000000081b00000, 0x0000000081b00000|100%| O|  |TAMS 0x0000000081b00000, 0x0000000081b00000| Untracked 
|  27|0x0000000081b00000, 0x0000000081c00000, 0x0000000081c00000|100%|HS|  |TAMS 0x0000000081c00000, 0x0000000081c00000| Complete 
|  28|0x0000000081c00000, 0x0000000081d00000, 0x0000000081d00000|100%|HS|  |TAMS 0x0000000081d00000, 0x0000000081d00000| Complete 
|  29|0x0000000081d00000, 0x0000000081e00000, 0x0000000081e00000|100%|HC|  |TAMS 0x0000000081e00000, 0x0000000081e00000| Complete 
|  30|0x0000000081e00000, 0x0000000081f00000, 0x0000000081f00000|100%| O|  |TAMS 0x0000000081f00000, 0x0000000081f00000| Untracked 
|  31|0x0000000081f00000, 0x0000000082000000, 0x0000000082000000|100%| O|  |TAMS 0x0000000082000000, 0x0000000082000000| Untracked 
|  32|0x0000000082000000, 0x0000000082100000, 0x0000000082100000|100%| O|  |TAMS 0x0000000082100000, 0x0000000082100000| Untracked 
|  33|0x0000000082100000, 0x0000000082200000, 0x0000000082200000|100%| O|  |TAMS 0x0000000082200000, 0x0000000082200000| Untracked 
|  34|0x0000000082200000, 0x0000000082300000, 0x0000000082300000|100%| O|  |TAMS 0x0000000082300000, 0x0000000082300000| Untracked 
|  35|0x0000000082300000, 0x0000000082400000, 0x0000000082400000|100%| O|  |TAMS 0x0000000082400000, 0x0000000082400000| Untracked 
|  36|0x0000000082400000, 0x0000000082500000, 0x0000000082500000|100%| O|  |TAMS 0x0000000082500000, 0x0000000082500000| Untracked 
|  37|0x0000000082500000, 0x0000000082600000, 0x0000000082600000|100%| O|  |TAMS 0x0000000082600000, 0x0000000082600000| Untracked 
|  38|0x0000000082600000, 0x0000000082700000, 0x0000000082700000|100%| O|  |TAMS 0x0000000082700000, 0x0000000082700000| Untracked 
|  39|0x0000000082700000, 0x0000000082800000, 0x0000000082800000|100%| O|  |TAMS 0x0000000082800000, 0x0000000082800000| Untracked 
|  40|0x0000000082800000, 0x0000000082900000, 0x0000000082900000|100%| O|  |TAMS 0x0000000082900000, 0x0000000082900000| Untracked 
|  41|0x0000000082900000, 0x0000000082a00000, 0x0000000082a00000|100%| O|  |TAMS 0x0000000082a00000, 0x0000000082a00000| Untracked 
|  42|0x0000000082a00000, 0x0000000082b00000, 0x0000000082b00000|100%| O|  |TAMS 0x0000000082b00000, 0x0000000082b00000| Untracked 
|  43|0x0000000082b00000, 0x0000000082c00000, 0x0000000082c00000|100%| O|  |TAMS 0x0000000082c00000, 0x0000000082c00000| Untracked 
|  44|0x0000000082c00000, 0x0000000082d00000, 0x0000000082d00000|100%| O|  |TAMS 0x0000000082d00000, 0x0000000082d00000| Untracked 
|  45|0x0000000082d00000, 0x0000000082e00000, 0x0000000082e00000|100%| O|  |TAMS 0x0000000082e00000, 0x0000000082e00000| Untracked 
|  46|0x0000000082e00000, 0x0000000082f00000, 0x0000000082f00000|100%| O|  |TAMS 0x0000000082f00000, 0x0000000082f00000| Untracked 
|  47|0x0000000082f00000, 0x0000000083000000, 0x0000000083000000|100%| O|  |TAMS 0x0000000083000000, 0x0000000083000000| Untracked 
|  48|0x0000000083000000, 0x0000000083100000, 0x0000000083100000|100%| O|  |TAMS 0x0000000083100000, 0x0000000083100000| Untracked 
|  49|0x0000000083100000, 0x0000000083200000, 0x0000000083200000|100%| O|  |TAMS 0x0000000083200000, 0x0000000083200000| Untracked 
|  50|0x0000000083200000, 0x0000000083300000, 0x0000000083300000|100%| O|  |TAMS 0x0000000083300000, 0x0000000083300000| Untracked 
|  51|0x0000000083300000, 0x0000000083400000, 0x0000000083400000|100%| O|  |TAMS 0x0000000083400000, 0x0000000083400000| Untracked 
|  52|0x0000000083400000, 0x0000000083500000, 0x0000000083500000|100%| O|  |TAMS 0x0000000083500000, 0x0000000083500000| Untracked 
|  53|0x0000000083500000, 0x0000000083600000, 0x0000000083600000|100%| O|  |TAMS 0x0000000083600000, 0x0000000083600000| Untracked 
|  54|0x0000000083600000, 0x0000000083700000, 0x0000000083700000|100%| O|  |TAMS 0x0000000083700000, 0x0000000083700000| Untracked 
|  55|0x0000000083700000, 0x0000000083800000, 0x0000000083800000|100%| O|  |TAMS 0x0000000083800000, 0x0000000083800000| Untracked 
|  56|0x0000000083800000, 0x0000000083900000, 0x0000000083900000|100%| O|  |TAMS 0x0000000083900000, 0x0000000083900000| Untracked 
|  57|0x0000000083900000, 0x0000000083a00000, 0x0000000083a00000|100%| O|  |TAMS 0x0000000083a00000, 0x0000000083a00000| Untracked 
|  58|0x0000000083a00000, 0x0000000083b00000, 0x0000000083b00000|100%| O|  |TAMS 0x0000000083b00000, 0x0000000083b00000| Untracked 
|  59|0x0000000083b00000, 0x0000000083c00000, 0x0000000083c00000|100%| O|  |TAMS 0x0000000083c00000, 0x0000000083c00000| Untracked 
|  60|0x0000000083c00000, 0x0000000083d00000, 0x0000000083d00000|100%| O|  |TAMS 0x0000000083d00000, 0x0000000083d00000| Untracked 
|  61|0x0000000083d00000, 0x0000000083e00000, 0x0000000083e00000|100%| O|  |TAMS 0x0000000083e00000, 0x0000000083e00000| Untracked 
|  62|0x0000000083e00000, 0x0000000083f00000, 0x0000000083f00000|100%|HS|  |TAMS 0x0000000083f00000, 0x0000000083f00000| Complete 
|  63|0x0000000083f00000, 0x0000000084000000, 0x0000000084000000|100%|HC|  |TAMS 0x0000000084000000, 0x0000000084000000| Complete 
|  64|0x0000000084000000, 0x0000000084100000, 0x0000000084100000|100%|HS|  |TAMS 0x0000000084100000, 0x0000000084100000| Complete 
|  65|0x0000000084100000, 0x0000000084200000, 0x0000000084200000|100%|HS|  |TAMS 0x0000000084200000, 0x0000000084200000| Complete 
|  66|0x0000000084200000, 0x0000000084300000, 0x0000000084300000|100%|HS|  |TAMS 0x0000000084300000, 0x0000000084300000| Complete 
|  67|0x0000000084300000, 0x0000000084400000, 0x0000000084400000|100%|HS|  |TAMS 0x0000000084400000, 0x0000000084400000| Complete 
|  68|0x0000000084400000, 0x0000000084500000, 0x0000000084500000|100%| O|  |TAMS 0x0000000084500000, 0x0000000084500000| Untracked 
|  69|0x0000000084500000, 0x0000000084600000, 0x0000000084600000|100%| O|  |TAMS 0x0000000084600000, 0x0000000084600000| Untracked 
|  70|0x0000000084600000, 0x0000000084700000, 0x0000000084700000|100%| O|  |TAMS 0x0000000084700000, 0x0000000084700000| Untracked 
|  71|0x0000000084700000, 0x0000000084800000, 0x0000000084800000|100%| O|  |TAMS 0x0000000084800000, 0x0000000084800000| Untracked 
|  72|0x0000000084800000, 0x0000000084900000, 0x0000000084900000|100%| O|  |TAMS 0x0000000084900000, 0x0000000084900000| Untracked 
|  73|0x0000000084900000, 0x0000000084a00000, 0x0000000084a00000|100%| O|  |TAMS 0x0000000084a00000, 0x0000000084a00000| Untracked 
|  74|0x0000000084a00000, 0x0000000084b00000, 0x0000000084b00000|100%| O|  |TAMS 0x0000000084b00000, 0x0000000084b00000| Untracked 
|  75|0x0000000084b00000, 0x0000000084c00000, 0x0000000084c00000|100%| O|  |TAMS 0x0000000084c00000, 0x0000000084c00000| Untracked 
|  76|0x0000000084c00000, 0x0000000084d00000, 0x0000000084d00000|100%| O|  |TAMS 0x0000000084d00000, 0x0000000084d00000| Untracked 
|  77|0x0000000084d00000, 0x0000000084e00000, 0x0000000084e00000|100%| O|  |TAMS 0x0000000084e00000, 0x0000000084e00000| Untracked 
|  78|0x0000000084e00000, 0x0000000084f00000, 0x0000000084f00000|100%| O|  |TAMS 0x0000000084f00000, 0x0000000084f00000| Untracked 
|  79|0x0000000084f00000, 0x0000000085000000, 0x0000000085000000|100%| O|  |TAMS 0x0000000085000000, 0x0000000085000000| Untracked 
|  80|0x0000000085000000, 0x0000000085100000, 0x0000000085100000|100%| O|  |TAMS 0x0000000085100000, 0x0000000085100000| Untracked 
|  81|0x0000000085100000, 0x0000000085200000, 0x0000000085200000|100%| O|  |TAMS 0x0000000085200000, 0x0000000085200000| Untracked 
|  82|0x0000000085200000, 0x0000000085300000, 0x0000000085300000|100%| O|  |TAMS 0x0000000085300000, 0x0000000085300000| Untracked 
|  83|0x0000000085300000, 0x0000000085400000, 0x0000000085400000|100%| O|  |TAMS 0x0000000085400000, 0x0000000085400000| Untracked 
|  84|0x0000000085400000, 0x0000000085500000, 0x0000000085500000|100%|HS|  |TAMS 0x0000000085500000, 0x0000000085500000| Complete 
|  85|0x0000000085500000, 0x0000000085600000, 0x0000000085600000|100%|HC|  |TAMS 0x0000000085600000, 0x0000000085600000| Complete 
|  86|0x0000000085600000, 0x0000000085700000, 0x0000000085700000|100%| O|  |TAMS 0x0000000085700000, 0x0000000085700000| Untracked 
|  87|0x0000000085700000, 0x0000000085800000, 0x0000000085800000|100%|HS|  |TAMS 0x0000000085800000, 0x0000000085800000| Complete 
|  88|0x0000000085800000, 0x0000000085900000, 0x0000000085900000|100%| O|  |TAMS 0x0000000085900000, 0x0000000085900000| Untracked 
|  89|0x0000000085900000, 0x0000000085a00000, 0x0000000085a00000|100%|HS|  |TAMS 0x0000000085a00000, 0x0000000085a00000| Complete 
|  90|0x0000000085a00000, 0x0000000085b00000, 0x0000000085b00000|100%| O|  |TAMS 0x0000000085b00000, 0x0000000085b00000| Untracked 
|  91|0x0000000085b00000, 0x0000000085c00000, 0x0000000085c00000|100%|HS|  |TAMS 0x0000000085c00000, 0x0000000085c00000| Complete 
|  92|0x0000000085c00000, 0x0000000085d00000, 0x0000000085d00000|100%| O|  |TAMS 0x0000000085d00000, 0x0000000085d00000| Untracked 
|  93|0x0000000085d00000, 0x0000000085e00000, 0x0000000085e00000|100%|HS|  |TAMS 0x0000000085e00000, 0x0000000085e00000| Complete 
|  94|0x0000000085e00000, 0x0000000085f00000, 0x0000000085f00000|100%| O|  |TAMS 0x0000000085f00000, 0x0000000085f00000| Untracked 
|  95|0x0000000085f00000, 0x0000000086000000, 0x0000000086000000|100%| O|  |TAMS 0x0000000086000000, 0x0000000086000000| Untracked 
|  96|0x0000000086000000, 0x0000000086100000, 0x0000000086100000|100%| O|  |TAMS 0x0000000086100000, 0x0000000086100000| Untracked 
|  97|0x0000000086100000, 0x0000000086200000, 0x0000000086200000|100%| O|  |TAMS 0x0000000086200000, 0x0000000086200000| Untracked 
|  98|0x0000000086200000, 0x0000000086300000, 0x0000000086300000|100%| O|  |TAMS 0x0000000086300000, 0x0000000086300000| Untracked 
|  99|0x0000000086300000, 0x0000000086400000, 0x0000000086400000|100%| O|  |TAMS 0x0000000086400000, 0x0000000086400000| Untracked 
| 100|0x0000000086400000, 0x0000000086500000, 0x0000000086500000|100%| O|  |TAMS 0x0000000086500000, 0x0000000086500000| Untracked 
| 101|0x0000000086500000, 0x0000000086600000, 0x0000000086600000|100%| O|  |TAMS 0x00000000865aa600, 0x0000000086600000| Untracked 
| 102|0x0000000086600000, 0x0000000086700000, 0x0000000086700000|100%|HS|  |TAMS 0x0000000086600000, 0x0000000086700000| Complete 
| 103|0x0000000086700000, 0x0000000086800000, 0x0000000086800000|100%| O|  |TAMS 0x0000000086700000, 0x0000000086800000| Untracked 
| 104|0x0000000086800000, 0x0000000086900000, 0x0000000086900000|100%| O|  |TAMS 0x0000000086800000, 0x0000000086900000| Untracked 
| 105|0x0000000086900000, 0x0000000086a00000, 0x0000000086a00000|100%| O|  |TAMS 0x0000000086900000, 0x0000000086a00000| Untracked 
| 106|0x0000000086a00000, 0x0000000086b00000, 0x0000000086b00000|100%| O|  |TAMS 0x0000000086a00000, 0x0000000086b00000| Untracked 
| 107|0x0000000086b00000, 0x0000000086c00000, 0x0000000086c00000|100%| O|  |TAMS 0x0000000086b00000, 0x0000000086c00000| Untracked 
| 108|0x0000000086c00000, 0x0000000086d00000, 0x0000000086d00000|100%| O|  |TAMS 0x0000000086c00000, 0x0000000086d00000| Untracked 
| 109|0x0000000086d00000, 0x0000000086e00000, 0x0000000086e00000|100%| O|  |TAMS 0x0000000086d00000, 0x0000000086e00000| Untracked 
| 110|0x0000000086e00000, 0x0000000086f00000, 0x0000000086f00000|100%| O|  |TAMS 0x0000000086e00000, 0x0000000086f00000| Untracked 
| 111|0x0000000086f00000, 0x0000000087000000, 0x0000000087000000|100%| O|  |TAMS 0x0000000086f00000, 0x0000000087000000| Untracked 
| 112|0x0000000087000000, 0x0000000087100000, 0x0000000087100000|100%| O|  |TAMS 0x0000000087000000, 0x0000000087100000| Untracked 
| 113|0x0000000087100000, 0x0000000087200000, 0x0000000087200000|100%| O|  |TAMS 0x0000000087100000, 0x0000000087200000| Untracked 
| 114|0x0000000087200000, 0x0000000087300000, 0x0000000087300000|100%| O|  |TAMS 0x0000000087200000, 0x0000000087300000| Untracked 
| 115|0x0000000087300000, 0x0000000087400000, 0x0000000087400000|100%| O|  |TAMS 0x0000000087300000, 0x0000000087400000| Untracked 
| 116|0x0000000087400000, 0x0000000087500000, 0x0000000087500000|100%| O|  |TAMS 0x0000000087400000, 0x0000000087500000| Untracked 
| 117|0x0000000087500000, 0x0000000087600000, 0x0000000087600000|100%| O|  |TAMS 0x0000000087500000, 0x0000000087600000| Untracked 
| 118|0x0000000087600000, 0x0000000087700000, 0x0000000087700000|100%| O|  |TAMS 0x0000000087600000, 0x0000000087700000| Untracked 
| 119|0x0000000087700000, 0x0000000087800000, 0x0000000087800000|100%| O|  |TAMS 0x0000000087700000, 0x0000000087800000| Untracked 
| 120|0x0000000087800000, 0x0000000087900000, 0x0000000087900000|100%| O|  |TAMS 0x0000000087800000, 0x0000000087900000| Untracked 
| 121|0x0000000087900000, 0x0000000087a00000, 0x0000000087a00000|100%| O|  |TAMS 0x0000000087900000, 0x0000000087a00000| Untracked 
| 122|0x0000000087a00000, 0x0000000087b00000, 0x0000000087b00000|100%| O|  |TAMS 0x0000000087a00000, 0x0000000087b00000| Untracked 
| 123|0x0000000087b00000, 0x0000000087c00000, 0x0000000087c00000|100%| O|  |TAMS 0x0000000087b00000, 0x0000000087c00000| Untracked 
| 124|0x0000000087c00000, 0x0000000087d00000, 0x0000000087d00000|100%| O|  |TAMS 0x0000000087c00000, 0x0000000087d00000| Untracked 
| 125|0x0000000087d00000, 0x0000000087e00000, 0x0000000087e00000|100%| O|  |TAMS 0x0000000087d00000, 0x0000000087e00000| Untracked 
| 126|0x0000000087e00000, 0x0000000087f00000, 0x0000000087f00000|100%| O|  |TAMS 0x0000000087e00000, 0x0000000087f00000| Untracked 
| 127|0x0000000087f00000, 0x0000000088000000, 0x0000000088000000|100%| O|  |TAMS 0x0000000087f00000, 0x0000000088000000| Untracked 
| 128|0x0000000088000000, 0x0000000088100000, 0x0000000088100000|100%| O|  |TAMS 0x0000000088000000, 0x0000000088100000| Untracked 
| 129|0x0000000088100000, 0x0000000088200000, 0x0000000088200000|100%| O|  |TAMS 0x0000000088100000, 0x0000000088200000| Untracked 
| 130|0x0000000088200000, 0x0000000088300000, 0x0000000088300000|100%| O|  |TAMS 0x0000000088200000, 0x0000000088300000| Untracked 
| 131|0x0000000088300000, 0x0000000088400000, 0x0000000088400000|100%| O|  |TAMS 0x0000000088300000, 0x0000000088400000| Untracked 
| 132|0x0000000088400000, 0x0000000088500000, 0x0000000088500000|100%| O|  |TAMS 0x0000000088400000, 0x0000000088500000| Untracked 
| 133|0x0000000088500000, 0x0000000088600000, 0x0000000088600000|100%| O|  |TAMS 0x0000000088500000, 0x0000000088600000| Untracked 
| 134|0x0000000088600000, 0x0000000088700000, 0x0000000088700000|100%| O|  |TAMS 0x0000000088600000, 0x0000000088600000| Untracked 
| 135|0x0000000088700000, 0x0000000088800000, 0x0000000088800000|100%| O|  |TAMS 0x0000000088700000, 0x0000000088700000| Untracked 
| 136|0x0000000088800000, 0x0000000088900000, 0x0000000088900000|100%| O|  |TAMS 0x0000000088800000, 0x0000000088800000| Untracked 
| 137|0x0000000088900000, 0x0000000088a00000, 0x0000000088a00000|100%| O|  |TAMS 0x0000000088900000, 0x0000000088900000| Untracked 
| 138|0x0000000088a00000, 0x0000000088b00000, 0x0000000088b00000|100%| O|  |TAMS 0x0000000088a00000, 0x0000000088a00000| Untracked 
| 139|0x0000000088b00000, 0x0000000088c00000, 0x0000000088c00000|100%| O|  |TAMS 0x0000000088b00000, 0x0000000088b00000| Untracked 
| 140|0x0000000088c00000, 0x0000000088d00000, 0x0000000088d00000|100%| O|  |TAMS 0x0000000088c00000, 0x0000000088c00000| Untracked 
| 141|0x0000000088d00000, 0x0000000088e00000, 0x0000000088e00000|100%| O|  |TAMS 0x0000000088d00000, 0x0000000088d00000| Untracked 
| 142|0x0000000088e00000, 0x0000000088f00000, 0x0000000088f00000|100%| O|  |TAMS 0x0000000088e00000, 0x0000000088e00000| Untracked 
| 143|0x0000000088f00000, 0x0000000089000000, 0x0000000089000000|100%| O|  |TAMS 0x0000000088f00000, 0x0000000088f00000| Untracked 
| 144|0x0000000089000000, 0x0000000089080000, 0x0000000089100000| 50%| O|  |TAMS 0x0000000089000000, 0x0000000089000000| Untracked 
| 145|0x0000000089100000, 0x0000000089100000, 0x0000000089200000|  0%| F|  |TAMS 0x0000000089100000, 0x0000000089100000| Untracked 
| 146|0x0000000089200000, 0x0000000089200000, 0x0000000089300000|  0%| F|  |TAMS 0x0000000089200000, 0x0000000089200000| Untracked 
| 147|0x0000000089300000, 0x0000000089300000, 0x0000000089400000|  0%| F|  |TAMS 0x0000000089300000, 0x0000000089300000| Untracked 
| 148|0x0000000089400000, 0x0000000089400000, 0x0000000089500000|  0%| F|  |TAMS 0x0000000089400000, 0x0000000089400000| Untracked 
| 149|0x0000000089500000, 0x0000000089500000, 0x0000000089600000|  0%| F|  |TAMS 0x0000000089500000, 0x0000000089500000| Untracked 
| 150|0x0000000089600000, 0x0000000089600000, 0x0000000089700000|  0%| F|  |TAMS 0x0000000089600000, 0x0000000089600000| Untracked 
| 151|0x0000000089700000, 0x0000000089700000, 0x0000000089800000|  0%| F|  |TAMS 0x0000000089700000, 0x0000000089700000| Untracked 
| 152|0x0000000089800000, 0x0000000089800000, 0x0000000089900000|  0%| F|  |TAMS 0x0000000089800000, 0x0000000089800000| Untracked 
| 153|0x0000000089900000, 0x0000000089900000, 0x0000000089a00000|  0%| F|  |TAMS 0x0000000089900000, 0x0000000089900000| Untracked 
| 154|0x0000000089a00000, 0x0000000089a00000, 0x0000000089b00000|  0%| F|  |TAMS 0x0000000089a00000, 0x0000000089a00000| Untracked 
| 155|0x0000000089b00000, 0x0000000089b00000, 0x0000000089c00000|  0%| F|  |TAMS 0x0000000089b00000, 0x0000000089b00000| Untracked 
| 156|0x0000000089c00000, 0x0000000089c00000, 0x0000000089d00000|  0%| F|  |TAMS 0x0000000089c00000, 0x0000000089c00000| Untracked 
| 157|0x0000000089d00000, 0x0000000089d00000, 0x0000000089e00000|  0%| F|  |TAMS 0x0000000089d00000, 0x0000000089d00000| Untracked 
| 158|0x0000000089e00000, 0x0000000089e00000, 0x0000000089f00000|  0%| F|  |TAMS 0x0000000089e00000, 0x0000000089e00000| Untracked 
| 159|0x0000000089f00000, 0x0000000089f00000, 0x000000008a000000|  0%| F|  |TAMS 0x0000000089f00000, 0x0000000089f00000| Untracked 
| 160|0x000000008a000000, 0x000000008a000000, 0x000000008a100000|  0%| F|  |TAMS 0x000000008a000000, 0x000000008a000000| Untracked 
| 161|0x000000008a100000, 0x000000008a100000, 0x000000008a200000|  0%| F|  |TAMS 0x000000008a100000, 0x000000008a100000| Untracked 
| 162|0x000000008a200000, 0x000000008a200000, 0x000000008a300000|  0%| F|  |TAMS 0x000000008a200000, 0x000000008a200000| Untracked 
| 163|0x000000008a300000, 0x000000008a300000, 0x000000008a400000|  0%| F|  |TAMS 0x000000008a300000, 0x000000008a300000| Untracked 
| 164|0x000000008a400000, 0x000000008a400000, 0x000000008a500000|  0%| F|  |TAMS 0x000000008a400000, 0x000000008a400000| Untracked 
| 165|0x000000008a500000, 0x000000008a500000, 0x000000008a600000|  0%| F|  |TAMS 0x000000008a500000, 0x000000008a500000| Untracked 
| 166|0x000000008a600000, 0x000000008a600000, 0x000000008a700000|  0%| F|  |TAMS 0x000000008a600000, 0x000000008a600000| Untracked 
| 167|0x000000008a700000, 0x000000008a700000, 0x000000008a800000|  0%| F|  |TAMS 0x000000008a700000, 0x000000008a700000| Untracked 
| 168|0x000000008a800000, 0x000000008a800000, 0x000000008a900000|  0%| F|  |TAMS 0x000000008a800000, 0x000000008a800000| Untracked 
| 169|0x000000008a900000, 0x000000008a900000, 0x000000008aa00000|  0%| F|  |TAMS 0x000000008a900000, 0x000000008a900000| Untracked 
| 170|0x000000008aa00000, 0x000000008aa00000, 0x000000008ab00000|  0%| F|  |TAMS 0x000000008aa00000, 0x000000008aa00000| Untracked 
| 171|0x000000008ab00000, 0x000000008ab00000, 0x000000008ac00000|  0%| F|  |TAMS 0x000000008ab00000, 0x000000008ab00000| Untracked 
| 172|0x000000008ac00000, 0x000000008ac00000, 0x000000008ad00000|  0%| F|  |TAMS 0x000000008ac00000, 0x000000008ac00000| Untracked 
| 173|0x000000008ad00000, 0x000000008ad00000, 0x000000008ae00000|  0%| F|  |TAMS 0x000000008ad00000, 0x000000008ad00000| Untracked 
| 174|0x000000008ae00000, 0x000000008ae00000, 0x000000008af00000|  0%| F|  |TAMS 0x000000008ae00000, 0x000000008ae00000| Untracked 
| 175|0x000000008af00000, 0x000000008b000000, 0x000000008b000000|100%| S|CS|TAMS 0x000000008af00000, 0x000000008af00000| Complete 
| 176|0x000000008b000000, 0x000000008b100000, 0x000000008b100000|100%| S|CS|TAMS 0x000000008b000000, 0x000000008b000000| Complete 
| 177|0x000000008b100000, 0x000000008b200000, 0x000000008b200000|100%| S|CS|TAMS 0x000000008b100000, 0x000000008b100000| Complete 
| 178|0x000000008b200000, 0x000000008b200000, 0x000000008b300000|  0%| F|  |TAMS 0x000000008b200000, 0x000000008b200000| Untracked 
| 179|0x000000008b300000, 0x000000008b300000, 0x000000008b400000|  0%| F|  |TAMS 0x000000008b300000, 0x000000008b300000| Untracked 
| 180|0x000000008b400000, 0x000000008b400000, 0x000000008b500000|  0%| F|  |TAMS 0x000000008b400000, 0x000000008b400000| Untracked 
| 181|0x000000008b500000, 0x000000008b500000, 0x000000008b600000|  0%| F|  |TAMS 0x000000008b500000, 0x000000008b500000| Untracked 
| 182|0x000000008b600000, 0x000000008b600000, 0x000000008b700000|  0%| F|  |TAMS 0x000000008b600000, 0x000000008b600000| Untracked 
| 183|0x000000008b700000, 0x000000008b700000, 0x000000008b800000|  0%| F|  |TAMS 0x000000008b700000, 0x000000008b700000| Untracked 
| 184|0x000000008b800000, 0x000000008b800000, 0x000000008b900000|  0%| F|  |TAMS 0x000000008b800000, 0x000000008b800000| Untracked 
| 185|0x000000008b900000, 0x000000008b900000, 0x000000008ba00000|  0%| F|  |TAMS 0x000000008b900000, 0x000000008b900000| Untracked 
| 186|0x000000008ba00000, 0x000000008ba00000, 0x000000008bb00000|  0%| F|  |TAMS 0x000000008ba00000, 0x000000008ba00000| Untracked 
| 187|0x000000008bb00000, 0x000000008bb00000, 0x000000008bc00000|  0%| F|  |TAMS 0x000000008bb00000, 0x000000008bb00000| Untracked 
| 188|0x000000008bc00000, 0x000000008bc00000, 0x000000008bd00000|  0%| F|  |TAMS 0x000000008bc00000, 0x000000008bc00000| Untracked 
| 189|0x000000008bd00000, 0x000000008bd00000, 0x000000008be00000|  0%| F|  |TAMS 0x000000008bd00000, 0x000000008bd00000| Untracked 
| 190|0x000000008be00000, 0x000000008be00000, 0x000000008bf00000|  0%| F|  |TAMS 0x000000008be00000, 0x000000008be00000| Untracked 
| 191|0x000000008bf00000, 0x000000008bf00000, 0x000000008c000000|  0%| F|  |TAMS 0x000000008bf00000, 0x000000008bf00000| Untracked 
| 192|0x000000008c000000, 0x000000008c000000, 0x000000008c100000|  0%| F|  |TAMS 0x000000008c000000, 0x000000008c000000| Untracked 
| 193|0x000000008c100000, 0x000000008c100000, 0x000000008c200000|  0%| F|  |TAMS 0x000000008c100000, 0x000000008c100000| Untracked 
| 194|0x000000008c200000, 0x000000008c200000, 0x000000008c300000|  0%| F|  |TAMS 0x000000008c200000, 0x000000008c200000| Untracked 

Card table byte_map: [0x0000021de06e0000,0x0000021de0ae0000] _byte_map_base: 0x0000021de02e0000

Marking Bits (Prev, Next): (CMBitMap*) 0x0000021dcbc32a30, (CMBitMap*) 0x0000021dcbc329f8
 Prev Bits: [0x0000021de2ee0000, 0x0000021de4ee0000)
 Next Bits: [0x0000021de0ee0000, 0x0000021de2ee0000)

Polling page: 0x0000021dcbaa0000

Metaspace:

Usage:
  Non-class:     78.88 MB capacity,    77.50 MB ( 98%) used,     1.14 MB (  1%) free+waste,   255.00 KB ( <1%) overhead. 
      Class:     12.37 MB capacity,    11.60 MB ( 94%) used,   672.10 KB (  5%) free+waste,   113.75 KB ( <1%) overhead. 
       Both:     91.25 MB capacity,    89.10 MB ( 98%) used,     1.79 MB (  2%) free+waste,   368.75 KB ( <1%) overhead. 

Virtual space:
  Non-class space:       80.00 MB reserved,      79.00 MB ( 99%) committed 
      Class space:        1.00 GB reserved,      12.45 MB (  1%) committed 
             Both:        1.08 GB reserved,      91.45 MB (  8%) committed 

Chunk freelists:
   Non-Class:  57.00 KB
       Class:  6.00 KB
        Both:  63.00 KB

MaxMetaspaceSize: 17179869184.00 GB
CompressedClassSpaceSize: 1.00 GB

CodeHeap 'non-profiled nmethods': size=120064Kb used=6357Kb max_used=6357Kb free=113706Kb
 bounds [0x0000021dd8780000, 0x0000021dd8dc0000, 0x0000021ddfcc0000]
CodeHeap 'profiled nmethods': size=120000Kb used=23442Kb max_used=23442Kb free=96557Kb
 bounds [0x0000021dd1250000, 0x0000021dd2940000, 0x0000021dd8780000]
CodeHeap 'non-nmethods': size=5696Kb used=2288Kb max_used=2351Kb free=3407Kb
 bounds [0x0000021dd0cc0000, 0x0000021dd0f30000, 0x0000021dd1250000]
 total_blobs=11843 nmethods=10948 adapters=806
 compilation: enabled
              stopped_count=0, restarted_count=0
 full_count=0

Compilation events (20 events):
Event: 22.035 Thread 0x0000021de755a800 11295       2       com.android.tools.r8.utils.p0::next (27 bytes)
Event: 22.035 Thread 0x0000021de755a800 nmethod 11295 0x0000021dd2932810 code [0x0000021dd29329e0, 0x0000021dd2932c38]
Event: 22.036 Thread 0x0000021de755a800 11296       2       com.android.tools.r8.graph.L::<init> (83 bytes)
Event: 22.036 Thread 0x0000021de755a800 nmethod 11296 0x0000021dd2932d90 code [0x0000021dd2932f40, 0x0000021dd29330d8]
Event: 22.036 Thread 0x0000021de755a800 11297       2       com.android.tools.r8.graph.e0::J (9 bytes)
Event: 22.036 Thread 0x0000021de755a800 nmethod 11297 0x0000021dd2933190 code [0x0000021dd2933340, 0x0000021dd2933438]
Event: 22.037 Thread 0x0000021de755a800 11298       2       com.android.tools.r8.graph.Y1.a::a (652 bytes)
Event: 22.039 Thread 0x0000021de755a800 nmethod 11298 0x0000021dd2933510 code [0x0000021dd29339c0, 0x0000021dd2934d78]
Event: 22.040 Thread 0x0000021de755a800 11299       2       com.android.tools.r8.graph.M::<init> (35 bytes)
Event: 22.040 Thread 0x0000021de755a800 nmethod 11299 0x0000021dd2935a10 code [0x0000021dd2935bc0, 0x0000021dd2935ce8]
Event: 22.041 Thread 0x0000021de755a800 11300       2       com.android.tools.r8.w.a.a.a.h.f0$f::<init> (6 bytes)
Event: 22.041 Thread 0x0000021de755a800 nmethod 11300 0x0000021dd2935d90 code [0x0000021dd2935f40, 0x0000021dd2936048]
Event: 22.045 Thread 0x0000021de755a800 11301       1       java.util.concurrent.ForkJoinTask$AdaptedCallable::getRawResult (5 bytes)
Event: 22.045 Thread 0x0000021de755a800 nmethod 11301 0x0000021dd8db5490 code [0x0000021dd8db5640, 0x0000021dd8db56f8]
Event: 22.045 Thread 0x0000021de755a800 11302       2       java.util.concurrent.ForkJoinTask::get (60 bytes)
Event: 22.046 Thread 0x0000021de755a800 nmethod 11302 0x0000021dd2936110 code [0x0000021dd2936320, 0x0000021dd2936698]
Event: 22.046 Thread 0x0000021de755a800 11304   !   2       java.util.concurrent.ForkJoinTask::externalInterruptibleAwaitDone (80 bytes)
Event: 22.046 Thread 0x0000021de755a800 nmethod 11304 0x0000021dd2936890 code [0x0000021dd2936ac0, 0x0000021dd2937128]
Event: 22.046 Thread 0x0000021de755a800 11303       2       java.util.concurrent.ForkJoinTask::tryExternalHelp (53 bytes)
Event: 22.047 Thread 0x0000021de755a800 nmethod 11303 0x0000021dd2937490 code [0x0000021dd2937660, 0x0000021dd2937888]

GC Heap History (20 events):
Event: 14.876 GC heap after
{Heap after GC invocations=24 (full 0):
 garbage-first heap   total 138240K, used 63733K [0x0000000080000000, 0x0000000100000000)
  region size 1024K, 4 young (4096K), 4 survivors (4096K)
 Metaspace       used 78994K, capacity 80983K, committed 81228K, reserved 1120256K
  class space    used 10259K, capacity 10992K, committed 11084K, reserved 1048576K
}
Event: 15.529 GC heap before
{Heap before GC invocations=24 (full 0):
 garbage-first heap   total 138240K, used 107765K [0x0000000080000000, 0x0000000100000000)
  region size 1024K, 48 young (49152K), 4 survivors (4096K)
 Metaspace       used 79485K, capacity 81536K, committed 81740K, reserved 1120256K
  class space    used 10284K, capacity 11013K, committed 11084K, reserved 1048576K
}
Event: 15.541 GC heap after
{Heap after GC invocations=25 (full 0):
 garbage-first heap   total 165888K, used 66355K [0x0000000080000000, 0x0000000100000000)
  region size 1024K, 4 young (4096K), 4 survivors (4096K)
 Metaspace       used 79485K, capacity 81536K, committed 81740K, reserved 1120256K
  class space    used 10284K, capacity 11013K, committed 11084K, reserved 1048576K
}
Event: 16.624 GC heap before
{Heap before GC invocations=25 (full 0):
 garbage-first heap   total 165888K, used 125747K [0x0000000080000000, 0x0000000100000000)
  region size 1024K, 63 young (64512K), 4 survivors (4096K)
 Metaspace       used 82657K, capacity 84831K, committed 84940K, reserved 1122304K
  class space    used 10683K, capacity 11450K, committed 11468K, reserved 1048576K
}
Event: 16.634 GC heap after
{Heap after GC invocations=26 (full 0):
 garbage-first heap   total 165888K, used 67506K [0x0000000080000000, 0x0000000100000000)
  region size 1024K, 5 young (5120K), 5 survivors (5120K)
 Metaspace       used 82657K, capacity 84831K, committed 84940K, reserved 1122304K
  class space    used 10683K, capacity 11450K, committed 11468K, reserved 1048576K
}
Event: 17.645 GC heap before
{Heap before GC invocations=26 (full 0):
 garbage-first heap   total 165888K, used 130994K [0x0000000080000000, 0x0000000100000000)
  region size 1024K, 68 young (69632K), 5 survivors (5120K)
 Metaspace       used 85162K, capacity 87326K, committed 87628K, reserved 1124352K
  class space    used 10995K, capacity 11787K, committed 11852K, reserved 1048576K
}
Event: 17.662 GC heap after
{Heap after GC invocations=27 (full 0):
 garbage-first heap   total 165888K, used 70850K [0x0000000080000000, 0x0000000100000000)
  region size 1024K, 8 young (8192K), 8 survivors (8192K)
 Metaspace       used 85162K, capacity 87326K, committed 87628K, reserved 1124352K
  class space    used 10995K, capacity 11787K, committed 11852K, reserved 1048576K
}
Event: 19.524 GC heap before
{Heap before GC invocations=27 (full 0):
 garbage-first heap   total 165888K, used 139458K [0x0000000080000000, 0x0000000100000000)
  region size 1024K, 70 young (71680K), 8 survivors (8192K)
 Metaspace       used 87178K, capacity 89443K, committed 89676K, reserved 1126400K
  class space    used 11270K, capacity 12074K, committed 12108K, reserved 1048576K
}
Event: 19.543 GC heap after
{Heap after GC invocations=28 (full 0):
 garbage-first heap   total 165888K, used 84289K [0x0000000080000000, 0x0000000100000000)
  region size 1024K, 9 young (9216K), 9 survivors (9216K)
 Metaspace       used 87178K, capacity 89443K, committed 89676K, reserved 1126400K
  class space    used 11270K, capacity 12074K, committed 12108K, reserved 1048576K
}
Event: 19.604 GC heap before
{Heap before GC invocations=28 (full 0):
 garbage-first heap   total 165888K, used 89409K [0x0000000080000000, 0x0000000100000000)
  region size 1024K, 15 young (15360K), 9 survivors (9216K)
 Metaspace       used 87625K, capacity 89922K, committed 90060K, reserved 1126400K
  class space    used 11337K, capacity 12151K, committed 12236K, reserved 1048576K
}
Event: 19.616 GC heap after
{Heap after GC invocations=29 (full 0):
 garbage-first heap   total 165888K, used 84992K [0x0000000080000000, 0x0000000100000000)
  region size 1024K, 1 young (1024K), 1 survivors (1024K)
 Metaspace       used 87625K, capacity 89922K, committed 90060K, reserved 1126400K
  class space    used 11337K, capacity 12151K, committed 12236K, reserved 1048576K
}
Event: 20.090 GC heap before
{Heap before GC invocations=30 (full 0):
 garbage-first heap   total 165888K, used 126976K [0x0000000080000000, 0x0000000100000000)
  region size 1024K, 31 young (31744K), 1 survivors (1024K)
 Metaspace       used 88299K, capacity 90499K, committed 90956K, reserved 1128448K
  class space    used 11398K, capacity 12179K, committed 12364K, reserved 1048576K
}
Event: 20.108 GC heap after
{Heap after GC invocations=31 (full 0):
 garbage-first heap   total 199680K, used 100875K [0x0000000080000000, 0x0000000100000000)
  region size 1024K, 4 young (4096K), 4 survivors (4096K)
 Metaspace       used 88299K, capacity 90499K, committed 90956K, reserved 1128448K
  class space    used 11398K, capacity 12179K, committed 12364K, reserved 1048576K
}
Event: 20.442 GC heap before
{Heap before GC invocations=31 (full 0):
 garbage-first heap   total 199680K, used 128523K [0x0000000080000000, 0x0000000100000000)
  region size 1024K, 33 young (33792K), 4 survivors (4096K)
 Metaspace       used 88565K, capacity 90750K, committed 91212K, reserved 1128448K
  class space    used 11427K, capacity 12223K, committed 12364K, reserved 1048576K
}
Event: 20.474 GC heap after
{Heap after GC invocations=32 (full 0):
 garbage-first heap   total 199680K, used 110249K [0x0000000080000000, 0x0000000100000000)
  region size 1024K, 6 young (6144K), 6 survivors (6144K)
 Metaspace       used 88565K, capacity 90750K, committed 91212K, reserved 1128448K
  class space    used 11427K, capacity 12223K, committed 12364K, reserved 1048576K
}
Event: 21.364 GC heap before
{Heap before GC invocations=33 (full 0):
 garbage-first heap   total 199680K, used 144041K [0x0000000080000000, 0x0000000100000000)
  region size 1024K, 38 young (38912K), 6 survivors (6144K)
 Metaspace       used 90514K, capacity 92690K, committed 92748K, reserved 1130496K
  class space    used 11786K, capacity 12589K, committed 12620K, reserved 1048576K
}
Event: 21.411 GC heap after
{Heap after GC invocations=34 (full 0):
 garbage-first heap   total 199680K, used 126152K [0x0000000080000000, 0x0000000100000000)
  region size 1024K, 5 young (5120K), 5 survivors (5120K)
 Metaspace       used 90514K, capacity 92690K, committed 92748K, reserved 1130496K
  class space    used 11786K, capacity 12589K, committed 12620K, reserved 1048576K
}
Event: 21.583 GC heap before
{Heap before GC invocations=34 (full 0):
 garbage-first heap   total 199680K, used 151752K [0x0000000080000000, 0x0000000100000000)
  region size 1024K, 30 young (30720K), 5 survivors (5120K)
 Metaspace       used 90539K, capacity 92757K, committed 93004K, reserved 1130496K
  class space    used 11786K, capacity 12589K, committed 12620K, reserved 1048576K
}
Event: 21.627 GC heap after
{Heap after GC invocations=35 (full 0):
 garbage-first heap   total 199680K, used 141312K [0x0000000080000000, 0x0000000100000000)
  region size 1024K, 4 young (4096K), 4 survivors (4096K)
 Metaspace       used 90539K, capacity 92757K, committed 93004K, reserved 1130496K
  class space    used 11786K, capacity 12589K, committed 12620K, reserved 1048576K
}
Event: 22.078 GC heap before
{Heap before GC invocations=35 (full 0):
 garbage-first heap   total 199680K, used 158720K [0x0000000080000000, 0x0000000100000000)
  region size 1024K, 21 young (21504K), 4 survivors (4096K)
 Metaspace       used 91235K, capacity 93441K, committed 93644K, reserved 1130496K
  class space    used 11880K, capacity 12666K, committed 12748K, reserved 1048576K
}

Deoptimization events (20 events):
Event: 21.060 Thread 0x0000021de9d6b800 DEOPT PACKING pc=0x0000021dd8d5d9a4 sp=0x000000b68a8fe650
Event: 21.060 Thread 0x0000021de9d6b800 DEOPT UNPACKING pc=0x0000021dd0ce74af sp=0x000000b68a8fe5e0 mode 2
Event: 21.060 Thread 0x0000021de9d63800 Uncommon trap: trap_request=0xffffff4d fr.pc=0x0000021dd8d93a84 relative=0x0000000000000144
Event: 21.060 Thread 0x0000021de9d63800 Uncommon trap: reason=unstable_if action=reinterpret pc=0x0000021dd8d93a84 method=com.android.tools.r8.w.a.a.a.f.X.get(I)Ljava/lang/Object; @ 1 c2
Event: 21.060 Thread 0x0000021de9d63800 DEOPT PACKING pc=0x0000021dd8d93a84 sp=0x000000b68a6fed90
Event: 21.060 Thread 0x0000021de9d63800 DEOPT UNPACKING pc=0x0000021dd0ce74af sp=0x000000b68a6fed28 mode 2
Event: 21.578 Thread 0x0000021de9d6b800 Uncommon trap: trap_request=0xffffff4d fr.pc=0x0000021dd8daed40 relative=0x0000000000007e40
Event: 21.578 Thread 0x0000021de9d6b800 Uncommon trap: reason=unstable_if action=reinterpret pc=0x0000021dd8daed40 method=com.android.tools.r8.code.x1.a(Ljava/nio/ShortBuffer;IILcom/android/tools/r8/graph/D1;)[Lcom/android/tools/r8/code/w1; @ 541 c2
Event: 21.578 Thread 0x0000021de9d6b800 DEOPT PACKING pc=0x0000021dd8daed40 sp=0x000000b68a8fe8f0
Event: 21.578 Thread 0x0000021de9d6b800 DEOPT UNPACKING pc=0x0000021dd0ce74af sp=0x000000b68a8fe8d8 mode 2
Event: 21.798 Thread 0x0000021de9d6b800 DEOPT PACKING pc=0x0000021dd29153cb sp=0x000000b68a8fe190
Event: 21.799 Thread 0x0000021de9d6b800 DEOPT UNPACKING pc=0x0000021dd0ce72ce sp=0x000000b68a8fddd0 mode 0
Event: 21.811 Thread 0x0000021de9d6b800 DEOPT PACKING pc=0x0000021dd29153cb sp=0x000000b68a8fe190
Event: 21.811 Thread 0x0000021de9d6b800 DEOPT UNPACKING pc=0x0000021dd0ce72ce sp=0x000000b68a8fddd0 mode 0
Event: 21.831 Thread 0x0000021de9d63800 DEOPT PACKING pc=0x0000021dd29153cb sp=0x000000b68a6fe4c0
Event: 21.831 Thread 0x0000021de9d63800 DEOPT UNPACKING pc=0x0000021dd0ce72ce sp=0x000000b68a6fe100 mode 0
Event: 21.890 Thread 0x0000021de9d63800 DEOPT PACKING pc=0x0000021dd29153cb sp=0x000000b68a6fe4c0
Event: 21.890 Thread 0x0000021de9d63800 DEOPT UNPACKING pc=0x0000021dd0ce72ce sp=0x000000b68a6fe100 mode 0
Event: 21.926 Thread 0x0000021de9d63800 DEOPT PACKING pc=0x0000021dd29153cb sp=0x000000b68a6fe4c0
Event: 21.926 Thread 0x0000021de9d63800 DEOPT UNPACKING pc=0x0000021dd0ce72ce sp=0x000000b68a6fe100 mode 0

Classes redefined (0 events):
No events

Internal exceptions (20 events):
Event: 17.616 Thread 0x0000021deb00f000 Implicit null exception at 0x0000021dd8cce4d2 to 0x0000021dd8cce8d8
Event: 19.317 Thread 0x0000021de9d66000 Exception <a 'sun/nio/fs/WindowsException'{0x000000008778b430}> (0x000000008778b430) thrown at [./src/hotspot/share/prims/jni.cpp, line 615]
Event: 19.461 Thread 0x0000021de9d66000 Exception <a 'java/lang/NoSuchMethodError'{0x0000000086c7e7f8}: 'int java.lang.invoke.DirectMethodHandle$Holder.invokeVirtual(java.lang.Object, java.lang.Object, java.lang.Object)'> (0x0000000086c7e7f8) thrown at [./src/hotspot/share/interpreter/linkResolver.cpp, line 773]
Event: 19.582 Thread 0x0000021de9d66000 Exception <a 'java/lang/NoSuchMethodError'{0x0000000089e7d7e0}: 'java.lang.Object java.lang.invoke.DirectMethodHandle$Holder.invokeStatic(java.lang.Object, java.lang.Object, java.lang.Object, java.lang.Object, java.lang.Object, java.lang.Object, java.lang.Object, java.lang.Object, java.lang.Object, java.lang.Object, java.lang.Object, java.lang.Object, java.lang.Object, java.lang.Object, java.lang.Object, java.lang.Object, java.lang.Object, int, java.lang.Object)'> (0x0000000089e7d7e0) thrown at [./src/hots
Event: 19.582 Thread 0x0000021de9d66000 Exception <a 'java/lang/NoSuchMethodError'{0x0000000089e82e30}: 'java.lang.Object java.lang.invoke.DirectMethodHandle$Holder.invokeStaticInit(java.lang.Object, java.lang.Object, java.lang.Object, java.lang.Object, java.lang.Object, java.lang.Object, java.lang.Object, java.lang.Object, java.lang.Object, java.lang.Object, java.lang.Object, java.lang.Object, java.lang.Object, java.lang.Object, java.lang.Object, java.lang.Object, java.lang.Object, int, java.lang.Object)'> (0x0000000089e82e30) thrown at [./src/
Event: 19.705 Thread 0x0000021deb570800 Exception <a 'java/lang/NoSuchMethodError'{0x00000000896bc380}: <clinit>> (0x00000000896bc380) thrown at [./src/hotspot/share/prims/jni.cpp, line 1362]
Event: 19.706 Thread 0x0000021deb570800 Exception <a 'java/lang/NoSuchMethodError'{0x00000000896bd6a0}: <clinit>> (0x00000000896bd6a0) thrown at [./src/hotspot/share/prims/jni.cpp, line 1362]
Event: 19.706 Thread 0x0000021deb570800 Exception <a 'java/lang/NoSuchMethodError'{0x00000000896bfe10}: <clinit>> (0x00000000896bfe10) thrown at [./src/hotspot/share/prims/jni.cpp, line 1362]
Event: 19.711 Thread 0x0000021deb570800 Exception <a 'java/lang/NoSuchMethodError'{0x00000000896d8468}: <clinit>> (0x00000000896d8468) thrown at [./src/hotspot/share/prims/jni.cpp, line 1362]
Event: 19.711 Thread 0x0000021deb570800 Exception <a 'java/lang/NoSuchMethodError'{0x00000000896d9948}: <clinit>> (0x00000000896d9948) thrown at [./src/hotspot/share/prims/jni.cpp, line 1362]
Event: 19.824 Thread 0x0000021deb570800 Exception <a 'java/lang/NoSuchMethodError'{0x00000000893ebcb0}: <clinit>> (0x00000000893ebcb0) thrown at [./src/hotspot/share/prims/jni.cpp, line 1362]
Event: 19.899 Thread 0x0000021deb570800 Exception <a 'java/lang/NoSuchMethodError'{0x0000000089220610}: <clinit>> (0x0000000089220610) thrown at [./src/hotspot/share/prims/jni.cpp, line 1362]
Event: 20.156 Thread 0x0000021de9d67000 Exception <a 'java/lang/NoSuchMethodError'{0x000000008c16c420}: 'void java.lang.invoke.DirectMethodHandle$Holder.invokeStatic(java.lang.Object, long)'> (0x000000008c16c420) thrown at [./src/hotspot/share/interpreter/linkResolver.cpp, line 773]
Event: 20.157 Thread 0x0000021de9d67000 Exception <a 'java/lang/NoSuchMethodError'{0x000000008c171638}: 'java.lang.Object java.lang.invoke.DirectMethodHandle$Holder.invokeStatic(java.lang.Object, long)'> (0x000000008c171638) thrown at [./src/hotspot/share/interpreter/linkResolver.cpp, line 773]
Event: 20.168 Thread 0x0000021de9d67000 Exception <a 'java/lang/NoSuchMethodError'{0x000000008bd265f0}: 'java.lang.Object java.lang.invoke.DirectMethodHandle$Holder.invokeStaticInit(java.lang.Object, java.lang.Object, long, java.lang.Object)'> (0x000000008bd265f0) thrown at [./src/hotspot/share/interpreter/linkResolver.cpp, line 773]
Event: 20.182 Thread 0x0000021de9d67000 Exception <a 'java/lang/NoSuchMethodError'{0x000000008bc05410}: 'java.lang.Object java.lang.invoke.DirectMethodHandle$Holder.invokeStatic(java.lang.Object, java.lang.Object, long)'> (0x000000008bc05410) thrown at [./src/hotspot/share/interpreter/linkResolver.cpp, line 773]
Event: 20.183 Thread 0x0000021de9d67000 Exception <a 'java/lang/NoSuchMethodError'{0x000000008bb9abc0}: 'java.lang.Object java.lang.invoke.Invokers$Holder.linkToTargetMethod(java.lang.Object, long, java.lang.Object)'> (0x000000008bb9abc0) thrown at [./src/hotspot/share/interpreter/linkResolver.cpp, line 773]
Event: 21.017 Thread 0x0000021de9d67800 Exception <a 'java/lang/NoSuchMethodError'{0x000000008bd5eb98}: 'java.lang.Object java.lang.invoke.DirectMethodHandle$Holder.newInvokeSpecial(java.lang.Object, int)'> (0x000000008bd5eb98) thrown at [./src/hotspot/share/interpreter/linkResolver.cpp, line 773]
Event: 22.002 Thread 0x0000021de9d66000 Exception <a 'java/lang/NoSuchMethodError'{0x000000008b379730}: 'void java.lang.invoke.DirectMethodHandle$Holder.invokeStatic(java.lang.Object, java.lang.Object, java.lang.Object, int)'> (0x000000008b379730) thrown at [./src/hotspot/share/interpreter/linkResolver.cpp, line 773]
Event: 22.003 Thread 0x0000021de9d66000 Exception <a 'java/lang/IncompatibleClassChangeError'{0x000000008b381680}: Found class java.lang.Object, but interface was expected> (0x000000008b381680) thrown at [./src/hotspot/share/interpreter/linkResolver.cpp, line 839]

Events (20 events):
Event: 22.073 loading class com/android/tools/r8/shaking/p0 done
Event: 22.073 loading class com/android/tools/r8/graph/u0
Event: 22.073 loading class com/android/tools/r8/graph/u0 done
Event: 22.074 loading class com/android/tools/r8/w/a/a/a/h/H
Event: 22.074 loading class com/android/tools/r8/w/a/a/a/h/H done
Event: 22.075 loading class com/android/tools/r8/v/b/t0$a
Event: 22.075 loading class com/android/tools/r8/v/b/t0$a done
Event: 22.075 loading class com/android/tools/r8/shaking/m0
Event: 22.075 loading class com/android/tools/r8/shaking/m0 done
Event: 22.075 loading class com/android/tools/r8/shaking/m0$a
Event: 22.075 loading class com/android/tools/r8/shaking/m0$a done
Event: 22.076 loading class com/android/tools/r8/shaking/j0
Event: 22.076 loading class com/android/tools/r8/shaking/j0 done
Event: 22.077 loading class com/android/tools/r8/shaking/g0
Event: 22.077 loading class com/android/tools/r8/shaking/g0 done
Event: 22.078 loading class com/android/tools/r8/graph/B0
Event: 22.078 loading class com/android/tools/r8/graph/B0 done
Event: 22.078 loading class com/android/tools/r8/graph/h$b
Event: 22.078 loading class com/android/tools/r8/graph/h$b done
Event: 22.078 Executing VM operation: G1CollectForAllocation


Dynamic libraries:
0x00007ff782aa0000 - 0x00007ff782aaa000 	C:\Program Files\Android\Android Studio\jre\bin\java.exe
0x00007ffdf8530000 - 0x00007ffdf86f1000 	C:\Windows\SYSTEM32\ntdll.dll
0x00007ffdf6c20000 - 0x00007ffdf6ccd000 	C:\Windows\system32\KERNEL32.DLL
0x00007ffdf5440000 - 0x00007ffdf5628000 	C:\Windows\system32\KERNELBASE.dll
0x00007ffde6730000 - 0x00007ffde6747000 	C:\Program Files\Android\Android Studio\jre\bin\VCRUNTIME140.dll
0x00007ffdeaea0000 - 0x00007ffdeaeb9000 	C:\Program Files\Android\Android Studio\jre\bin\jli.dll
0x00007ffdf3df0000 - 0x00007ffdf3ee4000 	C:\Windows\SYSTEM32\ucrtbase.dll
0x00007ffdf6140000 - 0x00007ffdf6296000 	C:\Windows\system32\USER32.dll
0x00007ffdf63c0000 - 0x00007ffdf6547000 	C:\Windows\system32\GDI32.dll
0x00007ffdec530000 - 0x00007ffdec7a4000 	C:\Windows\WinSxS\amd64_microsoft.windows.common-controls_6595b64144ccf1df_6.0.10586.839_none_a2ddba30a539a2ae\COMCTL32.dll
0x00007ffdf62b0000 - 0x00007ffdf634d000 	C:\Windows\system32\msvcrt.dll
0x00007ffdf6890000 - 0x00007ffdf6b0e000 	C:\Windows\system32\combase.dll
0x00007ffdf5b90000 - 0x00007ffdf5cad000 	C:\Windows\system32\RPCRT4.dll
0x00007ffdf53d0000 - 0x00007ffdf543a000 	C:\Windows\system32\bcryptPrimitives.dll
0x00007ffdf5b50000 - 0x00007ffdf5b8b000 	C:\Windows\system32\IMM32.DLL
0x00007ffde4db0000 - 0x00007ffde4e4d000 	C:\Program Files\Android\Android Studio\jre\bin\msvcp140.dll
0x00007ffdd2050000 - 0x00007ffdd2b0c000 	C:\Program Files\Android\Android Studio\jre\bin\server\jvm.dll
0x00007ffdf67e0000 - 0x00007ffdf6887000 	C:\Windows\system32\ADVAPI32.dll
0x00007ffdf5af0000 - 0x00007ffdf5b4b000 	C:\Windows\system32\sechost.dll
0x00007ffdf6b30000 - 0x00007ffdf6b38000 	C:\Windows\system32\PSAPI.DLL
0x00007ffdeaf50000 - 0x00007ffdeaf59000 	C:\Windows\SYSTEM32\WSOCK32.dll
0x00007ffdf2f20000 - 0x00007ffdf2f43000 	C:\Windows\SYSTEM32\WINMM.dll
0x00007ffde6e20000 - 0x00007ffde6e2a000 	C:\Windows\SYSTEM32\VERSION.dll
0x00007ffdf6350000 - 0x00007ffdf63bb000 	C:\Windows\system32\WS2_32.dll
0x0000021dcba70000 - 0x0000021dcba9c000 	C:\Windows\SYSTEM32\WINMMBASE.dll
0x00007ffdf5380000 - 0x00007ffdf53c3000 	C:\Windows\system32\cfgmgr32.dll
0x00007ffdf4bd0000 - 0x00007ffdf4bdf000 	C:\Windows\system32\kernel.appcore.dll
0x00007ffde91a0000 - 0x00007ffde91b1000 	C:\Program Files\Android\Android Studio\jre\bin\verify.dll
0x00007ffde85f0000 - 0x00007ffde877c000 	C:\Windows\SYSTEM32\DBGHELP.DLL
0x00007ffdf2f80000 - 0x00007ffdf2fa5000 	C:\Windows\SYSTEM32\dbgcore.DLL
0x00007ffde9170000 - 0x00007ffde9199000 	C:\Program Files\Android\Android Studio\jre\bin\java.dll
0x00007ffdeaf40000 - 0x00007ffdeaf4b000 	C:\Program Files\Android\Android Studio\jre\bin\jimage.dll
0x00007ffde9150000 - 0x00007ffde9168000 	C:\Program Files\Android\Android Studio\jre\bin\zip.dll
0x00007ffdf6cd0000 - 0x00007ffdf822c000 	C:\Windows\system32\SHELL32.dll
0x00007ffdf4d30000 - 0x00007ffdf5375000 	C:\Windows\system32\windows.storage.dll
0x00007ffdf5a90000 - 0x00007ffdf5ae2000 	C:\Windows\system32\shlwapi.dll
0x00007ffdf4be0000 - 0x00007ffdf4c95000 	C:\Windows\system32\shcore.dll
0x00007ffdf4b70000 - 0x00007ffdf4bbb000 	C:\Windows\system32\powrprof.dll
0x00007ffdf4b50000 - 0x00007ffdf4b64000 	C:\Windows\system32\profapi.dll
0x00007ffde8f20000 - 0x00007ffde8f3a000 	C:\Program Files\Android\Android Studio\jre\bin\net.dll
0x00007ffdebf10000 - 0x00007ffdebfd7000 	C:\Windows\SYSTEM32\WINHTTP.dll
0x00007ffdf4480000 - 0x00007ffdf44dc000 	C:\Windows\system32\mswsock.dll
0x00007ffde8f00000 - 0x00007ffde8f14000 	C:\Program Files\Android\Android Studio\jre\bin\nio.dll
0x00007ffdec200000 - 0x00007ffdec227000 	C:\Users\Huzaifa Sammar\.gradle\native\8bec1ad78214c89d9ad589b4d07fe93259594b29d510b10fafb7a158f7737e5d\windows-amd64\native-platform.dll
0x00007ffdec0c0000 - 0x00007ffdec1fd000 	C:\Users\Huzaifa Sammar\.gradle\native\53dbd7edfb1c66fb8903c78663c9afc45aea4f116125fa6feffd364cf09443e8\windows-amd64\native-platform-file-events.dll
0x00007ffdeaf10000 - 0x00007ffdeaf1a000 	C:\Program Files\Android\Android Studio\jre\bin\management.dll
0x00007ffde9140000 - 0x00007ffde914c000 	C:\Program Files\Android\Android Studio\jre\bin\management_ext.dll
0x00007ffdf4530000 - 0x00007ffdf4547000 	C:\Windows\SYSTEM32\CRYPTSP.dll
0x00007ffdf41c0000 - 0x00007ffdf41f4000 	C:\Windows\system32\rsaenh.dll
0x00007ffdf4750000 - 0x00007ffdf4779000 	C:\Windows\SYSTEM32\bcrypt.dll
0x00007ffdf4310000 - 0x00007ffdf432f000 	C:\Windows\SYSTEM32\USERENV.dll
0x00007ffdf4650000 - 0x00007ffdf465b000 	C:\Windows\SYSTEM32\CRYPTBASE.dll
0x00007ffdec7c0000 - 0x00007ffdec7f8000 	C:\Windows\SYSTEM32\IPHLPAPI.DLL
0x00007ffdf62a0000 - 0x00007ffdf62a8000 	C:\Windows\system32\NSI.dll
0x00007ffdeb5c0000 - 0x00007ffdeb5d6000 	C:\Windows\SYSTEM32\dhcpcsvc6.DLL
0x00007ffdeb700000 - 0x00007ffdeb71a000 	C:\Windows\SYSTEM32\dhcpcsvc.DLL
0x00007ffdf3400000 - 0x00007ffdf3479000 	C:\Windows\system32\apphelp.dll

dbghelp: loaded successfully - version: 4.0.5 - missing functions: none
symbol engine: initialized successfully - sym options: 0x614 - pdb path: .;C:\Program Files\Android\Android Studio\jre\bin;C:\Windows\SYSTEM32;C:\Windows\WinSxS\amd64_microsoft.windows.common-controls_6595b64144ccf1df_6.0.10586.839_none_a2ddba30a539a2ae;C:\Program Files\Android\Android Studio\jre\bin\server;C:\Users\Huzaifa Sammar\.gradle\native\8bec1ad78214c89d9ad589b4d07fe93259594b29d510b10fafb7a158f7737e5d\windows-amd64;C:\Users\Huzaifa Sammar\.gradle\native\53dbd7edfb1c66fb8903c78663c9afc45aea4f116125fa6feffd364cf09443e8\windows-amd64

VM Arguments:
jvm_args: --add-opens=java.base/java.util=ALL-UNNAMED --add-opens=java.base/java.lang=ALL-UNNAMED --add-opens=java.base/java.lang.invoke=ALL-UNNAMED --add-opens=java.base/java.util=ALL-UNNAMED --add-opens=java.prefs/java.util.prefs=ALL-UNNAMED --add-opens=java.prefs/java.util.prefs=ALL-UNNAMED --add-opens=java.base/java.nio.charset=ALL-UNNAMED --add-opens=java.base/java.net=ALL-UNNAMED --add-opens=java.base/java.util.concurrent.atomic=ALL-UNNAMED -Xmx2048m -Dfile.encoding=UTF-8 -Duser.country=US -Duser.language=en -Duser.variant 
java_command: org.gradle.launcher.daemon.bootstrap.GradleDaemon 7.0.2
java_class_path (initial): C:\Users\Huzaifa Sammar\.gradle\wrapper\dists\gradle-7.0.2-bin\857tjihv64xamwrf0h14cai3r\gradle-7.0.2\lib\gradle-launcher-7.0.2.jar
Launcher Type: SUN_STANDARD

[Global flags]
     intx CICompilerCount                          = 3                                         {product} {ergonomic}
     uint ConcGCThreads                            = 1                                         {product} {ergonomic}
     uint G1ConcRefinementThreads                  = 4                                         {product} {ergonomic}
   size_t G1HeapRegionSize                         = 1048576                                   {product} {ergonomic}
    uintx GCDrainStackTargetSize                   = 64                                        {product} {ergonomic}
   size_t InitialHeapSize                          = 67108864                                  {product} {ergonomic}
   size_t MarkStackSize                            = 4194304                                   {product} {ergonomic}
   size_t MaxHeapSize                              = 2147483648                                {product} {command line}
   size_t MaxNewSize                               = 1287651328                                {product} {ergonomic}
   size_t MinHeapDeltaBytes                        = 1048576                                   {product} {ergonomic}
    uintx NonNMethodCodeHeapSize                   = 5830732                                {pd product} {ergonomic}
    uintx NonProfiledCodeHeapSize                  = 122913754                              {pd product} {ergonomic}
    uintx ProfiledCodeHeapSize                     = 122913754                              {pd product} {ergonomic}
    uintx ReservedCodeCacheSize                    = 251658240                              {pd product} {ergonomic}
     bool SegmentedCodeCache                       = true                                      {product} {ergonomic}
     bool UseCompressedClassPointers               = true                                 {lp64_product} {ergonomic}
     bool UseCompressedOops                        = true                                 {lp64_product} {ergonomic}
     bool UseG1GC                                  = true                                      {product} {ergonomic}
     bool UseLargePagesIndividualAllocation        = false                                  {pd product} {ergonomic}

Logging:
Log output configuration:
 #0: stdout all=warning uptime,level,tags
 #1: stderr all=off uptime,level,tags

Environment Variables:
JAVA_HOME=C:\Program Files\Java\jdk-12.0.2
PATH=C:\Users\Huzaifa Sammar\flutter/bin;C:\Program Files\Git\bin\git.exe;C:\Windows\System32;C:\Program Files\Git\cmd;C:\Windows\System32\Windows;C:\Windows\System32\WindowsPowerShell\v1.0;C:\Users\Huzaifa Sammar\AppData\Local\Android\Sdk;C:\Program Files\Java\jdk-12.0.2\bin;C:\Program Files (x86)\Java\jre1.8.0_171\bin;C:\Users\Huzaifa Sammar\dart-sdk\bin;C:\Users\Huzaifa Sammar\AppData\Local\Programs\Python\Python38;C:\Users\Huzaifa Sammar\AppData\Local\Programs\Python\Python38\Scripts
USERNAME=Huzaifa Sammar
OS=Windows_NT
PROCESSOR_IDENTIFIER=Intel64 Family 6 Model 69 Stepping 1, GenuineIntel



---------------  S Y S T E M  ---------------

OS: Windows 10 , 64 bit Build 10586 (10.0.10586.589)
OS uptime: 0 days 1:46 hours

CPU:total 4 (initial active 4) (2 cores per cpu, 2 threads per core) family 6 model 69 stepping 1, cmov, cx8, fxsr, mmx, sse, sse2, sse3, ssse3, sse4.1, sse4.2, popcnt, avx, avx2, aes, clmul, erms, lzcnt, ht, tsc, tscinvbit, bmi1, bmi2, fma

Memory: 4k page, system-wide physical 4001M (477M free)
TotalPageFile size 6849M (AvailPageFile size 9M)
current process WorkingSet (physical memory assigned to process): 469M, peak: 473M
current process commit charge ("private bytes"): 496M, peak: 555M

vm_info: OpenJDK 64-Bit Server VM (11.0.8+10-b944.6842174) for windows-amd64 JRE (11.0.8+10-b944.6842174), built on Sep 19 2020 01:11:42 by "builder" with MS VC++ 14.0 (VS2015)

END.
