#
# There is insufficient memory for the Java Runtime Environment to continue.
# Native memory allocation (mmap) failed to map 104857600 bytes for Failed to commit area from 0x000000008f400000 to 0x0000000095800000 of length 104857600.
# Possible reasons:
#   The system is out of physical RAM or swap space
#   The process is running with CompressedOops enabled, and the Java Heap may be blocking the growth of the native heap
# Possible solutions:
#   Reduce memory load on the system
#   Increase physical memory or swap space
#   Check if swap backing store is full
#   Decrease Java heap size (-Xmx/-Xms)
#   Decrease number of Java threads
#   Decrease Java thread stack sizes (-Xss)
#   Set larger code cache with -XX:ReservedCodeCacheSize=
#   JVM is running with Unscaled Compressed Oops mode in which the Java heap is
#     placed in the first 4GB address space. The Java Heap base address is the
#     maximum limit for the native heap growth. Please use -XX:HeapBaseMinAddress
#     to set the Java Heap base and to place the Java Heap above 4GB virtual address.
# This output file may be truncated or incomplete.
#
#  Out of Memory Error (./src/hotspot/os/windows/os_windows.cpp:3303), pid=2836, tid=8896
#
# JRE version: OpenJDK Runtime Environment (11.0.8+10) (build 11.0.8+10-b944.6842174)
# Java VM: OpenJDK 64-Bit Server VM (11.0.8+10-b944.6842174, mixed mode, tiered, compressed oops, g1 gc, windows-amd64)
# No core dump will be written. Minidumps are not enabled by default on client versions of Windows
#

---------------  S U M M A R Y ------------

Command Line: --add-opens=java.base/java.util=ALL-UNNAMED --add-opens=java.base/java.lang=ALL-UNNAMED --add-opens=java.base/java.lang.invoke=ALL-UNNAMED --add-opens=java.base/java.util=ALL-UNNAMED --add-opens=java.prefs/java.util.prefs=ALL-UNNAMED --add-opens=java.prefs/java.util.prefs=ALL-UNNAMED --add-opens=java.base/java.nio.charset=ALL-UNNAMED --add-opens=java.base/java.net=ALL-UNNAMED --add-opens=java.base/java.util.concurrent.atomic=ALL-UNNAMED -Xmx2048m -Dfile.encoding=UTF-8 -Duser.country=US -Duser.language=en -Duser.variant org.gradle.launcher.daemon.bootstrap.GradleDaemon 7.0.2

Host: Intel(R) Core(TM) i5-4310U CPU @ 2.00GHz, 4 cores, 3G,  Windows 10 , 64 bit Build 10586 (10.0.10586.589)
Time: Thu Nov 25 11:40:41 2021 Pakistan Standard Time elapsed time: 87 seconds (0d 0h 1m 27s)

---------------  T H R E A D  ---------------

Current thread (0x000001ae42f9c800):  VMThread "VM Thread" [stack: 0x00000025dda00000,0x00000025ddb00000] [id=8896]

Stack: [0x00000025dda00000,0x00000025ddb00000]
[error occurred during error reporting (printing stack bounds), id 0xc0000005, EXCEPTION_ACCESS_VIOLATION (0xc0000005) at pc=0x000001ae2c760dad]

Native frames: (J=compiled Java code, j=interpreted, Vv=VM code, C=native code)
V  [jvm.dll+0x5de50a]
V  [jvm.dll+0x7122f5]
V  [jvm.dll+0x71384d]
V  [jvm.dll+0x713e65]
V  [jvm.dll+0x713e1b]
V  [jvm.dll+0x5dd958]
V  [jvm.dll+0x5de0f8]
C  [ntdll.dll+0xa9aed]
C  [ntdll.dll+0x34fe9]
C  [ntdll.dll+0xa8bfa]
C  0x000001ae2c760dad

VM_Operation (0x00000025e33fe1d0): G1CollectForAllocation, mode: safepoint, requested by thread 0x000001ae464aa800


---------------  P R O C E S S  ---------------

Threads class SMR info:
_java_thread_list=0x000001ae4d6d07a0, length=62, elements={
0x000001ae28dd3800, 0x000001ae42fa2000, 0x000001ae42fae000, 0x000001ae42ffa800,
0x000001ae42ffb800, 0x000001ae42ffc800, 0x000001ae43003000, 0x000001ae4300a000,
0x000001ae43a53800, 0x000001ae43a64800, 0x000001ae4532b800, 0x000001ae46ba5000,
0x000001ae46098000, 0x000001ae46db3800, 0x000001ae47061800, 0x000001ae47065000,
0x000001ae4705f000, 0x000001ae47060000, 0x000001ae48e2a000, 0x000001ae48e24800,
0x000001ae48e27800, 0x000001ae48e2b800, 0x000001ae48e28800, 0x000001ae48e26000,
0x000001ae48e2d800, 0x000001ae459d3800, 0x000001ae459d6000, 0x000001ae459da800,
0x000001ae459da000, 0x000001ae459d7800, 0x000001ae43ba1800, 0x000001ae459d4000,
0x000001ae459d8800, 0x000001ae459d9000, 0x000001ae459d5000, 0x000001ae459db800,
0x000001ae459de000, 0x000001ae459e2000, 0x000001ae459dc800, 0x000001ae459df000,
0x000001ae459e0800, 0x000001ae459dd000, 0x000001ae459df800, 0x000001ae459e1000,
0x000001ae48e29000, 0x000001ae48e2b000, 0x000001ae48e25000, 0x000001ae48e32000,
0x000001ae48e30800, 0x000001ae48e33000, 0x000001ae48e2f800, 0x000001ae48e2e000,
0x000001ae47062800, 0x000001ae47064000, 0x000001ae4705e800, 0x000001ae464a9800,
0x000001ae464a8000, 0x000001ae464a8800, 0x000001ae464aa800, 0x000001ae464a7000,
0x000001ae464ab000, 0x000001ae464ac000
}

Java Threads: ( => current thread )
  0x000001ae28dd3800 JavaThread "main" [_thread_blocked, id=3324, stack(0x00000025dd400000,0x00000025dd500000)]
  0x000001ae42fa2000 JavaThread "Reference Handler" daemon [_thread_blocked, id=2240, stack(0x00000025ddb00000,0x00000025ddc00000)]
  0x000001ae42fae000 JavaThread "Finalizer" daemon [_thread_blocked, id=1560, stack(0x00000025ddc00000,0x00000025ddd00000)]
  0x000001ae42ffa800 JavaThread "Signal Dispatcher" daemon [_thread_blocked, id=3676, stack(0x00000025ddd00000,0x00000025dde00000)]
  0x000001ae42ffb800 JavaThread "Attach Listener" daemon [_thread_blocked, id=8932, stack(0x00000025dde00000,0x00000025ddf00000)]
  0x000001ae42ffc800 JavaThread "C2 CompilerThread0" daemon [_thread_blocked, id=224, stack(0x00000025ddf00000,0x00000025de000000)]
  0x000001ae43003000 JavaThread "C1 CompilerThread0" daemon [_thread_blocked, id=7520, stack(0x00000025de000000,0x00000025de100000)]
  0x000001ae4300a000 JavaThread "Sweeper thread" daemon [_thread_blocked, id=1700, stack(0x00000025de100000,0x00000025de200000)]
  0x000001ae43a53800 JavaThread "Common-Cleaner" daemon [_thread_blocked, id=8064, stack(0x00000025de200000,0x00000025de300000)]
  0x000001ae43a64800 JavaThread "Service Thread" daemon [_thread_blocked, id=3476, stack(0x00000025de300000,0x00000025de400000)]
  0x000001ae4532b800 JavaThread "Daemon health stats" [_thread_blocked, id=4416, stack(0x00000025de700000,0x00000025de800000)]
  0x000001ae46ba5000 JavaThread "Incoming local TCP Connector on port 57751" [_thread_in_native, id=6764, stack(0x00000025de800000,0x00000025de900000)]
  0x000001ae46098000 JavaThread "Daemon periodic checks" [_thread_blocked, id=3696, stack(0x00000025de900000,0x00000025dea00000)]
  0x000001ae46db3800 JavaThread "Daemon" [_thread_blocked, id=2448, stack(0x00000025dea00000,0x00000025deb00000)]
  0x000001ae47061800 JavaThread "Daemon worker" [_thread_blocked, id=6556, stack(0x00000025ded00000,0x00000025dee00000)]
  0x000001ae47065000 JavaThread "Cache worker for file hash cache (C:\Users\Huzaifa Sammar\.gradle\caches\7.0.2\fileHashes)" [_thread_blocked, id=3812, stack(0x00000025df300000,0x00000025df400000)]
  0x000001ae4705f000 JavaThread "File lock request listener" [_thread_in_native, id=5960, stack(0x00000025df400000,0x00000025df500000)]
  0x000001ae47060000 JavaThread "Cache worker for journal cache (C:\Users\Huzaifa Sammar\.gradle\caches\journal-1)" [_thread_blocked, id=3780, stack(0x00000025df500000,0x00000025df600000)]
  0x000001ae48e2a000 JavaThread "File watcher server" daemon [_thread_blocked, id=5376, stack(0x00000025df700000,0x00000025df800000)]
  0x000001ae48e24800 JavaThread "File watcher consumer" daemon [_thread_blocked, id=8300, stack(0x00000025df800000,0x00000025df900000)]
  0x000001ae48e27800 JavaThread "Cache worker for execution history cache (C:\Users\Huzaifa Sammar\.gradle\caches\7.0.2\executionHistory)" [_thread_blocked, id=3068, stack(0x00000025dfc00000,0x00000025dfd00000)]
  0x000001ae48e2b800 JavaThread "jar transforms" [_thread_blocked, id=8640, stack(0x00000025dfd00000,0x00000025dfe00000)]
  0x000001ae48e28800 JavaThread "jar transforms Thread 2" [_thread_blocked, id=5056, stack(0x00000025dfe00000,0x00000025dff00000)]
  0x000001ae48e26000 JavaThread "Cache worker for file content cache (C:\Users\Huzaifa Sammar\.gradle\caches\7.0.2\fileContent)" [_thread_blocked, id=1068, stack(0x00000025dff00000,0x00000025e0000000)]
  0x000001ae48e2d800 JavaThread "jar transforms Thread 3" [_thread_blocked, id=7252, stack(0x00000025e0100000,0x00000025e0200000)]
  0x000001ae459d3800 JavaThread "jar transforms Thread 4" [_thread_blocked, id=520, stack(0x00000025e0700000,0x00000025e0800000)]
  0x000001ae459d6000 JavaThread "Memory manager" [_thread_blocked, id=7620, stack(0x00000025e0800000,0x00000025e0900000)]
  0x000001ae459da800 JavaThread "pool-3-thread-1" [_thread_blocked, id=1188, stack(0x00000025e0a00000,0x00000025e0b00000)]
  0x000001ae459da000 JavaThread "Handler for socket connection from /127.0.0.1:57751 to /127.0.0.1:57779" [_thread_in_native, id=8464, stack(0x00000025e1400000,0x00000025e1500000)]
  0x000001ae459d7800 JavaThread "Cancel handler" [_thread_blocked, id=5904, stack(0x00000025e1500000,0x00000025e1600000)]
  0x000001ae43ba1800 JavaThread "C2 CompilerThread1" daemon [_thread_in_native, id=6192, stack(0x00000025e1600000,0x00000025e1700000)]
  0x000001ae459d4000 JavaThread "Asynchronous log dispatcher for DefaultDaemonConnection: socket connection from /127.0.0.1:57751 to /127.0.0.1:57779" [_thread_blocked, id=7060, stack(0x00000025e1700000,0x00000025e1800000)]
  0x000001ae459d8800 JavaThread "Stdin handler" [_thread_blocked, id=8156, stack(0x00000025e1800000,0x00000025e1900000)]
  0x000001ae459d9000 JavaThread "Daemon client event forwarder" [_thread_blocked, id=8852, stack(0x00000025e1900000,0x00000025e1a00000)]
  0x000001ae459d5000 JavaThread "Cache worker for file hash cache (C:\Users\Huzaifa Sammar\AndroidStudioProjects\DingVpnn\.gradle\7.0.2\fileHashes)" [_thread_blocked, id=7288, stack(0x00000025e1a00000,0x00000025e1b00000)]
  0x000001ae459db800 JavaThread "Cache worker for checksums cache (C:\Users\Huzaifa Sammar\AndroidStudioProjects\DingVpnn\.gradle\checksums)" [_thread_blocked, id=8420, stack(0x00000025e1b00000,0x00000025e1c00000)]
  0x000001ae459de000 JavaThread "Cache worker for cache directory md-supplier (C:\Users\Huzaifa Sammar\.gradle\caches\7.0.2\md-supplier)" [_thread_blocked, id=3332, stack(0x00000025e1c00000,0x00000025e1d00000)]
  0x000001ae459e2000 JavaThread "Cache worker for cache directory md-rule (C:\Users\Huzaifa Sammar\.gradle\caches\7.0.2\md-rule)" [_thread_blocked, id=4124, stack(0x00000025e1d00000,0x00000025e1e00000)]
  0x000001ae459dc800 JavaThread "Cache worker for dependencies-accessors (C:\Users\Huzaifa Sammar\AndroidStudioProjects\DingVpnn\.gradle\7.0.2\dependencies-accessors)" [_thread_blocked, id=3644, stack(0x00000025e1e00000,0x00000025e1f00000)]
  0x000001ae459df000 JavaThread "Cache worker for Build Output Cleanup Cache (C:\Users\Huzaifa Sammar\AndroidStudioProjects\DingVpnn\.gradle\buildOutputCleanup)" [_thread_blocked, id=5356, stack(0x00000025e1f00000,0x00000025e2000000)]
  0x000001ae459e0800 JavaThread "Build operations" [_thread_blocked, id=7088, stack(0x00000025e2000000,0x00000025e2100000)]
  0x000001ae459dd000 JavaThread "Build operations Thread 2" [_thread_blocked, id=216, stack(0x00000025e2100000,0x00000025e2200000)]
  0x000001ae459df800 JavaThread "Build operations Thread 3" [_thread_blocked, id=2288, stack(0x00000025e2200000,0x00000025e2300000)]
  0x000001ae459e1000 JavaThread "Build operations Thread 4" [_thread_blocked, id=1656, stack(0x00000025e2300000,0x00000025e2400000)]
  0x000001ae48e29000 JavaThread "build event listener" [_thread_blocked, id=9012, stack(0x00000025e2400000,0x00000025e2500000)]
  0x000001ae48e2b000 JavaThread "pool-6-thread-1" [_thread_blocked, id=5560, stack(0x00000025e2500000,0x00000025e2600000)]
  0x000001ae48e25000 JavaThread "build event listener" [_thread_blocked, id=5884, stack(0x00000025e2600000,0x00000025e2700000)]
  0x000001ae48e32000 JavaThread "Execution worker for ':'" [_thread_blocked, id=908, stack(0x00000025e2700000,0x00000025e2800000)]
  0x000001ae48e30800 JavaThread "Execution worker for ':' Thread 2" [_thread_blocked, id=1764, stack(0x00000025e2800000,0x00000025e2900000)]
  0x000001ae48e33000 JavaThread "Execution worker for ':' Thread 3" [_thread_blocked, id=7444, stack(0x00000025e2900000,0x00000025e2a00000)]
  0x000001ae48e2f800 JavaThread "Cache worker for execution history cache (C:\Users\Huzaifa Sammar\AndroidStudioProjects\DingVpnn\.gradle\7.0.2\executionHistory)" [_thread_blocked, id=6516, stack(0x00000025e2a00000,0x00000025e2b00000)]
  0x000001ae48e2e000 JavaThread "WorkerExecutor Queue" [_thread_blocked, id=8876, stack(0x00000025e2b00000,0x00000025e2c00000)]
  0x000001ae47062800 JavaThread "WorkerExecutor Queue Thread 2" [_thread_blocked, id=5384, stack(0x00000025e2c00000,0x00000025e2d00000)]
  0x000001ae47064000 JavaThread "WorkerExecutor Queue Thread 3" [_thread_blocked, id=4140, stack(0x00000025e2d00000,0x00000025e2e00000)]
  0x000001ae4705e800 JavaThread "WorkerExecutor Queue Thread 4" [_thread_blocked, id=7244, stack(0x00000025e2e00000,0x00000025e2f00000)]
  0x000001ae464a9800 JavaThread "pool-7-thread-1" [_thread_blocked, id=5760, stack(0x00000025e3000000,0x00000025e3100000)]
  0x000001ae464a8000 JavaThread "stderr" [_thread_in_native, id=6776, stack(0x00000025e3100000,0x00000025e3200000)]
  0x000001ae464a8800 JavaThread "stdout" [_thread_in_native, id=4492, stack(0x00000025e3200000,0x00000025e3300000)]
  0x000001ae464aa800 JavaThread "ForkJoinPool-1-worker-3" daemon [_thread_blocked, id=7464, stack(0x00000025e3300000,0x00000025e3400000)]
  0x000001ae464a7000 JavaThread "ForkJoinPool-1-worker-5" daemon [_thread_blocked, id=6812, stack(0x00000025e3400000,0x00000025e3500000)]
  0x000001ae464ab000 JavaThread "ForkJoinPool-1-worker-7" daemon [_thread_blocked, id=6796, stack(0x00000025e3500000,0x00000025e3600000)]
  0x000001ae464ac000 JavaThread "ForkJoinPool-1-worker-1" daemon [_thread_blocked, id=4648, stack(0x00000025e3600000,0x00000025e3700000)]

Other Threads:
=>0x000001ae42f9c800 VMThread "VM Thread" [stack: 0x00000025dda00000,0x00000025ddb00000] [id=8896]
  0x000001ae43a77800 WatcherThread [stack: 0x00000025de400000,0x00000025de500000] [id=1916]
  0x000001ae28dea800 GCTaskThread "GC Thread#0" [stack: 0x00000025dd500000,0x00000025dd600000] [id=3844]
  0x000001ae445a3800 GCTaskThread "GC Thread#1" [stack: 0x00000025de600000,0x00000025de700000] [id=8212]
  0x000001ae47414000 GCTaskThread "GC Thread#2" [stack: 0x00000025df100000,0x00000025df200000] [id=4940]
  0x000001ae47407800 GCTaskThread "GC Thread#3" [stack: 0x00000025df200000,0x00000025df300000] [id=212]
  0x000001ae28e1c000 ConcurrentGCThread "G1 Main Marker" [stack: 0x00000025dd600000,0x00000025dd700000] [id=7344]
  0x000001ae28e1d800 ConcurrentGCThread "G1 Conc#0" [stack: 0x00000025dd700000,0x00000025dd800000] [id=5696]
  0x000001ae28e7a800 ConcurrentGCThread "G1 Refine#0" [stack: 0x00000025dd800000,0x00000025dd900000] [id=4372]
  0x000001ae28e7b800 ConcurrentGCThread "G1 Young RemSet Sampling" [stack: 0x00000025dd900000,0x00000025dda00000] [id=6632]

Threads with active compile tasks:
C2 CompilerThread0  87333 15445 %     4       com.android.tools.r8.dex.n::a @ 315 (913 bytes)
C2 CompilerThread1  87333 15348       4       com.android.tools.r8.code.x1::a (4137 bytes)

VM state:at safepoint (normal execution)

VM Mutex/Monitor currently owned by a thread:  ([mutex/lock_event])
[0x000001ae28dd0960] Threads_lock - owner thread: 0x000001ae42f9c800
[0x000001ae28dd14a0] Heap_lock - owner thread: 0x000001ae464aa800

Heap address: 0x0000000080000000, size: 2048 MB, Compressed Oops mode: 32-bit
Narrow klass base: 0x0000000000000000, Narrow klass shift: 3
Compressed class space size: 1073741824 Address: 0x0000000100000000

Heap:
 garbage-first heap   total 352256K, used 134435K [0x0000000080000000, 0x0000000100000000)
  region size 1024K, 2 young (2048K), 2 survivors (2048K)
 Metaspace       used 104945K, capacity 107384K, committed 107724K, reserved 1142784K
  class space    used 13037K, capacity 13931K, committed 14028K, reserved 1048576K
Heap Regions: E=young(eden), S=young(survivor), O=old, HS=humongous(starts), HC=humongous(continues), CS=collection set, F=free, A=archive, TAMS=top-at-mark-start (previous, next)
|   0|0x0000000080000000, 0x0000000080100000, 0x0000000080100000|100%|HS|  |TAMS 0x0000000080100000, 0x0000000080000000| Complete 
|   1|0x0000000080100000, 0x0000000080200000, 0x0000000080200000|100%|HC|  |TAMS 0x0000000080200000, 0x0000000080100000| Complete 
|   2|0x0000000080200000, 0x0000000080300000, 0x0000000080300000|100%|HC|  |TAMS 0x0000000080300000, 0x0000000080200000| Complete 
|   3|0x0000000080300000, 0x0000000080400000, 0x0000000080400000|100%| O|  |TAMS 0x0000000080400000, 0x0000000080300000| Untracked 
|   4|0x0000000080400000, 0x0000000080500000, 0x0000000080500000|100%| O|  |TAMS 0x0000000080500000, 0x0000000080400000| Untracked 
|   5|0x0000000080500000, 0x0000000080600000, 0x0000000080600000|100%| O|  |TAMS 0x0000000080600000, 0x0000000080500000| Untracked 
|   6|0x0000000080600000, 0x0000000080700000, 0x0000000080700000|100%| O|  |TAMS 0x0000000080700000, 0x0000000080600000| Untracked 
|   7|0x0000000080700000, 0x0000000080800000, 0x0000000080800000|100%| O|  |TAMS 0x0000000080800000, 0x0000000080700000| Untracked 
|   8|0x0000000080800000, 0x0000000080900000, 0x0000000080900000|100%| O|  |TAMS 0x0000000080900000, 0x0000000080800000| Untracked 
|   9|0x0000000080900000, 0x0000000080a00000, 0x0000000080a00000|100%| O|  |TAMS 0x0000000080a00000, 0x0000000080900000| Complete 
|  10|0x0000000080a00000, 0x0000000080b00000, 0x0000000080b00000|100%| O|  |TAMS 0x0000000080b00000, 0x0000000080a00000| Untracked 
|  11|0x0000000080b00000, 0x0000000080c00000, 0x0000000080c00000|100%| O|  |TAMS 0x0000000080c00000, 0x0000000080b00000| Untracked 
|  12|0x0000000080c00000, 0x0000000080d00000, 0x0000000080d00000|100%| O|  |TAMS 0x0000000080d00000, 0x0000000080c00000| Untracked 
|  13|0x0000000080d00000, 0x0000000080e00000, 0x0000000080e00000|100%| O|  |TAMS 0x0000000080e00000, 0x0000000080d00000| Complete 
|  14|0x0000000080e00000, 0x0000000080f00000, 0x0000000080f00000|100%| O|  |TAMS 0x0000000080f00000, 0x0000000080e00000| Untracked 
|  15|0x0000000080f00000, 0x0000000081000000, 0x0000000081000000|100%| O|  |TAMS 0x0000000081000000, 0x0000000080f00000| Complete 
|  16|0x0000000081000000, 0x0000000081100000, 0x0000000081100000|100%| O|  |TAMS 0x0000000081100000, 0x0000000081000000| Complete 
|  17|0x0000000081100000, 0x0000000081200000, 0x0000000081200000|100%| O|  |TAMS 0x0000000081200000, 0x0000000081100000| Untracked 
|  18|0x0000000081200000, 0x0000000081300000, 0x0000000081300000|100%| O|  |TAMS 0x0000000081300000, 0x0000000081200000| Untracked 
|  19|0x0000000081300000, 0x0000000081400000, 0x0000000081400000|100%| O|  |TAMS 0x0000000081400000, 0x0000000081300000| Untracked 
|  20|0x0000000081400000, 0x0000000081500000, 0x0000000081500000|100%| O|  |TAMS 0x0000000081500000, 0x0000000081400000| Untracked 
|  21|0x0000000081500000, 0x0000000081600000, 0x0000000081600000|100%| O|  |TAMS 0x0000000081600000, 0x0000000081500000| Untracked 
|  22|0x0000000081600000, 0x0000000081700000, 0x0000000081700000|100%| O|  |TAMS 0x0000000081700000, 0x0000000081600000| Complete 
|  23|0x0000000081700000, 0x0000000081800000, 0x0000000081800000|100%| O|  |TAMS 0x0000000081800000, 0x0000000081700000| Complete 
|  24|0x0000000081800000, 0x0000000081900000, 0x0000000081900000|100%|HS|  |TAMS 0x0000000081900000, 0x0000000081800000| Complete 
|  25|0x0000000081900000, 0x0000000081a00000, 0x0000000081a00000|100%| O|  |TAMS 0x0000000081a00000, 0x0000000081900000| Untracked 
|  26|0x0000000081a00000, 0x0000000081b00000, 0x0000000081b00000|100%| O|  |TAMS 0x0000000081b00000, 0x0000000081a00000| Complete 
|  27|0x0000000081b00000, 0x0000000081c00000, 0x0000000081c00000|100%| O|  |TAMS 0x0000000081c00000, 0x0000000081b00000| Untracked 
|  28|0x0000000081c00000, 0x0000000081d00000, 0x0000000081d00000|100%|HS|  |TAMS 0x0000000081d00000, 0x0000000081c00000| Complete 
|  29|0x0000000081d00000, 0x0000000081e00000, 0x0000000081e00000|100%|HC|  |TAMS 0x0000000081e00000, 0x0000000081d00000| Complete 
|  30|0x0000000081e00000, 0x0000000081f00000, 0x0000000081f00000|100%| O|  |TAMS 0x0000000081f00000, 0x0000000081e00000| Untracked 
|  31|0x0000000081f00000, 0x0000000082000000, 0x0000000082000000|100%| O|  |TAMS 0x0000000082000000, 0x0000000081f00000| Complete 
|  32|0x0000000082000000, 0x0000000082100000, 0x0000000082100000|100%| O|  |TAMS 0x0000000082100000, 0x0000000082000000| Untracked 
|  33|0x0000000082100000, 0x0000000082200000, 0x0000000082200000|100%| O|  |TAMS 0x0000000082200000, 0x0000000082100000| Untracked 
|  34|0x0000000082200000, 0x0000000082300000, 0x0000000082300000|100%| O|  |TAMS 0x0000000082300000, 0x0000000082200000| Complete 
|  35|0x0000000082300000, 0x0000000082400000, 0x0000000082400000|100%| O|  |TAMS 0x0000000082400000, 0x0000000082300000| Untracked 
|  36|0x0000000082400000, 0x0000000082500000, 0x0000000082500000|100%| O|  |TAMS 0x0000000082500000, 0x0000000082400000| Complete 
|  37|0x0000000082500000, 0x0000000082600000, 0x0000000082600000|100%| O|  |TAMS 0x0000000082600000, 0x0000000082500000| Complete 
|  38|0x0000000082600000, 0x0000000082700000, 0x0000000082700000|100%| O|  |TAMS 0x0000000082700000, 0x0000000082600000| Untracked 
|  39|0x0000000082700000, 0x0000000082800000, 0x0000000082800000|100%| O|  |TAMS 0x0000000082800000, 0x0000000082700000| Untracked 
|  40|0x0000000082800000, 0x0000000082900000, 0x0000000082900000|100%| O|  |TAMS 0x0000000082900000, 0x0000000082800000| Untracked 
|  41|0x0000000082900000, 0x0000000082a00000, 0x0000000082a00000|100%| O|  |TAMS 0x0000000082a00000, 0x0000000082900000| Complete 
|  42|0x0000000082a00000, 0x0000000082b00000, 0x0000000082b00000|100%| O|  |TAMS 0x0000000082b00000, 0x0000000082a00000| Untracked 
|  43|0x0000000082b00000, 0x0000000082c00000, 0x0000000082c00000|100%| O|  |TAMS 0x0000000082c00000, 0x0000000082b00000| Complete 
|  44|0x0000000082c00000, 0x0000000082d00000, 0x0000000082d00000|100%| O|  |TAMS 0x0000000082d00000, 0x0000000082c00000| Untracked 
|  45|0x0000000082d00000, 0x0000000082e00000, 0x0000000082e00000|100%| O|  |TAMS 0x0000000082e00000, 0x0000000082d00000| Untracked 
|  46|0x0000000082e00000, 0x0000000082f00000, 0x0000000082f00000|100%| O|  |TAMS 0x0000000082f00000, 0x0000000082e00000| Untracked 
|  47|0x0000000082f00000, 0x0000000083000000, 0x0000000083000000|100%| O|  |TAMS 0x0000000083000000, 0x0000000082f00000| Untracked 
|  48|0x0000000083000000, 0x0000000083100000, 0x0000000083100000|100%| O|  |TAMS 0x0000000083100000, 0x0000000083000000| Complete 
|  49|0x0000000083100000, 0x0000000083200000, 0x0000000083200000|100%| O|  |TAMS 0x0000000083200000, 0x0000000083100000| Complete 
|  50|0x0000000083200000, 0x0000000083300000, 0x0000000083300000|100%| O|  |TAMS 0x0000000083300000, 0x0000000083200000| Untracked 
|  51|0x0000000083300000, 0x0000000083400000, 0x0000000083400000|100%| O|  |TAMS 0x0000000083400000, 0x0000000083300000| Untracked 
|  52|0x0000000083400000, 0x0000000083500000, 0x0000000083500000|100%| O|  |TAMS 0x0000000083500000, 0x0000000083400000| Untracked 
|  53|0x0000000083500000, 0x0000000083600000, 0x0000000083600000|100%| O|  |TAMS 0x0000000083600000, 0x0000000083500000| Untracked 
|  54|0x0000000083600000, 0x0000000083700000, 0x0000000083700000|100%| O|  |TAMS 0x0000000083700000, 0x0000000083600000| Untracked 
|  55|0x0000000083700000, 0x0000000083800000, 0x0000000083800000|100%| O|  |TAMS 0x0000000083800000, 0x0000000083700000| Complete 
|  56|0x0000000083800000, 0x0000000083900000, 0x0000000083900000|100%| O|  |TAMS 0x0000000083900000, 0x0000000083800000| Complete 
|  57|0x0000000083900000, 0x0000000083a00000, 0x0000000083a00000|100%| O|  |TAMS 0x0000000083a00000, 0x0000000083900000| Untracked 
|  58|0x0000000083a00000, 0x0000000083b00000, 0x0000000083b00000|100%| O|  |TAMS 0x0000000083b00000, 0x0000000083a00000| Untracked 
|  59|0x0000000083b00000, 0x0000000083c00000, 0x0000000083c00000|100%| O|  |TAMS 0x0000000083c00000, 0x0000000083b00000| Untracked 
|  60|0x0000000083c00000, 0x0000000083d00000, 0x0000000083d00000|100%| O|  |TAMS 0x0000000083d00000, 0x0000000083c00000| Untracked 
|  61|0x0000000083d00000, 0x0000000083e00000, 0x0000000083e00000|100%| O|  |TAMS 0x0000000083e00000, 0x0000000083d00000| Untracked 
|  62|0x0000000083e00000, 0x0000000083f00000, 0x0000000083f00000|100%| O|  |TAMS 0x0000000083f00000, 0x0000000083e00000| Untracked 
|  63|0x0000000083f00000, 0x0000000084000000, 0x0000000084000000|100%| O|  |TAMS 0x0000000084000000, 0x0000000083f00000| Untracked 
|  64|0x0000000084000000, 0x0000000084100000, 0x0000000084100000|100%| O|  |TAMS 0x0000000084100000, 0x0000000084000000| Complete 
|  65|0x0000000084100000, 0x0000000084100000, 0x0000000084200000|  0%| F|  |TAMS 0x0000000084100000, 0x0000000084100000| Untracked 
|  66|0x0000000084200000, 0x0000000084200000, 0x0000000084300000|  0%| F|  |TAMS 0x0000000084200000, 0x0000000084200000| Untracked 
|  67|0x0000000084300000, 0x0000000084300000, 0x0000000084400000|  0%| F|  |TAMS 0x0000000084300000, 0x0000000084300000| Untracked 
|  68|0x0000000084400000, 0x0000000084500000, 0x0000000084500000|100%| O|  |TAMS 0x0000000084500000, 0x0000000084400000| Complete 
|  69|0x0000000084500000, 0x0000000084600000, 0x0000000084600000|100%|HS|  |TAMS 0x0000000084600000, 0x0000000084500000| Complete 
|  70|0x0000000084600000, 0x0000000084700000, 0x0000000084700000|100%|HC|  |TAMS 0x0000000084700000, 0x0000000084600000| Complete 
|  71|0x0000000084700000, 0x0000000084800000, 0x0000000084800000|100%|HS|  |TAMS 0x0000000084800000, 0x0000000084700000| Complete 
|  72|0x0000000084800000, 0x0000000084900000, 0x0000000084900000|100%|HS|  |TAMS 0x0000000084900000, 0x0000000084800000| Complete 
|  73|0x0000000084900000, 0x0000000084a00000, 0x0000000084a00000|100%|HS|  |TAMS 0x0000000084a00000, 0x0000000084900000| Complete 
|  74|0x0000000084a00000, 0x0000000084b00000, 0x0000000084b00000|100%| O|  |TAMS 0x0000000084b00000, 0x0000000084a00000| Complete 
|  75|0x0000000084b00000, 0x0000000084c00000, 0x0000000084c00000|100%| O|  |TAMS 0x0000000084c00000, 0x0000000084b00000| Complete 
|  76|0x0000000084c00000, 0x0000000084d00000, 0x0000000084d00000|100%| O|  |TAMS 0x0000000084d00000, 0x0000000084c00000| Complete 
|  77|0x0000000084d00000, 0x0000000084e00000, 0x0000000084e00000|100%|HS|  |TAMS 0x0000000084e00000, 0x0000000084d00000| Complete 
|  78|0x0000000084e00000, 0x0000000084f00000, 0x0000000084f00000|100%| O|  |TAMS 0x0000000084f00000, 0x0000000084e00000| Untracked 
|  79|0x0000000084f00000, 0x0000000085000000, 0x0000000085000000|100%| O|  |TAMS 0x0000000085000000, 0x0000000084f00000| Untracked 
|  80|0x0000000085000000, 0x0000000085100000, 0x0000000085100000|100%| O|  |TAMS 0x0000000085100000, 0x0000000085000000| Untracked 
|  81|0x0000000085100000, 0x0000000085200000, 0x0000000085200000|100%| O|  |TAMS 0x0000000085200000, 0x0000000085100000| Complete 
|  82|0x0000000085200000, 0x0000000085300000, 0x0000000085300000|100%| O|  |TAMS 0x0000000085300000, 0x0000000085200000| Untracked 
|  83|0x0000000085300000, 0x0000000085400000, 0x0000000085400000|100%| O|  |TAMS 0x0000000085400000, 0x0000000085300000| Untracked 
|  84|0x0000000085400000, 0x0000000085500000, 0x0000000085500000|100%| O|  |TAMS 0x0000000085500000, 0x0000000085400000| Untracked 
|  85|0x0000000085500000, 0x0000000085600000, 0x0000000085600000|100%|HS|  |TAMS 0x0000000085600000, 0x0000000085500000| Complete 
|  86|0x0000000085600000, 0x0000000085700000, 0x0000000085700000|100%|HC|  |TAMS 0x0000000085700000, 0x0000000085600000| Complete 
|  87|0x0000000085700000, 0x0000000085800000, 0x0000000085800000|100%| O|  |TAMS 0x0000000085800000, 0x0000000085700000| Untracked 
|  88|0x0000000085800000, 0x0000000085900000, 0x0000000085900000|100%|HS|  |TAMS 0x0000000085900000, 0x0000000085800000| Complete 
|  89|0x0000000085900000, 0x0000000085a00000, 0x0000000085a00000|100%| O|  |TAMS 0x0000000085a00000, 0x0000000085900000| Untracked 
|  90|0x0000000085a00000, 0x0000000085b00000, 0x0000000085b00000|100%|HS|  |TAMS 0x0000000085b00000, 0x0000000085a00000| Complete 
|  91|0x0000000085b00000, 0x0000000085c00000, 0x0000000085c00000|100%| O|  |TAMS 0x0000000085c00000, 0x0000000085b00000| Untracked 
|  92|0x0000000085c00000, 0x0000000085d00000, 0x0000000085d00000|100%|HS|  |TAMS 0x0000000085d00000, 0x0000000085c00000| Complete 
|  93|0x0000000085d00000, 0x0000000085e00000, 0x0000000085e00000|100%| O|  |TAMS 0x0000000085e00000, 0x0000000085d00000| Untracked 
|  94|0x0000000085e00000, 0x0000000085f00000, 0x0000000085f00000|100%|HS|  |TAMS 0x0000000085f00000, 0x0000000085e00000| Complete 
|  95|0x0000000085f00000, 0x0000000086000000, 0x0000000086000000|100%| O|  |TAMS 0x0000000086000000, 0x0000000085f00000| Untracked 
|  96|0x0000000086000000, 0x0000000086100000, 0x0000000086100000|100%| O|  |TAMS 0x0000000086100000, 0x0000000086000000| Untracked 
|  97|0x0000000086100000, 0x0000000086200000, 0x0000000086200000|100%| O|  |TAMS 0x0000000086200000, 0x0000000086100000| Untracked 
|  98|0x0000000086200000, 0x0000000086300000, 0x0000000086300000|100%| O|  |TAMS 0x0000000086300000, 0x0000000086200000| Untracked 
|  99|0x0000000086300000, 0x0000000086400000, 0x0000000086400000|100%| O|  |TAMS 0x0000000086400000, 0x0000000086300000| Complete 
| 100|0x0000000086400000, 0x0000000086500000, 0x0000000086500000|100%| O|  |TAMS 0x0000000086500000, 0x0000000086400000| Untracked 
| 101|0x0000000086500000, 0x0000000086600000, 0x0000000086600000|100%| O|  |TAMS 0x0000000086600000, 0x0000000086500000| Untracked 
| 102|0x0000000086600000, 0x0000000086700000, 0x0000000086700000|100%| O|  |TAMS 0x0000000086700000, 0x0000000086600000| Untracked 
| 103|0x0000000086700000, 0x0000000086800000, 0x0000000086800000|100%| O|  |TAMS 0x0000000086800000, 0x0000000086700000| Complete 
| 104|0x0000000086800000, 0x0000000086900000, 0x0000000086900000|100%| O|  |TAMS 0x0000000086900000, 0x0000000086800000| Untracked 
| 105|0x0000000086900000, 0x0000000086900000, 0x0000000086a00000|  0%| F|  |TAMS 0x0000000086900000, 0x0000000086900000| Untracked 
| 106|0x0000000086a00000, 0x0000000086b00000, 0x0000000086b00000|100%| O|  |TAMS 0x0000000086b00000, 0x0000000086a00000| Complete 
| 107|0x0000000086b00000, 0x0000000086c00000, 0x0000000086c00000|100%| O|  |TAMS 0x0000000086c00000, 0x0000000086b00000| Complete 
| 108|0x0000000086c00000, 0x0000000086c00000, 0x0000000086d00000|  0%| F|  |TAMS 0x0000000086c00000, 0x0000000086c00000| Untracked 
| 109|0x0000000086d00000, 0x0000000086e00000, 0x0000000086e00000|100%| O|  |TAMS 0x0000000086e00000, 0x0000000086d00000| Untracked 
| 110|0x0000000086e00000, 0x0000000086f00000, 0x0000000086f00000|100%| O|  |TAMS 0x0000000086e00000, 0x0000000086e00000| Untracked 
| 111|0x0000000086f00000, 0x0000000086f00000, 0x0000000087000000|  0%| F|  |TAMS 0x0000000086f00000, 0x0000000086f00000| Untracked 
| 112|0x0000000087000000, 0x0000000087000000, 0x0000000087100000|  0%| F|  |TAMS 0x0000000087000000, 0x0000000087000000| Untracked 
| 113|0x0000000087100000, 0x0000000087200000, 0x0000000087200000|100%| O|  |TAMS 0x0000000087200000, 0x0000000087100000| Complete 
| 114|0x0000000087200000, 0x0000000087200000, 0x0000000087300000|  0%| F|  |TAMS 0x0000000087200000, 0x0000000087200000| Untracked 
| 115|0x0000000087300000, 0x0000000087300000, 0x0000000087400000|  0%| F|  |TAMS 0x0000000087300000, 0x0000000087300000| Untracked 
| 116|0x0000000087400000, 0x0000000087500000, 0x0000000087500000|100%| O|  |TAMS 0x0000000087500000, 0x0000000087400000| Untracked 
| 117|0x0000000087500000, 0x0000000087600000, 0x0000000087600000|100%| O|  |TAMS 0x0000000087600000, 0x0000000087500000| Complete 
| 118|0x0000000087600000, 0x0000000087700000, 0x0000000087700000|100%| O|  |TAMS 0x0000000087700000, 0x0000000087600000| Untracked 
| 119|0x0000000087700000, 0x0000000087800000, 0x0000000087800000|100%| O|  |TAMS 0x0000000087800000, 0x0000000087700000| Untracked 
| 120|0x0000000087800000, 0x0000000087900000, 0x0000000087900000|100%| O|  |TAMS 0x0000000087900000, 0x0000000087800000| Untracked 
| 121|0x0000000087900000, 0x0000000087a00000, 0x0000000087a00000|100%| O|  |TAMS 0x0000000087a00000, 0x0000000087900000| Untracked 
| 122|0x0000000087a00000, 0x0000000087b00000, 0x0000000087b00000|100%| O|  |TAMS 0x0000000087b00000, 0x0000000087a00000| Complete 
| 123|0x0000000087b00000, 0x0000000087c00000, 0x0000000087c00000|100%| O|  |TAMS 0x0000000087b56400, 0x0000000087b00000| Untracked 
| 124|0x0000000087c00000, 0x0000000087d00000, 0x0000000087d00000|100%|HS|  |TAMS 0x0000000087c00000, 0x0000000087c00000| Complete 
| 125|0x0000000087d00000, 0x0000000087e00000, 0x0000000087e00000|100%| O|  |TAMS 0x0000000087d00000, 0x0000000087d00000| Untracked 
| 126|0x0000000087e00000, 0x0000000087f00000, 0x0000000087f00000|100%| O|  |TAMS 0x0000000087f00000, 0x0000000087e00000| Untracked 
| 127|0x0000000087f00000, 0x0000000088000000, 0x0000000088000000|100%| O|  |TAMS 0x0000000088000000, 0x0000000087f00000| Untracked 
| 128|0x0000000088000000, 0x0000000088100000, 0x0000000088100000|100%| O|  |TAMS 0x0000000088100000, 0x0000000088000000| Complete 
| 129|0x0000000088100000, 0x0000000088200000, 0x0000000088200000|100%| O|  |TAMS 0x0000000088100000, 0x0000000088100000| Untracked 
| 130|0x0000000088200000, 0x0000000088300000, 0x0000000088300000|100%| O|  |TAMS 0x0000000088200000, 0x0000000088200000| Untracked 
| 131|0x0000000088300000, 0x0000000088400000, 0x0000000088400000|100%| O|  |TAMS 0x0000000088300000, 0x0000000088300000| Untracked 
| 132|0x0000000088400000, 0x0000000088500000, 0x0000000088500000|100%| O|  |TAMS 0x0000000088400000, 0x0000000088400000| Untracked 
| 133|0x0000000088500000, 0x0000000088600000, 0x0000000088600000|100%| O|  |TAMS 0x0000000088500000, 0x0000000088500000| Untracked 
| 134|0x0000000088600000, 0x0000000088700000, 0x0000000088700000|100%| O|  |TAMS 0x0000000088600000, 0x0000000088600000| Untracked 
| 135|0x0000000088700000, 0x0000000088800000, 0x0000000088800000|100%| O|  |TAMS 0x0000000088700000, 0x0000000088700000| Untracked 
| 136|0x0000000088800000, 0x0000000088900000, 0x0000000088900000|100%| O|  |TAMS 0x0000000088800000, 0x0000000088800000| Untracked 
| 137|0x0000000088900000, 0x0000000088a00000, 0x0000000088a00000|100%| O|  |TAMS 0x0000000088900000, 0x0000000088900000| Untracked 
| 138|0x0000000088a00000, 0x0000000088a48c00, 0x0000000088b00000| 28%| O|  |TAMS 0x0000000088a00000, 0x0000000088a00000| Untracked 
| 139|0x0000000088b00000, 0x0000000088b00000, 0x0000000088c00000|  0%| F|  |TAMS 0x0000000088b00000, 0x0000000088b00000| Untracked 
| 140|0x0000000088c00000, 0x0000000088c00000, 0x0000000088d00000|  0%| F|  |TAMS 0x0000000088c00000, 0x0000000088c00000| Untracked 
| 141|0x0000000088d00000, 0x0000000088d00000, 0x0000000088e00000|  0%| F|  |TAMS 0x0000000088d00000, 0x0000000088d00000| Untracked 
| 142|0x0000000088e00000, 0x0000000088e00000, 0x0000000088f00000|  0%| F|  |TAMS 0x0000000088e00000, 0x0000000088e00000| Untracked 
| 143|0x0000000088f00000, 0x0000000088f00000, 0x0000000089000000|  0%| F|  |TAMS 0x0000000088f00000, 0x0000000088f00000| Untracked 
| 144|0x0000000089000000, 0x0000000089000000, 0x0000000089100000|  0%| F|  |TAMS 0x0000000089000000, 0x0000000089000000| Untracked 
| 145|0x0000000089100000, 0x0000000089100000, 0x0000000089200000|  0%| F|  |TAMS 0x0000000089100000, 0x0000000089100000| Untracked 
| 146|0x0000000089200000, 0x0000000089200000, 0x0000000089300000|  0%| F|  |TAMS 0x0000000089200000, 0x0000000089200000| Untracked 
| 147|0x0000000089300000, 0x0000000089300000, 0x0000000089400000|  0%| F|  |TAMS 0x0000000089300000, 0x0000000089300000| Untracked 
| 148|0x0000000089400000, 0x0000000089400000, 0x0000000089500000|  0%| F|  |TAMS 0x0000000089400000, 0x0000000089400000| Untracked 
| 149|0x0000000089500000, 0x0000000089500000, 0x0000000089600000|  0%| F|  |TAMS 0x0000000089500000, 0x0000000089500000| Untracked 
| 150|0x0000000089600000, 0x0000000089600000, 0x0000000089700000|  0%| F|  |TAMS 0x0000000089600000, 0x0000000089600000| Untracked 
| 151|0x0000000089700000, 0x0000000089700000, 0x0000000089800000|  0%| F|  |TAMS 0x0000000089700000, 0x0000000089700000| Untracked 
| 152|0x0000000089800000, 0x0000000089800000, 0x0000000089900000|  0%| F|  |TAMS 0x0000000089800000, 0x0000000089800000| Untracked 
| 153|0x0000000089900000, 0x0000000089900000, 0x0000000089a00000|  0%| F|  |TAMS 0x0000000089900000, 0x0000000089900000| Untracked 
| 154|0x0000000089a00000, 0x0000000089a00000, 0x0000000089b00000|  0%| F|  |TAMS 0x0000000089a00000, 0x0000000089a00000| Untracked 
| 155|0x0000000089b00000, 0x0000000089b00000, 0x0000000089c00000|  0%| F|  |TAMS 0x0000000089b00000, 0x0000000089b00000| Untracked 
| 156|0x0000000089c00000, 0x0000000089c00000, 0x0000000089d00000|  0%| F|  |TAMS 0x0000000089c00000, 0x0000000089c00000| Untracked 
| 157|0x0000000089d00000, 0x0000000089d00000, 0x0000000089e00000|  0%| F|  |TAMS 0x0000000089d00000, 0x0000000089d00000| Untracked 
| 158|0x0000000089e00000, 0x0000000089e00000, 0x0000000089f00000|  0%| F|  |TAMS 0x0000000089e00000, 0x0000000089e00000| Untracked 
| 159|0x0000000089f00000, 0x0000000089f00000, 0x000000008a000000|  0%| F|  |TAMS 0x0000000089f00000, 0x0000000089f00000| Untracked 
| 160|0x000000008a000000, 0x000000008a000000, 0x000000008a100000|  0%| F|  |TAMS 0x000000008a000000, 0x000000008a000000| Untracked 
| 161|0x000000008a100000, 0x000000008a100000, 0x000000008a200000|  0%| F|  |TAMS 0x000000008a100000, 0x000000008a100000| Untracked 
| 162|0x000000008a200000, 0x000000008a200000, 0x000000008a300000|  0%| F|  |TAMS 0x000000008a200000, 0x000000008a200000| Untracked 
| 163|0x000000008a300000, 0x000000008a300000, 0x000000008a400000|  0%| F|  |TAMS 0x000000008a300000, 0x000000008a300000| Untracked 
| 164|0x000000008a400000, 0x000000008a400000, 0x000000008a500000|  0%| F|  |TAMS 0x000000008a400000, 0x000000008a400000| Untracked 
| 165|0x000000008a500000, 0x000000008a500000, 0x000000008a600000|  0%| F|  |TAMS 0x000000008a500000, 0x000000008a500000| Untracked 
| 166|0x000000008a600000, 0x000000008a600000, 0x000000008a700000|  0%| F|  |TAMS 0x000000008a600000, 0x000000008a600000| Untracked 
| 167|0x000000008a700000, 0x000000008a700000, 0x000000008a800000|  0%| F|  |TAMS 0x000000008a700000, 0x000000008a700000| Untracked 
| 168|0x000000008a800000, 0x000000008a800000, 0x000000008a900000|  0%| F|  |TAMS 0x000000008a800000, 0x000000008a800000| Untracked 
| 169|0x000000008a900000, 0x000000008a900000, 0x000000008aa00000|  0%| F|  |TAMS 0x000000008a900000, 0x000000008a900000| Untracked 
| 170|0x000000008aa00000, 0x000000008aa00000, 0x000000008ab00000|  0%| F|  |TAMS 0x000000008aa00000, 0x000000008aa00000| Untracked 
| 171|0x000000008ab00000, 0x000000008ab00000, 0x000000008ac00000|  0%| F|  |TAMS 0x000000008ab00000, 0x000000008ab00000| Untracked 
| 172|0x000000008ac00000, 0x000000008ac00000, 0x000000008ad00000|  0%| F|  |TAMS 0x000000008ac00000, 0x000000008ac00000| Untracked 
| 173|0x000000008ad00000, 0x000000008ad00000, 0x000000008ae00000|  0%| F|  |TAMS 0x000000008ad00000, 0x000000008ad00000| Untracked 
| 174|0x000000008ae00000, 0x000000008ae00000, 0x000000008af00000|  0%| F|  |TAMS 0x000000008ae00000, 0x000000008ae00000| Untracked 
| 175|0x000000008af00000, 0x000000008af00000, 0x000000008b000000|  0%| F|  |TAMS 0x000000008af00000, 0x000000008af00000| Untracked 
| 176|0x000000008b000000, 0x000000008b000000, 0x000000008b100000|  0%| F|  |TAMS 0x000000008b000000, 0x000000008b000000| Untracked 
| 177|0x000000008b100000, 0x000000008b100000, 0x000000008b200000|  0%| F|  |TAMS 0x000000008b100000, 0x000000008b100000| Untracked 
| 178|0x000000008b200000, 0x000000008b200000, 0x000000008b300000|  0%| F|  |TAMS 0x000000008b200000, 0x000000008b200000| Untracked 
| 179|0x000000008b300000, 0x000000008b300000, 0x000000008b400000|  0%| F|  |TAMS 0x000000008b300000, 0x000000008b300000| Untracked 
| 180|0x000000008b400000, 0x000000008b400000, 0x000000008b500000|  0%| F|  |TAMS 0x000000008b400000, 0x000000008b400000| Untracked 
| 181|0x000000008b500000, 0x000000008b500000, 0x000000008b600000|  0%| F|  |TAMS 0x000000008b500000, 0x000000008b500000| Untracked 
| 182|0x000000008b600000, 0x000000008b600000, 0x000000008b700000|  0%| F|  |TAMS 0x000000008b600000, 0x000000008b600000| Untracked 
| 183|0x000000008b700000, 0x000000008b700000, 0x000000008b800000|  0%| F|  |TAMS 0x000000008b700000, 0x000000008b700000| Untracked 
| 184|0x000000008b800000, 0x000000008b800000, 0x000000008b900000|  0%| F|  |TAMS 0x000000008b800000, 0x000000008b800000| Untracked 
| 185|0x000000008b900000, 0x000000008b900000, 0x000000008ba00000|  0%| F|  |TAMS 0x000000008b900000, 0x000000008b900000| Untracked 
| 186|0x000000008ba00000, 0x000000008ba00000, 0x000000008bb00000|  0%| F|  |TAMS 0x000000008ba00000, 0x000000008ba00000| Untracked 
| 187|0x000000008bb00000, 0x000000008bb00000, 0x000000008bc00000|  0%| F|  |TAMS 0x000000008bb00000, 0x000000008bb00000| Untracked 
| 188|0x000000008bc00000, 0x000000008bc00000, 0x000000008bd00000|  0%| F|  |TAMS 0x000000008bc00000, 0x000000008bc00000| Untracked 
| 189|0x000000008bd00000, 0x000000008bd00000, 0x000000008be00000|  0%| F|  |TAMS 0x000000008bd00000, 0x000000008bd00000| Untracked 
| 190|0x000000008be00000, 0x000000008be00000, 0x000000008bf00000|  0%| F|  |TAMS 0x000000008be00000, 0x000000008be00000| Untracked 
| 191|0x000000008bf00000, 0x000000008bf00000, 0x000000008c000000|  0%| F|  |TAMS 0x000000008bf00000, 0x000000008bf00000| Untracked 
| 192|0x000000008c000000, 0x000000008c000000, 0x000000008c100000|  0%| F|  |TAMS 0x000000008c000000, 0x000000008c000000| Untracked 
| 193|0x000000008c100000, 0x000000008c100000, 0x000000008c200000|  0%| F|  |TAMS 0x000000008c100000, 0x000000008c100000| Untracked 
| 194|0x000000008c200000, 0x000000008c200000, 0x000000008c300000|  0%| F|  |TAMS 0x000000008c200000, 0x000000008c200000| Untracked 
| 195|0x000000008c300000, 0x000000008c300000, 0x000000008c400000|  0%| F|  |TAMS 0x000000008c300000, 0x000000008c300000| Untracked 
| 196|0x000000008c400000, 0x000000008c400000, 0x000000008c500000|  0%| F|  |TAMS 0x000000008c400000, 0x000000008c400000| Untracked 
| 197|0x000000008c500000, 0x000000008c500000, 0x000000008c600000|  0%| F|  |TAMS 0x000000008c500000, 0x000000008c500000| Untracked 
| 198|0x000000008c600000, 0x000000008c600000, 0x000000008c700000|  0%| F|  |TAMS 0x000000008c600000, 0x000000008c600000| Untracked 
| 199|0x000000008c700000, 0x000000008c700000, 0x000000008c800000|  0%| F|  |TAMS 0x000000008c700000, 0x000000008c700000| Untracked 
| 200|0x000000008c800000, 0x000000008c800000, 0x000000008c900000|  0%| F|  |TAMS 0x000000008c800000, 0x000000008c800000| Untracked 
| 201|0x000000008c900000, 0x000000008c900000, 0x000000008ca00000|  0%| F|  |TAMS 0x000000008c900000, 0x000000008c900000| Untracked 
| 202|0x000000008ca00000, 0x000000008ca00000, 0x000000008cb00000|  0%| F|  |TAMS 0x000000008ca00000, 0x000000008ca00000| Untracked 
| 203|0x000000008cb00000, 0x000000008cb00000, 0x000000008cc00000|  0%| F|  |TAMS 0x000000008cb00000, 0x000000008cb00000| Untracked 
| 204|0x000000008cc00000, 0x000000008cc00000, 0x000000008cd00000|  0%| F|  |TAMS 0x000000008cc00000, 0x000000008cc00000| Untracked 
| 205|0x000000008cd00000, 0x000000008cd00000, 0x000000008ce00000|  0%| F|  |TAMS 0x000000008cd00000, 0x000000008cd00000| Untracked 
| 206|0x000000008ce00000, 0x000000008ce00000, 0x000000008cf00000|  0%| F|  |TAMS 0x000000008ce00000, 0x000000008ce00000| Untracked 
| 207|0x000000008cf00000, 0x000000008cf00000, 0x000000008d000000|  0%| F|  |TAMS 0x000000008cf00000, 0x000000008cf00000| Untracked 
| 208|0x000000008d000000, 0x000000008d000000, 0x000000008d100000|  0%| F|  |TAMS 0x000000008d000000, 0x000000008d000000| Untracked 
| 209|0x000000008d100000, 0x000000008d100000, 0x000000008d200000|  0%| F|  |TAMS 0x000000008d100000, 0x000000008d100000| Untracked 
| 210|0x000000008d200000, 0x000000008d200000, 0x000000008d300000|  0%| F|  |TAMS 0x000000008d200000, 0x000000008d200000| Untracked 
| 211|0x000000008d300000, 0x000000008d300000, 0x000000008d400000|  0%| F|  |TAMS 0x000000008d300000, 0x000000008d300000| Untracked 
| 212|0x000000008d400000, 0x000000008d400000, 0x000000008d500000|  0%| F|  |TAMS 0x000000008d400000, 0x000000008d400000| Untracked 
| 213|0x000000008d500000, 0x000000008d500000, 0x000000008d600000|  0%| F|  |TAMS 0x000000008d500000, 0x000000008d500000| Untracked 
| 214|0x000000008d600000, 0x000000008d600000, 0x000000008d700000|  0%| F|  |TAMS 0x000000008d600000, 0x000000008d600000| Untracked 
| 215|0x000000008d700000, 0x000000008d700000, 0x000000008d800000|  0%| F|  |TAMS 0x000000008d700000, 0x000000008d700000| Untracked 
| 216|0x000000008d800000, 0x000000008d800000, 0x000000008d900000|  0%| F|  |TAMS 0x000000008d800000, 0x000000008d800000| Untracked 
| 217|0x000000008d900000, 0x000000008d900000, 0x000000008da00000|  0%| F|  |TAMS 0x000000008d900000, 0x000000008d900000| Untracked 
| 218|0x000000008da00000, 0x000000008da00000, 0x000000008db00000|  0%| F|  |TAMS 0x000000008da00000, 0x000000008da00000| Untracked 
| 219|0x000000008db00000, 0x000000008db00000, 0x000000008dc00000|  0%| F|  |TAMS 0x000000008db00000, 0x000000008db00000| Untracked 
| 220|0x000000008dc00000, 0x000000008dc00000, 0x000000008dd00000|  0%| F|  |TAMS 0x000000008dc00000, 0x000000008dc00000| Untracked 
| 221|0x000000008dd00000, 0x000000008dd00000, 0x000000008de00000|  0%| F|  |TAMS 0x000000008dd00000, 0x000000008dd00000| Untracked 
| 222|0x000000008de00000, 0x000000008de00000, 0x000000008df00000|  0%| F|  |TAMS 0x000000008de00000, 0x000000008de00000| Untracked 
| 223|0x000000008df00000, 0x000000008df00000, 0x000000008e000000|  0%| F|  |TAMS 0x000000008df00000, 0x000000008df00000| Untracked 
| 224|0x000000008e000000, 0x000000008e000000, 0x000000008e100000|  0%| F|  |TAMS 0x000000008e000000, 0x000000008e000000| Untracked 
| 225|0x000000008e100000, 0x000000008e100000, 0x000000008e200000|  0%| F|  |TAMS 0x000000008e100000, 0x000000008e100000| Untracked 
| 226|0x000000008e200000, 0x000000008e200000, 0x000000008e300000|  0%| F|  |TAMS 0x000000008e200000, 0x000000008e200000| Untracked 
| 227|0x000000008e300000, 0x000000008e300000, 0x000000008e400000|  0%| F|  |TAMS 0x000000008e300000, 0x000000008e300000| Untracked 
| 228|0x000000008e400000, 0x000000008e400000, 0x000000008e500000|  0%| F|  |TAMS 0x000000008e400000, 0x000000008e400000| Untracked 
| 229|0x000000008e500000, 0x000000008e500000, 0x000000008e600000|  0%| F|  |TAMS 0x000000008e500000, 0x000000008e500000| Untracked 
| 230|0x000000008e600000, 0x000000008e600000, 0x000000008e700000|  0%| F|  |TAMS 0x000000008e600000, 0x000000008e600000| Untracked 
| 231|0x000000008e700000, 0x000000008e700000, 0x000000008e800000|  0%| F|  |TAMS 0x000000008e700000, 0x000000008e700000| Untracked 
| 232|0x000000008e800000, 0x000000008e800000, 0x000000008e900000|  0%| F|  |TAMS 0x000000008e800000, 0x000000008e800000| Untracked 
| 233|0x000000008e900000, 0x000000008e900000, 0x000000008ea00000|  0%| F|  |TAMS 0x000000008e900000, 0x000000008e900000| Untracked 
| 234|0x000000008ea00000, 0x000000008ea00000, 0x000000008eb00000|  0%| F|  |TAMS 0x000000008ea00000, 0x000000008ea00000| Untracked 
| 235|0x000000008eb00000, 0x000000008eb00000, 0x000000008ec00000|  0%| F|  |TAMS 0x000000008eb00000, 0x000000008eb00000| Untracked 
| 236|0x000000008ec00000, 0x000000008ed00000, 0x000000008ed00000|100%| S|CS|TAMS 0x000000008ec00000, 0x000000008ec00000| Complete 
| 237|0x000000008ed00000, 0x000000008ee00000, 0x000000008ee00000|100%| S|CS|TAMS 0x000000008ed00000, 0x000000008ed00000| Complete 
| 238|0x000000008ee00000, 0x000000008ee00000, 0x000000008ef00000|  0%| F|  |TAMS 0x000000008ee00000, 0x000000008ee00000| Untracked 
| 239|0x000000008ef00000, 0x000000008ef00000, 0x000000008f000000|  0%| F|  |TAMS 0x000000008ef00000, 0x000000008ef00000| Untracked 
| 240|0x000000008f000000, 0x000000008f000000, 0x000000008f100000|  0%| F|  |TAMS 0x000000008f000000, 0x000000008f000000| Untracked 
| 241|0x000000008f100000, 0x000000008f100000, 0x000000008f200000|  0%| F|  |TAMS 0x000000008f100000, 0x000000008f100000| Untracked 
| 242|0x000000008f200000, 0x000000008f200000, 0x000000008f300000|  0%| F|  |TAMS 0x000000008f200000, 0x000000008f200000| Untracked 
| 243|0x000000008f300000, 0x000000008f300000, 0x000000008f400000|  0%| F|  |TAMS 0x000000008f300000, 0x000000008f300000| Untracked 

Card table byte_map: [0x000001ae3c180000,0x000001ae3c580000] _byte_map_base: 0x000001ae3bd80000

Marking Bits (Prev, Next): (CMBitMap*) 0x000001ae28e13430, (CMBitMap*) 0x000001ae28e133f8
 Prev Bits: [0x000001ae3e980000, 0x000001ae40980000)
 Next Bits: [0x000001ae3c980000, 0x000001ae3e980000)

Polling page: 0x000001ae27570000

Metaspace:

Usage:
  Non-class:     91.26 MB capacity,    89.75 MB ( 98%) used,     1.23 MB (  1%) free+waste,   285.00 KB ( <1%) overhead. 
      Class:     13.60 MB capacity,    12.73 MB ( 94%) used,   768.96 KB (  6%) free+waste,   125.00 KB ( <1%) overhead. 
       Both:    104.87 MB capacity,   102.49 MB ( 98%) used,     1.98 MB (  2%) free+waste,   410.00 KB ( <1%) overhead. 

Virtual space:
  Non-class space:       92.00 MB reserved,      91.50 MB (>99%) committed 
      Class space:        1.00 GB reserved,      13.70 MB (  1%) committed 
             Both:        1.09 GB reserved,     105.20 MB (  9%) committed 

Chunk freelists:
   Non-Class:  51.00 KB
       Class:  21.00 KB
        Both:  72.00 KB

MaxMetaspaceSize: 17179869184.00 GB
CompressedClassSpaceSize: 1.00 GB

CodeHeap 'non-profiled nmethods': size=120064Kb used=8353Kb max_used=8758Kb free=111710Kb
 bounds [0x000001ae34220000, 0x000001ae34ab0000, 0x000001ae3b760000]
CodeHeap 'profiled nmethods': size=120000Kb used=30152Kb max_used=32016Kb free=89847Kb
 bounds [0x000001ae2ccf0000, 0x000001ae2ec40000, 0x000001ae34220000]
CodeHeap 'non-nmethods': size=5696Kb used=2308Kb max_used=2362Kb free=3387Kb
 bounds [0x000001ae2c760000, 0x000001ae2c9d0000, 0x000001ae2ccf0000]
 total_blobs=14960 nmethods=14039 adapters=832
 compilation: enabled
              stopped_count=0, restarted_count=0
 full_count=0

Compilation events (20 events):
Event: 87.275 Thread 0x000001ae43003000 15531       3       com.android.tools.r8.r.e::a (8 bytes)
Event: 87.275 Thread 0x000001ae43003000 nmethod 15531 0x000001ae2ccfd490 code [0x000001ae2ccfd640, 0x000001ae2ccfd738]
Event: 87.275 Thread 0x000001ae43003000 15532       3       com.android.tools.r8.graph.n0::<init> (43 bytes)
Event: 87.276 Thread 0x000001ae43003000 nmethod 15532 0x000001ae2cd3c710 code [0x000001ae2cd3c8e0, 0x000001ae2cd3cb48]
Event: 87.276 Thread 0x000001ae43003000 15533       3       com.android.tools.r8.graph.n0::<init> (130 bytes)
Event: 87.277 Thread 0x000001ae43003000 nmethod 15533 0x000001ae2cd88510 code [0x000001ae2cd88780, 0x000001ae2cd89358]
Event: 87.277 Thread 0x000001ae43003000 15534       3       com.android.tools.r8.dex.n$c::a (57 bytes)
Event: 87.277 Thread 0x000001ae43003000 nmethod 15534 0x000001ae2cd55090 code [0x000001ae2cd552a0, 0x000001ae2cd55978]
Event: 87.277 Thread 0x000001ae43003000 15535       3       com.android.tools.r8.graph.J::b (41 bytes)
Event: 87.278 Thread 0x000001ae43003000 nmethod 15535 0x000001ae2cd3c090 code [0x000001ae2cd3c260, 0x000001ae2cd3c598]
Event: 87.278 Thread 0x000001ae43003000 15536       3       com.android.tools.r8.graph.J::a (41 bytes)
Event: 87.278 Thread 0x000001ae43003000 nmethod 15536 0x000001ae2cd49690 code [0x000001ae2cd49860, 0x000001ae2cd49b98]
Event: 87.278 Thread 0x000001ae43003000 15537       3       com.android.tools.r8.graph.t1::<init> (72 bytes)
Event: 87.279 Thread 0x000001ae43003000 nmethod 15537 0x000001ae2cdac990 code [0x000001ae2cdacc20, 0x000001ae2cdad6e8]
Event: 87.279 Thread 0x000001ae43003000 15538       3       com.android.tools.r8.dex.a$a$$Lambda$1070/0x0000000100d35040::accept (14 bytes)
Event: 87.279 Thread 0x000001ae43003000 nmethod 15538 0x000001ae2cd51810 code [0x000001ae2cd519e0, 0x000001ae2cd51c88]
Event: 87.279 Thread 0x000001ae43003000 15539       3       com.android.tools.r8.graph.w$$Lambda$1065/0x0000000100d36840::accept (16 bytes)
Event: 87.279 Thread 0x000001ae43003000 nmethod 15539 0x000001ae2cd52710 code [0x000001ae2cd528e0, 0x000001ae2cd52b08]
Event: 87.279 Thread 0x000001ae43003000 15540       3       com.android.tools.r8.graph.w::a (38 bytes)
Event: 87.279 Thread 0x000001ae43003000 nmethod 15540 0x000001ae2cd5e410 code [0x000001ae2cd5e5c0, 0x000001ae2cd5e788]

GC Heap History (20 events):
Event: 80.304 GC heap after
{Heap after GC invocations=56 (full 0):
 garbage-first heap   total 207872K, used 99361K [0x0000000080000000, 0x0000000100000000)
  region size 1024K, 2 young (2048K), 2 survivors (2048K)
 Metaspace       used 92181K, capacity 94391K, committed 94668K, reserved 1132544K
  class space    used 11378K, capacity 12199K, committed 12236K, reserved 1048576K
}
Event: 80.361 GC heap before
{Heap before GC invocations=56 (full 0):
 garbage-first heap   total 207872K, used 107553K [0x0000000080000000, 0x0000000100000000)
  region size 1024K, 10 young (10240K), 2 survivors (2048K)
 Metaspace       used 92182K, capacity 94391K, committed 94668K, reserved 1132544K
  class space    used 11378K, capacity 12199K, committed 12236K, reserved 1048576K
}
Event: 80.366 GC heap after
{Heap after GC invocations=57 (full 0):
 garbage-first heap   total 207872K, used 86212K [0x0000000080000000, 0x0000000100000000)
  region size 1024K, 1 young (1024K), 1 survivors (1024K)
 Metaspace       used 92182K, capacity 94391K, committed 94668K, reserved 1132544K
  class space    used 11378K, capacity 12199K, committed 12236K, reserved 1048576K
}
Event: 80.770 GC heap before
{Heap before GC invocations=57 (full 0):
 garbage-first heap   total 207872K, used 133316K [0x0000000080000000, 0x0000000100000000)
  region size 1024K, 47 young (48128K), 1 survivors (1024K)
 Metaspace       used 92333K, capacity 94519K, committed 94668K, reserved 1132544K
  class space    used 11382K, capacity 12199K, committed 12236K, reserved 1048576K
}
Event: 80.773 GC heap after
{Heap after GC invocations=58 (full 0):
 garbage-first heap   total 207872K, used 85679K [0x0000000080000000, 0x0000000100000000)
  region size 1024K, 1 young (1024K), 1 survivors (1024K)
 Metaspace       used 92333K, capacity 94519K, committed 94668K, reserved 1132544K
  class space    used 11382K, capacity 12199K, committed 12236K, reserved 1048576K
}
Event: 81.862 GC heap before
{Heap before GC invocations=58 (full 0):
 garbage-first heap   total 207872K, used 146095K [0x0000000080000000, 0x0000000100000000)
  region size 1024K, 61 young (62464K), 1 survivors (1024K)
 Metaspace       used 93235K, capacity 95512K, committed 95820K, reserved 1132544K
  class space    used 11451K, capacity 12268K, committed 12364K, reserved 1048576K
}
Event: 81.868 GC heap after
{Heap after GC invocations=59 (full 0):
 garbage-first heap   total 207872K, used 86752K [0x0000000080000000, 0x0000000100000000)
  region size 1024K, 2 young (2048K), 2 survivors (2048K)
 Metaspace       used 93235K, capacity 95512K, committed 95820K, reserved 1132544K
  class space    used 11451K, capacity 12268K, committed 12364K, reserved 1048576K
}
Event: 83.072 GC heap before
{Heap before GC invocations=59 (full 0):
 garbage-first heap   total 207872K, used 154336K [0x0000000080000000, 0x0000000100000000)
  region size 1024K, 69 young (70656K), 2 survivors (2048K)
 Metaspace       used 96030K, capacity 98265K, committed 98380K, reserved 1134592K
  class space    used 11782K, capacity 12581K, committed 12620K, reserved 1048576K
}
Event: 83.082 GC heap after
{Heap after GC invocations=60 (full 0):
 garbage-first heap   total 207872K, used 87704K [0x0000000080000000, 0x0000000100000000)
  region size 1024K, 3 young (3072K), 3 survivors (3072K)
 Metaspace       used 96030K, capacity 98265K, committed 98380K, reserved 1134592K
  class space    used 11782K, capacity 12581K, committed 12620K, reserved 1048576K
}
Event: 84.256 GC heap before
{Heap before GC invocations=60 (full 0):
 garbage-first heap   total 207872K, used 156312K [0x0000000080000000, 0x0000000100000000)
  region size 1024K, 71 young (72704K), 3 survivors (3072K)
 Metaspace       used 98886K, capacity 101108K, committed 101324K, reserved 1138688K
  class space    used 12132K, capacity 12929K, committed 13004K, reserved 1048576K
}
Event: 84.270 GC heap after
{Heap after GC invocations=61 (full 0):
 garbage-first heap   total 207872K, used 91372K [0x0000000080000000, 0x0000000100000000)
  region size 1024K, 6 young (6144K), 6 survivors (6144K)
 Metaspace       used 98886K, capacity 101108K, committed 101324K, reserved 1138688K
  class space    used 12132K, capacity 12929K, committed 13004K, reserved 1048576K
}
Event: 85.244 GC heap before
{Heap before GC invocations=61 (full 0):
 garbage-first heap   total 207872K, used 167148K [0x0000000080000000, 0x0000000100000000)
  region size 1024K, 75 young (76800K), 6 survivors (6144K)
 Metaspace       used 100241K, capacity 102566K, committed 102860K, reserved 1138688K
  class space    used 12305K, capacity 13146K, committed 13260K, reserved 1048576K
}
Event: 85.266 GC heap after
{Heap after GC invocations=62 (full 0):
 garbage-first heap   total 249856K, used 106187K [0x0000000080000000, 0x0000000100000000)
  region size 1024K, 10 young (10240K), 10 survivors (10240K)
 Metaspace       used 100241K, capacity 102566K, committed 102860K, reserved 1138688K
  class space    used 12305K, capacity 13146K, committed 13260K, reserved 1048576K
}
Event: 86.283 GC heap before
{Heap before GC invocations=62 (full 0):
 garbage-first heap   total 249856K, used 194251K [0x0000000080000000, 0x0000000100000000)
  region size 1024K, 85 young (87040K), 10 survivors (10240K)
 Metaspace       used 102647K, capacity 105012K, committed 105164K, reserved 1140736K
  class space    used 12624K, capacity 13485K, committed 13516K, reserved 1048576K
}
Event: 86.321 GC heap after
{Heap after GC invocations=63 (full 0):
 garbage-first heap   total 249856K, used 128801K [0x0000000080000000, 0x0000000100000000)
  region size 1024K, 11 young (11264K), 11 survivors (11264K)
 Metaspace       used 102647K, capacity 105012K, committed 105164K, reserved 1140736K
  class space    used 12624K, capacity 13485K, committed 13516K, reserved 1048576K
}
Event: 86.430 GC heap before
{Heap before GC invocations=63 (full 0):
 garbage-first heap   total 249856K, used 145185K [0x0000000080000000, 0x0000000100000000)
  region size 1024K, 28 young (28672K), 11 survivors (11264K)
 Metaspace       used 102726K, capacity 105062K, committed 105164K, reserved 1140736K
  class space    used 12638K, capacity 13502K, committed 13516K, reserved 1048576K
}
Event: 86.485 GC heap after
{Heap after GC invocations=64 (full 0):
 garbage-first heap   total 249856K, used 134417K [0x0000000080000000, 0x0000000100000000)
  region size 1024K, 5 young (5120K), 5 survivors (5120K)
 Metaspace       used 102726K, capacity 105062K, committed 105164K, reserved 1140736K
  class space    used 12638K, capacity 13502K, committed 13516K, reserved 1048576K
}
Event: 87.190 GC heap before
{Heap before GC invocations=65 (full 0):
 garbage-first heap   total 249856K, used 178449K [0x0000000080000000, 0x0000000100000000)
  region size 1024K, 49 young (50176K), 5 survivors (5120K)
 Metaspace       used 104901K, capacity 107376K, committed 107724K, reserved 1142784K
  class space    used 13037K, capacity 13931K, committed 14028K, reserved 1048576K
}
Event: 87.220 GC heap after
{Heap after GC invocations=66 (full 0):
 garbage-first heap   total 249856K, used 140245K [0x0000000080000000, 0x0000000100000000)
  region size 1024K, 6 young (6144K), 6 survivors (6144K)
 Metaspace       used 104901K, capacity 107376K, committed 107724K, reserved 1142784K
  class space    used 13037K, capacity 13931K, committed 14028K, reserved 1048576K
}
Event: 87.286 GC heap before
{Heap before GC invocations=66 (full 0):
 garbage-first heap   total 249856K, used 146389K [0x0000000080000000, 0x0000000100000000)
  region size 1024K, 12 young (12288K), 6 survivors (6144K)
 Metaspace       used 104945K, capacity 107384K, committed 107724K, reserved 1142784K
  class space    used 13037K, capacity 13931K, committed 14028K, reserved 1048576K
}

Deoptimization events (20 events):
Event: 86.992 Thread 0x000001ae464ac000 Uncommon trap: trap_request=0xffffff4d fr.pc=0x000001ae34a60ea4 relative=0x0000000000000084
Event: 86.992 Thread 0x000001ae464ac000 Uncommon trap: reason=unstable_if action=reinterpret pc=0x000001ae34a60ea4 method=com.android.tools.r8.utils.a0.d(I)Z @ 45 c2
Event: 86.992 Thread 0x000001ae464ac000 DEOPT PACKING pc=0x000001ae34a60ea4 sp=0x00000025e36fe480
Event: 86.992 Thread 0x000001ae464ac000 DEOPT UNPACKING pc=0x000001ae2c7874af sp=0x00000025e36fe418 mode 2
Event: 87.239 Thread 0x000001ae464a7000 Uncommon trap: trap_request=0xffffffbe fr.pc=0x000001ae342dba24 relative=0x0000000000000a44
Event: 87.239 Thread 0x000001ae464a7000 Uncommon trap: reason=profile_predicate action=maybe_recompile pc=0x000001ae342dba24 method=com.android.tools.r8.dex.n$d.a(Lcom/android/tools/r8/graph/j0;)Lcom/android/tools/r8/graph/g0; @ 13 c2
Event: 87.239 Thread 0x000001ae464a7000 DEOPT PACKING pc=0x000001ae342dba24 sp=0x00000025e34fef80
Event: 87.239 Thread 0x000001ae464a7000 DEOPT UNPACKING pc=0x000001ae2c7874af sp=0x00000025e34fef28 mode 2
Event: 87.239 Thread 0x000001ae464a7000 Uncommon trap: trap_request=0xffffffbe fr.pc=0x000001ae342dba24 relative=0x0000000000000a44
Event: 87.239 Thread 0x000001ae464a7000 Uncommon trap: reason=profile_predicate action=maybe_recompile pc=0x000001ae342dba24 method=com.android.tools.r8.dex.n$d.a(Lcom/android/tools/r8/graph/j0;)Lcom/android/tools/r8/graph/g0; @ 13 c2
Event: 87.239 Thread 0x000001ae464a7000 DEOPT PACKING pc=0x000001ae342dba24 sp=0x00000025e34fefa0
Event: 87.239 Thread 0x000001ae464a7000 DEOPT UNPACKING pc=0x000001ae2c7874af sp=0x00000025e34fef48 mode 2
Event: 87.239 Thread 0x000001ae464a7000 Uncommon trap: trap_request=0xffffffbe fr.pc=0x000001ae342dba24 relative=0x0000000000000a44
Event: 87.239 Thread 0x000001ae464a7000 Uncommon trap: reason=profile_predicate action=maybe_recompile pc=0x000001ae342dba24 method=com.android.tools.r8.dex.n$d.a(Lcom/android/tools/r8/graph/j0;)Lcom/android/tools/r8/graph/g0; @ 13 c2
Event: 87.239 Thread 0x000001ae464a7000 DEOPT PACKING pc=0x000001ae342dba24 sp=0x00000025e34fef80
Event: 87.239 Thread 0x000001ae464a7000 DEOPT UNPACKING pc=0x000001ae2c7874af sp=0x00000025e34fef28 mode 2
Event: 87.239 Thread 0x000001ae464a7000 Uncommon trap: trap_request=0xffffffbe fr.pc=0x000001ae342dba24 relative=0x0000000000000a44
Event: 87.239 Thread 0x000001ae464a7000 Uncommon trap: reason=profile_predicate action=maybe_recompile pc=0x000001ae342dba24 method=com.android.tools.r8.dex.n$d.a(Lcom/android/tools/r8/graph/j0;)Lcom/android/tools/r8/graph/g0; @ 13 c2
Event: 87.239 Thread 0x000001ae464a7000 DEOPT PACKING pc=0x000001ae342dba24 sp=0x00000025e34fef80
Event: 87.240 Thread 0x000001ae464a7000 DEOPT UNPACKING pc=0x000001ae2c7874af sp=0x00000025e34fef28 mode 2

Classes redefined (0 events):
No events

Internal exceptions (20 events):
Event: 85.886 Thread 0x000001ae47061800 Exception <a 'sun/nio/fs/WindowsException'{0x000000008ce23758}> (0x000000008ce23758) thrown at [./src/hotspot/share/prims/jni.cpp, line 615]
Event: 85.886 Thread 0x000001ae47061800 Exception <a 'sun/nio/fs/WindowsException'{0x000000008ce24e20}> (0x000000008ce24e20) thrown at [./src/hotspot/share/prims/jni.cpp, line 615]
Event: 85.886 Thread 0x000001ae47061800 Exception <a 'sun/nio/fs/WindowsException'{0x000000008ce25240}> (0x000000008ce25240) thrown at [./src/hotspot/share/prims/jni.cpp, line 615]
Event: 85.887 Thread 0x000001ae47061800 Exception <a 'sun/nio/fs/WindowsException'{0x000000008ce268e8}> (0x000000008ce268e8) thrown at [./src/hotspot/share/prims/jni.cpp, line 615]
Event: 85.887 Thread 0x000001ae47061800 Exception <a 'sun/nio/fs/WindowsException'{0x000000008ce26c50}> (0x000000008ce26c50) thrown at [./src/hotspot/share/prims/jni.cpp, line 615]
Event: 85.889 Thread 0x000001ae47061800 Exception <a 'sun/nio/fs/WindowsException'{0x000000008ce28310}> (0x000000008ce28310) thrown at [./src/hotspot/share/prims/jni.cpp, line 615]
Event: 85.889 Thread 0x000001ae47061800 Exception <a 'sun/nio/fs/WindowsException'{0x000000008ce28618}> (0x000000008ce28618) thrown at [./src/hotspot/share/prims/jni.cpp, line 615]
Event: 85.890 Thread 0x000001ae47061800 Exception <a 'sun/nio/fs/WindowsException'{0x000000008ce29ca8}> (0x000000008ce29ca8) thrown at [./src/hotspot/share/prims/jni.cpp, line 615]
Event: 85.903 Thread 0x000001ae47061800 Exception <a 'java/lang/NoSuchMethodError'{0x000000008c44f230}: <clinit>> (0x000000008c44f230) thrown at [./src/hotspot/share/prims/jni.cpp, line 1362]
Event: 85.910 Thread 0x000001ae47061800 Exception <a 'java/lang/NoSuchMethodError'{0x000000008c361008}: <clinit>> (0x000000008c361008) thrown at [./src/hotspot/share/prims/jni.cpp, line 1362]
Event: 86.028 Thread 0x000001ae47062800 Exception <a 'java/lang/NoSuchMethodError'{0x000000008b79a9d8}: 'void java.lang.invoke.DirectMethodHandle$Holder.invokeStatic(java.lang.Object, long)'> (0x000000008b79a9d8) thrown at [./src/hotspot/share/interpreter/linkResolver.cpp, line 773]
Event: 86.029 Thread 0x000001ae47062800 Exception <a 'java/lang/NoSuchMethodError'{0x000000008b79fbf0}: 'java.lang.Object java.lang.invoke.DirectMethodHandle$Holder.invokeStatic(java.lang.Object, long)'> (0x000000008b79fbf0) thrown at [./src/hotspot/share/interpreter/linkResolver.cpp, line 773]
Event: 86.030 Thread 0x000001ae47062800 Exception <a 'java/lang/NoSuchMethodError'{0x000000008b7a5f70}: 'java.lang.Object java.lang.invoke.Invokers$Holder.linkToTargetMethod(long, java.lang.Object)'> (0x000000008b7a5f70) thrown at [./src/hotspot/share/interpreter/linkResolver.cpp, line 773]
Event: 86.032 Thread 0x000001ae47062800 Exception <a 'java/lang/NoSuchMethodError'{0x000000008b7ae488}: 'java.lang.Object java.lang.invoke.DirectMethodHandle$Holder.invokeStaticInit(java.lang.Object, java.lang.Object, long, java.lang.Object)'> (0x000000008b7ae488) thrown at [./src/hotspot/share/interpreter/linkResolver.cpp, line 773]
Event: 86.032 Thread 0x000001ae47062800 Exception <a 'java/lang/NoSuchMethodError'{0x000000008b7b4620}: 'java.lang.Object java.lang.invoke.DirectMethodHandle$Holder.invokeStatic(java.lang.Object, java.lang.Object, long)'> (0x000000008b7b4620) thrown at [./src/hotspot/share/interpreter/linkResolver.cpp, line 773]
Event: 86.034 Thread 0x000001ae47062800 Exception <a 'java/lang/NoSuchMethodError'{0x000000008b6ae5f8}: 'java.lang.Object java.lang.invoke.Invokers$Holder.linkToTargetMethod(java.lang.Object, long, java.lang.Object)'> (0x000000008b6ae5f8) thrown at [./src/hotspot/share/interpreter/linkResolver.cpp, line 773]
Event: 86.381 Thread 0x000001ae48e2e000 Exception <a 'java/lang/NoSuchMethodError'{0x000000008ec8f520}: 'java.lang.Object java.lang.invoke.DirectMethodHandle$Holder.invokeVirtual(java.lang.Object, java.lang.Object, int)'> (0x000000008ec8f520) thrown at [./src/hotspot/share/interpreter/linkResolver.cpp, line 773]
Event: 86.385 Thread 0x000001ae48e2e000 Exception <a 'java/lang/NoSuchMethodError'{0x000000008ead17d0}: 'void java.lang.invoke.DirectMethodHandle$Holder.invokeStatic(java.lang.Object, java.lang.Object, java.lang.Object, int)'> (0x000000008ead17d0) thrown at [./src/hotspot/share/interpreter/linkResolver.cpp, line 773]
Event: 86.647 Thread 0x000001ae47062800 Exception <a 'java/lang/NoSuchMethodError'{0x000000008ecc1788}: 'int java.lang.invoke.DirectMethodHandle$Holder.invokeSpecialIFC(java.lang.Object, java.lang.Object, java.lang.Object)'> (0x000000008ecc1788) thrown at [./src/hotspot/share/interpreter/linkResolver.cpp, line 773]
Event: 86.853 Thread 0x000001ae464a7000 Exception <a 'java/lang/NoSuchMethodError'{0x000000008d82b4e0}: 'java.lang.Object java.lang.invoke.DirectMethodHandle$Holder.newInvokeSpecial(java.lang.Object, int)'> (0x000000008d82b4e0) thrown at [./src/hotspot/share/interpreter/linkResolver.cpp, line 773]

Events (20 events):
Event: 87.255 Thread 0x000001ae4300a000 flushing nmethod 0x000001ae2dbf3610
Event: 87.255 Thread 0x000001ae4300a000 flushing nmethod 0x000001ae2dc1c910
Event: 87.255 Thread 0x000001ae4300a000 flushing nmethod 0x000001ae2dc35510
Event: 87.255 Thread 0x000001ae4300a000 flushing nmethod 0x000001ae2dc46c10
Event: 87.255 Thread 0x000001ae4300a000 flushing nmethod 0x000001ae2dc47210
Event: 87.256 Thread 0x000001ae4300a000 flushing nmethod 0x000001ae2dd3eb10
Event: 87.256 Thread 0x000001ae4300a000 flushing nmethod 0x000001ae2dd3f690
Event: 87.256 Thread 0x000001ae4300a000 flushing nmethod 0x000001ae2dd3fb90
Event: 87.256 Thread 0x000001ae4300a000 flushing nmethod 0x000001ae2de39e10
Event: 87.256 Thread 0x000001ae4300a000 flushing nmethod 0x000001ae2de3ed90
Event: 87.256 Thread 0x000001ae4300a000 flushing nmethod 0x000001ae2de3f110
Event: 87.256 Thread 0x000001ae4300a000 flushing nmethod 0x000001ae2de3f990
Event: 87.256 Thread 0x000001ae4300a000 flushing nmethod 0x000001ae2de40810
Event: 87.256 Thread 0x000001ae4300a000 flushing nmethod 0x000001ae2de40f90
Event: 87.257 Thread 0x000001ae4300a000 flushing nmethod 0x000001ae2de62990
Event: 87.257 Thread 0x000001ae4300a000 flushing nmethod 0x000001ae2dedf510
Event: 87.257 Thread 0x000001ae4300a000 flushing nmethod 0x000001ae2deff790
Event: 87.257 Thread 0x000001ae4300a000 flushing nmethod 0x000001ae2df44510
Event: 87.257 Thread 0x000001ae4300a000 flushing nmethod 0x000001ae2df44c90
Event: 87.286 Executing VM operation: G1CollectForAllocation


Dynamic libraries:
0x00007ff6d1270000 - 0x00007ff6d127a000 	C:\Program Files\Android\Android Studio\jre\bin\java.exe
0x00007ffdf8530000 - 0x00007ffdf86f1000 	C:\Windows\SYSTEM32\ntdll.dll
0x00007ffdf6c20000 - 0x00007ffdf6ccd000 	C:\Windows\system32\KERNEL32.DLL
0x00007ffdf5440000 - 0x00007ffdf5628000 	C:\Windows\system32\KERNELBASE.dll
0x00007ffde2710000 - 0x00007ffde2727000 	C:\Program Files\Android\Android Studio\jre\bin\VCRUNTIME140.dll
0x00007ffde1670000 - 0x00007ffde1689000 	C:\Program Files\Android\Android Studio\jre\bin\jli.dll
0x00007ffdf3df0000 - 0x00007ffdf3ee4000 	C:\Windows\SYSTEM32\ucrtbase.dll
0x00007ffdf6140000 - 0x00007ffdf6296000 	C:\Windows\system32\USER32.dll
0x00007ffdf63c0000 - 0x00007ffdf6547000 	C:\Windows\system32\GDI32.dll
0x00007ffdec530000 - 0x00007ffdec7a4000 	C:\Windows\WinSxS\amd64_microsoft.windows.common-controls_6595b64144ccf1df_6.0.10586.839_none_a2ddba30a539a2ae\COMCTL32.dll
0x00007ffdf62b0000 - 0x00007ffdf634d000 	C:\Windows\system32\msvcrt.dll
0x00007ffdf6890000 - 0x00007ffdf6b0e000 	C:\Windows\system32\combase.dll
0x00007ffdf5b90000 - 0x00007ffdf5cad000 	C:\Windows\system32\RPCRT4.dll
0x00007ffdf53d0000 - 0x00007ffdf543a000 	C:\Windows\system32\bcryptPrimitives.dll
0x00007ffdf5b50000 - 0x00007ffdf5b8b000 	C:\Windows\system32\IMM32.DLL
0x00007ffdd78d0000 - 0x00007ffdd796d000 	C:\Program Files\Android\Android Studio\jre\bin\msvcp140.dll
0x00007ffdd22c0000 - 0x00007ffdd2d7c000 	C:\Program Files\Android\Android Studio\jre\bin\server\jvm.dll
0x00007ffdf67e0000 - 0x00007ffdf6887000 	C:\Windows\system32\ADVAPI32.dll
0x00007ffdf5af0000 - 0x00007ffdf5b4b000 	C:\Windows\system32\sechost.dll
0x00007ffdf6b30000 - 0x00007ffdf6b38000 	C:\Windows\system32\PSAPI.DLL
0x00007ffdf2f20000 - 0x00007ffdf2f43000 	C:\Windows\SYSTEM32\WINMM.dll
0x00007ffdec280000 - 0x00007ffdec289000 	C:\Windows\SYSTEM32\WSOCK32.dll
0x00007ffdf6350000 - 0x00007ffdf63bb000 	C:\Windows\system32\WS2_32.dll
0x00007ffde6e20000 - 0x00007ffde6e2a000 	C:\Windows\SYSTEM32\VERSION.dll
0x00007ffdf2ef0000 - 0x00007ffdf2f1c000 	C:\Windows\SYSTEM32\WINMMBASE.dll
0x00007ffdf5380000 - 0x00007ffdf53c3000 	C:\Windows\system32\cfgmgr32.dll
0x00007ffdf4bd0000 - 0x00007ffdf4bdf000 	C:\Windows\system32\kernel.appcore.dll
0x00007ffdec170000 - 0x00007ffdec181000 	C:\Program Files\Android\Android Studio\jre\bin\verify.dll
0x00007ffde85f0000 - 0x00007ffde877c000 	C:\Windows\SYSTEM32\DBGHELP.DLL
0x00007ffdf2f80000 - 0x00007ffdf2fa5000 	C:\Windows\SYSTEM32\dbgcore.DLL
0x00007ffdec030000 - 0x00007ffdec059000 	C:\Program Files\Android\Android Studio\jre\bin\java.dll
0x00007ffdec160000 - 0x00007ffdec16b000 	C:\Program Files\Android\Android Studio\jre\bin\jimage.dll
0x00007ffdec010000 - 0x00007ffdec028000 	C:\Program Files\Android\Android Studio\jre\bin\zip.dll
0x00007ffdf6cd0000 - 0x00007ffdf822c000 	C:\Windows\system32\SHELL32.dll
0x00007ffdf4d30000 - 0x00007ffdf5375000 	C:\Windows\system32\windows.storage.dll
0x00007ffdf5a90000 - 0x00007ffdf5ae2000 	C:\Windows\system32\shlwapi.dll
0x00007ffdf4be0000 - 0x00007ffdf4c95000 	C:\Windows\system32\shcore.dll
0x00007ffdf4b70000 - 0x00007ffdf4bbb000 	C:\Windows\system32\powrprof.dll
0x00007ffdf4b50000 - 0x00007ffdf4b64000 	C:\Windows\system32\profapi.dll
0x00007ffdeadf0000 - 0x00007ffdeae0a000 	C:\Program Files\Android\Android Studio\jre\bin\net.dll
0x00007ffdebf10000 - 0x00007ffdebfd7000 	C:\Windows\SYSTEM32\WINHTTP.dll
0x00007ffdf4480000 - 0x00007ffdf44dc000 	C:\Windows\system32\mswsock.dll
0x00007ffdea920000 - 0x00007ffdea934000 	C:\Program Files\Android\Android Studio\jre\bin\nio.dll
0x00007ffdddff0000 - 0x00007ffdde017000 	C:\Users\Huzaifa Sammar\.gradle\native\8bec1ad78214c89d9ad589b4d07fe93259594b29d510b10fafb7a158f7737e5d\windows-amd64\native-platform.dll
0x00007ffdd80b0000 - 0x00007ffdd81ed000 	C:\Users\Huzaifa Sammar\.gradle\native\53dbd7edfb1c66fb8903c78663c9afc45aea4f116125fa6feffd364cf09443e8\windows-amd64\native-platform-file-events.dll
0x00007ffdec150000 - 0x00007ffdec15a000 	C:\Program Files\Android\Android Studio\jre\bin\management.dll
0x00007ffdeac50000 - 0x00007ffdeac5c000 	C:\Program Files\Android\Android Studio\jre\bin\management_ext.dll
0x00007ffdf4530000 - 0x00007ffdf4547000 	C:\Windows\SYSTEM32\CRYPTSP.dll
0x00007ffdf41c0000 - 0x00007ffdf41f4000 	C:\Windows\system32\rsaenh.dll
0x00007ffdf4750000 - 0x00007ffdf4779000 	C:\Windows\SYSTEM32\bcrypt.dll
0x00007ffdf4310000 - 0x00007ffdf432f000 	C:\Windows\SYSTEM32\USERENV.dll
0x00007ffdf4650000 - 0x00007ffdf465b000 	C:\Windows\SYSTEM32\CRYPTBASE.dll
0x00007ffdec7c0000 - 0x00007ffdec7f8000 	C:\Windows\SYSTEM32\IPHLPAPI.DLL
0x00007ffdf62a0000 - 0x00007ffdf62a8000 	C:\Windows\system32\NSI.dll
0x00007ffdeb5c0000 - 0x00007ffdeb5d6000 	C:\Windows\SYSTEM32\dhcpcsvc6.DLL
0x00007ffdeb700000 - 0x00007ffdeb71a000 	C:\Windows\SYSTEM32\dhcpcsvc.DLL

dbghelp: loaded successfully - version: 4.0.5 - missing functions: none
symbol engine: initialized successfully - sym options: 0x614 - pdb path: .;C:\Program Files\Android\Android Studio\jre\bin;C:\Windows\SYSTEM32;C:\Windows\WinSxS\amd64_microsoft.windows.common-controls_6595b64144ccf1df_6.0.10586.839_none_a2ddba30a539a2ae;C:\Program Files\Android\Android Studio\jre\bin\server;C:\Users\Huzaifa Sammar\.gradle\native\8bec1ad78214c89d9ad589b4d07fe93259594b29d510b10fafb7a158f7737e5d\windows-amd64;C:\Users\Huzaifa Sammar\.gradle\native\53dbd7edfb1c66fb8903c78663c9afc45aea4f116125fa6feffd364cf09443e8\windows-amd64

VM Arguments:
jvm_args: --add-opens=java.base/java.util=ALL-UNNAMED --add-opens=java.base/java.lang=ALL-UNNAMED --add-opens=java.base/java.lang.invoke=ALL-UNNAMED --add-opens=java.base/java.util=ALL-UNNAMED --add-opens=java.prefs/java.util.prefs=ALL-UNNAMED --add-opens=java.prefs/java.util.prefs=ALL-UNNAMED --add-opens=java.base/java.nio.charset=ALL-UNNAMED --add-opens=java.base/java.net=ALL-UNNAMED --add-opens=java.base/java.util.concurrent.atomic=ALL-UNNAMED -Xmx2048m -Dfile.encoding=UTF-8 -Duser.country=US -Duser.language=en -Duser.variant 
java_command: org.gradle.launcher.daemon.bootstrap.GradleDaemon 7.0.2
java_class_path (initial): C:\Users\Huzaifa Sammar\.gradle\wrapper\dists\gradle-7.0.2-bin\857tjihv64xamwrf0h14cai3r\gradle-7.0.2\lib\gradle-launcher-7.0.2.jar
Launcher Type: SUN_STANDARD

[Global flags]
     intx CICompilerCount                          = 3                                         {product} {ergonomic}
     uint ConcGCThreads                            = 1                                         {product} {ergonomic}
     uint G1ConcRefinementThreads                  = 4                                         {product} {ergonomic}
   size_t G1HeapRegionSize                         = 1048576                                   {product} {ergonomic}
    uintx GCDrainStackTargetSize                   = 64                                        {product} {ergonomic}
   size_t InitialHeapSize                          = 67108864                                  {product} {ergonomic}
   size_t MarkStackSize                            = 4194304                                   {product} {ergonomic}
   size_t MaxHeapSize                              = 2147483648                                {product} {command line}
   size_t MaxNewSize                               = 1287651328                                {product} {ergonomic}
   size_t MinHeapDeltaBytes                        = 1048576                                   {product} {ergonomic}
    uintx NonNMethodCodeHeapSize                   = 5830732                                {pd product} {ergonomic}
    uintx NonProfiledCodeHeapSize                  = 122913754                              {pd product} {ergonomic}
    uintx ProfiledCodeHeapSize                     = 122913754                              {pd product} {ergonomic}
    uintx ReservedCodeCacheSize                    = 251658240                              {pd product} {ergonomic}
     bool SegmentedCodeCache                       = true                                      {product} {ergonomic}
     bool UseCompressedClassPointers               = true                                 {lp64_product} {ergonomic}
     bool UseCompressedOops                        = true                                 {lp64_product} {ergonomic}
     bool UseG1GC                                  = true                                      {product} {ergonomic}
     bool UseLargePagesIndividualAllocation        = false                                  {pd product} {ergonomic}

Logging:
Log output configuration:
 #0: stdout all=warning uptime,level,tags
 #1: stderr all=off uptime,level,tags

Environment Variables:
JAVA_HOME=C:\Program Files\Java\jdk-12.0.2
PATH=C:\Users\Huzaifa Sammar\flutter/bin;C:\Program Files\Git\bin\git.exe;C:\Windows\System32;C:\Program Files\Git\cmd;C:\Windows\System32\Windows;C:\Windows\System32\WindowsPowerShell\v1.0;C:\Users\Huzaifa Sammar\AppData\Local\Android\Sdk;C:\Program Files\Java\jdk-12.0.2\bin;C:\Program Files (x86)\Java\jre1.8.0_171\bin;C:\Users\Huzaifa Sammar\dart-sdk\bin;C:\Users\Huzaifa Sammar\AppData\Local\Programs\Python\Python38;C:\Users\Huzaifa Sammar\AppData\Local\Programs\Python\Python38\Scripts
USERNAME=Huzaifa Sammar
OS=Windows_NT
PROCESSOR_IDENTIFIER=Intel64 Family 6 Model 69 Stepping 1, GenuineIntel



---------------  S Y S T E M  ---------------

OS: Windows 10 , 64 bit Build 10586 (10.0.10586.589)
OS uptime: 1 days 2:28 hours

CPU:total 4 (initial active 4) (2 cores per cpu, 2 threads per core) family 6 model 69 stepping 1, cmov, cx8, fxsr, mmx, sse, sse2, sse3, ssse3, sse4.1, sse4.2, popcnt, avx, avx2, aes, clmul, erms, lzcnt, ht, tsc, tscinvbit, bmi1, bmi2, fma

Memory: 4k page, system-wide physical 4001M (310M free)
TotalPageFile size 6655M (AvailPageFile size 14M)
current process WorkingSet (physical memory assigned to process): 520M, peak: 520M
current process commit charge ("private bytes"): 563M, peak: 652M

vm_info: OpenJDK 64-Bit Server VM (11.0.8+10-b944.6842174) for windows-amd64 JRE (11.0.8+10-b944.6842174), built on Sep 19 2020 01:11:42 by "builder" with MS VC++ 14.0 (VS2015)

END.
