#
# There is insufficient memory for the Java Runtime Environment to continue.
# Native memory allocation (mmap) failed to map 46137344 bytes for Failed to commit area from 0x000000008d100000 to 0x000000008fd00000 of length 46137344.
# Possible reasons:
#   The system is out of physical RAM or swap space
#   The process is running with CompressedOops enabled, and the Java Heap may be blocking the growth of the native heap
# Possible solutions:
#   Reduce memory load on the system
#   Increase physical memory or swap space
#   Check if swap backing store is full
#   Decrease Java heap size (-Xmx/-Xms)
#   Decrease number of Java threads
#   Decrease Java thread stack sizes (-Xss)
#   Set larger code cache with -XX:ReservedCodeCacheSize=
#   JVM is running with Unscaled Compressed Oops mode in which the Java heap is
#     placed in the first 4GB address space. The Java Heap base address is the
#     maximum limit for the native heap growth. Please use -XX:HeapBaseMinAddress
#     to set the Java Heap base and to place the Java Heap above 4GB virtual address.
# This output file may be truncated or incomplete.
#
#  Out of Memory Error (./src/hotspot/os/windows/os_windows.cpp:3303), pid=6164, tid=4604
#
# JRE version: OpenJDK Runtime Environment (11.0.8+10) (build 11.0.8+10-b944.6842174)
# Java VM: OpenJDK 64-Bit Server VM (11.0.8+10-b944.6842174, mixed mode, tiered, compressed oops, g1 gc, windows-amd64)
# No core dump will be written. Minidumps are not enabled by default on client versions of Windows
#

---------------  S U M M A R Y ------------

Command Line: --add-opens=java.base/java.util=ALL-UNNAMED --add-opens=java.base/java.lang=ALL-UNNAMED --add-opens=java.base/java.lang.invoke=ALL-UNNAMED --add-opens=java.base/java.util=ALL-UNNAMED --add-opens=java.prefs/java.util.prefs=ALL-UNNAMED --add-opens=java.prefs/java.util.prefs=ALL-UNNAMED --add-opens=java.base/java.nio.charset=ALL-UNNAMED --add-opens=java.base/java.net=ALL-UNNAMED --add-opens=java.base/java.util.concurrent.atomic=ALL-UNNAMED -Xmx2048m -Dfile.encoding=UTF-8 -Duser.country=US -Duser.language=en -Duser.variant org.gradle.launcher.daemon.bootstrap.GradleDaemon 7.0.2

Host: Intel(R) Core(TM) i5-4310U CPU @ 2.00GHz, 4 cores, 3G,  Windows 10 , 64 bit Build 10586 (10.0.10586.589)
Time: Wed Nov 24 11:00:46 2021 Pakistan Standard Time elapsed time: 19 seconds (0d 0h 0m 19s)

---------------  T H R E A D  ---------------

Current thread (0x0000024e3fdf1800):  VMThread "VM Thread" [stack: 0x000000eb0e900000,0x000000eb0ea00000] [id=4604]

Stack: [0x000000eb0e900000,0x000000eb0ea00000]
[error occurred during error reporting (printing stack bounds), id 0xc0000005, EXCEPTION_ACCESS_VIOLATION (0xc0000005) at pc=0x0000024e295d0dad]

Native frames: (J=compiled Java code, j=interpreted, Vv=VM code, C=native code)
V  [jvm.dll+0x5de50a]
V  [jvm.dll+0x7122f5]
V  [jvm.dll+0x71384d]
V  [jvm.dll+0x713e65]
V  [jvm.dll+0x713e1b]
V  [jvm.dll+0x5dd958]
V  [jvm.dll+0x5de0f8]
C  [ntdll.dll+0xa9aed]
C  [ntdll.dll+0x34fe9]
C  [ntdll.dll+0xa8bfa]
C  0x0000024e295d0dad

VM_Operation (0x000000eb122fd9d0): G1CollectForAllocation, mode: safepoint, requested by thread 0x0000024e4413d800


---------------  P R O C E S S  ---------------

Threads class SMR info:
_java_thread_list=0x0000024e43cdb940, length=54, elements={
0x0000024e25c42800, 0x0000024e3fdfa800, 0x0000024e3fdfb800, 0x0000024e3fe51800,
0x0000024e3fe53000, 0x0000024e3fe54000, 0x0000024e3fe5d000, 0x0000024e3fe6e800,
0x0000024e40899000, 0x0000024e408ad000, 0x0000024e40b5c000, 0x0000024e42d73000,
0x0000024e426fe800, 0x0000024e41bd7000, 0x0000024e41542800, 0x0000024e42898800,
0x0000024e42304800, 0x0000024e41f02800, 0x0000024e43a6c800, 0x0000024e43a4f800,
0x0000024e427be000, 0x0000024e42f44800, 0x0000024e42f49800, 0x0000024e42f48000,
0x0000024e42f45800, 0x0000024e42f48800, 0x0000024e42f4a000, 0x0000024e42f4b000,
0x0000024e42f46000, 0x0000024e42f47000, 0x0000024e44650800, 0x0000024e4464f800,
0x0000024e4464e000, 0x0000024e44651000, 0x0000024e44652000, 0x0000024e4464c800,
0x0000024e44653000, 0x0000024e4464d000, 0x0000024e44655800, 0x0000024e44654800,
0x0000024e44658800, 0x0000024e44657000, 0x0000024e44657800, 0x0000024e44659800,
0x0000024e44653800, 0x0000024e4465a000, 0x0000024e4465b000, 0x0000024e44656000,
0x0000024e4413e800, 0x0000024e44141000, 0x0000024e4413f000, 0x0000024e4413c800,
0x0000024e4413d800, 0x0000024e44140000
}

Java Threads: ( => current thread )
  0x0000024e25c42800 JavaThread "main" [_thread_blocked, id=8020, stack(0x000000eb0e300000,0x000000eb0e400000)]
  0x0000024e3fdfa800 JavaThread "Reference Handler" daemon [_thread_blocked, id=3816, stack(0x000000eb0ea00000,0x000000eb0eb00000)]
  0x0000024e3fdfb800 JavaThread "Finalizer" daemon [_thread_blocked, id=7060, stack(0x000000eb0eb00000,0x000000eb0ec00000)]
  0x0000024e3fe51800 JavaThread "Signal Dispatcher" daemon [_thread_blocked, id=4420, stack(0x000000eb0ec00000,0x000000eb0ed00000)]
  0x0000024e3fe53000 JavaThread "Attach Listener" daemon [_thread_blocked, id=952, stack(0x000000eb0ed00000,0x000000eb0ee00000)]
  0x0000024e3fe54000 JavaThread "C2 CompilerThread0" daemon [_thread_in_native, id=6312, stack(0x000000eb0ee00000,0x000000eb0ef00000)]
  0x0000024e3fe5d000 JavaThread "C1 CompilerThread0" daemon [_thread_blocked, id=2672, stack(0x000000eb0ef00000,0x000000eb0f000000)]
  0x0000024e3fe6e800 JavaThread "Sweeper thread" daemon [_thread_blocked, id=1256, stack(0x000000eb0f000000,0x000000eb0f100000)]
  0x0000024e40899000 JavaThread "Common-Cleaner" daemon [_thread_blocked, id=4116, stack(0x000000eb0f100000,0x000000eb0f200000)]
  0x0000024e408ad000 JavaThread "Service Thread" daemon [_thread_blocked, id=6812, stack(0x000000eb0f200000,0x000000eb0f300000)]
  0x0000024e40b5c000 JavaThread "C2 CompilerThread1" daemon [_thread_in_native, id=6464, stack(0x000000eb0f400000,0x000000eb0f500000)]
  0x0000024e42d73000 JavaThread "Daemon health stats" [_thread_blocked, id=7480, stack(0x000000eb0f600000,0x000000eb0f700000)]
  0x0000024e426fe800 JavaThread "Incoming local TCP Connector on port 50666" [_thread_in_native, id=8152, stack(0x000000eb0f700000,0x000000eb0f800000)]
  0x0000024e41bd7000 JavaThread "Daemon periodic checks" [_thread_blocked, id=4680, stack(0x000000eb0f800000,0x000000eb0f900000)]
  0x0000024e41542800 JavaThread "Daemon" [_thread_blocked, id=2696, stack(0x000000eb0f900000,0x000000eb0fa00000)]
  0x0000024e42898800 JavaThread "Handler for socket connection from /127.0.0.1:50666 to /127.0.0.1:50667" [_thread_in_native, id=7272, stack(0x000000eb0fa00000,0x000000eb0fb00000)]
  0x0000024e42304800 JavaThread "Cancel handler" [_thread_blocked, id=5176, stack(0x000000eb0fb00000,0x000000eb0fc00000)]
  0x0000024e41f02800 JavaThread "Daemon worker" [_thread_blocked, id=5344, stack(0x000000eb0fc00000,0x000000eb0fd00000)]
  0x0000024e43a6c800 JavaThread "Asynchronous log dispatcher for DefaultDaemonConnection: socket connection from /127.0.0.1:50666 to /127.0.0.1:50667" [_thread_blocked, id=7860, stack(0x000000eb0fd00000,0x000000eb0fe00000)]
  0x0000024e43a4f800 JavaThread "Stdin handler" [_thread_blocked, id=6848, stack(0x000000eb0fe00000,0x000000eb0ff00000)]
  0x0000024e427be000 JavaThread "Daemon client event forwarder" [_thread_blocked, id=6908, stack(0x000000eb0ff00000,0x000000eb10000000)]
  0x0000024e42f44800 JavaThread "Cache worker for file hash cache (C:\Users\Huzaifa Sammar\.gradle\caches\7.0.2\fileHashes)" [_thread_blocked, id=2444, stack(0x000000eb10200000,0x000000eb10300000)]
  0x0000024e42f49800 JavaThread "File lock request listener" [_thread_in_native, id=7016, stack(0x000000eb10300000,0x000000eb10400000)]
  0x0000024e42f48000 JavaThread "Cache worker for journal cache (C:\Users\Huzaifa Sammar\.gradle\caches\journal-1)" [_thread_blocked, id=7908, stack(0x000000eb10400000,0x000000eb10500000)]
  0x0000024e42f45800 JavaThread "Cache worker for file hash cache (C:\Users\Huzaifa Sammar\AndroidStudioProjects\DingVpnn\.gradle\7.0.2\fileHashes)" [_thread_blocked, id=7892, stack(0x000000eb10500000,0x000000eb10600000)]
  0x0000024e42f48800 JavaThread "File watcher server" daemon [_thread_blocked, id=6660, stack(0x000000eb10600000,0x000000eb10700000)]
  0x0000024e42f4a000 JavaThread "File watcher consumer" daemon [_thread_blocked, id=5656, stack(0x000000eb10700000,0x000000eb10800000)]
  0x0000024e42f4b000 JavaThread "Cache worker for checksums cache (C:\Users\Huzaifa Sammar\AndroidStudioProjects\DingVpnn\.gradle\checksums)" [_thread_blocked, id=4572, stack(0x000000eb10800000,0x000000eb10900000)]
  0x0000024e42f46000 JavaThread "Cache worker for cache directory md-supplier (C:\Users\Huzaifa Sammar\.gradle\caches\7.0.2\md-supplier)" [_thread_blocked, id=6024, stack(0x000000eb10900000,0x000000eb10a00000)]
  0x0000024e42f47000 JavaThread "Cache worker for cache directory md-rule (C:\Users\Huzaifa Sammar\.gradle\caches\7.0.2\md-rule)" [_thread_blocked, id=352, stack(0x000000eb10a00000,0x000000eb10b00000)]
  0x0000024e44650800 JavaThread "Cache worker for execution history cache (C:\Users\Huzaifa Sammar\.gradle\caches\7.0.2\executionHistory)" [_thread_blocked, id=5184, stack(0x000000eb10b00000,0x000000eb10c00000)]
  0x0000024e4464f800 JavaThread "jar transforms" [_thread_blocked, id=7136, stack(0x000000eb10c00000,0x000000eb10d00000)]
  0x0000024e4464e000 JavaThread "jar transforms Thread 2" [_thread_blocked, id=5516, stack(0x000000eb10d00000,0x000000eb10e00000)]
  0x0000024e44651000 JavaThread "Cache worker for file content cache (C:\Users\Huzaifa Sammar\.gradle\caches\7.0.2\fileContent)" [_thread_blocked, id=2000, stack(0x000000eb10e00000,0x000000eb10f00000)]
  0x0000024e44652000 JavaThread "Cache worker for dependencies-accessors (C:\Users\Huzaifa Sammar\AndroidStudioProjects\DingVpnn\.gradle\7.0.2\dependencies-accessors)" [_thread_blocked, id=5544, stack(0x000000eb10f00000,0x000000eb11000000)]
  0x0000024e4464c800 JavaThread "jar transforms Thread 3" [_thread_blocked, id=5300, stack(0x000000eb11000000,0x000000eb11100000)]
  0x0000024e44653000 JavaThread "Cache worker for Build Output Cleanup Cache (C:\Users\Huzaifa Sammar\AndroidStudioProjects\DingVpnn\.gradle\buildOutputCleanup)" [_thread_blocked, id=3376, stack(0x000000eb11100000,0x000000eb11200000)]
  0x0000024e4464d000 JavaThread "Build operations" [_thread_blocked, id=6476, stack(0x000000eb11200000,0x000000eb11300000)]
  0x0000024e44655800 JavaThread "Build operations Thread 2" [_thread_blocked, id=1752, stack(0x000000eb11300000,0x000000eb11400000)]
  0x0000024e44654800 JavaThread "Build operations Thread 3" [_thread_blocked, id=1108, stack(0x000000eb11400000,0x000000eb11500000)]
  0x0000024e44658800 JavaThread "Build operations Thread 4" [_thread_blocked, id=3820, stack(0x000000eb11500000,0x000000eb11600000)]
  0x0000024e44657000 JavaThread "jar transforms Thread 4" [_thread_blocked, id=7700, stack(0x000000eb11600000,0x000000eb11700000)]
  0x0000024e44657800 JavaThread "Memory manager" [_thread_blocked, id=6284, stack(0x000000eb11700000,0x000000eb11800000)]
  0x0000024e44659800 JavaThread "build event listener" [_thread_blocked, id=7536, stack(0x000000eb11800000,0x000000eb11900000)]
  0x0000024e44653800 JavaThread "pool-3-thread-1" [_thread_blocked, id=7404, stack(0x000000eb11900000,0x000000eb11a00000)]
  0x0000024e4465a000 JavaThread "build event listener" [_thread_blocked, id=76, stack(0x000000eb11a00000,0x000000eb11b00000)]
  0x0000024e4465b000 JavaThread "Execution worker for ':'" [_thread_blocked, id=7012, stack(0x000000eb11b00000,0x000000eb11c00000)]
  0x0000024e44656000 JavaThread "Execution worker for ':' Thread 2" [_thread_blocked, id=7436, stack(0x000000eb11c00000,0x000000eb11d00000)]
  0x0000024e4413e800 JavaThread "Execution worker for ':' Thread 3" [_thread_blocked, id=4188, stack(0x000000eb11d00000,0x000000eb11e00000)]
  0x0000024e44141000 JavaThread "Cache worker for execution history cache (C:\Users\Huzaifa Sammar\AndroidStudioProjects\DingVpnn\.gradle\7.0.2\executionHistory)" [_thread_blocked, id=6656, stack(0x000000eb11e00000,0x000000eb11f00000)]
  0x0000024e4413f000 JavaThread "WorkerExecutor Queue" [_thread_blocked, id=7244, stack(0x000000eb11f00000,0x000000eb12000000)]
  0x0000024e4413c800 JavaThread "WorkerExecutor Queue Thread 2" [_thread_blocked, id=6932, stack(0x000000eb12100000,0x000000eb12200000)]
  0x0000024e4413d800 JavaThread "WorkerExecutor Queue Thread 3" [_thread_blocked, id=1792, stack(0x000000eb12200000,0x000000eb12300000)]
  0x0000024e44140000 JavaThread "WorkerExecutor Queue Thread 4" [_thread_blocked, id=8000, stack(0x000000eb12300000,0x000000eb12400000)]

Other Threads:
=>0x0000024e3fdf1800 VMThread "VM Thread" [stack: 0x000000eb0e900000,0x000000eb0ea00000] [id=4604]
  0x0000024e4089a000 WatcherThread [stack: 0x000000eb0f300000,0x000000eb0f400000] [id=176]
  0x0000024e25c5a000 GCTaskThread "GC Thread#0" [stack: 0x000000eb0e400000,0x000000eb0e500000] [id=6528]
  0x0000024e413c0800 GCTaskThread "GC Thread#1" [stack: 0x000000eb0f500000,0x000000eb0f600000] [id=7200]
  0x0000024e434fe800 GCTaskThread "GC Thread#2" [stack: 0x000000eb10000000,0x000000eb10100000] [id=3880]
  0x0000024e427a1800 GCTaskThread "GC Thread#3" [stack: 0x000000eb10100000,0x000000eb10200000] [id=848]
  0x0000024e25c8c000 ConcurrentGCThread "G1 Main Marker" [stack: 0x000000eb0e500000,0x000000eb0e600000] [id=7636]
  0x0000024e25c8d800 ConcurrentGCThread "G1 Conc#0" [stack: 0x000000eb0e600000,0x000000eb0e700000] [id=764]
  0x0000024e25cf2800 ConcurrentGCThread "G1 Refine#0" [stack: 0x000000eb0e700000,0x000000eb0e800000] [id=7224]
  0x0000024e47e24800 ConcurrentGCThread "G1 Refine#1" [stack: 0x000000eb12000000,0x000000eb12100000] [id=4672]
  0x0000024e25cf3800 ConcurrentGCThread "G1 Young RemSet Sampling" [stack: 0x000000eb0e800000,0x000000eb0e900000] [id=4240]

Threads with active compile tasks:
C2 CompilerThread0  19834 11149       4       org.gradle.internal.instantiation.generator.AbstractClassGenerator::inspectType (560 bytes)
C2 CompilerThread1  19834 11112       4       com.android.utils.XmlUtils::append (647 bytes)

VM state:at safepoint (normal execution)

VM Mutex/Monitor currently owned by a thread:  ([mutex/lock_event])
[0x0000024e25c3f6c0] Threads_lock - owner thread: 0x0000024e3fdf1800
[0x0000024e25c3f120] Heap_lock - owner thread: 0x0000024e4413d800

Heap address: 0x0000000080000000, size: 2048 MB, Compressed Oops mode: 32-bit
Narrow klass base: 0x0000000000000000, Narrow klass shift: 3
Compressed class space size: 1073741824 Address: 0x0000000100000000

Heap:
 garbage-first heap   total 259072K, used 115011K [0x0000000080000000, 0x0000000100000000)
  region size 1024K, 6 young (6144K), 6 survivors (6144K)
 Metaspace       used 85155K, capacity 87292K, committed 87456K, reserved 1124352K
  class space    used 10843K, capacity 11593K, committed 11724K, reserved 1048576K
Heap Regions: E=young(eden), S=young(survivor), O=old, HS=humongous(starts), HC=humongous(continues), CS=collection set, F=free, A=archive, TAMS=top-at-mark-start (previous, next)
|   0|0x0000000080000000, 0x0000000080100000, 0x0000000080100000|100%|HS|  |TAMS 0x0000000080100000, 0x0000000080000000| Complete 
|   1|0x0000000080100000, 0x0000000080200000, 0x0000000080200000|100%|HC|  |TAMS 0x0000000080200000, 0x0000000080100000| Complete 
|   2|0x0000000080200000, 0x0000000080300000, 0x0000000080300000|100%|HC|  |TAMS 0x0000000080300000, 0x0000000080200000| Complete 
|   3|0x0000000080300000, 0x0000000080400000, 0x0000000080400000|100%| O|  |TAMS 0x0000000080400000, 0x0000000080300000| Untracked 
|   4|0x0000000080400000, 0x0000000080500000, 0x0000000080500000|100%| O|  |TAMS 0x0000000080500000, 0x0000000080400000| Untracked 
|   5|0x0000000080500000, 0x0000000080600000, 0x0000000080600000|100%| O|  |TAMS 0x0000000080600000, 0x0000000080500000| Untracked 
|   6|0x0000000080600000, 0x0000000080700000, 0x0000000080700000|100%| O|  |TAMS 0x0000000080700000, 0x0000000080600000| Untracked 
|   7|0x0000000080700000, 0x0000000080800000, 0x0000000080800000|100%| O|  |TAMS 0x0000000080800000, 0x0000000080700000| Untracked 
|   8|0x0000000080800000, 0x0000000080900000, 0x0000000080900000|100%| O|  |TAMS 0x0000000080900000, 0x0000000080800000| Untracked 
|   9|0x0000000080900000, 0x0000000080a00000, 0x0000000080a00000|100%| O|  |TAMS 0x0000000080a00000, 0x0000000080900000| Untracked 
|  10|0x0000000080a00000, 0x0000000080b00000, 0x0000000080b00000|100%| O|  |TAMS 0x0000000080b00000, 0x0000000080a00000| Untracked 
|  11|0x0000000080b00000, 0x0000000080c00000, 0x0000000080c00000|100%| O|  |TAMS 0x0000000080c00000, 0x0000000080b00000| Untracked 
|  12|0x0000000080c00000, 0x0000000080d00000, 0x0000000080d00000|100%| O|  |TAMS 0x0000000080d00000, 0x0000000080c00000| Untracked 
|  13|0x0000000080d00000, 0x0000000080e00000, 0x0000000080e00000|100%| O|  |TAMS 0x0000000080e00000, 0x0000000080d00000| Untracked 
|  14|0x0000000080e00000, 0x0000000080f00000, 0x0000000080f00000|100%| O|  |TAMS 0x0000000080f00000, 0x0000000080e00000| Untracked 
|  15|0x0000000080f00000, 0x0000000081000000, 0x0000000081000000|100%| O|  |TAMS 0x0000000081000000, 0x0000000080f00000| Untracked 
|  16|0x0000000081000000, 0x0000000081100000, 0x0000000081100000|100%| O|  |TAMS 0x0000000081100000, 0x0000000081000000| Untracked 
|  17|0x0000000081100000, 0x0000000081200000, 0x0000000081200000|100%| O|  |TAMS 0x0000000081200000, 0x0000000081100000| Untracked 
|  18|0x0000000081200000, 0x0000000081300000, 0x0000000081300000|100%| O|  |TAMS 0x0000000081300000, 0x0000000081200000| Untracked 
|  19|0x0000000081300000, 0x0000000081400000, 0x0000000081400000|100%| O|  |TAMS 0x0000000081400000, 0x0000000081300000| Untracked 
|  20|0x0000000081400000, 0x0000000081500000, 0x0000000081500000|100%| O|  |TAMS 0x0000000081500000, 0x0000000081400000| Untracked 
|  21|0x0000000081500000, 0x0000000081600000, 0x0000000081600000|100%| O|  |TAMS 0x0000000081600000, 0x0000000081500000| Untracked 
|  22|0x0000000081600000, 0x0000000081700000, 0x0000000081700000|100%| O|  |TAMS 0x0000000081700000, 0x0000000081600000| Untracked 
|  23|0x0000000081700000, 0x0000000081800000, 0x0000000081800000|100%| O|  |TAMS 0x0000000081800000, 0x0000000081700000| Untracked 
|  24|0x0000000081800000, 0x0000000081900000, 0x0000000081900000|100%| O|  |TAMS 0x0000000081900000, 0x0000000081800000| Untracked 
|  25|0x0000000081900000, 0x0000000081a00000, 0x0000000081a00000|100%| O|  |TAMS 0x0000000081a00000, 0x0000000081900000| Untracked 
|  26|0x0000000081a00000, 0x0000000081b00000, 0x0000000081b00000|100%|HS|  |TAMS 0x0000000081b00000, 0x0000000081a00000| Complete 
|  27|0x0000000081b00000, 0x0000000081c00000, 0x0000000081c00000|100%|HS|  |TAMS 0x0000000081c00000, 0x0000000081b00000| Complete 
|  28|0x0000000081c00000, 0x0000000081d00000, 0x0000000081d00000|100%|HC|  |TAMS 0x0000000081d00000, 0x0000000081c00000| Complete 
|  29|0x0000000081d00000, 0x0000000081e00000, 0x0000000081e00000|100%| O|  |TAMS 0x0000000081e00000, 0x0000000081d00000| Untracked 
|  30|0x0000000081e00000, 0x0000000081f00000, 0x0000000081f00000|100%| O|  |TAMS 0x0000000081f00000, 0x0000000081e00000| Untracked 
|  31|0x0000000081f00000, 0x0000000082000000, 0x0000000082000000|100%| O|  |TAMS 0x0000000082000000, 0x0000000081f00000| Untracked 
|  32|0x0000000082000000, 0x0000000082100000, 0x0000000082100000|100%| O|  |TAMS 0x0000000082100000, 0x0000000082000000| Untracked 
|  33|0x0000000082100000, 0x0000000082200000, 0x0000000082200000|100%| O|  |TAMS 0x0000000082200000, 0x0000000082100000| Untracked 
|  34|0x0000000082200000, 0x0000000082300000, 0x0000000082300000|100%| O|  |TAMS 0x0000000082300000, 0x0000000082200000| Untracked 
|  35|0x0000000082300000, 0x0000000082400000, 0x0000000082400000|100%| O|  |TAMS 0x0000000082400000, 0x0000000082300000| Untracked 
|  36|0x0000000082400000, 0x0000000082500000, 0x0000000082500000|100%| O|  |TAMS 0x0000000082500000, 0x0000000082400000| Untracked 
|  37|0x0000000082500000, 0x0000000082600000, 0x0000000082600000|100%| O|  |TAMS 0x0000000082600000, 0x0000000082500000| Untracked 
|  38|0x0000000082600000, 0x0000000082700000, 0x0000000082700000|100%| O|  |TAMS 0x0000000082700000, 0x0000000082600000| Untracked 
|  39|0x0000000082700000, 0x0000000082800000, 0x0000000082800000|100%| O|  |TAMS 0x0000000082800000, 0x0000000082700000| Untracked 
|  40|0x0000000082800000, 0x0000000082900000, 0x0000000082900000|100%| O|  |TAMS 0x0000000082900000, 0x0000000082800000| Untracked 
|  41|0x0000000082900000, 0x0000000082a00000, 0x0000000082a00000|100%| O|  |TAMS 0x0000000082a00000, 0x0000000082900000| Untracked 
|  42|0x0000000082a00000, 0x0000000082b00000, 0x0000000082b00000|100%| O|  |TAMS 0x0000000082b00000, 0x0000000082a00000| Untracked 
|  43|0x0000000082b00000, 0x0000000082c00000, 0x0000000082c00000|100%| O|  |TAMS 0x0000000082c00000, 0x0000000082b00000| Untracked 
|  44|0x0000000082c00000, 0x0000000082d00000, 0x0000000082d00000|100%| O|  |TAMS 0x0000000082d00000, 0x0000000082c00000| Untracked 
|  45|0x0000000082d00000, 0x0000000082e00000, 0x0000000082e00000|100%| O|  |TAMS 0x0000000082e00000, 0x0000000082d00000| Untracked 
|  46|0x0000000082e00000, 0x0000000082f00000, 0x0000000082f00000|100%| O|  |TAMS 0x0000000082f00000, 0x0000000082e00000| Untracked 
|  47|0x0000000082f00000, 0x0000000083000000, 0x0000000083000000|100%| O|  |TAMS 0x0000000083000000, 0x0000000082f00000| Untracked 
|  48|0x0000000083000000, 0x0000000083100000, 0x0000000083100000|100%| O|  |TAMS 0x0000000083100000, 0x0000000083000000| Untracked 
|  49|0x0000000083100000, 0x0000000083200000, 0x0000000083200000|100%| O|  |TAMS 0x0000000083200000, 0x0000000083100000| Untracked 
|  50|0x0000000083200000, 0x0000000083300000, 0x0000000083300000|100%| O|  |TAMS 0x0000000083300000, 0x0000000083200000| Untracked 
|  51|0x0000000083300000, 0x0000000083400000, 0x0000000083400000|100%| O|  |TAMS 0x0000000083400000, 0x0000000083300000| Untracked 
|  52|0x0000000083400000, 0x0000000083500000, 0x0000000083500000|100%| O|  |TAMS 0x0000000083500000, 0x0000000083400000| Untracked 
|  53|0x0000000083500000, 0x0000000083600000, 0x0000000083600000|100%| O|  |TAMS 0x0000000083600000, 0x0000000083500000| Untracked 
|  54|0x0000000083600000, 0x0000000083700000, 0x0000000083700000|100%| O|  |TAMS 0x0000000083700000, 0x0000000083600000| Untracked 
|  55|0x0000000083700000, 0x0000000083800000, 0x0000000083800000|100%| O|  |TAMS 0x0000000083800000, 0x0000000083700000| Untracked 
|  56|0x0000000083800000, 0x0000000083900000, 0x0000000083900000|100%| O|  |TAMS 0x0000000083900000, 0x0000000083800000| Untracked 
|  57|0x0000000083900000, 0x0000000083a00000, 0x0000000083a00000|100%| O|  |TAMS 0x0000000083a00000, 0x0000000083900000| Untracked 
|  58|0x0000000083a00000, 0x0000000083b00000, 0x0000000083b00000|100%| O|  |TAMS 0x0000000083b00000, 0x0000000083a00000| Untracked 
|  59|0x0000000083b00000, 0x0000000083c00000, 0x0000000083c00000|100%| O|  |TAMS 0x0000000083c00000, 0x0000000083b00000| Untracked 
|  60|0x0000000083c00000, 0x0000000083d00000, 0x0000000083d00000|100%| O|  |TAMS 0x0000000083d00000, 0x0000000083c00000| Untracked 
|  61|0x0000000083d00000, 0x0000000083e00000, 0x0000000083e00000|100%| O|  |TAMS 0x0000000083e00000, 0x0000000083d00000| Untracked 
|  62|0x0000000083e00000, 0x0000000083f00000, 0x0000000083f00000|100%| O|  |TAMS 0x0000000083f00000, 0x0000000083e00000| Untracked 
|  63|0x0000000083f00000, 0x0000000084000000, 0x0000000084000000|100%| O|  |TAMS 0x0000000084000000, 0x0000000083f00000| Untracked 
|  64|0x0000000084000000, 0x0000000084100000, 0x0000000084100000|100%| O|  |TAMS 0x0000000084100000, 0x0000000084000000| Untracked 
|  65|0x0000000084100000, 0x0000000084200000, 0x0000000084200000|100%| O|  |TAMS 0x0000000084200000, 0x0000000084100000| Untracked 
|  66|0x0000000084200000, 0x0000000084300000, 0x0000000084300000|100%| O|  |TAMS 0x0000000084300000, 0x0000000084200000| Untracked 
|  67|0x0000000084300000, 0x0000000084400000, 0x0000000084400000|100%| O|  |TAMS 0x0000000084400000, 0x0000000084300000| Untracked 
|  68|0x0000000084400000, 0x0000000084500000, 0x0000000084500000|100%| O|  |TAMS 0x0000000084500000, 0x0000000084400000| Untracked 
|  69|0x0000000084500000, 0x0000000084600000, 0x0000000084600000|100%| O|  |TAMS 0x0000000084600000, 0x0000000084500000| Untracked 
|  70|0x0000000084600000, 0x0000000084700000, 0x0000000084700000|100%| O|  |TAMS 0x0000000084700000, 0x0000000084600000| Untracked 
|  71|0x0000000084700000, 0x0000000084800000, 0x0000000084800000|100%| O|  |TAMS 0x0000000084800000, 0x0000000084700000| Untracked 
|  72|0x0000000084800000, 0x0000000084900000, 0x0000000084900000|100%| O|  |TAMS 0x0000000084900000, 0x0000000084800000| Untracked 
|  73|0x0000000084900000, 0x0000000084a00000, 0x0000000084a00000|100%| O|  |TAMS 0x0000000084a00000, 0x0000000084900000| Untracked 
|  74|0x0000000084a00000, 0x0000000084b00000, 0x0000000084b00000|100%| O|  |TAMS 0x0000000084b00000, 0x0000000084a00000| Untracked 
|  75|0x0000000084b00000, 0x0000000084c00000, 0x0000000084c00000|100%| O|  |TAMS 0x0000000084c00000, 0x0000000084b00000| Untracked 
|  76|0x0000000084c00000, 0x0000000084d00000, 0x0000000084d00000|100%| O|  |TAMS 0x0000000084d00000, 0x0000000084c00000| Untracked 
|  77|0x0000000084d00000, 0x0000000084e00000, 0x0000000084e00000|100%| O|  |TAMS 0x0000000084e00000, 0x0000000084d00000| Untracked 
|  78|0x0000000084e00000, 0x0000000084f00000, 0x0000000084f00000|100%| O|  |TAMS 0x0000000084f00000, 0x0000000084e00000| Untracked 
|  79|0x0000000084f00000, 0x0000000085000000, 0x0000000085000000|100%| O|  |TAMS 0x0000000085000000, 0x0000000084f00000| Untracked 
|  80|0x0000000085000000, 0x0000000085100000, 0x0000000085100000|100%| O|  |TAMS 0x0000000085100000, 0x0000000085000000| Untracked 
|  81|0x0000000085100000, 0x0000000085200000, 0x0000000085200000|100%| O|  |TAMS 0x0000000085200000, 0x0000000085100000| Untracked 
|  82|0x0000000085200000, 0x0000000085300000, 0x0000000085300000|100%|HS|  |TAMS 0x0000000085300000, 0x0000000085200000| Complete 
|  83|0x0000000085300000, 0x0000000085400000, 0x0000000085400000|100%| O|  |TAMS 0x0000000085400000, 0x0000000085300000| Untracked 
|  84|0x0000000085400000, 0x0000000085500000, 0x0000000085500000|100%| O|  |TAMS 0x0000000085500000, 0x0000000085400000| Untracked 
|  85|0x0000000085500000, 0x0000000085600000, 0x0000000085600000|100%| O|  |TAMS 0x0000000085600000, 0x0000000085500000| Untracked 
|  86|0x0000000085600000, 0x0000000085700000, 0x0000000085700000|100%| O|  |TAMS 0x0000000085700000, 0x0000000085600000| Untracked 
|  87|0x0000000085700000, 0x0000000085800000, 0x0000000085800000|100%| O|  |TAMS 0x0000000085800000, 0x0000000085700000| Untracked 
|  88|0x0000000085800000, 0x0000000085900000, 0x0000000085900000|100%| O|  |TAMS 0x0000000085900000, 0x0000000085800000| Untracked 
|  89|0x0000000085900000, 0x0000000085a00000, 0x0000000085a00000|100%| O|  |TAMS 0x0000000085a00000, 0x0000000085900000| Untracked 
|  90|0x0000000085a00000, 0x0000000085b00000, 0x0000000085b00000|100%| O|  |TAMS 0x0000000085b00000, 0x0000000085a00000| Untracked 
|  91|0x0000000085b00000, 0x0000000085c00000, 0x0000000085c00000|100%| O|  |TAMS 0x0000000085c00000, 0x0000000085b00000| Untracked 
|  92|0x0000000085c00000, 0x0000000085d00000, 0x0000000085d00000|100%| O|  |TAMS 0x0000000085d00000, 0x0000000085c00000| Untracked 
|  93|0x0000000085d00000, 0x0000000085e00000, 0x0000000085e00000|100%| O|  |TAMS 0x0000000085e00000, 0x0000000085d00000| Untracked 
|  94|0x0000000085e00000, 0x0000000085f00000, 0x0000000085f00000|100%| O|  |TAMS 0x0000000085f00000, 0x0000000085e00000| Untracked 
|  95|0x0000000085f00000, 0x0000000086000000, 0x0000000086000000|100%| O|  |TAMS 0x0000000086000000, 0x0000000085f00000| Untracked 
|  96|0x0000000086000000, 0x0000000086100000, 0x0000000086100000|100%| O|  |TAMS 0x0000000086100000, 0x0000000086000000| Untracked 
|  97|0x0000000086100000, 0x0000000086200000, 0x0000000086200000|100%| O|  |TAMS 0x0000000086200000, 0x0000000086100000| Untracked 
|  98|0x0000000086200000, 0x0000000086300000, 0x0000000086300000|100%| O|  |TAMS 0x0000000086300000, 0x0000000086200000| Untracked 
|  99|0x0000000086300000, 0x0000000086400000, 0x0000000086400000|100%| O|  |TAMS 0x0000000086400000, 0x0000000086300000| Untracked 
| 100|0x0000000086400000, 0x0000000086500000, 0x0000000086500000|100%| O|  |TAMS 0x0000000086500000, 0x0000000086400000| Untracked 
| 101|0x0000000086500000, 0x0000000086600000, 0x0000000086600000|100%| O|  |TAMS 0x0000000086600000, 0x0000000086500000| Untracked 
| 102|0x0000000086600000, 0x0000000086700000, 0x0000000086700000|100%| O|  |TAMS 0x0000000086700000, 0x0000000086600000| Untracked 
| 103|0x0000000086700000, 0x0000000086800000, 0x0000000086800000|100%| O|  |TAMS 0x0000000086800000, 0x0000000086700000| Untracked 
| 104|0x0000000086800000, 0x0000000086900000, 0x0000000086900000|100%| O|  |TAMS 0x00000000868cf800, 0x0000000086800000| Untracked 
| 105|0x0000000086900000, 0x0000000086a00000, 0x0000000086a00000|100%| O|  |TAMS 0x0000000086a00000, 0x0000000086900000| Untracked 
| 106|0x0000000086a00000, 0x0000000086a00000, 0x0000000086b00000|  0%| F|  |TAMS 0x0000000086a00000, 0x0000000086a00000| Untracked 
| 107|0x0000000086b00000, 0x0000000086b00000, 0x0000000086c00000|  0%| F|  |TAMS 0x0000000086b00000, 0x0000000086b00000| Untracked 
| 108|0x0000000086c00000, 0x0000000086c00000, 0x0000000086d00000|  0%| F|  |TAMS 0x0000000086c00000, 0x0000000086c00000| Untracked 
| 109|0x0000000086d00000, 0x0000000086d00000, 0x0000000086e00000|  0%| F|  |TAMS 0x0000000086d00000, 0x0000000086d00000| Untracked 
| 110|0x0000000086e00000, 0x0000000086e00000, 0x0000000086f00000|  0%| F|  |TAMS 0x0000000086e00000, 0x0000000086e00000| Untracked 
| 111|0x0000000086f00000, 0x0000000086f00000, 0x0000000087000000|  0%| F|  |TAMS 0x0000000086f00000, 0x0000000086f00000| Untracked 
| 112|0x0000000087000000, 0x0000000087000000, 0x0000000087100000|  0%| F|  |TAMS 0x0000000087000000, 0x0000000087000000| Untracked 
| 113|0x0000000087100000, 0x0000000087100000, 0x0000000087200000|  0%| F|  |TAMS 0x0000000087100000, 0x0000000087100000| Untracked 
| 114|0x0000000087200000, 0x0000000087200000, 0x0000000087300000|  0%| F|  |TAMS 0x0000000087200000, 0x0000000087200000| Untracked 
| 115|0x0000000087300000, 0x0000000087300000, 0x0000000087400000|  0%| F|  |TAMS 0x0000000087300000, 0x0000000087300000| Untracked 
| 116|0x0000000087400000, 0x0000000087400000, 0x0000000087500000|  0%| F|  |TAMS 0x0000000087400000, 0x0000000087400000| Untracked 
| 117|0x0000000087500000, 0x0000000087500000, 0x0000000087600000|  0%| F|  |TAMS 0x0000000087500000, 0x0000000087500000| Untracked 
| 118|0x0000000087600000, 0x0000000087600000, 0x0000000087700000|  0%| F|  |TAMS 0x0000000087600000, 0x0000000087600000| Untracked 
| 119|0x0000000087700000, 0x0000000087700000, 0x0000000087800000|  0%| F|  |TAMS 0x0000000087700000, 0x0000000087700000| Untracked 
| 120|0x0000000087800000, 0x0000000087800000, 0x0000000087900000|  0%| F|  |TAMS 0x0000000087800000, 0x0000000087800000| Untracked 
| 121|0x0000000087900000, 0x0000000087900000, 0x0000000087a00000|  0%| F|  |TAMS 0x0000000087900000, 0x0000000087900000| Untracked 
| 122|0x0000000087a00000, 0x0000000087a00000, 0x0000000087b00000|  0%| F|  |TAMS 0x0000000087a00000, 0x0000000087a00000| Untracked 
| 123|0x0000000087b00000, 0x0000000087b50e00, 0x0000000087c00000| 31%| O|  |TAMS 0x0000000087b00000, 0x0000000087b00000| Untracked 
| 124|0x0000000087c00000, 0x0000000087c00000, 0x0000000087d00000|  0%| F|  |TAMS 0x0000000087c00000, 0x0000000087c00000| Untracked 
| 125|0x0000000087d00000, 0x0000000087d00000, 0x0000000087e00000|  0%| F|  |TAMS 0x0000000087d00000, 0x0000000087d00000| Untracked 
| 126|0x0000000087e00000, 0x0000000087e00000, 0x0000000087f00000|  0%| F|  |TAMS 0x0000000087e00000, 0x0000000087e00000| Untracked 
| 127|0x0000000087f00000, 0x0000000087f00000, 0x0000000088000000|  0%| F|  |TAMS 0x0000000087f00000, 0x0000000087f00000| Untracked 
| 128|0x0000000088000000, 0x0000000088000000, 0x0000000088100000|  0%| F|  |TAMS 0x0000000088000000, 0x0000000088000000| Untracked 
| 129|0x0000000088100000, 0x0000000088100000, 0x0000000088200000|  0%| F|  |TAMS 0x0000000088100000, 0x0000000088100000| Untracked 
| 130|0x0000000088200000, 0x0000000088200000, 0x0000000088300000|  0%| F|  |TAMS 0x0000000088200000, 0x0000000088200000| Untracked 
| 131|0x0000000088300000, 0x0000000088300000, 0x0000000088400000|  0%| F|  |TAMS 0x0000000088300000, 0x0000000088300000| Untracked 
| 132|0x0000000088400000, 0x0000000088400000, 0x0000000088500000|  0%| F|  |TAMS 0x0000000088400000, 0x0000000088400000| Untracked 
| 133|0x0000000088500000, 0x0000000088500000, 0x0000000088600000|  0%| F|  |TAMS 0x0000000088500000, 0x0000000088500000| Untracked 
| 134|0x0000000088600000, 0x0000000088600000, 0x0000000088700000|  0%| F|  |TAMS 0x0000000088600000, 0x0000000088600000| Untracked 
| 135|0x0000000088700000, 0x0000000088700000, 0x0000000088800000|  0%| F|  |TAMS 0x0000000088700000, 0x0000000088700000| Untracked 
| 136|0x0000000088800000, 0x0000000088800000, 0x0000000088900000|  0%| F|  |TAMS 0x0000000088800000, 0x0000000088800000| Untracked 
| 137|0x0000000088900000, 0x0000000088900000, 0x0000000088a00000|  0%| F|  |TAMS 0x0000000088900000, 0x0000000088900000| Untracked 
| 138|0x0000000088a00000, 0x0000000088a00000, 0x0000000088b00000|  0%| F|  |TAMS 0x0000000088a00000, 0x0000000088a00000| Untracked 
| 139|0x0000000088b00000, 0x0000000088b00000, 0x0000000088c00000|  0%| F|  |TAMS 0x0000000088b00000, 0x0000000088b00000| Untracked 
| 140|0x0000000088c00000, 0x0000000088c00000, 0x0000000088d00000|  0%| F|  |TAMS 0x0000000088c00000, 0x0000000088c00000| Untracked 
| 141|0x0000000088d00000, 0x0000000088d00000, 0x0000000088e00000|  0%| F|  |TAMS 0x0000000088d00000, 0x0000000088d00000| Untracked 
| 142|0x0000000088e00000, 0x0000000088e00000, 0x0000000088f00000|  0%| F|  |TAMS 0x0000000088e00000, 0x0000000088e00000| Untracked 
| 143|0x0000000088f00000, 0x0000000088f00000, 0x0000000089000000|  0%| F|  |TAMS 0x0000000088f00000, 0x0000000088f00000| Untracked 
| 144|0x0000000089000000, 0x0000000089000000, 0x0000000089100000|  0%| F|  |TAMS 0x0000000089000000, 0x0000000089000000| Untracked 
| 145|0x0000000089100000, 0x0000000089100000, 0x0000000089200000|  0%| F|  |TAMS 0x0000000089100000, 0x0000000089100000| Untracked 
| 146|0x0000000089200000, 0x0000000089200000, 0x0000000089300000|  0%| F|  |TAMS 0x0000000089200000, 0x0000000089200000| Untracked 
| 147|0x0000000089300000, 0x0000000089300000, 0x0000000089400000|  0%| F|  |TAMS 0x0000000089300000, 0x0000000089300000| Untracked 
| 148|0x0000000089400000, 0x0000000089400000, 0x0000000089500000|  0%| F|  |TAMS 0x0000000089400000, 0x0000000089400000| Untracked 
| 149|0x0000000089500000, 0x0000000089500000, 0x0000000089600000|  0%| F|  |TAMS 0x0000000089500000, 0x0000000089500000| Untracked 
| 150|0x0000000089600000, 0x0000000089600000, 0x0000000089700000|  0%| F|  |TAMS 0x0000000089600000, 0x0000000089600000| Untracked 
| 151|0x0000000089700000, 0x0000000089700000, 0x0000000089800000|  0%| F|  |TAMS 0x0000000089700000, 0x0000000089700000| Untracked 
| 152|0x0000000089800000, 0x0000000089800000, 0x0000000089900000|  0%| F|  |TAMS 0x0000000089800000, 0x0000000089800000| Untracked 
| 153|0x0000000089900000, 0x0000000089900000, 0x0000000089a00000|  0%| F|  |TAMS 0x0000000089900000, 0x0000000089900000| Untracked 
| 154|0x0000000089a00000, 0x0000000089a00000, 0x0000000089b00000|  0%| F|  |TAMS 0x0000000089a00000, 0x0000000089a00000| Untracked 
| 155|0x0000000089b00000, 0x0000000089b00000, 0x0000000089c00000|  0%| F|  |TAMS 0x0000000089b00000, 0x0000000089b00000| Untracked 
| 156|0x0000000089c00000, 0x0000000089c00000, 0x0000000089d00000|  0%| F|  |TAMS 0x0000000089c00000, 0x0000000089c00000| Untracked 
| 157|0x0000000089d00000, 0x0000000089d00000, 0x0000000089e00000|  0%| F|  |TAMS 0x0000000089d00000, 0x0000000089d00000| Untracked 
| 158|0x0000000089e00000, 0x0000000089f00000, 0x0000000089f00000|100%| S|CS|TAMS 0x0000000089e00000, 0x0000000089e00000| Complete 
| 159|0x0000000089f00000, 0x000000008a000000, 0x000000008a000000|100%| S|CS|TAMS 0x0000000089f00000, 0x0000000089f00000| Complete 
| 160|0x000000008a000000, 0x000000008a100000, 0x000000008a100000|100%| S|CS|TAMS 0x000000008a000000, 0x000000008a000000| Complete 
| 161|0x000000008a100000, 0x000000008a200000, 0x000000008a200000|100%| S|CS|TAMS 0x000000008a100000, 0x000000008a100000| Complete 
| 162|0x000000008a200000, 0x000000008a300000, 0x000000008a300000|100%| S|CS|TAMS 0x000000008a200000, 0x000000008a200000| Complete 
| 163|0x000000008a300000, 0x000000008a400000, 0x000000008a400000|100%| S|CS|TAMS 0x000000008a300000, 0x000000008a300000| Complete 
| 164|0x000000008a400000, 0x000000008a400000, 0x000000008a500000|  0%| F|  |TAMS 0x000000008a400000, 0x000000008a400000| Untracked 
| 165|0x000000008a500000, 0x000000008a500000, 0x000000008a600000|  0%| F|  |TAMS 0x000000008a500000, 0x000000008a500000| Untracked 
| 166|0x000000008a600000, 0x000000008a600000, 0x000000008a700000|  0%| F|  |TAMS 0x000000008a600000, 0x000000008a600000| Untracked 
| 167|0x000000008a700000, 0x000000008a700000, 0x000000008a800000|  0%| F|  |TAMS 0x000000008a700000, 0x000000008a700000| Untracked 
| 168|0x000000008a800000, 0x000000008a800000, 0x000000008a900000|  0%| F|  |TAMS 0x000000008a800000, 0x000000008a800000| Untracked 
| 169|0x000000008a900000, 0x000000008a900000, 0x000000008aa00000|  0%| F|  |TAMS 0x000000008a900000, 0x000000008a900000| Untracked 
| 170|0x000000008aa00000, 0x000000008aa00000, 0x000000008ab00000|  0%| F|  |TAMS 0x000000008aa00000, 0x000000008aa00000| Untracked 
| 171|0x000000008ab00000, 0x000000008ab00000, 0x000000008ac00000|  0%| F|  |TAMS 0x000000008ab00000, 0x000000008ab00000| Untracked 
| 172|0x000000008ac00000, 0x000000008ac00000, 0x000000008ad00000|  0%| F|  |TAMS 0x000000008ac00000, 0x000000008ac00000| Untracked 
| 173|0x000000008ad00000, 0x000000008ad00000, 0x000000008ae00000|  0%| F|  |TAMS 0x000000008ad00000, 0x000000008ad00000| Untracked 
| 174|0x000000008ae00000, 0x000000008ae00000, 0x000000008af00000|  0%| F|  |TAMS 0x000000008ae00000, 0x000000008ae00000| Untracked 
| 175|0x000000008af00000, 0x000000008af00000, 0x000000008b000000|  0%| F|  |TAMS 0x000000008af00000, 0x000000008af00000| Untracked 
| 176|0x000000008b000000, 0x000000008b000000, 0x000000008b100000|  0%| F|  |TAMS 0x000000008b000000, 0x000000008b000000| Untracked 
| 177|0x000000008b100000, 0x000000008b100000, 0x000000008b200000|  0%| F|  |TAMS 0x000000008b100000, 0x000000008b100000| Untracked 
| 178|0x000000008b200000, 0x000000008b200000, 0x000000008b300000|  0%| F|  |TAMS 0x000000008b200000, 0x000000008b200000| Untracked 
| 179|0x000000008b300000, 0x000000008b300000, 0x000000008b400000|  0%| F|  |TAMS 0x000000008b300000, 0x000000008b300000| Untracked 
| 180|0x000000008b400000, 0x000000008b400000, 0x000000008b500000|  0%| F|  |TAMS 0x000000008b400000, 0x000000008b400000| Untracked 
| 181|0x000000008b500000, 0x000000008b500000, 0x000000008b600000|  0%| F|  |TAMS 0x000000008b500000, 0x000000008b500000| Untracked 
| 182|0x000000008b600000, 0x000000008b600000, 0x000000008b700000|  0%| F|  |TAMS 0x000000008b600000, 0x000000008b600000| Untracked 
| 183|0x000000008b700000, 0x000000008b700000, 0x000000008b800000|  0%| F|  |TAMS 0x000000008b700000, 0x000000008b700000| Untracked 
| 184|0x000000008b800000, 0x000000008b800000, 0x000000008b900000|  0%| F|  |TAMS 0x000000008b800000, 0x000000008b800000| Untracked 
| 185|0x000000008b900000, 0x000000008b900000, 0x000000008ba00000|  0%| F|  |TAMS 0x000000008b900000, 0x000000008b900000| Untracked 
| 186|0x000000008ba00000, 0x000000008ba00000, 0x000000008bb00000|  0%| F|  |TAMS 0x000000008ba00000, 0x000000008ba00000| Untracked 
| 187|0x000000008bb00000, 0x000000008bb00000, 0x000000008bc00000|  0%| F|  |TAMS 0x000000008bb00000, 0x000000008bb00000| Untracked 
| 188|0x000000008bc00000, 0x000000008bc00000, 0x000000008bd00000|  0%| F|  |TAMS 0x000000008bc00000, 0x000000008bc00000| Untracked 
| 189|0x000000008bd00000, 0x000000008bd00000, 0x000000008be00000|  0%| F|  |TAMS 0x000000008bd00000, 0x000000008bd00000| Untracked 
| 190|0x000000008be00000, 0x000000008be00000, 0x000000008bf00000|  0%| F|  |TAMS 0x000000008be00000, 0x000000008be00000| Untracked 
| 191|0x000000008bf00000, 0x000000008bf00000, 0x000000008c000000|  0%| F|  |TAMS 0x000000008bf00000, 0x000000008bf00000| Untracked 
| 192|0x000000008c000000, 0x000000008c000000, 0x000000008c100000|  0%| F|  |TAMS 0x000000008c000000, 0x000000008c000000| Untracked 
| 193|0x000000008c100000, 0x000000008c100000, 0x000000008c200000|  0%| F|  |TAMS 0x000000008c100000, 0x000000008c100000| Untracked 
| 194|0x000000008c200000, 0x000000008c200000, 0x000000008c300000|  0%| F|  |TAMS 0x000000008c200000, 0x000000008c200000| Untracked 
| 195|0x000000008c300000, 0x000000008c300000, 0x000000008c400000|  0%| F|  |TAMS 0x000000008c300000, 0x000000008c300000| Untracked 
| 196|0x000000008c400000, 0x000000008c400000, 0x000000008c500000|  0%| F|  |TAMS 0x000000008c400000, 0x000000008c400000| Untracked 
| 197|0x000000008c500000, 0x000000008c500000, 0x000000008c600000|  0%| F|  |TAMS 0x000000008c500000, 0x000000008c500000| Untracked 
| 198|0x000000008c600000, 0x000000008c600000, 0x000000008c700000|  0%| F|  |TAMS 0x000000008c600000, 0x000000008c600000| Untracked 
| 199|0x000000008c700000, 0x000000008c700000, 0x000000008c800000|  0%| F|  |TAMS 0x000000008c700000, 0x000000008c700000| Untracked 
| 200|0x000000008c800000, 0x000000008c800000, 0x000000008c900000|  0%| F|  |TAMS 0x000000008c800000, 0x000000008c800000| Untracked 
| 201|0x000000008c900000, 0x000000008c900000, 0x000000008ca00000|  0%| F|  |TAMS 0x000000008c900000, 0x000000008c900000| Untracked 
| 202|0x000000008ca00000, 0x000000008ca00000, 0x000000008cb00000|  0%| F|  |TAMS 0x000000008ca00000, 0x000000008ca00000| Untracked 
| 203|0x000000008cb00000, 0x000000008cb00000, 0x000000008cc00000|  0%| F|  |TAMS 0x000000008cb00000, 0x000000008cb00000| Untracked 
| 204|0x000000008cc00000, 0x000000008cc00000, 0x000000008cd00000|  0%| F|  |TAMS 0x000000008cc00000, 0x000000008cc00000| Untracked 
| 205|0x000000008cd00000, 0x000000008cd00000, 0x000000008ce00000|  0%| F|  |TAMS 0x000000008cd00000, 0x000000008cd00000| Untracked 
| 206|0x000000008ce00000, 0x000000008ce00000, 0x000000008cf00000|  0%| F|  |TAMS 0x000000008ce00000, 0x000000008ce00000| Untracked 
| 207|0x000000008cf00000, 0x000000008cf00000, 0x000000008d000000|  0%| F|  |TAMS 0x000000008cf00000, 0x000000008cf00000| Untracked 
| 208|0x000000008d000000, 0x000000008d000000, 0x000000008d100000|  0%| F|  |TAMS 0x000000008d000000, 0x000000008d000000| Untracked 

Card table byte_map: [0x0000024e38ff0000,0x0000024e393f0000] _byte_map_base: 0x0000024e38bf0000

Marking Bits (Prev, Next): (CMBitMap*) 0x0000024e25c831a0, (CMBitMap*) 0x0000024e25c83168
 Prev Bits: [0x0000024e3b7f0000, 0x0000024e3d7f0000)
 Next Bits: [0x0000024e397f0000, 0x0000024e3b7f0000)

Polling page: 0x0000024e24640000

Metaspace:

Usage:
  Non-class:     73.92 MB capacity,    72.57 MB ( 98%) used,     1.13 MB (  2%) free+waste,   232.88 KB ( <1%) overhead. 
      Class:     11.32 MB capacity,    10.59 MB ( 94%) used,   645.02 KB (  6%) free+waste,   104.81 KB ( <1%) overhead. 
       Both:     85.25 MB capacity,    83.16 MB ( 98%) used,     1.76 MB (  2%) free+waste,   337.69 KB ( <1%) overhead. 

Virtual space:
  Non-class space:       74.00 MB reserved,      73.96 MB (>99%) committed 
      Class space:        1.00 GB reserved,      11.45 MB (  1%) committed 
             Both:        1.07 GB reserved,      85.41 MB (  8%) committed 

Chunk freelists:
   Non-Class:  33.00 KB
       Class:  23.00 KB
        Both:  56.00 KB

MaxMetaspaceSize: 17179869184.00 GB
CompressedClassSpaceSize: 1.00 GB

CodeHeap 'non-profiled nmethods': size=120064Kb used=6022Kb max_used=6022Kb free=114041Kb
 bounds [0x0000024e31090000, 0x0000024e31680000, 0x0000024e385d0000]
CodeHeap 'profiled nmethods': size=120000Kb used=23096Kb max_used=23096Kb free=96903Kb
 bounds [0x0000024e29b60000, 0x0000024e2b200000, 0x0000024e31090000]
CodeHeap 'non-nmethods': size=5696Kb used=2277Kb max_used=2324Kb free=3418Kb
 bounds [0x0000024e295d0000, 0x0000024e29840000, 0x0000024e29b60000]
 total_blobs=11828 nmethods=10949 adapters=790
 compilation: enabled
              stopped_count=0, restarted_count=0
 full_count=0

Compilation events (20 events):
Event: 19.766 Thread 0x0000024e3fe5d000 11322       2       java.util.HashMap::readObject (263 bytes)
Event: 19.768 Thread 0x0000024e3fe5d000 nmethod 11322 0x0000024e2b1e1d10 code [0x0000024e2b1e20a0, 0x0000024e2b1e2e98]
Event: 19.769 Thread 0x0000024e3fe5d000 11323       2       com.sun.org.apache.xerces.internal.impl.XMLEntityScanner::scanLiteral (755 bytes)
Event: 19.771 Thread 0x0000024e3fe5d000 nmethod 11323 0x0000024e2b1e3690 code [0x0000024e2b1e3920, 0x0000024e2b1e4368]
Event: 19.771 Thread 0x0000024e3fe5d000 11324       2       com.sun.org.apache.xerces.internal.xni.XMLString::setValues (16 bytes)
Event: 19.771 Thread 0x0000024e3fe5d000 nmethod 11324 0x0000024e2b1e4a90 code [0x0000024e2b1e4c40, 0x0000024e2b1e4d98]
Event: 19.773 Thread 0x0000024e3fe5d000 11325       2       com.sun.org.apache.xerces.internal.impl.XMLStreamReaderImpl::hasNext (25 bytes)
Event: 19.773 Thread 0x0000024e3fe5d000 nmethod 11325 0x0000024e2b1e4e10 code [0x0000024e2b1e4fc0, 0x0000024e2b1e50f8]
Event: 19.773 Thread 0x0000024e3fe5d000 11326       2       com.sun.org.apache.xerces.internal.impl.io.UTF8Reader::read (1443 bytes)
Event: 19.777 Thread 0x0000024e3fe5d000 nmethod 11326 0x0000024e2b1e5190 code [0x0000024e2b1e5560, 0x0000024e2b1e70d8]
Event: 19.791 Thread 0x0000024e3fe5d000 11328 %     3       java.util.HashMap::readObject @ 222 (263 bytes)
Event: 19.794 Thread 0x0000024e3fe5d000 nmethod 11328% 0x0000024e2b1e8310 code [0x0000024e2b1e8820, 0x0000024e2b1eab18]
Event: 19.794 Thread 0x0000024e3fe5d000 11329       2       java.io.DataInputStream::readChar (40 bytes)
Event: 19.794 Thread 0x0000024e3fe5d000 nmethod 11329 0x0000024e2b1eb810 code [0x0000024e2b1eb9e0, 0x0000024e2b1ebc08]
Event: 19.800 Thread 0x0000024e3fe5d000 11330       2       com.sun.org.apache.xerces.internal.impl.XMLScanner::isValidNameStartChar (5 bytes)
Event: 19.800 Thread 0x0000024e3fe5d000 nmethod 11330 0x0000024e2b1ebd10 code [0x0000024e2b1ebec0, 0x0000024e2b1ec018]
Event: 19.805 Thread 0x0000024e3fe5d000 11331       2       com.sun.org.apache.xerces.internal.impl.PropertyManager::getProperty (9 bytes)
Event: 19.806 Thread 0x0000024e3fe5d000 nmethod 11331 0x0000024e2b1ec110 code [0x0000024e2b1ec2c0, 0x0000024e2b1ec3e8]
Event: 19.806 Thread 0x0000024e3fe5d000 11332 %     3       com.sun.org.apache.xerces.internal.impl.io.UTF8Reader::read @ 150 (1443 bytes)
Event: 19.810 Thread 0x0000024e3fe5d000 nmethod 11332% 0x0000024e2b1ec490 code [0x0000024e2b1ec920, 0x0000024e2b1ef7b8]

GC Heap History (20 events):
Event: 12.132 GC heap after
{Heap after GC invocations=24 (full 0):
 garbage-first heap   total 138240K, used 59018K [0x0000000080000000, 0x0000000100000000)
  region size 1024K, 7 young (7168K), 7 survivors (7168K)
 Metaspace       used 76714K, capacity 78578K, committed 78752K, reserved 1118208K
  class space    used 9991K, capacity 10668K, committed 10700K, reserved 1048576K
}
Event: 13.171 GC heap before
{Heap before GC invocations=24 (full 0):
 garbage-first heap   total 138240K, used 107146K [0x0000000080000000, 0x0000000100000000)
  region size 1024K, 55 young (56320K), 7 survivors (7168K)
 Metaspace       used 78792K, capacity 80816K, committed 80928K, reserved 1120256K
  class space    used 10256K, capacity 10990K, committed 11084K, reserved 1048576K
}
Event: 13.189 GC heap after
{Heap after GC invocations=25 (full 0):
 garbage-first heap   total 165888K, used 62346K [0x0000000080000000, 0x0000000100000000)
  region size 1024K, 7 young (7168K), 7 survivors (7168K)
 Metaspace       used 78792K, capacity 80816K, committed 80928K, reserved 1120256K
  class space    used 10256K, capacity 10990K, committed 11084K, reserved 1048576K
}
Event: 14.559 GC heap before
{Heap before GC invocations=25 (full 0):
 garbage-first heap   total 165888K, used 120714K [0x0000000080000000, 0x0000000100000000)
  region size 1024K, 65 young (66560K), 7 survivors (7168K)
 Metaspace       used 80364K, capacity 82428K, committed 82592K, reserved 1120256K
  class space    used 10421K, capacity 11170K, committed 11212K, reserved 1048576K
}
Event: 14.576 GC heap after
{Heap after GC invocations=26 (full 0):
 garbage-first heap   total 165888K, used 65836K [0x0000000080000000, 0x0000000100000000)
  region size 1024K, 7 young (7168K), 7 survivors (7168K)
 Metaspace       used 80364K, capacity 82428K, committed 82592K, reserved 1120256K
  class space    used 10421K, capacity 11170K, committed 11212K, reserved 1048576K
}
Event: 15.439 GC heap before
{Heap before GC invocations=26 (full 0):
 garbage-first heap   total 165888K, used 128300K [0x0000000080000000, 0x0000000100000000)
  region size 1024K, 69 young (70656K), 7 survivors (7168K)
 Metaspace       used 80931K, capacity 82947K, committed 83232K, reserved 1122304K
  class space    used 10439K, capacity 11206K, committed 11340K, reserved 1048576K
}
Event: 15.477 GC heap after
{Heap after GC invocations=27 (full 0):
 garbage-first heap   total 165888K, used 82211K [0x0000000080000000, 0x0000000100000000)
  region size 1024K, 9 young (9216K), 9 survivors (9216K)
 Metaspace       used 80931K, capacity 82947K, committed 83232K, reserved 1122304K
  class space    used 10439K, capacity 11206K, committed 11340K, reserved 1048576K
}
Event: 15.840 GC heap before
{Heap before GC invocations=27 (full 0):
 garbage-first heap   total 165888K, used 116003K [0x0000000080000000, 0x0000000100000000)
  region size 1024K, 42 young (43008K), 9 survivors (9216K)
 Metaspace       used 81005K, capacity 83075K, committed 83232K, reserved 1122304K
  class space    used 10439K, capacity 11206K, committed 11340K, reserved 1048576K
}
Event: 15.886 GC heap after
{Heap after GC invocations=28 (full 0):
 garbage-first heap   total 165888K, used 89088K [0x0000000080000000, 0x0000000100000000)
  region size 1024K, 6 young (6144K), 6 survivors (6144K)
 Metaspace       used 81005K, capacity 83075K, committed 83232K, reserved 1122304K
  class space    used 10439K, capacity 11206K, committed 11340K, reserved 1048576K
}
Event: 16.419 GC heap before
{Heap before GC invocations=29 (full 0):
 garbage-first heap   total 165888K, used 126976K [0x0000000080000000, 0x0000000100000000)
  region size 1024K, 41 young (41984K), 6 survivors (6144K)
 Metaspace       used 81051K, capacity 83057K, committed 83488K, reserved 1122304K
  class space    used 10412K, capacity 11155K, committed 11340K, reserved 1048576K
}
Event: 16.441 GC heap after
{Heap after GC invocations=30 (full 0):
 garbage-first heap   total 214016K, used 98217K [0x0000000080000000, 0x0000000100000000)
  region size 1024K, 6 young (6144K), 6 survivors (6144K)
 Metaspace       used 81051K, capacity 83057K, committed 83488K, reserved 1122304K
  class space    used 10412K, capacity 11155K, committed 11340K, reserved 1048576K
}
Event: 17.202 GC heap before
{Heap before GC invocations=30 (full 0):
 garbage-first heap   total 214016K, used 150441K [0x0000000080000000, 0x0000000100000000)
  region size 1024K, 57 young (58368K), 6 survivors (6144K)
 Metaspace       used 81840K, capacity 83908K, committed 84256K, reserved 1122304K
  class space    used 10500K, capacity 11247K, committed 11340K, reserved 1048576K
}
Event: 17.226 GC heap after
{Heap after GC invocations=31 (full 0):
 garbage-first heap   total 214016K, used 101326K [0x0000000080000000, 0x0000000100000000)
  region size 1024K, 3 young (3072K), 3 survivors (3072K)
 Metaspace       used 81840K, capacity 83908K, committed 84256K, reserved 1122304K
  class space    used 10500K, capacity 11247K, committed 11340K, reserved 1048576K
}
Event: 17.252 GC heap before
{Heap before GC invocations=31 (full 0):
 garbage-first heap   total 214016K, used 102350K [0x0000000080000000, 0x0000000100000000)
  region size 1024K, 5 young (5120K), 3 survivors (3072K)
 Metaspace       used 81855K, capacity 83908K, committed 84256K, reserved 1122304K
  class space    used 10500K, capacity 11247K, committed 11340K, reserved 1048576K
}
Event: 17.259 GC heap after
{Heap after GC invocations=32 (full 0):
 garbage-first heap   total 214016K, used 101620K [0x0000000080000000, 0x0000000100000000)
  region size 1024K, 3 young (3072K), 3 survivors (3072K)
 Metaspace       used 81855K, capacity 83908K, committed 84256K, reserved 1122304K
  class space    used 10500K, capacity 11247K, committed 11340K, reserved 1048576K
}
Event: 18.631 GC heap before
{Heap before GC invocations=33 (full 0):
 garbage-first heap   total 214016K, used 165108K [0x0000000080000000, 0x0000000100000000)
  region size 1024K, 57 young (58368K), 3 survivors (3072K)
 Metaspace       used 84110K, capacity 86183K, committed 86304K, reserved 1124352K
  class space    used 10766K, capacity 11513K, committed 11596K, reserved 1048576K
}
Event: 18.659 GC heap after
{Heap after GC invocations=34 (full 0):
 garbage-first heap   total 214016K, used 108248K [0x0000000080000000, 0x0000000100000000)
  region size 1024K, 8 young (8192K), 8 survivors (8192K)
 Metaspace       used 84110K, capacity 86183K, committed 86304K, reserved 1124352K
  class space    used 10766K, capacity 11513K, committed 11596K, reserved 1048576K
}
Event: 19.044 GC heap before
{Heap before GC invocations=34 (full 0):
 garbage-first heap   total 214016K, used 126680K [0x0000000080000000, 0x0000000100000000)
  region size 1024K, 27 young (27648K), 8 survivors (8192K)
 Metaspace       used 84223K, capacity 86350K, committed 86560K, reserved 1124352K
  class space    used 10774K, capacity 11547K, committed 11596K, reserved 1048576K
}
Event: 19.076 GC heap after
{Heap after GC invocations=35 (full 0):
 garbage-first heap   total 214016K, used 115502K [0x0000000080000000, 0x0000000100000000)
  region size 1024K, 7 young (7168K), 7 survivors (7168K)
 Metaspace       used 84223K, capacity 86350K, committed 86560K, reserved 1124352K
  class space    used 10774K, capacity 11547K, committed 11596K, reserved 1048576K
}
Event: 19.817 GC heap before
{Heap before GC invocations=36 (full 0):
 garbage-first heap   total 214016K, used 170798K [0x0000000080000000, 0x0000000100000000)
  region size 1024K, 45 young (46080K), 7 survivors (7168K)
 Metaspace       used 85155K, capacity 87292K, committed 87456K, reserved 1124352K
  class space    used 10843K, capacity 11593K, committed 11724K, reserved 1048576K
}

Deoptimization events (20 events):
Event: 19.299 Thread 0x0000024e41f02800 DEOPT PACKING pc=0x0000024e31168dc4 sp=0x000000eb0fcf6f50
Event: 19.299 Thread 0x0000024e41f02800 DEOPT UNPACKING pc=0x0000024e295f74af sp=0x000000eb0fcf6ea8 mode 2
Event: 19.329 Thread 0x0000024e41f02800 DEOPT PACKING pc=0x0000024e2b17db0a sp=0x000000eb0fcf5090
Event: 19.329 Thread 0x0000024e41f02800 DEOPT UNPACKING pc=0x0000024e295f72ce sp=0x000000eb0fcf45b0 mode 0
Event: 19.361 Thread 0x0000024e41f02800 DEOPT PACKING pc=0x0000024e2b17caab sp=0x000000eb0fcf5510
Event: 19.361 Thread 0x0000024e41f02800 DEOPT UNPACKING pc=0x0000024e295f72ce sp=0x000000eb0fcf49b8 mode 0
Event: 19.365 Thread 0x0000024e41f02800 DEOPT PACKING pc=0x0000024e2b17bd70 sp=0x000000eb0fcf5a20
Event: 19.365 Thread 0x0000024e41f02800 DEOPT UNPACKING pc=0x0000024e295f72ce sp=0x000000eb0fcf4f20 mode 0
Event: 19.455 Thread 0x0000024e4413f000 DEOPT PACKING pc=0x0000024e2b19b1a4 sp=0x000000eb11ffc030
Event: 19.455 Thread 0x0000024e4413f000 DEOPT UNPACKING pc=0x0000024e295f72ce sp=0x000000eb11ffb588 mode 0
Event: 19.458 Thread 0x0000024e4413f000 DEOPT PACKING pc=0x0000024e2b19fefa sp=0x000000eb11ffbee0
Event: 19.458 Thread 0x0000024e4413f000 DEOPT UNPACKING pc=0x0000024e295f72ce sp=0x000000eb11ffb3c0 mode 0
Event: 19.508 Thread 0x0000024e41f02800 Uncommon trap: trap_request=0xffffff4d fr.pc=0x0000024e31168218 relative=0x0000000000000078
Event: 19.508 Thread 0x0000024e41f02800 Uncommon trap: reason=unstable_if action=reinterpret pc=0x0000024e31168218 method=java.lang.Integer.stringSize(I)I @ 19 c2
Event: 19.508 Thread 0x0000024e41f02800 DEOPT PACKING pc=0x0000024e31168218 sp=0x000000eb0fcf6f10
Event: 19.509 Thread 0x0000024e41f02800 DEOPT UNPACKING pc=0x0000024e295f74af sp=0x000000eb0fcf6e90 mode 2
Event: 19.556 Thread 0x0000024e41f02800 DEOPT PACKING pc=0x0000024e2b18918c sp=0x000000eb0fcf5a60
Event: 19.556 Thread 0x0000024e41f02800 DEOPT UNPACKING pc=0x0000024e295f72ce sp=0x000000eb0fcf4f08 mode 0
Event: 19.699 Thread 0x0000024e4413c800 DEOPT PACKING pc=0x0000024e2b19f58b sp=0x000000eb121fcaf0
Event: 19.699 Thread 0x0000024e4413c800 DEOPT UNPACKING pc=0x0000024e295f72ce sp=0x000000eb121fbf98 mode 0

Classes redefined (0 events):
No events

Internal exceptions (20 events):
Event: 17.010 Thread 0x0000024e41f02800 Exception <a 'java/lang/NoSuchMethodError'{0x000000008a8354f0}: <clinit>> (0x000000008a8354f0) thrown at [./src/hotspot/share/prims/jni.cpp, line 1362]
Event: 17.010 Thread 0x0000024e41f02800 Exception <a 'java/lang/NoSuchMethodError'{0x000000008a8388b0}: <clinit>> (0x000000008a8388b0) thrown at [./src/hotspot/share/prims/jni.cpp, line 1362]
Event: 17.011 Thread 0x0000024e41f02800 Exception <a 'java/lang/NoSuchMethodError'{0x000000008a83d9d0}: <clinit>> (0x000000008a83d9d0) thrown at [./src/hotspot/share/prims/jni.cpp, line 1362]
Event: 17.012 Thread 0x0000024e41f02800 Exception <a 'java/lang/NoSuchMethodError'{0x000000008a8494a8}: <clinit>> (0x000000008a8494a8) thrown at [./src/hotspot/share/prims/jni.cpp, line 1362]
Event: 17.022 Thread 0x0000024e41f02800 Exception <a 'java/lang/NoSuchMethodError'{0x000000008a8af970}: <clinit>> (0x000000008a8af970) thrown at [./src/hotspot/share/prims/jni.cpp, line 1362]
Event: 17.033 Thread 0x0000024e41f02800 Exception <a 'java/lang/NoSuchMethodError'{0x000000008a8f2698}: <clinit>> (0x000000008a8f2698) thrown at [./src/hotspot/share/prims/jni.cpp, line 1362]
Event: 17.033 Thread 0x0000024e41f02800 Exception <a 'java/lang/NoSuchMethodError'{0x000000008a8f62f8}: <clinit>> (0x000000008a8f62f8) thrown at [./src/hotspot/share/prims/jni.cpp, line 1362]
Event: 17.033 Thread 0x0000024e41f02800 Exception <a 'java/lang/NoSuchMethodError'{0x000000008a8f9a08}: <clinit>> (0x000000008a8f9a08) thrown at [./src/hotspot/share/prims/jni.cpp, line 1362]
Event: 17.035 Thread 0x0000024e41f02800 Exception <a 'java/lang/NoSuchMethodError'{0x000000008a719108}: <clinit>> (0x000000008a719108) thrown at [./src/hotspot/share/prims/jni.cpp, line 1362]
Event: 17.037 Thread 0x0000024e41f02800 Exception <a 'java/lang/NoSuchMethodError'{0x000000008a7376b0}: <clinit>> (0x000000008a7376b0) thrown at [./src/hotspot/share/prims/jni.cpp, line 1362]
Event: 17.039 Thread 0x0000024e41f02800 Exception <a 'java/lang/NoSuchMethodError'{0x000000008a7520b8}: <clinit>> (0x000000008a7520b8) thrown at [./src/hotspot/share/prims/jni.cpp, line 1362]
Event: 17.042 Thread 0x0000024e41f02800 Exception <a 'java/lang/NoSuchMethodError'{0x000000008a77eb18}: <clinit>> (0x000000008a77eb18) thrown at [./src/hotspot/share/prims/jni.cpp, line 1362]
Event: 17.045 Thread 0x0000024e41f02800 Exception <a 'java/lang/NoSuchMethodError'{0x000000008a7ae820}: <clinit>> (0x000000008a7ae820) thrown at [./src/hotspot/share/prims/jni.cpp, line 1362]
Event: 17.047 Thread 0x0000024e41f02800 Exception <a 'java/lang/NoSuchMethodError'{0x000000008a7c7da8}: <clinit>> (0x000000008a7c7da8) thrown at [./src/hotspot/share/prims/jni.cpp, line 1362]
Event: 17.199 Thread 0x0000024e41f02800 Implicit null exception at 0x0000024e310ebcef to 0x0000024e310ec32c
Event: 19.030 Thread 0x0000024e41f02800 Implicit null exception at 0x0000024e31601eae to 0x0000024e31606e84
Event: 19.030 Thread 0x0000024e41f02800 Implicit null exception at 0x0000024e31601eae to 0x0000024e31606e84
Event: 19.174 Thread 0x0000024e41f02800 Implicit null exception at 0x0000024e31601eae to 0x0000024e31606e84
Event: 19.304 Thread 0x0000024e41f02800 Exception <a 'java/lang/NoSuchMethodError'{0x000000008cd20dc8}: <clinit>> (0x000000008cd20dc8) thrown at [./src/hotspot/share/prims/jni.cpp, line 1362]
Event: 19.396 Thread 0x0000024e41f02800 Exception <a 'java/lang/NoSuchMethodError'{0x000000008c8091d8}: <clinit>> (0x000000008c8091d8) thrown at [./src/hotspot/share/prims/jni.cpp, line 1362]

Events (20 events):
Event: 19.801 loading class com/android/aaptcompiler/ResourceTable$addResourceWithId$1 done
Event: 19.801 loading class com/android/aaptcompiler/ResourceTable$addResourceWithId$2
Event: 19.801 loading class com/android/aaptcompiler/ResourceTable$addResourceWithId$2 done
Event: 19.802 loading class com/android/aaptcompiler/UnicodeUtilKt
Event: 19.802 loading class com/android/aaptcompiler/UnicodeUtilKt done
Event: 19.805 loading class com/android/aaptcompiler/ResourceTablePackage
Event: 19.805 loading class com/android/aaptcompiler/ResourceTablePackage done
Event: 19.806 loading class com/android/aaptcompiler/TableExtractor$extractResource$parseBagMethod$9
Event: 19.806 loading class com/android/aaptcompiler/TableExtractor$extractResource$parseBagMethod$9 done
Event: 19.806 loading class com/android/aaptcompiler/ResourceFileKt
Event: 19.806 loading class com/android/aaptcompiler/ResourceFileKt done
Event: 19.807 loading class com/android/aaptcompiler/ResourceGroup
Event: 19.807 loading class com/android/aaptcompiler/ResourceGroup done
Event: 19.807 loading class com/android/aaptcompiler/ResourceEntry
Event: 19.807 loading class com/android/aaptcompiler/ResourceEntry done
Event: 19.808 loading class com/android/aaptcompiler/Visibility
Event: 19.808 loading class com/android/aaptcompiler/Visibility done
Event: 19.811 loading class com/android/aaptcompiler/Plural
Event: 19.811 loading class com/android/aaptcompiler/Plural done
Event: 19.816 Executing VM operation: G1CollectForAllocation


Dynamic libraries:
0x00007ff782aa0000 - 0x00007ff782aaa000 	C:\Program Files\Android\Android Studio\jre\bin\java.exe
0x00007ffdf8530000 - 0x00007ffdf86f1000 	C:\Windows\SYSTEM32\ntdll.dll
0x00007ffdf6c20000 - 0x00007ffdf6ccd000 	C:\Windows\system32\KERNEL32.DLL
0x00007ffdf5440000 - 0x00007ffdf5628000 	C:\Windows\system32\KERNELBASE.dll
0x00007ffdeaea0000 - 0x00007ffdeaeb9000 	C:\Program Files\Android\Android Studio\jre\bin\jli.dll
0x00007ffdf6140000 - 0x00007ffdf6296000 	C:\Windows\system32\USER32.dll
0x00007ffdf63c0000 - 0x00007ffdf6547000 	C:\Windows\system32\GDI32.dll
0x00007ffde6730000 - 0x00007ffde6747000 	C:\Program Files\Android\Android Studio\jre\bin\VCRUNTIME140.dll
0x00007ffdf3df0000 - 0x00007ffdf3ee4000 	C:\Windows\SYSTEM32\ucrtbase.dll
0x00007ffdec530000 - 0x00007ffdec7a4000 	C:\Windows\WinSxS\amd64_microsoft.windows.common-controls_6595b64144ccf1df_6.0.10586.839_none_a2ddba30a539a2ae\COMCTL32.dll
0x00007ffdf62b0000 - 0x00007ffdf634d000 	C:\Windows\system32\msvcrt.dll
0x00007ffdf6890000 - 0x00007ffdf6b0e000 	C:\Windows\system32\combase.dll
0x00007ffdf5b90000 - 0x00007ffdf5cad000 	C:\Windows\system32\RPCRT4.dll
0x00007ffdf53d0000 - 0x00007ffdf543a000 	C:\Windows\system32\bcryptPrimitives.dll
0x00007ffdf5b50000 - 0x00007ffdf5b8b000 	C:\Windows\system32\IMM32.DLL
0x00007ffde4db0000 - 0x00007ffde4e4d000 	C:\Program Files\Android\Android Studio\jre\bin\msvcp140.dll
0x00007ffdd2050000 - 0x00007ffdd2b0c000 	C:\Program Files\Android\Android Studio\jre\bin\server\jvm.dll
0x00007ffdf67e0000 - 0x00007ffdf6887000 	C:\Windows\system32\ADVAPI32.dll
0x00007ffdf5af0000 - 0x00007ffdf5b4b000 	C:\Windows\system32\sechost.dll
0x00007ffdf6b30000 - 0x00007ffdf6b38000 	C:\Windows\system32\PSAPI.DLL
0x00007ffdeaf50000 - 0x00007ffdeaf59000 	C:\Windows\SYSTEM32\WSOCK32.dll
0x00007ffdf6350000 - 0x00007ffdf63bb000 	C:\Windows\system32\WS2_32.dll
0x00007ffdf2f20000 - 0x00007ffdf2f43000 	C:\Windows\SYSTEM32\WINMM.dll
0x00007ffde6e20000 - 0x00007ffde6e2a000 	C:\Windows\SYSTEM32\VERSION.dll
0x00007ffdf2ef0000 - 0x00007ffdf2f1c000 	C:\Windows\SYSTEM32\WINMMBASE.dll
0x00007ffdf5380000 - 0x00007ffdf53c3000 	C:\Windows\system32\cfgmgr32.dll
0x00007ffdf4bd0000 - 0x00007ffdf4bdf000 	C:\Windows\system32\kernel.appcore.dll
0x00007ffde91a0000 - 0x00007ffde91b1000 	C:\Program Files\Android\Android Studio\jre\bin\verify.dll
0x00007ffde85f0000 - 0x00007ffde877c000 	C:\Windows\SYSTEM32\DBGHELP.DLL
0x00007ffdf2f80000 - 0x00007ffdf2fa5000 	C:\Windows\SYSTEM32\dbgcore.DLL
0x00007ffde9170000 - 0x00007ffde9199000 	C:\Program Files\Android\Android Studio\jre\bin\java.dll
0x00007ffdeaf40000 - 0x00007ffdeaf4b000 	C:\Program Files\Android\Android Studio\jre\bin\jimage.dll
0x00007ffde9150000 - 0x00007ffde9168000 	C:\Program Files\Android\Android Studio\jre\bin\zip.dll
0x00007ffdf6cd0000 - 0x00007ffdf822c000 	C:\Windows\system32\SHELL32.dll
0x00007ffdf4d30000 - 0x00007ffdf5375000 	C:\Windows\system32\windows.storage.dll
0x00007ffdf5a90000 - 0x00007ffdf5ae2000 	C:\Windows\system32\shlwapi.dll
0x00007ffdf4be0000 - 0x00007ffdf4c95000 	C:\Windows\system32\shcore.dll
0x00007ffdf4b70000 - 0x00007ffdf4bbb000 	C:\Windows\system32\powrprof.dll
0x00007ffdf4b50000 - 0x00007ffdf4b64000 	C:\Windows\system32\profapi.dll
0x00007ffde8f20000 - 0x00007ffde8f3a000 	C:\Program Files\Android\Android Studio\jre\bin\net.dll
0x00007ffdebf10000 - 0x00007ffdebfd7000 	C:\Windows\SYSTEM32\WINHTTP.dll
0x00007ffdf4480000 - 0x00007ffdf44dc000 	C:\Windows\system32\mswsock.dll
0x00007ffde8f00000 - 0x00007ffde8f14000 	C:\Program Files\Android\Android Studio\jre\bin\nio.dll
0x00007ffdec200000 - 0x00007ffdec227000 	C:\Users\Huzaifa Sammar\.gradle\native\8bec1ad78214c89d9ad589b4d07fe93259594b29d510b10fafb7a158f7737e5d\windows-amd64\native-platform.dll
0x00007ffdec0c0000 - 0x00007ffdec1fd000 	C:\Users\Huzaifa Sammar\.gradle\native\53dbd7edfb1c66fb8903c78663c9afc45aea4f116125fa6feffd364cf09443e8\windows-amd64\native-platform-file-events.dll
0x00007ffdeaf10000 - 0x00007ffdeaf1a000 	C:\Program Files\Android\Android Studio\jre\bin\management.dll
0x00007ffde9140000 - 0x00007ffde914c000 	C:\Program Files\Android\Android Studio\jre\bin\management_ext.dll
0x00007ffdf4530000 - 0x00007ffdf4547000 	C:\Windows\SYSTEM32\CRYPTSP.dll
0x00007ffdf41c0000 - 0x00007ffdf41f4000 	C:\Windows\system32\rsaenh.dll
0x00007ffdf4750000 - 0x00007ffdf4779000 	C:\Windows\SYSTEM32\bcrypt.dll
0x00007ffdf4310000 - 0x00007ffdf432f000 	C:\Windows\SYSTEM32\USERENV.dll
0x00007ffdf4650000 - 0x00007ffdf465b000 	C:\Windows\SYSTEM32\CRYPTBASE.dll
0x00007ffdec7c0000 - 0x00007ffdec7f8000 	C:\Windows\SYSTEM32\IPHLPAPI.DLL
0x00007ffdf62a0000 - 0x00007ffdf62a8000 	C:\Windows\system32\NSI.dll
0x00007ffdeb5c0000 - 0x00007ffdeb5d6000 	C:\Windows\SYSTEM32\dhcpcsvc6.DLL
0x00007ffdeb700000 - 0x00007ffdeb71a000 	C:\Windows\SYSTEM32\dhcpcsvc.DLL

dbghelp: loaded successfully - version: 4.0.5 - missing functions: none
symbol engine: initialized successfully - sym options: 0x614 - pdb path: .;C:\Program Files\Android\Android Studio\jre\bin;C:\Windows\SYSTEM32;C:\Windows\WinSxS\amd64_microsoft.windows.common-controls_6595b64144ccf1df_6.0.10586.839_none_a2ddba30a539a2ae;C:\Program Files\Android\Android Studio\jre\bin\server;C:\Users\Huzaifa Sammar\.gradle\native\8bec1ad78214c89d9ad589b4d07fe93259594b29d510b10fafb7a158f7737e5d\windows-amd64;C:\Users\Huzaifa Sammar\.gradle\native\53dbd7edfb1c66fb8903c78663c9afc45aea4f116125fa6feffd364cf09443e8\windows-amd64

VM Arguments:
jvm_args: --add-opens=java.base/java.util=ALL-UNNAMED --add-opens=java.base/java.lang=ALL-UNNAMED --add-opens=java.base/java.lang.invoke=ALL-UNNAMED --add-opens=java.base/java.util=ALL-UNNAMED --add-opens=java.prefs/java.util.prefs=ALL-UNNAMED --add-opens=java.prefs/java.util.prefs=ALL-UNNAMED --add-opens=java.base/java.nio.charset=ALL-UNNAMED --add-opens=java.base/java.net=ALL-UNNAMED --add-opens=java.base/java.util.concurrent.atomic=ALL-UNNAMED -Xmx2048m -Dfile.encoding=UTF-8 -Duser.country=US -Duser.language=en -Duser.variant 
java_command: org.gradle.launcher.daemon.bootstrap.GradleDaemon 7.0.2
java_class_path (initial): C:\Users\Huzaifa Sammar\.gradle\wrapper\dists\gradle-7.0.2-bin\857tjihv64xamwrf0h14cai3r\gradle-7.0.2\lib\gradle-launcher-7.0.2.jar
Launcher Type: SUN_STANDARD

[Global flags]
     intx CICompilerCount                          = 3                                         {product} {ergonomic}
     uint ConcGCThreads                            = 1                                         {product} {ergonomic}
     uint G1ConcRefinementThreads                  = 4                                         {product} {ergonomic}
   size_t G1HeapRegionSize                         = 1048576                                   {product} {ergonomic}
    uintx GCDrainStackTargetSize                   = 64                                        {product} {ergonomic}
   size_t InitialHeapSize                          = 67108864                                  {product} {ergonomic}
   size_t MarkStackSize                            = 4194304                                   {product} {ergonomic}
   size_t MaxHeapSize                              = 2147483648                                {product} {command line}
   size_t MaxNewSize                               = 1287651328                                {product} {ergonomic}
   size_t MinHeapDeltaBytes                        = 1048576                                   {product} {ergonomic}
    uintx NonNMethodCodeHeapSize                   = 5830732                                {pd product} {ergonomic}
    uintx NonProfiledCodeHeapSize                  = 122913754                              {pd product} {ergonomic}
    uintx ProfiledCodeHeapSize                     = 122913754                              {pd product} {ergonomic}
    uintx ReservedCodeCacheSize                    = 251658240                              {pd product} {ergonomic}
     bool SegmentedCodeCache                       = true                                      {product} {ergonomic}
     bool UseCompressedClassPointers               = true                                 {lp64_product} {ergonomic}
     bool UseCompressedOops                        = true                                 {lp64_product} {ergonomic}
     bool UseG1GC                                  = true                                      {product} {ergonomic}
     bool UseLargePagesIndividualAllocation        = false                                  {pd product} {ergonomic}

Logging:
Log output configuration:
 #0: stdout all=warning uptime,level,tags
 #1: stderr all=off uptime,level,tags

Environment Variables:
JAVA_HOME=C:\Program Files\Java\jdk-12.0.2
PATH=C:\Users\Huzaifa Sammar\flutter/bin;C:\Program Files\Git\bin\git.exe;C:\Windows\System32;C:\Program Files\Git\cmd;C:\Windows\System32\Windows;C:\Windows\System32\WindowsPowerShell\v1.0;C:\Users\Huzaifa Sammar\AppData\Local\Android\Sdk;C:\Program Files\Java\jdk-12.0.2\bin;C:\Program Files (x86)\Java\jre1.8.0_171\bin;C:\Users\Huzaifa Sammar\dart-sdk\bin;C:\Users\Huzaifa Sammar\AppData\Local\Programs\Python\Python38;C:\Users\Huzaifa Sammar\AppData\Local\Programs\Python\Python38\Scripts
USERNAME=Huzaifa Sammar
OS=Windows_NT
PROCESSOR_IDENTIFIER=Intel64 Family 6 Model 69 Stepping 1, GenuineIntel



---------------  S Y S T E M  ---------------

OS: Windows 10 , 64 bit Build 10586 (10.0.10586.589)
OS uptime: 0 days 1:48 hours

CPU:total 4 (initial active 4) (2 cores per cpu, 2 threads per core) family 6 model 69 stepping 1, cmov, cx8, fxsr, mmx, sse, sse2, sse3, ssse3, sse4.1, sse4.2, popcnt, avx, avx2, aes, clmul, erms, lzcnt, ht, tsc, tscinvbit, bmi1, bmi2, fma

Memory: 4k page, system-wide physical 4001M (500M free)
TotalPageFile size 6863M (AvailPageFile size 28M)
current process WorkingSet (physical memory assigned to process): 470M, peak: 472M
current process commit charge ("private bytes"): 494M, peak: 538M

vm_info: OpenJDK 64-Bit Server VM (11.0.8+10-b944.6842174) for windows-amd64 JRE (11.0.8+10-b944.6842174), built on Sep 19 2020 01:11:42 by "builder" with MS VC++ 14.0 (VS2015)

END.
