#
# There is insufficient memory for the Java Runtime Environment to continue.
# Native memory allocation (mmap) failed to map 89128960 bytes for Failed to commit area from 0x000000008c300000 to 0x0000000091800000 of length 89128960.
# Possible reasons:
#   The system is out of physical RAM or swap space
#   The process is running with CompressedOops enabled, and the Java Heap may be blocking the growth of the native heap
# Possible solutions:
#   Reduce memory load on the system
#   Increase physical memory or swap space
#   Check if swap backing store is full
#   Decrease Java heap size (-Xmx/-Xms)
#   Decrease number of Java threads
#   Decrease Java thread stack sizes (-Xss)
#   Set larger code cache with -XX:ReservedCodeCacheSize=
#   JVM is running with Unscaled Compressed Oops mode in which the Java heap is
#     placed in the first 4GB address space. The Java Heap base address is the
#     maximum limit for the native heap growth. Please use -XX:HeapBaseMinAddress
#     to set the Java Heap base and to place the Java Heap above 4GB virtual address.
# This output file may be truncated or incomplete.
#
#  Out of Memory Error (./src/hotspot/os/windows/os_windows.cpp:3303), pid=224, tid=5960
#
# JRE version: OpenJDK Runtime Environment (11.0.8+10) (build 11.0.8+10-b944.6842174)
# Java VM: OpenJDK 64-Bit Server VM (11.0.8+10-b944.6842174, mixed mode, tiered, compressed oops, g1 gc, windows-amd64)
# No core dump will be written. Minidumps are not enabled by default on client versions of Windows
#

---------------  S U M M A R Y ------------

Command Line: --add-opens=java.base/java.util=ALL-UNNAMED --add-opens=java.base/java.lang=ALL-UNNAMED --add-opens=java.base/java.lang.invoke=ALL-UNNAMED --add-opens=java.base/java.util=ALL-UNNAMED --add-opens=java.prefs/java.util.prefs=ALL-UNNAMED --add-opens=java.prefs/java.util.prefs=ALL-UNNAMED --add-opens=java.base/java.nio.charset=ALL-UNNAMED --add-opens=java.base/java.net=ALL-UNNAMED --add-opens=java.base/java.util.concurrent.atomic=ALL-UNNAMED -Xmx2048m -Dfile.encoding=UTF-8 -Duser.country=US -Duser.language=en -Duser.variant org.gradle.launcher.daemon.bootstrap.GradleDaemon 7.0.2

Host: Intel(R) Core(TM) i5-4310U CPU @ 2.00GHz, 4 cores, 3G,  Windows 10 , 64 bit Build 10586 (10.0.10586.589)
Time: Thu Nov 25 11:41:59 2021 Pakistan Standard Time elapsed time: 19 seconds (0d 0h 0m 19s)

---------------  T H R E A D  ---------------

Current thread (0x000001d77fcbe800):  VMThread "VM Thread" [stack: 0x0000000a80200000,0x0000000a80300000] [id=5960]

Stack: [0x0000000a80200000,0x0000000a80300000]
[error occurred during error reporting (printing stack bounds), id 0xc0000005, EXCEPTION_ACCESS_VIOLATION (0xc0000005) at pc=0x000001d700000dad]

Native frames: (J=compiled Java code, j=interpreted, Vv=VM code, C=native code)
V  [jvm.dll+0x5de50a]
V  [jvm.dll+0x7122f5]
V  [jvm.dll+0x71384d]
V  [jvm.dll+0x713e65]
V  [jvm.dll+0x713e1b]
V  [jvm.dll+0x5dd958]
V  [jvm.dll+0x5de0f8]
C  [ntdll.dll+0xa9aed]
C  [ntdll.dll+0x34fe9]
C  [ntdll.dll+0xa8bfa]
C  0x000001d700000dad

VM_Operation (0x0000000a843fe2a0): G1CollectForAllocation, mode: safepoint, requested by thread 0x000001d717a48800


---------------  P R O C E S S  ---------------

Threads class SMR info:
_java_thread_list=0x000001d71e594920, length=61, elements={
0x000001d77aaf4000, 0x000001d77fcc4000, 0x000001d77fcc8000, 0x000001d77fd1e800,
0x000001d77fd1f800, 0x000001d77fd21000, 0x000001d77fd27000, 0x000001d77fd37800,
0x000001d715937000, 0x000001d71594e000, 0x000001d715a1a000, 0x000001d716973800,
0x000001d717ecd800, 0x000001d717f49000, 0x000001d71843d800, 0x000001d7183a2000,
0x000001d717b78800, 0x000001d717fb6800, 0x000001d718a06800, 0x000001d718e44000,
0x000001d71903f800, 0x000001d717fe4000, 0x000001d717fe0000, 0x000001d717fe2800,
0x000001d717fe6800, 0x000001d717fe5000, 0x000001d717fe3000, 0x000001d717fe0800,
0x000001d717fe5800, 0x000001d717fe1800, 0x000001d71787d000, 0x000001d717881000,
0x000001d71787b800, 0x000001d71787f000, 0x000001d71787c800, 0x000001d717885800,
0x000001d717884800, 0x000001d717886000, 0x000001d717883800, 0x000001d717887000,
0x000001d717887800, 0x000001d717888800, 0x000001d717883000, 0x000001d71b46e000,
0x000001d71b46d000, 0x000001d71b468000, 0x000001d71b469000, 0x000001d71b46c000,
0x000001d71b46e800, 0x000001d71b46f800, 0x000001d71b470800, 0x000001d71b46a800,
0x000001d71b471000, 0x000001d71b46b800, 0x000001d71b476000, 0x000001d71b472000,
0x000001d71b472800, 0x000001d71b477000, 0x000001d71b475000, 0x000001d71b473800,
0x000001d717a48800
}

Java Threads: ( => current thread )
  0x000001d77aaf4000 JavaThread "main" [_thread_blocked, id=6764, stack(0x0000000affc00000,0x0000000affd00000)]
  0x000001d77fcc4000 JavaThread "Reference Handler" daemon [_thread_blocked, id=3780, stack(0x0000000a80300000,0x0000000a80400000)]
  0x000001d77fcc8000 JavaThread "Finalizer" daemon [_thread_blocked, id=5356, stack(0x0000000a80400000,0x0000000a80500000)]
  0x000001d77fd1e800 JavaThread "Signal Dispatcher" daemon [_thread_blocked, id=5376, stack(0x0000000a80500000,0x0000000a80600000)]
  0x000001d77fd1f800 JavaThread "Attach Listener" daemon [_thread_blocked, id=8300, stack(0x0000000a80600000,0x0000000a80700000)]
  0x000001d77fd21000 JavaThread "C2 CompilerThread0" daemon [_thread_in_native, id=5560, stack(0x0000000a80700000,0x0000000a80800000)]
  0x000001d77fd27000 JavaThread "C1 CompilerThread0" daemon [_thread_blocked, id=908, stack(0x0000000a80800000,0x0000000a80900000)]
  0x000001d77fd37800 JavaThread "Sweeper thread" daemon [_thread_blocked, id=6192, stack(0x0000000a80900000,0x0000000a80a00000)]
  0x000001d715937000 JavaThread "Common-Cleaner" daemon [_thread_blocked, id=3068, stack(0x0000000a80a00000,0x0000000a80b00000)]
  0x000001d71594e000 JavaThread "Service Thread" daemon [_thread_blocked, id=8640, stack(0x0000000a80b00000,0x0000000a80c00000)]
  0x000001d715a1a000 JavaThread "C2 CompilerThread1" daemon [_thread_blocked, id=1068, stack(0x0000000a80d00000,0x0000000a80e00000)]
  0x000001d716973800 JavaThread "Daemon health stats" [_thread_blocked, id=5564, stack(0x0000000a80f00000,0x0000000a81000000)]
  0x000001d717ecd800 JavaThread "Incoming local TCP Connector on port 57795" [_thread_in_native, id=1656, stack(0x0000000a81200000,0x0000000a81300000)]
  0x000001d717f49000 JavaThread "Daemon periodic checks" [_thread_blocked, id=2288, stack(0x0000000a81300000,0x0000000a81400000)]
  0x000001d71843d800 JavaThread "Daemon" [_thread_blocked, id=216, stack(0x0000000a81400000,0x0000000a81500000)]
  0x000001d7183a2000 JavaThread "Handler for socket connection from /127.0.0.1:57795 to /127.0.0.1:57796" [_thread_in_native, id=520, stack(0x0000000a81500000,0x0000000a81600000)]
  0x000001d717b78800 JavaThread "Cancel handler" [_thread_blocked, id=7620, stack(0x0000000a81600000,0x0000000a81700000)]
  0x000001d717fb6800 JavaThread "Daemon worker" [_thread_blocked, id=1188, stack(0x0000000a81700000,0x0000000a81800000)]
  0x000001d718a06800 JavaThread "Asynchronous log dispatcher for DefaultDaemonConnection: socket connection from /127.0.0.1:57795 to /127.0.0.1:57796" [_thread_blocked, id=3644, stack(0x0000000a81800000,0x0000000a81900000)]
  0x000001d718e44000 JavaThread "Stdin handler" [_thread_blocked, id=8876, stack(0x0000000a81900000,0x0000000a81a00000)]
  0x000001d71903f800 JavaThread "Daemon client event forwarder" [_thread_blocked, id=6516, stack(0x0000000a81a00000,0x0000000a81b00000)]
  0x000001d717fe4000 JavaThread "Cache worker for file hash cache (C:\Users\Huzaifa Sammar\.gradle\caches\7.0.2\fileHashes)" [_thread_blocked, id=1764, stack(0x0000000a81b00000,0x0000000a81c00000)]
  0x000001d717fe0000 JavaThread "File lock request listener" [_thread_in_native, id=5384, stack(0x0000000a81c00000,0x0000000a81d00000)]
  0x000001d717fe2800 JavaThread "Cache worker for journal cache (C:\Users\Huzaifa Sammar\.gradle\caches\journal-1)" [_thread_blocked, id=7288, stack(0x0000000a81d00000,0x0000000a81e00000)]
  0x000001d717fe6800 JavaThread "Cache worker for file hash cache (C:\Users\Huzaifa Sammar\AndroidStudioProjects\DingVpnn\.gradle\7.0.2\fileHashes)" [_thread_blocked, id=5760, stack(0x0000000a81e00000,0x0000000a81f00000)]
  0x000001d717fe5000 JavaThread "File watcher server" daemon [_thread_blocked, id=7060, stack(0x0000000a81f00000,0x0000000a82000000)]
  0x000001d717fe3000 JavaThread "File watcher consumer" daemon [_thread_blocked, id=8156, stack(0x0000000a82000000,0x0000000a82100000)]
  0x000001d717fe0800 JavaThread "Cache worker for checksums cache (C:\Users\Huzaifa Sammar\AndroidStudioProjects\DingVpnn\.gradle\checksums)" [_thread_blocked, id=8852, stack(0x0000000a82100000,0x0000000a82200000)]
  0x000001d717fe5800 JavaThread "Cache worker for cache directory md-supplier (C:\Users\Huzaifa Sammar\.gradle\caches\7.0.2\md-supplier)" [_thread_blocked, id=3332, stack(0x0000000a82200000,0x0000000a82300000)]
  0x000001d717fe1800 JavaThread "Cache worker for cache directory md-rule (C:\Users\Huzaifa Sammar\.gradle\caches\7.0.2\md-rule)" [_thread_blocked, id=7088, stack(0x0000000a82300000,0x0000000a82400000)]
  0x000001d71787d000 JavaThread "Cache worker for execution history cache (C:\Users\Huzaifa Sammar\.gradle\caches\7.0.2\executionHistory)" [_thread_blocked, id=7244, stack(0x0000000a82400000,0x0000000a82500000)]
  0x000001d717881000 JavaThread "jar transforms" [_thread_blocked, id=4140, stack(0x0000000a82500000,0x0000000a82600000)]
  0x000001d71787b800 JavaThread "jar transforms Thread 2" [_thread_blocked, id=4492, stack(0x0000000a82600000,0x0000000a82700000)]
  0x000001d71787f000 JavaThread "Cache worker for file content cache (C:\Users\Huzaifa Sammar\.gradle\caches\7.0.2\fileContent)" [_thread_blocked, id=7464, stack(0x0000000a82700000,0x0000000a82800000)]
  0x000001d71787c800 JavaThread "Cache worker for dependencies-accessors (C:\Users\Huzaifa Sammar\AndroidStudioProjects\DingVpnn\.gradle\7.0.2\dependencies-accessors)" [_thread_blocked, id=6796, stack(0x0000000a82800000,0x0000000a82900000)]
  0x000001d717885800 JavaThread "jar transforms Thread 3" [_thread_blocked, id=4648, stack(0x0000000a82900000,0x0000000a82a00000)]
  0x000001d717884800 JavaThread "Cache worker for Build Output Cleanup Cache (C:\Users\Huzaifa Sammar\AndroidStudioProjects\DingVpnn\.gradle\buildOutputCleanup)" [_thread_blocked, id=8896, stack(0x0000000a82a00000,0x0000000a82b00000)]
  0x000001d717886000 JavaThread "Build operations" [_thread_blocked, id=6776, stack(0x0000000a82b00000,0x0000000a82c00000)]
  0x000001d717883800 JavaThread "Build operations Thread 2" [_thread_blocked, id=3668, stack(0x0000000a82c00000,0x0000000a82d00000)]
  0x000001d717887000 JavaThread "Build operations Thread 3" [_thread_blocked, id=8588, stack(0x0000000a82d00000,0x0000000a82e00000)]
  0x000001d717887800 JavaThread "Build operations Thread 4" [_thread_blocked, id=7560, stack(0x0000000a82e00000,0x0000000a82f00000)]
  0x000001d717888800 JavaThread "jar transforms Thread 4" [_thread_blocked, id=7832, stack(0x0000000a82f00000,0x0000000a83000000)]
  0x000001d717883000 JavaThread "Memory manager" [_thread_blocked, id=1484, stack(0x0000000a83000000,0x0000000a83100000)]
  0x000001d71b46e000 JavaThread "build event listener" [_thread_blocked, id=7760, stack(0x0000000a83100000,0x0000000a83200000)]
  0x000001d71b46d000 JavaThread "pool-3-thread-1" [_thread_blocked, id=5460, stack(0x0000000a83200000,0x0000000a83300000)]
  0x000001d71b468000 JavaThread "build event listener" [_thread_blocked, id=4312, stack(0x0000000a83300000,0x0000000a83400000)]
  0x000001d71b469000 JavaThread "Execution worker for ':'" [_thread_blocked, id=9144, stack(0x0000000a83400000,0x0000000a83500000)]
  0x000001d71b46c000 JavaThread "Execution worker for ':' Thread 2" [_thread_blocked, id=6304, stack(0x0000000a83500000,0x0000000a83600000)]
  0x000001d71b46e800 JavaThread "Execution worker for ':' Thread 3" [_thread_blocked, id=6348, stack(0x0000000a83600000,0x0000000a83700000)]
  0x000001d71b46f800 JavaThread "Cache worker for execution history cache (C:\Users\Huzaifa Sammar\AndroidStudioProjects\DingVpnn\.gradle\7.0.2\executionHistory)" [_thread_blocked, id=3160, stack(0x0000000a83700000,0x0000000a83800000)]
  0x000001d71b470800 JavaThread "WorkerExecutor Queue" [_thread_blocked, id=6912, stack(0x0000000a83800000,0x0000000a83900000)]
  0x000001d71b46a800 JavaThread "WorkerExecutor Queue Thread 2" [_thread_blocked, id=2068, stack(0x0000000a83900000,0x0000000a83a00000)]
  0x000001d71b471000 JavaThread "WorkerExecutor Queue Thread 3" [_thread_blocked, id=6236, stack(0x0000000a83a00000,0x0000000a83b00000)]
  0x000001d71b46b800 JavaThread "WorkerExecutor Queue Thread 4" [_thread_blocked, id=3688, stack(0x0000000a83b00000,0x0000000a83c00000)]
  0x000001d71b476000 JavaThread "pool-4-thread-1" [_thread_blocked, id=4544, stack(0x0000000a83d00000,0x0000000a83e00000)]
  0x000001d71b472000 JavaThread "stderr" [_thread_in_native, id=3920, stack(0x0000000a83e00000,0x0000000a83f00000)]
  0x000001d71b472800 JavaThread "stdout" [_thread_in_native, id=8368, stack(0x0000000a83f00000,0x0000000a84000000)]
  0x000001d71b477000 JavaThread "ForkJoinPool-1-worker-3" daemon [_thread_blocked, id=3564, stack(0x0000000a84000000,0x0000000a84100000)]
  0x000001d71b475000 JavaThread "ForkJoinPool-1-worker-5" daemon [_thread_blocked, id=360, stack(0x0000000a84100000,0x0000000a84200000)]
  0x000001d71b473800 JavaThread "ForkJoinPool-1-worker-7" daemon [_thread_blocked, id=4608, stack(0x0000000a84200000,0x0000000a84300000)]
  0x000001d717a48800 JavaThread "ForkJoinPool-1-worker-1" daemon [_thread_blocked, id=220, stack(0x0000000a84300000,0x0000000a84400000)]

Other Threads:
=>0x000001d77fcbe800 VMThread "VM Thread" [stack: 0x0000000a80200000,0x0000000a80300000] [id=5960]
  0x000001d71597f800 WatcherThread [stack: 0x0000000a80c00000,0x0000000a80d00000] [id=5056]
  0x000001d77ab0b800 GCTaskThread "GC Thread#0" [stack: 0x0000000affd00000,0x0000000affe00000] [id=6556]
  0x000001d71616d800 GCTaskThread "GC Thread#1" [stack: 0x0000000a80e00000,0x0000000a80f00000] [id=1016]
  0x000001d716435800 GCTaskThread "GC Thread#2" [stack: 0x0000000a81000000,0x0000000a81100000] [id=5884]
  0x000001d717bb3000 GCTaskThread "GC Thread#3" [stack: 0x0000000a81100000,0x0000000a81200000] [id=8420]
  0x000001d77ab3b800 ConcurrentGCThread "G1 Main Marker" [stack: 0x0000000affe00000,0x0000000afff00000] [id=2448]
  0x000001d77ab3d000 ConcurrentGCThread "G1 Conc#0" [stack: 0x0000000afff00000,0x0000000b00000000] [id=5904]
  0x000001d77ab9b800 ConcurrentGCThread "G1 Refine#0" [stack: 0x0000000a80000000,0x0000000a80100000] [id=4940]
  0x000001d71e9e4800 ConcurrentGCThread "G1 Refine#1" [stack: 0x0000000a84400000,0x0000000a84500000] [id=5556]
  0x000001d77ab9c800 ConcurrentGCThread "G1 Young RemSet Sampling" [stack: 0x0000000a80100000,0x0000000a80200000] [id=212]

Threads with active compile tasks:
C2 CompilerThread0  19853 10559       4       com.android.tools.r8.code.x1::a (4137 bytes)
C2 CompilerThread1  19853 10591 %     4       com.android.tools.r8.dex.n::a @ 315 (913 bytes)

VM state:at safepoint (normal execution)

VM Mutex/Monitor currently owned by a thread:  ([mutex/lock_event])
[0x000001d77aaefa80] Threads_lock - owner thread: 0x000001d77fcbe800
[0x000001d77aaef3c0] Heap_lock - owner thread: 0x000001d717a48800

Heap address: 0x0000000080000000, size: 2048 MB, Compressed Oops mode: 32-bit
Narrow klass base: 0x0000000000000000, Narrow klass shift: 3
Compressed class space size: 1073741824 Address: 0x0000000100000000

Heap:
 garbage-first heap   total 286720K, used 139666K [0x0000000080000000, 0x0000000100000000)
  region size 1024K, 4 young (4096K), 4 survivors (4096K)
 Metaspace       used 89717K, capacity 91934K, committed 92192K, reserved 1128448K
  class space    used 11711K, capacity 12503K, committed 12620K, reserved 1048576K
Heap Regions: E=young(eden), S=young(survivor), O=old, HS=humongous(starts), HC=humongous(continues), CS=collection set, F=free, A=archive, TAMS=top-at-mark-start (previous, next)
|   0|0x0000000080000000, 0x0000000080100000, 0x0000000080100000|100%|HS|  |TAMS 0x0000000080100000, 0x0000000080100000| Complete 
|   1|0x0000000080100000, 0x0000000080200000, 0x0000000080200000|100%|HC|  |TAMS 0x0000000080200000, 0x0000000080200000| Complete 
|   2|0x0000000080200000, 0x0000000080300000, 0x0000000080300000|100%|HC|  |TAMS 0x0000000080300000, 0x0000000080300000| Complete 
|   3|0x0000000080300000, 0x0000000080400000, 0x0000000080400000|100%| O|  |TAMS 0x0000000080400000, 0x0000000080400000| Untracked 
|   4|0x0000000080400000, 0x0000000080500000, 0x0000000080500000|100%| O|  |TAMS 0x0000000080500000, 0x0000000080500000| Untracked 
|   5|0x0000000080500000, 0x0000000080600000, 0x0000000080600000|100%| O|  |TAMS 0x0000000080600000, 0x0000000080600000| Untracked 
|   6|0x0000000080600000, 0x0000000080700000, 0x0000000080700000|100%| O|  |TAMS 0x0000000080700000, 0x0000000080700000| Untracked 
|   7|0x0000000080700000, 0x0000000080800000, 0x0000000080800000|100%| O|  |TAMS 0x0000000080800000, 0x0000000080800000| Untracked 
|   8|0x0000000080800000, 0x0000000080900000, 0x0000000080900000|100%| O|  |TAMS 0x0000000080900000, 0x0000000080900000| Untracked 
|   9|0x0000000080900000, 0x0000000080a00000, 0x0000000080a00000|100%| O|  |TAMS 0x0000000080a00000, 0x0000000080a00000| Untracked 
|  10|0x0000000080a00000, 0x0000000080b00000, 0x0000000080b00000|100%| O|  |TAMS 0x0000000080b00000, 0x0000000080b00000| Untracked 
|  11|0x0000000080b00000, 0x0000000080c00000, 0x0000000080c00000|100%| O|  |TAMS 0x0000000080c00000, 0x0000000080c00000| Untracked 
|  12|0x0000000080c00000, 0x0000000080d00000, 0x0000000080d00000|100%| O|  |TAMS 0x0000000080d00000, 0x0000000080d00000| Untracked 
|  13|0x0000000080d00000, 0x0000000080e00000, 0x0000000080e00000|100%| O|  |TAMS 0x0000000080e00000, 0x0000000080e00000| Untracked 
|  14|0x0000000080e00000, 0x0000000080f00000, 0x0000000080f00000|100%| O|  |TAMS 0x0000000080f00000, 0x0000000080f00000| Untracked 
|  15|0x0000000080f00000, 0x0000000081000000, 0x0000000081000000|100%| O|  |TAMS 0x0000000081000000, 0x0000000081000000| Untracked 
|  16|0x0000000081000000, 0x0000000081100000, 0x0000000081100000|100%| O|  |TAMS 0x0000000081100000, 0x0000000081100000| Untracked 
|  17|0x0000000081100000, 0x0000000081200000, 0x0000000081200000|100%| O|  |TAMS 0x0000000081200000, 0x0000000081200000| Untracked 
|  18|0x0000000081200000, 0x0000000081300000, 0x0000000081300000|100%| O|  |TAMS 0x0000000081300000, 0x0000000081300000| Untracked 
|  19|0x0000000081300000, 0x0000000081400000, 0x0000000081400000|100%| O|  |TAMS 0x0000000081400000, 0x0000000081400000| Untracked 
|  20|0x0000000081400000, 0x0000000081500000, 0x0000000081500000|100%| O|  |TAMS 0x0000000081500000, 0x0000000081500000| Untracked 
|  21|0x0000000081500000, 0x0000000081600000, 0x0000000081600000|100%| O|  |TAMS 0x0000000081600000, 0x0000000081600000| Untracked 
|  22|0x0000000081600000, 0x0000000081700000, 0x0000000081700000|100%|HS|  |TAMS 0x0000000081700000, 0x0000000081700000| Complete 
|  23|0x0000000081700000, 0x0000000081800000, 0x0000000081800000|100%|HS|  |TAMS 0x0000000081800000, 0x0000000081800000| Complete 
|  24|0x0000000081800000, 0x0000000081900000, 0x0000000081900000|100%|HC|  |TAMS 0x0000000081900000, 0x0000000081900000| Complete 
|  25|0x0000000081900000, 0x0000000081a00000, 0x0000000081a00000|100%| O|  |TAMS 0x0000000081a00000, 0x0000000081a00000| Untracked 
|  26|0x0000000081a00000, 0x0000000081b00000, 0x0000000081b00000|100%| O|  |TAMS 0x0000000081b00000, 0x0000000081b00000| Untracked 
|  27|0x0000000081b00000, 0x0000000081c00000, 0x0000000081c00000|100%| O|  |TAMS 0x0000000081c00000, 0x0000000081c00000| Untracked 
|  28|0x0000000081c00000, 0x0000000081d00000, 0x0000000081d00000|100%| O|  |TAMS 0x0000000081d00000, 0x0000000081d00000| Untracked 
|  29|0x0000000081d00000, 0x0000000081e00000, 0x0000000081e00000|100%| O|  |TAMS 0x0000000081e00000, 0x0000000081e00000| Untracked 
|  30|0x0000000081e00000, 0x0000000081f00000, 0x0000000081f00000|100%| O|  |TAMS 0x0000000081f00000, 0x0000000081f00000| Untracked 
|  31|0x0000000081f00000, 0x0000000082000000, 0x0000000082000000|100%| O|  |TAMS 0x0000000082000000, 0x0000000082000000| Untracked 
|  32|0x0000000082000000, 0x0000000082100000, 0x0000000082100000|100%| O|  |TAMS 0x0000000082100000, 0x0000000082100000| Untracked 
|  33|0x0000000082100000, 0x0000000082200000, 0x0000000082200000|100%| O|  |TAMS 0x0000000082200000, 0x0000000082200000| Untracked 
|  34|0x0000000082200000, 0x0000000082300000, 0x0000000082300000|100%| O|  |TAMS 0x0000000082300000, 0x0000000082300000| Untracked 
|  35|0x0000000082300000, 0x0000000082400000, 0x0000000082400000|100%| O|  |TAMS 0x0000000082400000, 0x0000000082400000| Untracked 
|  36|0x0000000082400000, 0x0000000082500000, 0x0000000082500000|100%| O|  |TAMS 0x0000000082500000, 0x0000000082500000| Untracked 
|  37|0x0000000082500000, 0x0000000082600000, 0x0000000082600000|100%| O|  |TAMS 0x0000000082600000, 0x0000000082600000| Untracked 
|  38|0x0000000082600000, 0x0000000082700000, 0x0000000082700000|100%| O|  |TAMS 0x0000000082700000, 0x0000000082700000| Untracked 
|  39|0x0000000082700000, 0x0000000082800000, 0x0000000082800000|100%| O|  |TAMS 0x0000000082800000, 0x0000000082800000| Untracked 
|  40|0x0000000082800000, 0x0000000082900000, 0x0000000082900000|100%| O|  |TAMS 0x0000000082900000, 0x0000000082900000| Untracked 
|  41|0x0000000082900000, 0x0000000082a00000, 0x0000000082a00000|100%| O|  |TAMS 0x0000000082a00000, 0x0000000082a00000| Untracked 
|  42|0x0000000082a00000, 0x0000000082b00000, 0x0000000082b00000|100%| O|  |TAMS 0x0000000082b00000, 0x0000000082b00000| Untracked 
|  43|0x0000000082b00000, 0x0000000082c00000, 0x0000000082c00000|100%| O|  |TAMS 0x0000000082c00000, 0x0000000082c00000| Untracked 
|  44|0x0000000082c00000, 0x0000000082d00000, 0x0000000082d00000|100%| O|  |TAMS 0x0000000082d00000, 0x0000000082d00000| Untracked 
|  45|0x0000000082d00000, 0x0000000082e00000, 0x0000000082e00000|100%| O|  |TAMS 0x0000000082e00000, 0x0000000082e00000| Untracked 
|  46|0x0000000082e00000, 0x0000000082f00000, 0x0000000082f00000|100%| O|  |TAMS 0x0000000082f00000, 0x0000000082f00000| Untracked 
|  47|0x0000000082f00000, 0x0000000083000000, 0x0000000083000000|100%| O|  |TAMS 0x0000000083000000, 0x0000000083000000| Untracked 
|  48|0x0000000083000000, 0x0000000083100000, 0x0000000083100000|100%| O|  |TAMS 0x0000000083100000, 0x0000000083100000| Untracked 
|  49|0x0000000083100000, 0x0000000083200000, 0x0000000083200000|100%| O|  |TAMS 0x0000000083200000, 0x0000000083200000| Untracked 
|  50|0x0000000083200000, 0x0000000083300000, 0x0000000083300000|100%| O|  |TAMS 0x0000000083300000, 0x0000000083300000| Untracked 
|  51|0x0000000083300000, 0x0000000083400000, 0x0000000083400000|100%| O|  |TAMS 0x0000000083400000, 0x0000000083400000| Untracked 
|  52|0x0000000083400000, 0x0000000083500000, 0x0000000083500000|100%| O|  |TAMS 0x0000000083500000, 0x0000000083500000| Untracked 
|  53|0x0000000083500000, 0x0000000083600000, 0x0000000083600000|100%| O|  |TAMS 0x0000000083600000, 0x0000000083600000| Untracked 
|  54|0x0000000083600000, 0x0000000083700000, 0x0000000083700000|100%| O|  |TAMS 0x0000000083700000, 0x0000000083700000| Untracked 
|  55|0x0000000083700000, 0x0000000083800000, 0x0000000083800000|100%| O|  |TAMS 0x0000000083800000, 0x0000000083800000| Untracked 
|  56|0x0000000083800000, 0x0000000083900000, 0x0000000083900000|100%| O|  |TAMS 0x0000000083900000, 0x0000000083900000| Untracked 
|  57|0x0000000083900000, 0x0000000083a00000, 0x0000000083a00000|100%| O|  |TAMS 0x0000000083a00000, 0x0000000083a00000| Untracked 
|  58|0x0000000083a00000, 0x0000000083b00000, 0x0000000083b00000|100%| O|  |TAMS 0x0000000083b00000, 0x0000000083b00000| Untracked 
|  59|0x0000000083b00000, 0x0000000083c00000, 0x0000000083c00000|100%| O|  |TAMS 0x0000000083c00000, 0x0000000083c00000| Untracked 
|  60|0x0000000083c00000, 0x0000000083d00000, 0x0000000083d00000|100%| O|  |TAMS 0x0000000083d00000, 0x0000000083d00000| Untracked 
|  61|0x0000000083d00000, 0x0000000083e00000, 0x0000000083e00000|100%| O|  |TAMS 0x0000000083e00000, 0x0000000083e00000| Untracked 
|  62|0x0000000083e00000, 0x0000000083f00000, 0x0000000083f00000|100%| O|  |TAMS 0x0000000083f00000, 0x0000000083f00000| Untracked 
|  63|0x0000000083f00000, 0x0000000084000000, 0x0000000084000000|100%| O|  |TAMS 0x0000000084000000, 0x0000000084000000| Untracked 
|  64|0x0000000084000000, 0x0000000084100000, 0x0000000084100000|100%| O|  |TAMS 0x0000000084100000, 0x0000000084100000| Untracked 
|  65|0x0000000084100000, 0x0000000084200000, 0x0000000084200000|100%|HS|  |TAMS 0x0000000084200000, 0x0000000084200000| Complete 
|  66|0x0000000084200000, 0x0000000084300000, 0x0000000084300000|100%|HC|  |TAMS 0x0000000084300000, 0x0000000084300000| Complete 
|  67|0x0000000084300000, 0x0000000084400000, 0x0000000084400000|100%|HS|  |TAMS 0x0000000084400000, 0x0000000084400000| Complete 
|  68|0x0000000084400000, 0x0000000084500000, 0x0000000084500000|100%|HS|  |TAMS 0x0000000084500000, 0x0000000084500000| Complete 
|  69|0x0000000084500000, 0x0000000084600000, 0x0000000084600000|100%|HS|  |TAMS 0x0000000084600000, 0x0000000084600000| Complete 
|  70|0x0000000084600000, 0x0000000084700000, 0x0000000084700000|100%|HS|  |TAMS 0x0000000084700000, 0x0000000084700000| Complete 
|  71|0x0000000084700000, 0x0000000084800000, 0x0000000084800000|100%| O|  |TAMS 0x0000000084800000, 0x0000000084800000| Untracked 
|  72|0x0000000084800000, 0x0000000084900000, 0x0000000084900000|100%| O|  |TAMS 0x0000000084900000, 0x0000000084900000| Untracked 
|  73|0x0000000084900000, 0x0000000084a00000, 0x0000000084a00000|100%| O|  |TAMS 0x0000000084a00000, 0x0000000084a00000| Untracked 
|  74|0x0000000084a00000, 0x0000000084b00000, 0x0000000084b00000|100%| O|  |TAMS 0x0000000084b00000, 0x0000000084b00000| Untracked 
|  75|0x0000000084b00000, 0x0000000084c00000, 0x0000000084c00000|100%| O|  |TAMS 0x0000000084c00000, 0x0000000084c00000| Untracked 
|  76|0x0000000084c00000, 0x0000000084d00000, 0x0000000084d00000|100%| O|  |TAMS 0x0000000084d00000, 0x0000000084d00000| Untracked 
|  77|0x0000000084d00000, 0x0000000084e00000, 0x0000000084e00000|100%| O|  |TAMS 0x0000000084e00000, 0x0000000084e00000| Untracked 
|  78|0x0000000084e00000, 0x0000000084f00000, 0x0000000084f00000|100%| O|  |TAMS 0x0000000084f00000, 0x0000000084f00000| Untracked 
|  79|0x0000000084f00000, 0x0000000085000000, 0x0000000085000000|100%| O|  |TAMS 0x0000000085000000, 0x0000000085000000| Untracked 
|  80|0x0000000085000000, 0x0000000085100000, 0x0000000085100000|100%| O|  |TAMS 0x0000000085100000, 0x0000000085100000| Untracked 
|  81|0x0000000085100000, 0x0000000085200000, 0x0000000085200000|100%| O|  |TAMS 0x0000000085200000, 0x0000000085200000| Untracked 
|  82|0x0000000085200000, 0x0000000085300000, 0x0000000085300000|100%| O|  |TAMS 0x0000000085300000, 0x0000000085300000| Untracked 
|  83|0x0000000085300000, 0x0000000085400000, 0x0000000085400000|100%| O|  |TAMS 0x0000000085400000, 0x0000000085400000| Untracked 
|  84|0x0000000085400000, 0x0000000085500000, 0x0000000085500000|100%| O|  |TAMS 0x0000000085500000, 0x0000000085500000| Untracked 
|  85|0x0000000085500000, 0x0000000085600000, 0x0000000085600000|100%| O|  |TAMS 0x0000000085600000, 0x0000000085600000| Untracked 
|  86|0x0000000085600000, 0x0000000085700000, 0x0000000085700000|100%| O|  |TAMS 0x0000000085700000, 0x0000000085700000| Untracked 
|  87|0x0000000085700000, 0x0000000085800000, 0x0000000085800000|100%|HS|  |TAMS 0x0000000085800000, 0x0000000085800000| Complete 
|  88|0x0000000085800000, 0x0000000085900000, 0x0000000085900000|100%|HC|  |TAMS 0x0000000085900000, 0x0000000085900000| Complete 
|  89|0x0000000085900000, 0x0000000085a00000, 0x0000000085a00000|100%| O|  |TAMS 0x0000000085a00000, 0x0000000085a00000| Untracked 
|  90|0x0000000085a00000, 0x0000000085b00000, 0x0000000085b00000|100%|HS|  |TAMS 0x0000000085b00000, 0x0000000085b00000| Complete 
|  91|0x0000000085b00000, 0x0000000085c00000, 0x0000000085c00000|100%| O|  |TAMS 0x0000000085c00000, 0x0000000085c00000| Untracked 
|  92|0x0000000085c00000, 0x0000000085d00000, 0x0000000085d00000|100%|HS|  |TAMS 0x0000000085d00000, 0x0000000085d00000| Complete 
|  93|0x0000000085d00000, 0x0000000085e00000, 0x0000000085e00000|100%| O|  |TAMS 0x0000000085e00000, 0x0000000085e00000| Untracked 
|  94|0x0000000085e00000, 0x0000000085f00000, 0x0000000085f00000|100%|HS|  |TAMS 0x0000000085f00000, 0x0000000085f00000| Complete 
|  95|0x0000000085f00000, 0x0000000086000000, 0x0000000086000000|100%| O|  |TAMS 0x0000000086000000, 0x0000000086000000| Untracked 
|  96|0x0000000086000000, 0x0000000086100000, 0x0000000086100000|100%|HS|  |TAMS 0x0000000086100000, 0x0000000086100000| Complete 
|  97|0x0000000086100000, 0x0000000086200000, 0x0000000086200000|100%| O|  |TAMS 0x0000000086200000, 0x0000000086200000| Untracked 
|  98|0x0000000086200000, 0x0000000086300000, 0x0000000086300000|100%| O|  |TAMS 0x0000000086300000, 0x0000000086300000| Untracked 
|  99|0x0000000086300000, 0x0000000086400000, 0x0000000086400000|100%| O|  |TAMS 0x0000000086400000, 0x0000000086400000| Untracked 
| 100|0x0000000086400000, 0x0000000086500000, 0x0000000086500000|100%| O|  |TAMS 0x0000000086500000, 0x0000000086500000| Untracked 
| 101|0x0000000086500000, 0x0000000086600000, 0x0000000086600000|100%| O|  |TAMS 0x0000000086600000, 0x0000000086600000| Untracked 
| 102|0x0000000086600000, 0x0000000086700000, 0x0000000086700000|100%| O|  |TAMS 0x0000000086700000, 0x0000000086700000| Untracked 
| 103|0x0000000086700000, 0x0000000086800000, 0x0000000086800000|100%| O|  |TAMS 0x0000000086800000, 0x0000000086800000| Untracked 
| 104|0x0000000086800000, 0x0000000086900000, 0x0000000086900000|100%| O|  |TAMS 0x0000000086900000, 0x0000000086900000| Untracked 
| 105|0x0000000086900000, 0x0000000086a00000, 0x0000000086a00000|100%| O|  |TAMS 0x0000000086a00000, 0x0000000086a00000| Untracked 
| 106|0x0000000086a00000, 0x0000000086b00000, 0x0000000086b00000|100%| O|  |TAMS 0x0000000086b00000, 0x0000000086b00000| Untracked 
| 107|0x0000000086b00000, 0x0000000086c00000, 0x0000000086c00000|100%| O|  |TAMS 0x0000000086c00000, 0x0000000086c00000| Untracked 
| 108|0x0000000086c00000, 0x0000000086d00000, 0x0000000086d00000|100%| O|  |TAMS 0x0000000086d00000, 0x0000000086d00000| Untracked 
| 109|0x0000000086d00000, 0x0000000086e00000, 0x0000000086e00000|100%|HS|  |TAMS 0x0000000086d00000, 0x0000000086e00000| Complete 
| 110|0x0000000086e00000, 0x0000000086f00000, 0x0000000086f00000|100%| O|  |TAMS 0x0000000086e00000, 0x0000000086f00000| Untracked 
| 111|0x0000000086f00000, 0x0000000087000000, 0x0000000087000000|100%| O|  |TAMS 0x0000000086f00000, 0x0000000087000000| Untracked 
| 112|0x0000000087000000, 0x0000000087100000, 0x0000000087100000|100%| O|  |TAMS 0x0000000087000000, 0x0000000087100000| Untracked 
| 113|0x0000000087100000, 0x0000000087200000, 0x0000000087200000|100%| O|  |TAMS 0x0000000087100000, 0x0000000087200000| Untracked 
| 114|0x0000000087200000, 0x0000000087300000, 0x0000000087300000|100%| O|  |TAMS 0x0000000087200000, 0x0000000087300000| Untracked 
| 115|0x0000000087300000, 0x0000000087400000, 0x0000000087400000|100%| O|  |TAMS 0x0000000087300000, 0x0000000087400000| Untracked 
| 116|0x0000000087400000, 0x0000000087500000, 0x0000000087500000|100%| O|  |TAMS 0x0000000087400000, 0x0000000087500000| Untracked 
| 117|0x0000000087500000, 0x0000000087600000, 0x0000000087600000|100%| O|  |TAMS 0x0000000087500000, 0x0000000087600000| Untracked 
| 118|0x0000000087600000, 0x0000000087700000, 0x0000000087700000|100%| O|  |TAMS 0x0000000087600000, 0x0000000087700000| Untracked 
| 119|0x0000000087700000, 0x0000000087800000, 0x0000000087800000|100%| O|  |TAMS 0x0000000087700000, 0x0000000087800000| Untracked 
| 120|0x0000000087800000, 0x0000000087900000, 0x0000000087900000|100%| O|  |TAMS 0x0000000087800000, 0x0000000087900000| Untracked 
| 121|0x0000000087900000, 0x0000000087a00000, 0x0000000087a00000|100%| O|  |TAMS 0x0000000087900000, 0x0000000087a00000| Untracked 
| 122|0x0000000087a00000, 0x0000000087b00000, 0x0000000087b00000|100%| O|  |TAMS 0x0000000087a00000, 0x0000000087b00000| Untracked 
| 123|0x0000000087b00000, 0x0000000087c00000, 0x0000000087c00000|100%| O|  |TAMS 0x0000000087b00000, 0x0000000087c00000| Untracked 
| 124|0x0000000087c00000, 0x0000000087d00000, 0x0000000087d00000|100%| O|  |TAMS 0x0000000087c00000, 0x0000000087d00000| Untracked 
| 125|0x0000000087d00000, 0x0000000087e00000, 0x0000000087e00000|100%| O|  |TAMS 0x0000000087d00000, 0x0000000087e00000| Untracked 
| 126|0x0000000087e00000, 0x0000000087f00000, 0x0000000087f00000|100%| O|  |TAMS 0x0000000087e00000, 0x0000000087f00000| Untracked 
| 127|0x0000000087f00000, 0x0000000088000000, 0x0000000088000000|100%| O|  |TAMS 0x0000000087f00000, 0x0000000088000000| Untracked 
| 128|0x0000000088000000, 0x0000000088100000, 0x0000000088100000|100%| O|  |TAMS 0x0000000088000000, 0x0000000088100000| Untracked 
| 129|0x0000000088100000, 0x0000000088200000, 0x0000000088200000|100%| O|  |TAMS 0x0000000088100000, 0x0000000088200000| Untracked 
| 130|0x0000000088200000, 0x0000000088300000, 0x0000000088300000|100%| O|  |TAMS 0x0000000088200000, 0x0000000088300000| Untracked 
| 131|0x0000000088300000, 0x0000000088400000, 0x0000000088400000|100%| O|  |TAMS 0x0000000088300000, 0x0000000088400000| Untracked 
| 132|0x0000000088400000, 0x0000000088464a00, 0x0000000088500000| 39%| O|  |TAMS 0x0000000088400000, 0x0000000088464a00| Untracked 
| 133|0x0000000088500000, 0x0000000088500000, 0x0000000088600000|  0%| F|  |TAMS 0x0000000088500000, 0x0000000088500000| Untracked 
| 134|0x0000000088600000, 0x0000000088600000, 0x0000000088700000|  0%| F|  |TAMS 0x0000000088600000, 0x0000000088600000| Untracked 
| 135|0x0000000088700000, 0x0000000088700000, 0x0000000088800000|  0%| F|  |TAMS 0x0000000088700000, 0x0000000088700000| Untracked 
| 136|0x0000000088800000, 0x0000000088800000, 0x0000000088900000|  0%| F|  |TAMS 0x0000000088800000, 0x0000000088800000| Untracked 
| 137|0x0000000088900000, 0x0000000088900000, 0x0000000088a00000|  0%| F|  |TAMS 0x0000000088900000, 0x0000000088900000| Untracked 
| 138|0x0000000088a00000, 0x0000000088a00000, 0x0000000088b00000|  0%| F|  |TAMS 0x0000000088a00000, 0x0000000088a00000| Untracked 
| 139|0x0000000088b00000, 0x0000000088b00000, 0x0000000088c00000|  0%| F|  |TAMS 0x0000000088b00000, 0x0000000088b00000| Untracked 
| 140|0x0000000088c00000, 0x0000000088c00000, 0x0000000088d00000|  0%| F|  |TAMS 0x0000000088c00000, 0x0000000088c00000| Untracked 
| 141|0x0000000088d00000, 0x0000000088d00000, 0x0000000088e00000|  0%| F|  |TAMS 0x0000000088d00000, 0x0000000088d00000| Untracked 
| 142|0x0000000088e00000, 0x0000000088e00000, 0x0000000088f00000|  0%| F|  |TAMS 0x0000000088e00000, 0x0000000088e00000| Untracked 
| 143|0x0000000088f00000, 0x0000000088f00000, 0x0000000089000000|  0%| F|  |TAMS 0x0000000088f00000, 0x0000000088f00000| Untracked 
| 144|0x0000000089000000, 0x0000000089000000, 0x0000000089100000|  0%| F|  |TAMS 0x0000000089000000, 0x0000000089000000| Untracked 
| 145|0x0000000089100000, 0x0000000089100000, 0x0000000089200000|  0%| F|  |TAMS 0x0000000089100000, 0x0000000089100000| Untracked 
| 146|0x0000000089200000, 0x0000000089200000, 0x0000000089300000|  0%| F|  |TAMS 0x0000000089200000, 0x0000000089200000| Untracked 
| 147|0x0000000089300000, 0x0000000089300000, 0x0000000089400000|  0%| F|  |TAMS 0x0000000089300000, 0x0000000089300000| Untracked 
| 148|0x0000000089400000, 0x0000000089400000, 0x0000000089500000|  0%| F|  |TAMS 0x0000000089400000, 0x0000000089400000| Untracked 
| 149|0x0000000089500000, 0x0000000089500000, 0x0000000089600000|  0%| F|  |TAMS 0x0000000089500000, 0x0000000089500000| Untracked 
| 150|0x0000000089600000, 0x0000000089600000, 0x0000000089700000|  0%| F|  |TAMS 0x0000000089600000, 0x0000000089600000| Untracked 
| 151|0x0000000089700000, 0x0000000089700000, 0x0000000089800000|  0%| F|  |TAMS 0x0000000089700000, 0x0000000089700000| Untracked 
| 152|0x0000000089800000, 0x0000000089800000, 0x0000000089900000|  0%| F|  |TAMS 0x0000000089800000, 0x0000000089800000| Untracked 
| 153|0x0000000089900000, 0x0000000089900000, 0x0000000089a00000|  0%| F|  |TAMS 0x0000000089900000, 0x0000000089900000| Untracked 
| 154|0x0000000089a00000, 0x0000000089a00000, 0x0000000089b00000|  0%| F|  |TAMS 0x0000000089a00000, 0x0000000089a00000| Untracked 
| 155|0x0000000089b00000, 0x0000000089b00000, 0x0000000089c00000|  0%| F|  |TAMS 0x0000000089b00000, 0x0000000089b00000| Untracked 
| 156|0x0000000089c00000, 0x0000000089c00000, 0x0000000089d00000|  0%| F|  |TAMS 0x0000000089c00000, 0x0000000089c00000| Untracked 
| 157|0x0000000089d00000, 0x0000000089d00000, 0x0000000089e00000|  0%| F|  |TAMS 0x0000000089d00000, 0x0000000089d00000| Untracked 
| 158|0x0000000089e00000, 0x0000000089e00000, 0x0000000089f00000|  0%| F|  |TAMS 0x0000000089e00000, 0x0000000089e00000| Untracked 
| 159|0x0000000089f00000, 0x0000000089f00000, 0x000000008a000000|  0%| F|  |TAMS 0x0000000089f00000, 0x0000000089f00000| Untracked 
| 160|0x000000008a000000, 0x000000008a000000, 0x000000008a100000|  0%| F|  |TAMS 0x000000008a000000, 0x000000008a000000| Untracked 
| 161|0x000000008a100000, 0x000000008a100000, 0x000000008a200000|  0%| F|  |TAMS 0x000000008a100000, 0x000000008a100000| Untracked 
| 162|0x000000008a200000, 0x000000008a200000, 0x000000008a300000|  0%| F|  |TAMS 0x000000008a200000, 0x000000008a200000| Untracked 
| 163|0x000000008a300000, 0x000000008a300000, 0x000000008a400000|  0%| F|  |TAMS 0x000000008a300000, 0x000000008a300000| Untracked 
| 164|0x000000008a400000, 0x000000008a400000, 0x000000008a500000|  0%| F|  |TAMS 0x000000008a400000, 0x000000008a400000| Untracked 
| 165|0x000000008a500000, 0x000000008a500000, 0x000000008a600000|  0%| F|  |TAMS 0x000000008a500000, 0x000000008a500000| Untracked 
| 166|0x000000008a600000, 0x000000008a600000, 0x000000008a700000|  0%| F|  |TAMS 0x000000008a600000, 0x000000008a600000| Untracked 
| 167|0x000000008a700000, 0x000000008a700000, 0x000000008a800000|  0%| F|  |TAMS 0x000000008a700000, 0x000000008a700000| Untracked 
| 168|0x000000008a800000, 0x000000008a900000, 0x000000008a900000|100%| S|CS|TAMS 0x000000008a800000, 0x000000008a800000| Complete 
| 169|0x000000008a900000, 0x000000008aa00000, 0x000000008aa00000|100%| S|CS|TAMS 0x000000008a900000, 0x000000008a900000| Complete 
| 170|0x000000008aa00000, 0x000000008ab00000, 0x000000008ab00000|100%| S|CS|TAMS 0x000000008aa00000, 0x000000008aa00000| Complete 
| 171|0x000000008ab00000, 0x000000008ac00000, 0x000000008ac00000|100%| S|CS|TAMS 0x000000008ab00000, 0x000000008ab00000| Complete 
| 172|0x000000008ac00000, 0x000000008ac00000, 0x000000008ad00000|  0%| F|  |TAMS 0x000000008ac00000, 0x000000008ac00000| Untracked 
| 173|0x000000008ad00000, 0x000000008ad00000, 0x000000008ae00000|  0%| F|  |TAMS 0x000000008ad00000, 0x000000008ad00000| Untracked 
| 174|0x000000008ae00000, 0x000000008ae00000, 0x000000008af00000|  0%| F|  |TAMS 0x000000008ae00000, 0x000000008ae00000| Untracked 
| 175|0x000000008af00000, 0x000000008af00000, 0x000000008b000000|  0%| F|  |TAMS 0x000000008af00000, 0x000000008af00000| Untracked 
| 176|0x000000008b000000, 0x000000008b000000, 0x000000008b100000|  0%| F|  |TAMS 0x000000008b000000, 0x000000008b000000| Untracked 
| 177|0x000000008b100000, 0x000000008b100000, 0x000000008b200000|  0%| F|  |TAMS 0x000000008b100000, 0x000000008b100000| Untracked 
| 178|0x000000008b200000, 0x000000008b200000, 0x000000008b300000|  0%| F|  |TAMS 0x000000008b200000, 0x000000008b200000| Untracked 
| 179|0x000000008b300000, 0x000000008b300000, 0x000000008b400000|  0%| F|  |TAMS 0x000000008b300000, 0x000000008b300000| Untracked 
| 180|0x000000008b400000, 0x000000008b400000, 0x000000008b500000|  0%| F|  |TAMS 0x000000008b400000, 0x000000008b400000| Untracked 
| 181|0x000000008b500000, 0x000000008b500000, 0x000000008b600000|  0%| F|  |TAMS 0x000000008b500000, 0x000000008b500000| Untracked 
| 182|0x000000008b600000, 0x000000008b600000, 0x000000008b700000|  0%| F|  |TAMS 0x000000008b600000, 0x000000008b600000| Untracked 
| 183|0x000000008b700000, 0x000000008b700000, 0x000000008b800000|  0%| F|  |TAMS 0x000000008b700000, 0x000000008b700000| Untracked 
| 184|0x000000008b800000, 0x000000008b800000, 0x000000008b900000|  0%| F|  |TAMS 0x000000008b800000, 0x000000008b800000| Untracked 
| 185|0x000000008b900000, 0x000000008b900000, 0x000000008ba00000|  0%| F|  |TAMS 0x000000008b900000, 0x000000008b900000| Untracked 
| 186|0x000000008ba00000, 0x000000008ba00000, 0x000000008bb00000|  0%| F|  |TAMS 0x000000008ba00000, 0x000000008ba00000| Untracked 
| 187|0x000000008bb00000, 0x000000008bb00000, 0x000000008bc00000|  0%| F|  |TAMS 0x000000008bb00000, 0x000000008bb00000| Untracked 
| 188|0x000000008bc00000, 0x000000008bc00000, 0x000000008bd00000|  0%| F|  |TAMS 0x000000008bc00000, 0x000000008bc00000| Untracked 
| 189|0x000000008bd00000, 0x000000008bd00000, 0x000000008be00000|  0%| F|  |TAMS 0x000000008bd00000, 0x000000008bd00000| Untracked 
| 190|0x000000008be00000, 0x000000008be00000, 0x000000008bf00000|  0%| F|  |TAMS 0x000000008be00000, 0x000000008be00000| Untracked 
| 191|0x000000008bf00000, 0x000000008bf00000, 0x000000008c000000|  0%| F|  |TAMS 0x000000008bf00000, 0x000000008bf00000| Untracked 
| 192|0x000000008c000000, 0x000000008c000000, 0x000000008c100000|  0%| F|  |TAMS 0x000000008c000000, 0x000000008c000000| Untracked 
| 193|0x000000008c100000, 0x000000008c100000, 0x000000008c200000|  0%| F|  |TAMS 0x000000008c100000, 0x000000008c100000| Untracked 
| 194|0x000000008c200000, 0x000000008c200000, 0x000000008c300000|  0%| F|  |TAMS 0x000000008c200000, 0x000000008c200000| Untracked 

Card table byte_map: [0x000001d77eeb0000,0x000001d77f2b0000] _byte_map_base: 0x000001d77eab0000

Marking Bits (Prev, Next): (CMBitMap*) 0x000001d77ab32bd8, (CMBitMap*) 0x000001d77ab32c10
 Prev Bits: [0x000001d70f000000, 0x000001d711000000)
 Next Bits: [0x000001d711000000, 0x000001d713000000)

Polling page: 0x000001d7791d0000

Metaspace:

Usage:
  Non-class:     77.57 MB capacity,    76.18 MB ( 98%) used,     1.15 MB (  1%) free+waste,   248.63 KB ( <1%) overhead. 
      Class:     12.21 MB capacity,    11.44 MB ( 94%) used,   680.42 KB (  5%) free+waste,   111.31 KB ( <1%) overhead. 
       Both:     89.78 MB capacity,    87.61 MB ( 98%) used,     1.81 MB (  2%) free+waste,   359.94 KB ( <1%) overhead. 

Virtual space:
  Non-class space:       78.00 MB reserved,      77.71 MB (>99%) committed 
      Class space:        1.00 GB reserved,      12.32 MB (  1%) committed 
             Both:        1.08 GB reserved,      90.03 MB (  8%) committed 

Chunk freelists:
   Non-Class:  77.00 KB
       Class:  41.00 KB
        Both:  118.00 KB

MaxMetaspaceSize: 17179869184.00 GB
CompressedClassSpaceSize: 1.00 GB

CodeHeap 'non-profiled nmethods': size=120064Kb used=5719Kb max_used=5719Kb free=114344Kb
 bounds [0x000001d707ac0000, 0x000001d708060000, 0x000001d70f000000]
CodeHeap 'profiled nmethods': size=120000Kb used=21800Kb max_used=21800Kb free=98199Kb
 bounds [0x000001d700590000, 0x000001d701ae0000, 0x000001d707ac0000]
CodeHeap 'non-nmethods': size=5696Kb used=2290Kb max_used=2338Kb free=3405Kb
 bounds [0x000001d700000000, 0x000001d700270000, 0x000001d700590000]
 total_blobs=11297 nmethods=10403 adapters=805
 compilation: enabled
              stopped_count=0, restarted_count=0
 full_count=0

Compilation events (20 events):
Event: 19.714 Thread 0x000001d77fd27000 10733       2       com.android.tools.r8.code.w1::f (9 bytes)
Event: 19.715 Thread 0x000001d77fd27000 nmethod 10733 0x000001d701ad8790 code [0x000001d701ad8940, 0x000001d701ad8a68]
Event: 19.720 Thread 0x000001d77fd27000 10734       2       com.android.tools.r8.graph.B::d (73 bytes)
Event: 19.720 Thread 0x000001d77fd27000 nmethod 10734 0x000001d701ad8b90 code [0x000001d701ad8dc0, 0x000001d701ad92d8]
Event: 19.721 Thread 0x000001d77fd27000 10735       2       com.android.tools.r8.code.P1::<init> (13 bytes)
Event: 19.721 Thread 0x000001d77fd27000 nmethod 10735 0x000001d701ad9690 code [0x000001d701ad9860, 0x000001d701ad9b38]
Event: 19.724 Thread 0x000001d77fd27000 10736       2       com.android.tools.r8.graph.v1::b (143 bytes)
Event: 19.725 Thread 0x000001d77fd27000 nmethod 10736 0x000001d701ad9d90 code [0x000001d701ad9fe0, 0x000001d701ada748]
Event: 19.728 Thread 0x000001d77fd27000 10737       2       com.android.tools.r8.code.k1::<init> (7 bytes)
Event: 19.729 Thread 0x000001d77fd27000 nmethod 10737 0x000001d701adab10 code [0x000001d701adace0, 0x000001d701adaea8]
Event: 19.739 Thread 0x000001d77fd27000 10738       2       com.android.tools.r8.code.w1::b (25 bytes)
Event: 19.739 Thread 0x000001d77fd27000 nmethod 10738 0x000001d701adb010 code [0x000001d701adb1e0, 0x000001d701adb3b8]
Event: 19.742 Thread 0x000001d77fd27000 10739       2       com.android.tools.r8.graph.v1::a (143 bytes)
Event: 19.743 Thread 0x000001d77fd27000 nmethod 10739 0x000001d701adb510 code [0x000001d701adb760, 0x000001d701adbec8]
Event: 19.743 Thread 0x000001d77fd27000 10740       2       com.android.tools.r8.w.a.a.a.h.f0::a (27 bytes)
Event: 19.744 Thread 0x000001d77fd27000 nmethod 10740 0x000001d701adc290 code [0x000001d701adc440, 0x000001d701adc658]
Event: 19.744 Thread 0x000001d77fd27000 10741       2       com.android.tools.r8.w.a.a.a.h.f0$e::<init> (6 bytes)
Event: 19.744 Thread 0x000001d77fd27000 nmethod 10741 0x000001d701adc710 code [0x000001d701adc8c0, 0x000001d701adca18]
Event: 19.744 Thread 0x000001d77fd27000 10742       2       com.android.tools.r8.code.f::<init> (7 bytes)
Event: 19.744 Thread 0x000001d77fd27000 nmethod 10742 0x000001d701adca90 code [0x000001d701adcc60, 0x000001d701adce98]

GC Heap History (20 events):
Event: 13.952 GC heap after
{Heap after GC invocations=27 (full 0):
 garbage-first heap   total 138240K, used 60628K [0x0000000080000000, 0x0000000100000000)
  region size 1024K, 6 young (6144K), 6 survivors (6144K)
 Metaspace       used 78680K, capacity 80637K, committed 80928K, reserved 1120256K
  class space    used 10266K, capacity 11000K, committed 11084K, reserved 1048576K
}
Event: 14.689 GC heap before
{Heap before GC invocations=27 (full 0):
 garbage-first heap   total 138240K, used 101588K [0x0000000080000000, 0x0000000100000000)
  region size 1024K, 47 young (48128K), 6 survivors (6144K)
 Metaspace       used 79133K, capacity 81159K, committed 81440K, reserved 1120256K
  class space    used 10276K, capacity 11010K, committed 11084K, reserved 1048576K
}
Event: 14.702 GC heap after
{Heap after GC invocations=28 (full 0):
 garbage-first heap   total 138240K, used 63339K [0x0000000080000000, 0x0000000100000000)
  region size 1024K, 6 young (6144K), 6 survivors (6144K)
 Metaspace       used 79133K, capacity 81159K, committed 81440K, reserved 1120256K
  class space    used 10276K, capacity 11010K, committed 11084K, reserved 1048576K
}
Event: 15.488 GC heap before
{Heap before GC invocations=28 (full 0):
 garbage-first heap   total 138240K, used 104299K [0x0000000080000000, 0x0000000100000000)
  region size 1024K, 47 young (48128K), 6 survivors (6144K)
 Metaspace       used 79583K, capacity 81634K, committed 81696K, reserved 1120256K
  class space    used 10301K, capacity 11064K, committed 11084K, reserved 1048576K
}
Event: 15.503 GC heap after
{Heap after GC invocations=29 (full 0):
 garbage-first heap   total 165888K, used 66004K [0x0000000080000000, 0x0000000100000000)
  region size 1024K, 6 young (6144K), 6 survivors (6144K)
 Metaspace       used 79583K, capacity 81634K, committed 81696K, reserved 1120256K
  class space    used 10301K, capacity 11064K, committed 11084K, reserved 1048576K
}
Event: 16.231 GC heap before
{Heap before GC invocations=29 (full 0):
 garbage-first heap   total 165888K, used 120276K [0x0000000080000000, 0x0000000100000000)
  region size 1024K, 60 young (61440K), 6 survivors (6144K)
 Metaspace       used 81022K, capacity 83082K, committed 83232K, reserved 1122304K
  class space    used 10502K, capacity 11268K, committed 11340K, reserved 1048576K
}
Event: 16.245 GC heap after
{Heap after GC invocations=30 (full 0):
 garbage-first heap   total 165888K, used 69755K [0x0000000080000000, 0x0000000100000000)
  region size 1024K, 7 young (7168K), 7 survivors (7168K)
 Metaspace       used 81022K, capacity 83082K, committed 83232K, reserved 1122304K
  class space    used 10502K, capacity 11268K, committed 11340K, reserved 1048576K
}
Event: 16.882 GC heap before
{Heap before GC invocations=30 (full 0):
 garbage-first heap   total 165888K, used 128123K [0x0000000080000000, 0x0000000100000000)
  region size 1024K, 64 young (65536K), 7 survivors (7168K)
 Metaspace       used 83489K, capacity 85728K, committed 85920K, reserved 1124352K
  class space    used 10833K, capacity 11615K, committed 11724K, reserved 1048576K
}
Event: 16.896 GC heap after
{Heap after GC invocations=31 (full 0):
 garbage-first heap   total 165888K, used 72222K [0x0000000080000000, 0x0000000100000000)
  region size 1024K, 6 young (6144K), 6 survivors (6144K)
 Metaspace       used 83489K, capacity 85728K, committed 85920K, reserved 1124352K
  class space    used 10833K, capacity 11615K, committed 11724K, reserved 1048576K
}
Event: 17.660 GC heap before
{Heap before GC invocations=31 (full 0):
 garbage-first heap   total 165888K, used 138782K [0x0000000080000000, 0x0000000100000000)
  region size 1024K, 66 young (67584K), 6 survivors (6144K)
 Metaspace       used 85565K, capacity 87757K, committed 87968K, reserved 1126400K
  class space    used 11070K, capacity 11881K, committed 11980K, reserved 1048576K
}
Event: 17.679 GC heap after
{Heap after GC invocations=32 (full 0):
 garbage-first heap   total 165888K, used 86278K [0x0000000080000000, 0x0000000100000000)
  region size 1024K, 9 young (9216K), 9 survivors (9216K)
 Metaspace       used 85565K, capacity 87757K, committed 87968K, reserved 1126400K
  class space    used 11070K, capacity 11881K, committed 11980K, reserved 1048576K
}
Event: 17.944 GC heap before
{Heap before GC invocations=32 (full 0):
 garbage-first heap   total 165888K, used 100614K [0x0000000080000000, 0x0000000100000000)
  region size 1024K, 25 young (25600K), 9 survivors (9216K)
 Metaspace       used 87430K, capacity 89619K, committed 89760K, reserved 1126400K
  class space    used 11334K, capacity 12145K, committed 12236K, reserved 1048576K
}
Event: 17.968 GC heap after
{Heap after GC invocations=33 (full 0):
 garbage-first heap   total 199680K, used 89047K [0x0000000080000000, 0x0000000100000000)
  region size 1024K, 3 young (3072K), 3 survivors (3072K)
 Metaspace       used 87430K, capacity 89619K, committed 89760K, reserved 1126400K
  class space    used 11334K, capacity 12145K, committed 12236K, reserved 1048576K
}
Event: 18.806 GC heap before
{Heap before GC invocations=34 (full 0):
 garbage-first heap   total 199680K, used 146391K [0x0000000080000000, 0x0000000100000000)
  region size 1024K, 48 young (49152K), 3 survivors (3072K)
 Metaspace       used 87765K, capacity 89968K, committed 90272K, reserved 1128448K
  class space    used 11359K, capacity 12151K, committed 12236K, reserved 1048576K
}
Event: 18.853 GC heap after
{Heap after GC invocations=35 (full 0):
 garbage-first heap   total 199680K, used 111209K [0x0000000080000000, 0x0000000100000000)
  region size 1024K, 6 young (6144K), 6 survivors (6144K)
 Metaspace       used 87765K, capacity 89968K, committed 90272K, reserved 1128448K
  class space    used 11359K, capacity 12151K, committed 12236K, reserved 1048576K
}
Event: 18.886 GC heap before
{Heap before GC invocations=35 (full 0):
 garbage-first heap   total 199680K, used 113257K [0x0000000080000000, 0x0000000100000000)
  region size 1024K, 9 young (9216K), 6 survivors (6144K)
 Metaspace       used 87765K, capacity 89968K, committed 90272K, reserved 1128448K
  class space    used 11359K, capacity 12151K, committed 12236K, reserved 1048576K
}
Event: 18.919 GC heap after
{Heap after GC invocations=36 (full 0):
 garbage-first heap   total 199680K, used 112885K [0x0000000080000000, 0x0000000100000000)
  region size 1024K, 2 young (2048K), 2 survivors (2048K)
 Metaspace       used 87765K, capacity 89968K, committed 90272K, reserved 1128448K
  class space    used 11359K, capacity 12151K, committed 12236K, reserved 1048576K
}
Event: 19.597 GC heap before
{Heap before GC invocations=37 (full 0):
 garbage-first heap   total 199680K, used 141557K [0x0000000080000000, 0x0000000100000000)
  region size 1024K, 29 young (29696K), 2 survivors (2048K)
 Metaspace       used 89696K, capacity 91867K, committed 92192K, reserved 1128448K
  class space    used 11711K, capacity 12503K, committed 12620K, reserved 1048576K
}
Event: 19.628 GC heap after
{Heap after GC invocations=38 (full 0):
 garbage-first heap   total 199680K, used 125952K [0x0000000080000000, 0x0000000100000000)
  region size 1024K, 4 young (4096K), 4 survivors (4096K)
 Metaspace       used 89696K, capacity 91867K, committed 92192K, reserved 1128448K
  class space    used 11711K, capacity 12503K, committed 12620K, reserved 1048576K
}
Event: 19.778 GC heap before
{Heap before GC invocations=38 (full 0):
 garbage-first heap   total 199680K, used 148480K [0x0000000080000000, 0x0000000100000000)
  region size 1024K, 27 young (27648K), 4 survivors (4096K)
 Metaspace       used 89717K, capacity 91934K, committed 92192K, reserved 1128448K
  class space    used 11711K, capacity 12503K, committed 12620K, reserved 1048576K
}

Deoptimization events (20 events):
Event: 19.308 Thread 0x000001d71b473800 Uncommon trap: trap_request=0xffffff4d fr.pc=0x000001d7080327fc relative=0x000000000000149c
Event: 19.308 Thread 0x000001d71b473800 Uncommon trap: reason=unstable_if action=reinterpret pc=0x000001d7080327fc method=com.android.tools.r8.dex.n.a(ILjava/util/function/Supplier;)Ljava/lang/Object; @ 1 c2
Event: 19.308 Thread 0x000001d71b473800 DEOPT PACKING pc=0x000001d7080327fc sp=0x0000000a842fe6c0
Event: 19.308 Thread 0x000001d71b473800 DEOPT UNPACKING pc=0x000001d7000274af sp=0x0000000a842fe6e8 mode 2
Event: 19.317 Thread 0x000001d71b473800 Uncommon trap: trap_request=0xffffff4d fr.pc=0x000001d70800dcb0 relative=0x0000000000000090
Event: 19.317 Thread 0x000001d71b473800 Uncommon trap: reason=unstable_if action=reinterpret pc=0x000001d70800dcb0 method=com.android.tools.r8.utils.a0.d(I)Z @ 45 c2
Event: 19.317 Thread 0x000001d71b473800 DEOPT PACKING pc=0x000001d70800dcb0 sp=0x0000000a842fe3f0
Event: 19.317 Thread 0x000001d71b473800 DEOPT UNPACKING pc=0x000001d7000274af sp=0x0000000a842fe328 mode 2
Event: 19.317 Thread 0x000001d71b473800 Uncommon trap: trap_request=0xffffff4d fr.pc=0x000001d70800dfa4 relative=0x0000000000000084
Event: 19.317 Thread 0x000001d71b473800 Uncommon trap: reason=unstable_if action=reinterpret pc=0x000001d70800dfa4 method=com.android.tools.r8.utils.a0.d(I)Z @ 45 c2
Event: 19.317 Thread 0x000001d71b473800 DEOPT PACKING pc=0x000001d70800dfa4 sp=0x0000000a842fe390
Event: 19.317 Thread 0x000001d71b473800 DEOPT UNPACKING pc=0x000001d7000274af sp=0x0000000a842fe328 mode 2
Event: 19.318 Thread 0x000001d71b475000 Uncommon trap: trap_request=0xffffff4d fr.pc=0x000001d708027a04 relative=0x0000000000000144
Event: 19.318 Thread 0x000001d71b475000 Uncommon trap: reason=unstable_if action=reinterpret pc=0x000001d708027a04 method=com.android.tools.r8.w.a.a.a.f.X.get(I)Ljava/lang/Object; @ 1 c2
Event: 19.318 Thread 0x000001d71b475000 DEOPT PACKING pc=0x000001d708027a04 sp=0x0000000a841fe8f0
Event: 19.318 Thread 0x000001d71b475000 DEOPT UNPACKING pc=0x000001d7000274af sp=0x0000000a841fe888 mode 2
Event: 19.467 Thread 0x000001d71b475000 Uncommon trap: trap_request=0xffffff4d fr.pc=0x000001d70804c9e8 relative=0x0000000000000f08
Event: 19.467 Thread 0x000001d71b475000 Uncommon trap: reason=unstable_if action=reinterpret pc=0x000001d70804c9e8 method=com.android.tools.r8.w.a.a.a.f.X.d(I)V @ 38 c2
Event: 19.467 Thread 0x000001d71b475000 DEOPT PACKING pc=0x000001d70804c9e8 sp=0x0000000a841fe390
Event: 19.467 Thread 0x000001d71b475000 DEOPT UNPACKING pc=0x000001d7000274af sp=0x0000000a841fe2c8 mode 2

Classes redefined (0 events):
No events

Internal exceptions (20 events):
Event: 15.908 Thread 0x000001d71b46c000 Exception <a 'java/lang/NoSuchMethodError'{0x0000000088177e38}: <clinit>> (0x0000000088177e38) thrown at [./src/hotspot/share/prims/jni.cpp, line 1362]
Event: 15.912 Thread 0x000001d71b46c000 Exception <a 'java/lang/NoSuchMethodError'{0x00000000881ae520}: <clinit>> (0x00000000881ae520) thrown at [./src/hotspot/share/prims/jni.cpp, line 1362]
Event: 15.916 Thread 0x000001d71b46c000 Exception <a 'java/lang/NoSuchMethodError'{0x00000000881e0708}: <clinit>> (0x00000000881e0708) thrown at [./src/hotspot/share/prims/jni.cpp, line 1362]
Event: 16.400 Thread 0x000001d71b469000 Exception <a 'java/lang/NoSuchMethodError'{0x0000000089398580}: 'int java.lang.invoke.DirectMethodHandle$Holder.invokeSpecial(java.lang.Object, java.lang.Object, java.lang.Object, java.lang.Object, java.lang.Object)'> (0x0000000089398580) thrown at [./src/hotspot/share/interpreter/linkResolver.cpp, line 773]
Event: 16.419 Thread 0x000001d71b469000 Exception <a 'sun/nio/fs/WindowsException'{0x0000000089256f50}> (0x0000000089256f50) thrown at [./src/hotspot/share/prims/jni.cpp, line 615]
Event: 16.419 Thread 0x000001d71b469000 Exception <a 'sun/nio/fs/WindowsException'{0x0000000089257de0}> (0x0000000089257de0) thrown at [./src/hotspot/share/prims/jni.cpp, line 615]
Event: 16.426 Thread 0x000001d71b469000 Implicit null exception at 0x000001d707b0ea29 to 0x000001d707b0eb10
Event: 16.449 Thread 0x000001d71b46a800 Exception <a 'sun/nio/fs/WindowsException'{0x0000000088f98098}> (0x0000000088f98098) thrown at [./src/hotspot/share/prims/jni.cpp, line 615]
Event: 16.449 Thread 0x000001d71b46a800 Exception <a 'sun/nio/fs/WindowsException'{0x0000000088f983c0}> (0x0000000088f983c0) thrown at [./src/hotspot/share/prims/jni.cpp, line 615]
Event: 17.720 Thread 0x000001d71b46b800 Exception <a 'sun/nio/fs/WindowsException'{0x0000000089f5bae0}> (0x0000000089f5bae0) thrown at [./src/hotspot/share/prims/jni.cpp, line 615]
Event: 17.771 Thread 0x000001d71b470800 Exception <a 'java/lang/NoSuchMethodError'{0x0000000089c76dc0}: 'void java.lang.invoke.DirectMethodHandle$Holder.invokeStatic(java.lang.Object, long)'> (0x0000000089c76dc0) thrown at [./src/hotspot/share/interpreter/linkResolver.cpp, line 773]
Event: 17.771 Thread 0x000001d71b470800 Exception <a 'java/lang/NoSuchMethodError'{0x0000000089c7bfd8}: 'java.lang.Object java.lang.invoke.DirectMethodHandle$Holder.invokeStatic(java.lang.Object, long)'> (0x0000000089c7bfd8) thrown at [./src/hotspot/share/interpreter/linkResolver.cpp, line 773]
Event: 17.774 Thread 0x000001d71b470800 Exception <a 'java/lang/NoSuchMethodError'{0x0000000089b9e178}: 'java.lang.Object java.lang.invoke.DirectMethodHandle$Holder.invokeStaticInit(java.lang.Object, java.lang.Object, long, java.lang.Object)'> (0x0000000089b9e178) thrown at [./src/hotspot/share/interpreter/linkResolver.cpp, line 773]
Event: 17.774 Thread 0x000001d71b470800 Exception <a 'java/lang/NoSuchMethodError'{0x0000000089ba4310}: 'java.lang.Object java.lang.invoke.DirectMethodHandle$Holder.invokeStatic(java.lang.Object, java.lang.Object, long)'> (0x0000000089ba4310) thrown at [./src/hotspot/share/interpreter/linkResolver.cpp, line 773]
Event: 17.774 Thread 0x000001d71b470800 Exception <a 'java/lang/NoSuchMethodError'{0x0000000089baa888}: 'java.lang.Object java.lang.invoke.Invokers$Holder.linkToTargetMethod(java.lang.Object, long, java.lang.Object)'> (0x0000000089baa888) thrown at [./src/hotspot/share/interpreter/linkResolver.cpp, line 773]
Event: 17.827 Thread 0x000001d71b46b800 Exception <a 'java/lang/NoSuchMethodError'{0x0000000089916ab8}: 'int java.lang.invoke.DirectMethodHandle$Holder.invokeVirtual(java.lang.Object, java.lang.Object, java.lang.Object)'> (0x0000000089916ab8) thrown at [./src/hotspot/share/interpreter/linkResolver.cpp, line 773]
Event: 17.917 Thread 0x000001d71b46b800 Exception <a 'java/lang/NoSuchMethodError'{0x0000000089472cd0}: 'java.lang.Object java.lang.invoke.DirectMethodHandle$Holder.invokeStatic(java.lang.Object, java.lang.Object, java.lang.Object, java.lang.Object, java.lang.Object, java.lang.Object, java.lang.Object, java.lang.Object, java.lang.Object, java.lang.Object, java.lang.Object, java.lang.Object, java.lang.Object, java.lang.Object, java.lang.Object, java.lang.Object, java.lang.Object, int, java.lang.Object)'> (0x0000000089472cd0) thrown at [./src/hots
Event: 17.917 Thread 0x000001d71b46b800 Exception <a 'java/lang/NoSuchMethodError'{0x0000000089478320}: 'java.lang.Object java.lang.invoke.DirectMethodHandle$Holder.invokeStaticInit(java.lang.Object, java.lang.Object, java.lang.Object, java.lang.Object, java.lang.Object, java.lang.Object, java.lang.Object, java.lang.Object, java.lang.Object, java.lang.Object, java.lang.Object, java.lang.Object, java.lang.Object, java.lang.Object, java.lang.Object, java.lang.Object, java.lang.Object, int, java.lang.Object)'> (0x0000000089478320) thrown at [./src/
Event: 18.414 Thread 0x000001d71b470800 Exception <a 'java/lang/NoSuchMethodError'{0x000000008b67f528}: 'int java.lang.invoke.DirectMethodHandle$Holder.invokeSpecialIFC(java.lang.Object, java.lang.Object, java.lang.Object)'> (0x000000008b67f528) thrown at [./src/hotspot/share/interpreter/linkResolver.cpp, line 773]
Event: 19.154 Thread 0x000001d71b475000 Exception <a 'java/lang/NoSuchMethodError'{0x000000008bb541e8}: 'java.lang.Object java.lang.invoke.DirectMethodHandle$Holder.newInvokeSpecial(java.lang.Object, int)'> (0x000000008bb541e8) thrown at [./src/hotspot/share/interpreter/linkResolver.cpp, line 773]

Events (20 events):
Event: 19.377 loading class com/android/tools/r8/w/a/a/a/h/g0
Event: 19.377 loading class com/android/tools/r8/w/a/a/a/h/g0 done
Event: 19.395 loading class com/android/tools/r8/v/a/t/k
Event: 19.395 loading class com/android/tools/r8/v/a/t/k done
Event: 19.411 loading class com/android/tools/r8/v/a/t/i
Event: 19.411 loading class com/android/tools/r8/v/a/t/i done
Event: 19.452 Executing VM operation: CGC_Operation
Event: 19.453 Executing VM operation: CGC_Operation done
Event: 19.517 loading class org/gradle/workers/internal/WorkerDaemonExpiration$SimpleMemoryExpirationSelector
Event: 19.517 loading class org/gradle/workers/internal/WorkerDaemonExpiration$SimpleMemoryExpirationSelector done
Event: 19.519 loading class org/gradle/workers/internal/WorkerDaemonClient
Event: 19.519 loading class org/gradle/workers/internal/WorkerDaemonClient done
Event: 19.520 loading class org/gradle/workers/internal/WorkerDaemonClient
Event: 19.520 loading class org/gradle/workers/internal/WorkerDaemonClient done
Event: 19.562 Executing VM operation: RevokeBias
Event: 19.563 Executing VM operation: RevokeBias done
Event: 19.597 Executing VM operation: G1CollectForAllocation
Event: 19.628 Executing VM operation: G1CollectForAllocation done
Event: 19.644 Thread 0x000001d71b474800 Thread exited: 0x000001d71b474800
Event: 19.777 Executing VM operation: G1CollectForAllocation


Dynamic libraries:
0x00007ff6d1270000 - 0x00007ff6d127a000 	C:\Program Files\Android\Android Studio\jre\bin\java.exe
0x00007ffdf8530000 - 0x00007ffdf86f1000 	C:\Windows\SYSTEM32\ntdll.dll
0x00007ffdf6c20000 - 0x00007ffdf6ccd000 	C:\Windows\system32\KERNEL32.DLL
0x00007ffdf5440000 - 0x00007ffdf5628000 	C:\Windows\system32\KERNELBASE.dll
0x00007ffde1670000 - 0x00007ffde1689000 	C:\Program Files\Android\Android Studio\jre\bin\jli.dll
0x00007ffdf3df0000 - 0x00007ffdf3ee4000 	C:\Windows\SYSTEM32\ucrtbase.dll
0x00007ffde2710000 - 0x00007ffde2727000 	C:\Program Files\Android\Android Studio\jre\bin\VCRUNTIME140.dll
0x00007ffdf6140000 - 0x00007ffdf6296000 	C:\Windows\system32\USER32.dll
0x00007ffdec530000 - 0x00007ffdec7a4000 	C:\Windows\WinSxS\amd64_microsoft.windows.common-controls_6595b64144ccf1df_6.0.10586.839_none_a2ddba30a539a2ae\COMCTL32.dll
0x00007ffdf62b0000 - 0x00007ffdf634d000 	C:\Windows\system32\msvcrt.dll
0x00007ffdf63c0000 - 0x00007ffdf6547000 	C:\Windows\system32\GDI32.dll
0x00007ffdf6890000 - 0x00007ffdf6b0e000 	C:\Windows\system32\combase.dll
0x00007ffdf5b90000 - 0x00007ffdf5cad000 	C:\Windows\system32\RPCRT4.dll
0x00007ffdf53d0000 - 0x00007ffdf543a000 	C:\Windows\system32\bcryptPrimitives.dll
0x00007ffdf5b50000 - 0x00007ffdf5b8b000 	C:\Windows\system32\IMM32.DLL
0x00007ffdd78d0000 - 0x00007ffdd796d000 	C:\Program Files\Android\Android Studio\jre\bin\msvcp140.dll
0x00007ffdd22c0000 - 0x00007ffdd2d7c000 	C:\Program Files\Android\Android Studio\jre\bin\server\jvm.dll
0x00007ffdf67e0000 - 0x00007ffdf6887000 	C:\Windows\system32\ADVAPI32.dll
0x00007ffdf5af0000 - 0x00007ffdf5b4b000 	C:\Windows\system32\sechost.dll
0x00007ffdf6b30000 - 0x00007ffdf6b38000 	C:\Windows\system32\PSAPI.DLL
0x00007ffdec280000 - 0x00007ffdec289000 	C:\Windows\SYSTEM32\WSOCK32.dll
0x00007ffdf2f20000 - 0x00007ffdf2f43000 	C:\Windows\SYSTEM32\WINMM.dll
0x00007ffde6e20000 - 0x00007ffde6e2a000 	C:\Windows\SYSTEM32\VERSION.dll
0x00007ffdf6350000 - 0x00007ffdf63bb000 	C:\Windows\system32\WS2_32.dll
0x00007ffdf2ef0000 - 0x00007ffdf2f1c000 	C:\Windows\SYSTEM32\WINMMBASE.dll
0x00007ffdf5380000 - 0x00007ffdf53c3000 	C:\Windows\system32\cfgmgr32.dll
0x00007ffdf4bd0000 - 0x00007ffdf4bdf000 	C:\Windows\system32\kernel.appcore.dll
0x00007ffdec170000 - 0x00007ffdec181000 	C:\Program Files\Android\Android Studio\jre\bin\verify.dll
0x00007ffde85f0000 - 0x00007ffde877c000 	C:\Windows\SYSTEM32\DBGHELP.DLL
0x00007ffdf2f80000 - 0x00007ffdf2fa5000 	C:\Windows\SYSTEM32\dbgcore.DLL
0x00007ffdec030000 - 0x00007ffdec059000 	C:\Program Files\Android\Android Studio\jre\bin\java.dll
0x00007ffdec160000 - 0x00007ffdec16b000 	C:\Program Files\Android\Android Studio\jre\bin\jimage.dll
0x00007ffdec010000 - 0x00007ffdec028000 	C:\Program Files\Android\Android Studio\jre\bin\zip.dll
0x00007ffdf6cd0000 - 0x00007ffdf822c000 	C:\Windows\system32\SHELL32.dll
0x00007ffdf4d30000 - 0x00007ffdf5375000 	C:\Windows\system32\windows.storage.dll
0x00007ffdf5a90000 - 0x00007ffdf5ae2000 	C:\Windows\system32\shlwapi.dll
0x00007ffdf4be0000 - 0x00007ffdf4c95000 	C:\Windows\system32\shcore.dll
0x00007ffdf4b70000 - 0x00007ffdf4bbb000 	C:\Windows\system32\powrprof.dll
0x00007ffdf4b50000 - 0x00007ffdf4b64000 	C:\Windows\system32\profapi.dll
0x00007ffdeadf0000 - 0x00007ffdeae0a000 	C:\Program Files\Android\Android Studio\jre\bin\net.dll
0x00007ffdebf10000 - 0x00007ffdebfd7000 	C:\Windows\SYSTEM32\WINHTTP.dll
0x00007ffdf4480000 - 0x00007ffdf44dc000 	C:\Windows\system32\mswsock.dll
0x00007ffdea920000 - 0x00007ffdea934000 	C:\Program Files\Android\Android Studio\jre\bin\nio.dll
0x00007ffdddff0000 - 0x00007ffdde017000 	C:\Users\Huzaifa Sammar\.gradle\native\8bec1ad78214c89d9ad589b4d07fe93259594b29d510b10fafb7a158f7737e5d\windows-amd64\native-platform.dll
0x00007ffdd80b0000 - 0x00007ffdd81ed000 	C:\Users\Huzaifa Sammar\.gradle\native\53dbd7edfb1c66fb8903c78663c9afc45aea4f116125fa6feffd364cf09443e8\windows-amd64\native-platform-file-events.dll
0x00007ffdec150000 - 0x00007ffdec15a000 	C:\Program Files\Android\Android Studio\jre\bin\management.dll
0x00007ffdeac50000 - 0x00007ffdeac5c000 	C:\Program Files\Android\Android Studio\jre\bin\management_ext.dll
0x00007ffdf4530000 - 0x00007ffdf4547000 	C:\Windows\SYSTEM32\CRYPTSP.dll
0x00007ffdf41c0000 - 0x00007ffdf41f4000 	C:\Windows\system32\rsaenh.dll
0x00007ffdf4750000 - 0x00007ffdf4779000 	C:\Windows\SYSTEM32\bcrypt.dll
0x00007ffdf4310000 - 0x00007ffdf432f000 	C:\Windows\SYSTEM32\USERENV.dll
0x00007ffdf4650000 - 0x00007ffdf465b000 	C:\Windows\SYSTEM32\CRYPTBASE.dll
0x00007ffdec7c0000 - 0x00007ffdec7f8000 	C:\Windows\SYSTEM32\IPHLPAPI.DLL
0x00007ffdf62a0000 - 0x00007ffdf62a8000 	C:\Windows\system32\NSI.dll
0x00007ffdeb5c0000 - 0x00007ffdeb5d6000 	C:\Windows\SYSTEM32\dhcpcsvc6.DLL
0x00007ffdeb700000 - 0x00007ffdeb71a000 	C:\Windows\SYSTEM32\dhcpcsvc.DLL

dbghelp: loaded successfully - version: 4.0.5 - missing functions: none
symbol engine: initialized successfully - sym options: 0x614 - pdb path: .;C:\Program Files\Android\Android Studio\jre\bin;C:\Windows\SYSTEM32;C:\Windows\WinSxS\amd64_microsoft.windows.common-controls_6595b64144ccf1df_6.0.10586.839_none_a2ddba30a539a2ae;C:\Program Files\Android\Android Studio\jre\bin\server;C:\Users\Huzaifa Sammar\.gradle\native\8bec1ad78214c89d9ad589b4d07fe93259594b29d510b10fafb7a158f7737e5d\windows-amd64;C:\Users\Huzaifa Sammar\.gradle\native\53dbd7edfb1c66fb8903c78663c9afc45aea4f116125fa6feffd364cf09443e8\windows-amd64

VM Arguments:
jvm_args: --add-opens=java.base/java.util=ALL-UNNAMED --add-opens=java.base/java.lang=ALL-UNNAMED --add-opens=java.base/java.lang.invoke=ALL-UNNAMED --add-opens=java.base/java.util=ALL-UNNAMED --add-opens=java.prefs/java.util.prefs=ALL-UNNAMED --add-opens=java.prefs/java.util.prefs=ALL-UNNAMED --add-opens=java.base/java.nio.charset=ALL-UNNAMED --add-opens=java.base/java.net=ALL-UNNAMED --add-opens=java.base/java.util.concurrent.atomic=ALL-UNNAMED -Xmx2048m -Dfile.encoding=UTF-8 -Duser.country=US -Duser.language=en -Duser.variant 
java_command: org.gradle.launcher.daemon.bootstrap.GradleDaemon 7.0.2
java_class_path (initial): C:\Users\Huzaifa Sammar\.gradle\wrapper\dists\gradle-7.0.2-bin\857tjihv64xamwrf0h14cai3r\gradle-7.0.2\lib\gradle-launcher-7.0.2.jar
Launcher Type: SUN_STANDARD

[Global flags]
     intx CICompilerCount                          = 3                                         {product} {ergonomic}
     uint ConcGCThreads                            = 1                                         {product} {ergonomic}
     uint G1ConcRefinementThreads                  = 4                                         {product} {ergonomic}
   size_t G1HeapRegionSize                         = 1048576                                   {product} {ergonomic}
    uintx GCDrainStackTargetSize                   = 64                                        {product} {ergonomic}
   size_t InitialHeapSize                          = 67108864                                  {product} {ergonomic}
   size_t MarkStackSize                            = 4194304                                   {product} {ergonomic}
   size_t MaxHeapSize                              = 2147483648                                {product} {command line}
   size_t MaxNewSize                               = 1287651328                                {product} {ergonomic}
   size_t MinHeapDeltaBytes                        = 1048576                                   {product} {ergonomic}
    uintx NonNMethodCodeHeapSize                   = 5830732                                {pd product} {ergonomic}
    uintx NonProfiledCodeHeapSize                  = 122913754                              {pd product} {ergonomic}
    uintx ProfiledCodeHeapSize                     = 122913754                              {pd product} {ergonomic}
    uintx ReservedCodeCacheSize                    = 251658240                              {pd product} {ergonomic}
     bool SegmentedCodeCache                       = true                                      {product} {ergonomic}
     bool UseCompressedClassPointers               = true                                 {lp64_product} {ergonomic}
     bool UseCompressedOops                        = true                                 {lp64_product} {ergonomic}
     bool UseG1GC                                  = true                                      {product} {ergonomic}
     bool UseLargePagesIndividualAllocation        = false                                  {pd product} {ergonomic}

Logging:
Log output configuration:
 #0: stdout all=warning uptime,level,tags
 #1: stderr all=off uptime,level,tags

Environment Variables:
JAVA_HOME=C:\Program Files\Java\jdk-12.0.2
PATH=C:\Users\Huzaifa Sammar\flutter/bin;C:\Program Files\Git\bin\git.exe;C:\Windows\System32;C:\Program Files\Git\cmd;C:\Windows\System32\Windows;C:\Windows\System32\WindowsPowerShell\v1.0;C:\Users\Huzaifa Sammar\AppData\Local\Android\Sdk;C:\Program Files\Java\jdk-12.0.2\bin;C:\Program Files (x86)\Java\jre1.8.0_171\bin;C:\Users\Huzaifa Sammar\dart-sdk\bin;C:\Users\Huzaifa Sammar\AppData\Local\Programs\Python\Python38;C:\Users\Huzaifa Sammar\AppData\Local\Programs\Python\Python38\Scripts
USERNAME=Huzaifa Sammar
OS=Windows_NT
PROCESSOR_IDENTIFIER=Intel64 Family 6 Model 69 Stepping 1, GenuineIntel



---------------  S Y S T E M  ---------------

OS: Windows 10 , 64 bit Build 10586 (10.0.10586.589)
OS uptime: 1 days 2:29 hours

CPU:total 4 (initial active 4) (2 cores per cpu, 2 threads per core) family 6 model 69 stepping 1, cmov, cx8, fxsr, mmx, sse, sse2, sse3, ssse3, sse4.1, sse4.2, popcnt, avx, avx2, aes, clmul, erms, lzcnt, ht, tsc, tscinvbit, bmi1, bmi2, fma

Memory: 4k page, system-wide physical 4001M (386M free)
TotalPageFile size 6655M (AvailPageFile size 49M)
current process WorkingSet (physical memory assigned to process): 459M, peak: 459M
current process commit charge ("private bytes"): 483M, peak: 568M

vm_info: OpenJDK 64-Bit Server VM (11.0.8+10-b944.6842174) for windows-amd64 JRE (11.0.8+10-b944.6842174), built on Sep 19 2020 01:11:42 by "builder" with MS VC++ 14.0 (VS2015)

END.
