#
# There is insufficient memory for the Java Runtime Environment to continue.
# Native memory allocation (malloc) failed to allocate 1767856 bytes for Chunk::new
# Possible reasons:
#   The system is out of physical RAM or swap space
#   The process is running with CompressedOops enabled, and the Java Heap may be blocking the growth of the native heap
# Possible solutions:
#   Reduce memory load on the system
#   Increase physical memory or swap space
#   Check if swap backing store is full
#   Decrease Java heap size (-Xmx/-Xms)
#   Decrease number of Java threads
#   Decrease Java thread stack sizes (-Xss)
#   Set larger code cache with -XX:ReservedCodeCacheSize=
#   JVM is running with Unscaled Compressed Oops mode in which the Java heap is
#     placed in the first 4GB address space. The Java Heap base address is the
#     maximum limit for the native heap growth. Please use -XX:HeapBaseMinAddress
#     to set the Java Heap base and to place the Java Heap above 4GB virtual address.
# This output file may be truncated or incomplete.
#
#  Out of Memory Error (./src/hotspot/share/memory/arena.cpp:197), pid=6980, tid=4504
#
# JRE version: OpenJDK Runtime Environment (11.0.8+10) (build 11.0.8+10-b944.6842174)
# Java VM: OpenJDK 64-Bit Server VM (11.0.8+10-b944.6842174, mixed mode, tiered, compressed oops, g1 gc, windows-amd64)
# No core dump will be written. Minidumps are not enabled by default on client versions of Windows
#

---------------  S U M M A R Y ------------

Command Line: --add-opens=java.base/java.util=ALL-UNNAMED --add-opens=java.base/java.lang=ALL-UNNAMED --add-opens=java.base/java.lang.invoke=ALL-UNNAMED --add-opens=java.base/java.util=ALL-UNNAMED --add-opens=java.prefs/java.util.prefs=ALL-UNNAMED --add-opens=java.prefs/java.util.prefs=ALL-UNNAMED --add-opens=java.base/java.nio.charset=ALL-UNNAMED --add-opens=java.base/java.net=ALL-UNNAMED --add-opens=java.base/java.util.concurrent.atomic=ALL-UNNAMED -Xmx2048m -Dfile.encoding=UTF-8 -Duser.country=US -Duser.language=en -Duser.variant org.gradle.launcher.daemon.bootstrap.GradleDaemon 7.0.2

Host: Intel(R) Core(TM) i5-4310U CPU @ 2.00GHz, 4 cores, 3G,  Windows 10 , 64 bit Build 10586 (10.0.10586.589)
Time: Thu Nov 25 11:39:05 2021 Pakistan Standard Time elapsed time: 1675 seconds (0d 0h 27m 55s)

---------------  T H R E A D  ---------------

Current thread (0x00000146ffb22800):  JavaThread "C2 CompilerThread0" daemon [_thread_in_native, id=4504, stack(0x000000360ed00000,0x000000360ee00000)]


Current CompileTask:
C2:1675843 26767       4       org.gradle.api.internal.artifacts.ivyservice.resolveengine.graph.builder.NodeState::visitOutgoingDependencies (159 bytes)

Stack: [0x000000360ed00000,0x000000360ee00000]
Native frames: (J=compiled Java code, j=interpreted, Vv=VM code, C=native code)
V  [jvm.dll+0x5de50a]
V  [jvm.dll+0x7122f5]
V  [jvm.dll+0x71384d]
V  [jvm.dll+0x713f03]
V  [jvm.dll+0x23e728]
V  [jvm.dll+0xb899c]
V  [jvm.dll+0xb8e9c]
V  [jvm.dll+0x35024d]
V  [jvm.dll+0x31dea3]
V  [jvm.dll+0x31d39a]
V  [jvm.dll+0x1f7702]
V  [jvm.dll+0x1f68d4]
V  [jvm.dll+0x17f32c]
V  [jvm.dll+0x205047]
V  [jvm.dll+0x203891]
V  [jvm.dll+0x6dad3f]
V  [jvm.dll+0x6d3895]
V  [jvm.dll+0x5dd4a6]
C  [ucrtbase.dll+0x6beed]
C  [KERNEL32.DLL+0x18102]
C  [ntdll.dll+0x5c5b4]


---------------  P R O C E S S  ---------------

Threads class SMR info:
_java_thread_list=0x0000014697452190, length=63, elements={
0x00000146fa907800, 0x00000146ffac7000, 0x00000146ffac8000, 0x00000146ffb15800,
0x00000146ffb21000, 0x00000146ffb22800, 0x00000146ffb24800, 0x00000146ffb3e000,
0x000001469593d000, 0x0000014695985800, 0x0000014697386000, 0x000001469728e800,
0x0000014697c3f800, 0x000001469820e800, 0x000001469820f000, 0x0000014698210000,
0x0000014698212800, 0x0000014698211800, 0x000001469b349800, 0x000001469b34a800,
0x000001469b34b800, 0x000001469b348000, 0x000001469b347800, 0x000001469b34f800,
0x000001469b355000, 0x000001469b356000, 0x0000014697f8f000, 0x000001469b34c000,
0x0000014698211000, 0x0000014697f90000, 0x000001469af37800, 0x0000014697f91800,
0x000001469af3a000, 0x0000014697f8c800, 0x000001469af42000, 0x000001469af38800,
0x000001469af44000, 0x000001469af3d000, 0x0000014697f97800, 0x0000014697f94000,
0x000001469af3f000, 0x0000014697f93000, 0x000001469af43000, 0x000001469af44800,
0x0000014697f95800, 0x0000014697f9a000, 0x0000014697f91000, 0x0000014697f8c000,
0x0000014697f92800, 0x0000014697f8d800, 0x0000014697f8e800, 0x0000014697f98000,
0x0000014697f9a800, 0x0000014697f99000, 0x0000014697f95000, 0x0000014697f96800,
0x000001469af39000, 0x000001469af3b000, 0x000001469af3b800, 0x000001469af3c800,
0x000001469af36800, 0x000001469af41800, 0x000001469af3e000
}

Java Threads: ( => current thread )
  0x00000146fa907800 JavaThread "main" [_thread_blocked, id=8800, stack(0x000000360e100000,0x000000360e200000)]
  0x00000146ffac7000 JavaThread "Reference Handler" daemon [_thread_blocked, id=2460, stack(0x000000360e900000,0x000000360ea00000)]
  0x00000146ffac8000 JavaThread "Finalizer" daemon [_thread_blocked, id=6208, stack(0x000000360ea00000,0x000000360eb00000)]
  0x00000146ffb15800 JavaThread "Signal Dispatcher" daemon [_thread_blocked, id=3564, stack(0x000000360eb00000,0x000000360ec00000)]
  0x00000146ffb21000 JavaThread "Attach Listener" daemon [_thread_blocked, id=1204, stack(0x000000360ec00000,0x000000360ed00000)]
=>0x00000146ffb22800 JavaThread "C2 CompilerThread0" daemon [_thread_in_native, id=4504, stack(0x000000360ed00000,0x000000360ee00000)]
  0x00000146ffb24800 JavaThread "C1 CompilerThread0" daemon [_thread_blocked, id=6268, stack(0x000000360ee00000,0x000000360ef00000)]
  0x00000146ffb3e000 JavaThread "Sweeper thread" daemon [_thread_blocked, id=4948, stack(0x000000360ef00000,0x000000360f000000)]
  0x000001469593d000 JavaThread "Common-Cleaner" daemon [_thread_blocked, id=8948, stack(0x000000360f000000,0x000000360f100000)]
  0x0000014695985800 JavaThread "Service Thread" daemon [_thread_blocked, id=5412, stack(0x000000360f100000,0x000000360f200000)]
  0x0000014697386000 JavaThread "Daemon health stats" [_thread_blocked, id=7564, stack(0x000000360f600000,0x000000360f700000)]
  0x000001469728e800 JavaThread "Incoming local TCP Connector on port 57394" [_thread_in_native, id=2080, stack(0x000000360f700000,0x000000360f800000)]
  0x0000014697c3f800 JavaThread "Daemon periodic checks" [_thread_blocked, id=5780, stack(0x000000360f800000,0x000000360f900000)]
  0x000001469820e800 JavaThread "Cache worker for file hash cache (C:\Users\Huzaifa Sammar\.gradle\caches\7.0.2\fileHashes)" [_thread_blocked, id=5760, stack(0x0000003610200000,0x0000003610300000)]
  0x000001469820f000 JavaThread "File lock request listener" [_thread_in_native, id=6464, stack(0x0000003610300000,0x0000003610400000)]
  0x0000014698210000 JavaThread "Cache worker for journal cache (C:\Users\Huzaifa Sammar\.gradle\caches\journal-1)" [_thread_blocked, id=5472, stack(0x0000003610400000,0x0000003610500000)]
  0x0000014698212800 JavaThread "File watcher server" daemon [_thread_in_native, id=6348, stack(0x0000003610600000,0x0000003610700000)]
  0x0000014698211800 JavaThread "File watcher consumer" daemon [_thread_blocked, id=2696, stack(0x0000003610700000,0x0000003610800000)]
  0x000001469b349800 JavaThread "Cache worker for execution history cache (C:\Users\Huzaifa Sammar\.gradle\caches\7.0.2\executionHistory)" [_thread_blocked, id=6796, stack(0x0000003610b00000,0x0000003610c00000)]
  0x000001469b34a800 JavaThread "jar transforms" [_thread_blocked, id=208, stack(0x0000003610c00000,0x0000003610d00000)]
  0x000001469b34b800 JavaThread "jar transforms Thread 2" [_thread_blocked, id=3680, stack(0x0000003610d00000,0x0000003610e00000)]
  0x000001469b348000 JavaThread "Cache worker for file content cache (C:\Users\Huzaifa Sammar\.gradle\caches\7.0.2\fileContent)" [_thread_blocked, id=6592, stack(0x0000003610e00000,0x0000003610f00000)]
  0x000001469b347800 JavaThread "jar transforms Thread 3" [_thread_blocked, id=6820, stack(0x0000003611000000,0x0000003611100000)]
  0x000001469b34f800 JavaThread "jar transforms Thread 4" [_thread_blocked, id=8944, stack(0x0000003611600000,0x0000003611700000)]
  0x000001469b355000 JavaThread "Memory manager" [_thread_blocked, id=6276, stack(0x0000003611700000,0x0000003611800000)]
  0x000001469b356000 JavaThread "pool-3-thread-1" [_thread_blocked, id=6724, stack(0x0000003611900000,0x0000003611a00000)]
  0x0000014697f8f000 JavaThread "pool-7-thread-1" [_thread_blocked, id=7260, stack(0x0000003613b00000,0x0000003613c00000)]
  0x000001469b34c000 JavaThread "pool-11-thread-1" [_thread_blocked, id=8164, stack(0x0000003615b00000,0x0000003615c00000)]
  0x0000014698211000 JavaThread "Cache worker for Java compile cache (C:\Users\Huzaifa Sammar\.gradle\caches\7.0.2\javaCompile)" [_thread_blocked, id=5892, stack(0x0000003616900000,0x0000003616a00000)]
  0x0000014697f90000 JavaThread "pool-16-thread-1" [_thread_blocked, id=4648, stack(0x0000003618d00000,0x0000003618e00000)]
  0x000001469af37800 JavaThread "pool-21-thread-1" [_thread_blocked, id=6576, stack(0x000000361ab00000,0x000000361ac00000)]
  0x0000014697f91800 JavaThread "pool-26-thread-1" [_thread_blocked, id=3160, stack(0x000000361cb00000,0x000000361cc00000)]
  0x000001469af3a000 JavaThread "pool-31-thread-1" [_thread_blocked, id=8440, stack(0x000000361eb00000,0x000000361ec00000)]
  0x0000014697f8c800 JavaThread "pool-36-thread-1" [_thread_blocked, id=5824, stack(0x0000003620a00000,0x0000003620b00000)]
  0x000001469af42000 JavaThread "pool-41-thread-1" [_thread_blocked, id=5668, stack(0x0000003622b00000,0x0000003622c00000)]
  0x000001469af38800 JavaThread "pool-46-thread-1" [_thread_blocked, id=2824, stack(0x0000003624b00000,0x0000003624c00000)]
  0x000001469af44000 JavaThread "pool-51-thread-1" [_thread_blocked, id=8584, stack(0x0000003626a00000,0x0000003626b00000)]
  0x000001469af3d000 JavaThread "pool-56-thread-1" [_thread_blocked, id=6628, stack(0x0000003628900000,0x0000003628a00000)]
  0x0000014697f97800 JavaThread "pool-61-thread-1" [_thread_blocked, id=5656, stack(0x000000362a700000,0x000000362a800000)]
  0x0000014697f94000 JavaThread "pool-66-thread-1" [_thread_blocked, id=9000, stack(0x000000362c500000,0x000000362c600000)]
  0x000001469af3f000 JavaThread "pool-70-thread-1" [_thread_blocked, id=5536, stack(0x000000362e400000,0x000000362e500000)]
  0x0000014697f93000 JavaThread "pool-75-thread-1" [_thread_blocked, id=1852, stack(0x0000003630800000,0x0000003630900000)]
  0x000001469af43000 JavaThread "pool-80-thread-1" [_thread_blocked, id=8956, stack(0x0000003632800000,0x0000003632900000)]
  0x000001469af44800 JavaThread "pool-85-thread-1" [_thread_blocked, id=6656, stack(0x0000003634600000,0x0000003634700000)]
  0x0000014697f95800 JavaThread "pool-90-thread-1" [_thread_blocked, id=692, stack(0x0000003636600000,0x0000003636700000)]
  0x0000014697f9a000 JavaThread "ForkJoinPool.commonPool-worker-5" daemon [_thread_blocked, id=2376, stack(0x0000003637400000,0x0000003637500000)]
  0x0000014697f91000 JavaThread "Daemon Thread 8" [_thread_blocked, id=5140, stack(0x0000003637600000,0x0000003637700000)]
  0x0000014697f8c000 JavaThread "Handler for socket connection from /127.0.0.1:57394 to /127.0.0.1:57746" [_thread_in_native, id=8620, stack(0x0000003637700000,0x0000003637800000)]
  0x0000014697f92800 JavaThread "Cancel handler" [_thread_blocked, id=8880, stack(0x0000003637800000,0x0000003637900000)]
  0x0000014697f8d800 JavaThread "Daemon worker Thread 8" [_thread_in_Java, id=3920, stack(0x0000003637900000,0x0000003637a00000)]
  0x0000014697f8e800 JavaThread "Asynchronous log dispatcher for DefaultDaemonConnection: socket connection from /127.0.0.1:57394 to /127.0.0.1:57746" [_thread_blocked, id=5428, stack(0x0000003637a00000,0x0000003637b00000)]
  0x0000014697f98000 JavaThread "Stdin handler" [_thread_blocked, id=1564, stack(0x0000003637b00000,0x0000003637c00000)]
  0x0000014697f9a800 JavaThread "Daemon client event forwarder" [_thread_blocked, id=3736, stack(0x0000003637c00000,0x0000003637d00000)]
  0x0000014697f99000 JavaThread "Cache worker for file hash cache (C:\Users\Huzaifa Sammar\AndroidStudioProjects\DingVpnn\.gradle\7.0.2\fileHashes)" [_thread_blocked, id=324, stack(0x0000003637d00000,0x0000003637e00000)]
  0x0000014697f95000 JavaThread "Cache worker for checksums cache (C:\Users\Huzaifa Sammar\AndroidStudioProjects\DingVpnn\.gradle\checksums)" [_thread_blocked, id=4768, stack(0x0000003637e00000,0x0000003637f00000)]
  0x0000014697f96800 JavaThread "Cache worker for cache directory md-supplier (C:\Users\Huzaifa Sammar\.gradle\caches\7.0.2\md-supplier)" [_thread_blocked, id=7740, stack(0x0000003637f00000,0x0000003638000000)]
  0x000001469af39000 JavaThread "Cache worker for cache directory md-rule (C:\Users\Huzaifa Sammar\.gradle\caches\7.0.2\md-rule)" [_thread_blocked, id=1752, stack(0x0000003638000000,0x0000003638100000)]
  0x000001469af3b000 JavaThread "Cache worker for dependencies-accessors (C:\Users\Huzaifa Sammar\AndroidStudioProjects\DingVpnn\.gradle\7.0.2\dependencies-accessors)" [_thread_blocked, id=7664, stack(0x0000003638100000,0x0000003638200000)]
  0x000001469af3b800 JavaThread "Cache worker for Build Output Cleanup Cache (C:\Users\Huzaifa Sammar\AndroidStudioProjects\DingVpnn\.gradle\buildOutputCleanup)" [_thread_blocked, id=6684, stack(0x0000003638200000,0x0000003638300000)]
  0x000001469af3c800 JavaThread "Build operations" [_thread_blocked, id=532, stack(0x0000003638300000,0x0000003638400000)]
  0x000001469af36800 JavaThread "Build operations Thread 2" [_thread_blocked, id=5720, stack(0x0000003638400000,0x0000003638500000)]
  0x000001469af41800 JavaThread "Build operations Thread 3" [_thread_blocked, id=5396, stack(0x0000003638500000,0x0000003638600000)]
  0x000001469af3e000 JavaThread "Build operations Thread 4" [_thread_blocked, id=7080, stack(0x0000003638600000,0x0000003638700000)]
  0x000001469af45800 JavaThread "build event listener" [_thread_blocked, id=3164, stack(0x0000003638700000,0x0000003638800000)]

Other Threads:
  0x00000146ffabe000 VMThread "VM Thread" [stack: 0x000000360e800000,0x000000360e900000] [id=7452]
  0x0000014695986800 WatcherThread [stack: 0x000000360f200000,0x000000360f300000] [id=6292]
  0x00000146fa919000 GCTaskThread "GC Thread#0" [stack: 0x000000360e300000,0x000000360e400000] [id=5356]
  0x00000146962f5000 GCTaskThread "GC Thread#1" [stack: 0x000000360f400000,0x000000360f500000] [id=3352]
  0x0000014697b17800 GCTaskThread "GC Thread#2" [stack: 0x0000003610000000,0x0000003610100000] [id=1964]
  0x0000014697042000 GCTaskThread "GC Thread#3" [stack: 0x0000003610100000,0x0000003610200000] [id=4796]
  0x00000146fa94d000 ConcurrentGCThread "G1 Main Marker" [stack: 0x000000360e400000,0x000000360e500000] [id=9032]
  0x00000146fa94e800 ConcurrentGCThread "G1 Conc#0" [stack: 0x000000360e500000,0x000000360e600000] [id=1500]
  0x00000146fa9a8800 ConcurrentGCThread "G1 Refine#0" [stack: 0x000000360e600000,0x000000360e700000] [id=8472]
  0x00000146fa9a9800 ConcurrentGCThread "G1 Young RemSet Sampling" [stack: 0x000000360e700000,0x000000360e800000] [id=7440]

Threads with active compile tasks:
C2 CompilerThread01675872 26767       4       org.gradle.api.internal.artifacts.ivyservice.resolveengine.graph.builder.NodeState::visitOutgoingDependencies (159 bytes)

VM state:not at safepoint (normal execution)

VM Mutex/Monitor currently owned by a thread: None

Heap address: 0x0000000080000000, size: 2048 MB, Compressed Oops mode: 32-bit
Narrow klass base: 0x0000000000000000, Narrow klass shift: 3
Compressed class space size: 1073741824 Address: 0x0000000100000000

Heap:
 garbage-first heap   total 217088K, used 102588K [0x0000000080000000, 0x0000000100000000)
  region size 1024K, 6 young (6144K), 1 survivors (1024K)
 Metaspace       used 126892K, capacity 131370K, committed 131568K, reserved 1163264K
  class space    used 15464K, capacity 17091K, committed 17100K, reserved 1048576K
Heap Regions: E=young(eden), S=young(survivor), O=old, HS=humongous(starts), HC=humongous(continues), CS=collection set, F=free, A=archive, TAMS=top-at-mark-start (previous, next)
|   0|0x0000000080000000, 0x0000000080100000, 0x0000000080100000|100%| O|  |TAMS 0x0000000080100000, 0x0000000080000000| Untracked 
|   1|0x0000000080100000, 0x0000000080200000, 0x0000000080200000|100%| O|  |TAMS 0x0000000080200000, 0x0000000080100000| Untracked 
|   2|0x0000000080200000, 0x0000000080300000, 0x0000000080300000|100%| O|  |TAMS 0x0000000080300000, 0x0000000080200000| Untracked 
|   3|0x0000000080300000, 0x0000000080400000, 0x0000000080400000|100%|HS|  |TAMS 0x0000000080400000, 0x0000000080300000| Complete 
|   4|0x0000000080400000, 0x0000000080500000, 0x0000000080500000|100%|HC|  |TAMS 0x0000000080500000, 0x0000000080400000| Complete 
|   5|0x0000000080500000, 0x0000000080600000, 0x0000000080600000|100%|HC|  |TAMS 0x0000000080600000, 0x0000000080500000| Complete 
|   6|0x0000000080600000, 0x0000000080700000, 0x0000000080700000|100%| O|  |TAMS 0x0000000080700000, 0x0000000080600000| Untracked 
|   7|0x0000000080700000, 0x0000000080800000, 0x0000000080800000|100%| O|  |TAMS 0x0000000080800000, 0x0000000080700000| Untracked 
|   8|0x0000000080800000, 0x0000000080900000, 0x0000000080900000|100%| O|  |TAMS 0x0000000080900000, 0x0000000080800000| Untracked 
|   9|0x0000000080900000, 0x0000000080a00000, 0x0000000080a00000|100%| O|  |TAMS 0x0000000080a00000, 0x0000000080900000| Untracked 
|  10|0x0000000080a00000, 0x0000000080b00000, 0x0000000080b00000|100%| O|  |TAMS 0x0000000080b00000, 0x0000000080a00000| Untracked 
|  11|0x0000000080b00000, 0x0000000080c00000, 0x0000000080c00000|100%| O|  |TAMS 0x0000000080c00000, 0x0000000080b00000| Untracked 
|  12|0x0000000080c00000, 0x0000000080d00000, 0x0000000080d00000|100%| O|  |TAMS 0x0000000080d00000, 0x0000000080c00000| Untracked 
|  13|0x0000000080d00000, 0x0000000080e00000, 0x0000000080e00000|100%| O|  |TAMS 0x0000000080e00000, 0x0000000080d00000| Untracked 
|  14|0x0000000080e00000, 0x0000000080f00000, 0x0000000080f00000|100%| O|  |TAMS 0x0000000080f00000, 0x0000000080e00000| Untracked 
|  15|0x0000000080f00000, 0x0000000081000000, 0x0000000081000000|100%| O|  |TAMS 0x0000000081000000, 0x0000000080f00000| Untracked 
|  16|0x0000000081000000, 0x0000000081100000, 0x0000000081100000|100%| O|  |TAMS 0x0000000081100000, 0x0000000081000000| Untracked 
|  17|0x0000000081100000, 0x0000000081200000, 0x0000000081200000|100%| O|  |TAMS 0x0000000081200000, 0x0000000081100000| Untracked 
|  18|0x0000000081200000, 0x0000000081300000, 0x0000000081300000|100%| O|  |TAMS 0x0000000081300000, 0x0000000081200000| Untracked 
|  19|0x0000000081300000, 0x0000000081400000, 0x0000000081400000|100%| O|  |TAMS 0x0000000081400000, 0x0000000081300000| Untracked 
|  20|0x0000000081400000, 0x0000000081500000, 0x0000000081500000|100%| O|  |TAMS 0x0000000081500000, 0x0000000081400000| Untracked 
|  21|0x0000000081500000, 0x0000000081600000, 0x0000000081600000|100%| O|  |TAMS 0x0000000081600000, 0x0000000081500000| Untracked 
|  22|0x0000000081600000, 0x0000000081700000, 0x0000000081700000|100%| O|  |TAMS 0x0000000081700000, 0x0000000081600000| Untracked 
|  23|0x0000000081700000, 0x0000000081800000, 0x0000000081800000|100%| O|  |TAMS 0x0000000081800000, 0x0000000081700000| Untracked 
|  24|0x0000000081800000, 0x0000000081900000, 0x0000000081900000|100%| O|  |TAMS 0x0000000081900000, 0x0000000081800000| Untracked 
|  25|0x0000000081900000, 0x0000000081a00000, 0x0000000081a00000|100%| O|  |TAMS 0x0000000081a00000, 0x0000000081900000| Untracked 
|  26|0x0000000081a00000, 0x0000000081b00000, 0x0000000081b00000|100%| O|  |TAMS 0x0000000081b00000, 0x0000000081a00000| Untracked 
|  27|0x0000000081b00000, 0x0000000081c00000, 0x0000000081c00000|100%|HS|  |TAMS 0x0000000081c00000, 0x0000000081b00000| Complete 
|  28|0x0000000081c00000, 0x0000000081d00000, 0x0000000081d00000|100%| O|  |TAMS 0x0000000081d00000, 0x0000000081c00000| Untracked 
|  29|0x0000000081d00000, 0x0000000081e00000, 0x0000000081e00000|100%| O|  |TAMS 0x0000000081d00000, 0x0000000081d00000| Untracked 
|  30|0x0000000081e00000, 0x0000000081f00000, 0x0000000081f00000|100%| O|  |TAMS 0x0000000081f00000, 0x0000000081e00000| Untracked 
|  31|0x0000000081f00000, 0x0000000082000000, 0x0000000082000000|100%| O|  |TAMS 0x0000000082000000, 0x0000000081f00000| Untracked 
|  32|0x0000000082000000, 0x0000000082100000, 0x0000000082100000|100%|HS|  |TAMS 0x0000000082100000, 0x0000000082000000| Complete 
|  33|0x0000000082100000, 0x0000000082200000, 0x0000000082200000|100%|HC|  |TAMS 0x0000000082200000, 0x0000000082100000| Complete 
|  34|0x0000000082200000, 0x0000000082300000, 0x0000000082300000|100%| O|  |TAMS 0x0000000082300000, 0x0000000082200000| Untracked 
|  35|0x0000000082300000, 0x0000000082400000, 0x0000000082400000|100%| O|  |TAMS 0x0000000082400000, 0x0000000082300000| Untracked 
|  36|0x0000000082400000, 0x0000000082500000, 0x0000000082500000|100%| O|  |TAMS 0x0000000082500000, 0x0000000082400000| Untracked 
|  37|0x0000000082500000, 0x0000000082600000, 0x0000000082600000|100%| O|  |TAMS 0x0000000082600000, 0x0000000082500000| Untracked 
|  38|0x0000000082600000, 0x0000000082700000, 0x0000000082700000|100%| O|  |TAMS 0x0000000082700000, 0x0000000082600000| Untracked 
|  39|0x0000000082700000, 0x0000000082800000, 0x0000000082800000|100%| O|  |TAMS 0x0000000082800000, 0x0000000082700000| Untracked 
|  40|0x0000000082800000, 0x0000000082900000, 0x0000000082900000|100%| O|  |TAMS 0x0000000082900000, 0x0000000082800000| Untracked 
|  41|0x0000000082900000, 0x0000000082a00000, 0x0000000082a00000|100%| O|  |TAMS 0x0000000082a00000, 0x0000000082900000| Untracked 
|  42|0x0000000082a00000, 0x0000000082b00000, 0x0000000082b00000|100%| O|  |TAMS 0x0000000082b00000, 0x0000000082a00000| Untracked 
|  43|0x0000000082b00000, 0x0000000082c00000, 0x0000000082c00000|100%| O|  |TAMS 0x0000000082c00000, 0x0000000082b00000| Untracked 
|  44|0x0000000082c00000, 0x0000000082d00000, 0x0000000082d00000|100%| O|  |TAMS 0x0000000082d00000, 0x0000000082c00000| Untracked 
|  45|0x0000000082d00000, 0x0000000082e00000, 0x0000000082e00000|100%| O|  |TAMS 0x0000000082e00000, 0x0000000082d00000| Untracked 
|  46|0x0000000082e00000, 0x0000000082f00000, 0x0000000082f00000|100%| O|  |TAMS 0x0000000082f00000, 0x0000000082e00000| Untracked 
|  47|0x0000000082f00000, 0x0000000083000000, 0x0000000083000000|100%| O|  |TAMS 0x0000000083000000, 0x0000000082f00000| Untracked 
|  48|0x0000000083000000, 0x0000000083100000, 0x0000000083100000|100%| O|  |TAMS 0x0000000083100000, 0x0000000083000000| Untracked 
|  49|0x0000000083100000, 0x0000000083200000, 0x0000000083200000|100%| O|  |TAMS 0x0000000083200000, 0x0000000083100000| Untracked 
|  50|0x0000000083200000, 0x0000000083300000, 0x0000000083300000|100%| O|  |TAMS 0x0000000083300000, 0x0000000083200000| Untracked 
|  51|0x0000000083300000, 0x0000000083400000, 0x0000000083400000|100%| O|  |TAMS 0x0000000083400000, 0x0000000083300000| Untracked 
|  52|0x0000000083400000, 0x0000000083400000, 0x0000000083500000|  0%| F|  |TAMS 0x0000000083400000, 0x0000000083400000| Untracked 
|  53|0x0000000083500000, 0x0000000083600000, 0x0000000083600000|100%| O|  |TAMS 0x0000000083600000, 0x0000000083500000| Untracked 
|  54|0x0000000083600000, 0x0000000083700000, 0x0000000083700000|100%| O|  |TAMS 0x0000000083700000, 0x0000000083600000| Untracked 
|  55|0x0000000083700000, 0x0000000083800000, 0x0000000083800000|100%| O|  |TAMS 0x0000000083800000, 0x0000000083700000| Untracked 
|  56|0x0000000083800000, 0x0000000083900000, 0x0000000083900000|100%| O|  |TAMS 0x0000000083900000, 0x0000000083800000| Untracked 
|  57|0x0000000083900000, 0x0000000083a00000, 0x0000000083a00000|100%| O|  |TAMS 0x0000000083a00000, 0x0000000083900000| Untracked 
|  58|0x0000000083a00000, 0x0000000083b00000, 0x0000000083b00000|100%| O|  |TAMS 0x0000000083b00000, 0x0000000083a00000| Untracked 
|  59|0x0000000083b00000, 0x0000000083c00000, 0x0000000083c00000|100%| O|  |TAMS 0x0000000083b00000, 0x0000000083b00000| Untracked 
|  60|0x0000000083c00000, 0x0000000083d00000, 0x0000000083d00000|100%| O|  |TAMS 0x0000000083d00000, 0x0000000083c00000| Untracked 
|  61|0x0000000083d00000, 0x0000000083e00000, 0x0000000083e00000|100%| O|  |TAMS 0x0000000083e00000, 0x0000000083d00000| Untracked 
|  62|0x0000000083e00000, 0x0000000083f00000, 0x0000000083f00000|100%| O|  |TAMS 0x0000000083f00000, 0x0000000083e00000| Untracked 
|  63|0x0000000083f00000, 0x0000000084000000, 0x0000000084000000|100%| O|  |TAMS 0x0000000084000000, 0x0000000083f00000| Untracked 
|  64|0x0000000084000000, 0x0000000084100000, 0x0000000084100000|100%| O|  |TAMS 0x0000000084100000, 0x0000000084000000| Untracked 
|  65|0x0000000084100000, 0x0000000084200000, 0x0000000084200000|100%| O|  |TAMS 0x0000000084200000, 0x0000000084100000| Untracked 
|  66|0x0000000084200000, 0x0000000084300000, 0x0000000084300000|100%| O|  |TAMS 0x0000000084300000, 0x0000000084200000| Untracked 
|  67|0x0000000084300000, 0x0000000084400000, 0x0000000084400000|100%| O|  |TAMS 0x0000000084300000, 0x0000000084300000| Untracked 
|  68|0x0000000084400000, 0x000000008447cc00, 0x0000000084500000| 48%| O|  |TAMS 0x0000000084400000, 0x0000000084400000| Untracked 
|  69|0x0000000084500000, 0x0000000084600000, 0x0000000084600000|100%| O|  |TAMS 0x0000000084600000, 0x0000000084500000| Untracked 
|  70|0x0000000084600000, 0x0000000084700000, 0x0000000084700000|100%| O|  |TAMS 0x0000000084600000, 0x0000000084600000| Untracked 
|  71|0x0000000084700000, 0x0000000084800000, 0x0000000084800000|100%| O|  |TAMS 0x0000000084700000, 0x0000000084700000| Untracked 
|  72|0x0000000084800000, 0x0000000084900000, 0x0000000084900000|100%| O|  |TAMS 0x0000000084800000, 0x0000000084800000| Untracked 
|  73|0x0000000084900000, 0x0000000084a00000, 0x0000000084a00000|100%| O|  |TAMS 0x0000000084a00000, 0x0000000084900000| Untracked 
|  74|0x0000000084a00000, 0x0000000084b00000, 0x0000000084b00000|100%| O|  |TAMS 0x0000000084b00000, 0x0000000084a00000| Untracked 
|  75|0x0000000084b00000, 0x0000000084c00000, 0x0000000084c00000|100%| O|  |TAMS 0x0000000084c00000, 0x0000000084b00000| Untracked 
|  76|0x0000000084c00000, 0x0000000084d00000, 0x0000000084d00000|100%| O|  |TAMS 0x0000000084d00000, 0x0000000084c00000| Untracked 
|  77|0x0000000084d00000, 0x0000000084e00000, 0x0000000084e00000|100%| O|  |TAMS 0x0000000084e00000, 0x0000000084d00000| Untracked 
|  78|0x0000000084e00000, 0x0000000084f00000, 0x0000000084f00000|100%| O|  |TAMS 0x0000000084f00000, 0x0000000084e00000| Untracked 
|  79|0x0000000084f00000, 0x0000000085000000, 0x0000000085000000|100%| O|  |TAMS 0x0000000084f00000, 0x0000000084f00000| Untracked 
|  80|0x0000000085000000, 0x0000000085100000, 0x0000000085100000|100%| O|  |TAMS 0x0000000085000000, 0x0000000085000000| Untracked 
|  81|0x0000000085100000, 0x0000000085200000, 0x0000000085200000|100%| O|  |TAMS 0x0000000085100000, 0x0000000085100000| Untracked 
|  82|0x0000000085200000, 0x0000000085200000, 0x0000000085300000|  0%| F|  |TAMS 0x0000000085200000, 0x0000000085200000| Untracked 
|  83|0x0000000085300000, 0x0000000085300000, 0x0000000085400000|  0%| F|  |TAMS 0x0000000085300000, 0x0000000085300000| Untracked 
|  84|0x0000000085400000, 0x0000000085400000, 0x0000000085500000|  0%| F|  |TAMS 0x0000000085400000, 0x0000000085400000| Untracked 
|  85|0x0000000085500000, 0x0000000085500000, 0x0000000085600000|  0%| F|  |TAMS 0x0000000085500000, 0x0000000085500000| Untracked 
|  86|0x0000000085600000, 0x0000000085700000, 0x0000000085700000|100%| O|  |TAMS 0x0000000085700000, 0x0000000085600000| Untracked 
|  87|0x0000000085700000, 0x0000000085700000, 0x0000000085800000|  0%| F|  |TAMS 0x0000000085700000, 0x0000000085700000| Untracked 
|  88|0x0000000085800000, 0x0000000085800000, 0x0000000085900000|  0%| F|  |TAMS 0x0000000085800000, 0x0000000085800000| Untracked 
|  89|0x0000000085900000, 0x0000000085900000, 0x0000000085a00000|  0%| F|  |TAMS 0x0000000085900000, 0x0000000085900000| Untracked 
|  90|0x0000000085a00000, 0x0000000085a00000, 0x0000000085b00000|  0%| F|  |TAMS 0x0000000085a00000, 0x0000000085a00000| Untracked 
|  91|0x0000000085b00000, 0x0000000085b00000, 0x0000000085c00000|  0%| F|  |TAMS 0x0000000085b00000, 0x0000000085b00000| Untracked 
|  92|0x0000000085c00000, 0x0000000085c00000, 0x0000000085d00000|  0%| F|  |TAMS 0x0000000085c00000, 0x0000000085c00000| Untracked 
|  93|0x0000000085d00000, 0x0000000085e00000, 0x0000000085e00000|100%| O|  |TAMS 0x0000000085e00000, 0x0000000085d00000| Untracked 
|  94|0x0000000085e00000, 0x0000000085f00000, 0x0000000085f00000|100%| O|  |TAMS 0x0000000085f00000, 0x0000000085e00000| Untracked 
|  95|0x0000000085f00000, 0x0000000085f00000, 0x0000000086000000|  0%| F|  |TAMS 0x0000000085f00000, 0x0000000085f00000| Untracked 
|  96|0x0000000086000000, 0x0000000086000000, 0x0000000086100000|  0%| F|  |TAMS 0x0000000086000000, 0x0000000086000000| Untracked 
|  97|0x0000000086100000, 0x0000000086200000, 0x0000000086200000|100%| O|  |TAMS 0x0000000086200000, 0x0000000086100000| Untracked 
|  98|0x0000000086200000, 0x0000000086200000, 0x0000000086300000|  0%| F|  |TAMS 0x0000000086200000, 0x0000000086200000| Untracked 
|  99|0x0000000086300000, 0x0000000086300000, 0x0000000086400000|  0%| F|  |TAMS 0x0000000086300000, 0x0000000086300000| Untracked 
| 100|0x0000000086400000, 0x0000000086500000, 0x0000000086500000|100%| O|  |TAMS 0x0000000086500000, 0x0000000086400000| Untracked 
| 101|0x0000000086500000, 0x0000000086600000, 0x0000000086600000|100%| O|  |TAMS 0x0000000086600000, 0x0000000086500000| Untracked 
| 102|0x0000000086600000, 0x0000000086700000, 0x0000000086700000|100%| O|  |TAMS 0x0000000086700000, 0x0000000086600000| Untracked 
| 103|0x0000000086700000, 0x0000000086700000, 0x0000000086800000|  0%| F|  |TAMS 0x0000000086700000, 0x0000000086700000| Untracked 
| 104|0x0000000086800000, 0x0000000086800000, 0x0000000086900000|  0%| F|  |TAMS 0x0000000086800000, 0x0000000086800000| Untracked 
| 105|0x0000000086900000, 0x0000000086900000, 0x0000000086a00000|  0%| F|  |TAMS 0x0000000086900000, 0x0000000086900000| Untracked 
| 106|0x0000000086a00000, 0x0000000086a00000, 0x0000000086b00000|  0%| F|  |TAMS 0x0000000086a00000, 0x0000000086a00000| Untracked 
| 107|0x0000000086b00000, 0x0000000086b00000, 0x0000000086c00000|  0%| F|  |TAMS 0x0000000086b00000, 0x0000000086b00000| Untracked 
| 108|0x0000000086c00000, 0x0000000086c00000, 0x0000000086d00000|  0%| F|  |TAMS 0x0000000086c00000, 0x0000000086c00000| Untracked 
| 109|0x0000000086d00000, 0x0000000086d00000, 0x0000000086e00000|  0%| F|  |TAMS 0x0000000086d00000, 0x0000000086d00000| Untracked 
| 110|0x0000000086e00000, 0x0000000086f00000, 0x0000000086f00000|100%| O|  |TAMS 0x0000000086f00000, 0x0000000086e00000| Untracked 
| 111|0x0000000086f00000, 0x0000000087000000, 0x0000000087000000|100%| O|  |TAMS 0x0000000087000000, 0x0000000086f00000| Untracked 
| 112|0x0000000087000000, 0x0000000087000000, 0x0000000087100000|  0%| F|  |TAMS 0x0000000087000000, 0x0000000087000000| Untracked 
| 113|0x0000000087100000, 0x0000000087100000, 0x0000000087200000|  0%| F|  |TAMS 0x0000000087100000, 0x0000000087100000| Untracked 
| 114|0x0000000087200000, 0x0000000087200000, 0x0000000087300000|  0%| F|  |TAMS 0x0000000087200000, 0x0000000087200000| Untracked 
| 115|0x0000000087300000, 0x0000000087300000, 0x0000000087400000|  0%| F|  |TAMS 0x0000000087300000, 0x0000000087300000| Untracked 
| 116|0x0000000087400000, 0x0000000087400000, 0x0000000087500000|  0%| F|  |TAMS 0x0000000087400000, 0x0000000087400000| Untracked 
| 117|0x0000000087500000, 0x0000000087600000, 0x0000000087600000|100%| O|  |TAMS 0x0000000087600000, 0x0000000087500000| Untracked 
| 118|0x0000000087600000, 0x0000000087700000, 0x0000000087700000|100%| O|  |TAMS 0x0000000087700000, 0x0000000087600000| Untracked 
| 119|0x0000000087700000, 0x0000000087800000, 0x0000000087800000|100%| O|  |TAMS 0x0000000087800000, 0x0000000087700000| Untracked 
| 120|0x0000000087800000, 0x0000000087900000, 0x0000000087900000|100%| O|  |TAMS 0x0000000087900000, 0x0000000087800000| Untracked 
| 121|0x0000000087900000, 0x0000000087900000, 0x0000000087a00000|  0%| F|  |TAMS 0x0000000087900000, 0x0000000087900000| Untracked 
| 122|0x0000000087a00000, 0x0000000087b00000, 0x0000000087b00000|100%| O|  |TAMS 0x0000000087a7f800, 0x0000000087a00000| Untracked 
| 123|0x0000000087b00000, 0x0000000087b00000, 0x0000000087c00000|  0%| F|  |TAMS 0x0000000087b00000, 0x0000000087b00000| Untracked 
| 124|0x0000000087c00000, 0x0000000087c00000, 0x0000000087d00000|  0%| F|  |TAMS 0x0000000087c00000, 0x0000000087c00000| Untracked 
| 125|0x0000000087d00000, 0x0000000087d00000, 0x0000000087e00000|  0%| F|  |TAMS 0x0000000087d00000, 0x0000000087d00000| Untracked 
| 126|0x0000000087e00000, 0x0000000087e00000, 0x0000000087f00000|  0%| F|  |TAMS 0x0000000087e00000, 0x0000000087e00000| Untracked 
| 127|0x0000000087f00000, 0x0000000087f00000, 0x0000000088000000|  0%| F|  |TAMS 0x0000000087f00000, 0x0000000087f00000| Untracked 
| 128|0x0000000088000000, 0x0000000088000000, 0x0000000088100000|  0%| F|  |TAMS 0x0000000088000000, 0x0000000088000000| Untracked 
| 129|0x0000000088100000, 0x0000000088100000, 0x0000000088200000|  0%| F|  |TAMS 0x0000000088100000, 0x0000000088100000| Untracked 
| 130|0x0000000088200000, 0x0000000088200000, 0x0000000088300000|  0%| F|  |TAMS 0x0000000088200000, 0x0000000088200000| Untracked 
| 131|0x0000000088300000, 0x0000000088300000, 0x0000000088400000|  0%| F|  |TAMS 0x0000000088300000, 0x0000000088300000| Untracked 
| 132|0x0000000088400000, 0x0000000088400000, 0x0000000088500000|  0%| F|  |TAMS 0x0000000088400000, 0x0000000088400000| Untracked 
| 133|0x0000000088500000, 0x0000000088500000, 0x0000000088600000|  0%| F|  |TAMS 0x0000000088500000, 0x0000000088500000| Untracked 
| 134|0x0000000088600000, 0x0000000088600000, 0x0000000088700000|  0%| F|  |TAMS 0x0000000088600000, 0x0000000088600000| Untracked 
| 135|0x0000000088700000, 0x0000000088700000, 0x0000000088800000|  0%| F|  |TAMS 0x0000000088700000, 0x0000000088700000| Untracked 
| 136|0x0000000088800000, 0x0000000088800000, 0x0000000088900000|  0%| F|  |TAMS 0x0000000088800000, 0x0000000088800000| Untracked 
| 137|0x0000000088900000, 0x0000000088900000, 0x0000000088a00000|  0%| F|  |TAMS 0x0000000088900000, 0x0000000088900000| Untracked 
| 138|0x0000000088a00000, 0x0000000088a00000, 0x0000000088b00000|  0%| F|  |TAMS 0x0000000088a00000, 0x0000000088a00000| Untracked 
| 139|0x0000000088b00000, 0x0000000088b00000, 0x0000000088c00000|  0%| F|  |TAMS 0x0000000088b00000, 0x0000000088b00000| Untracked 
| 140|0x0000000088c00000, 0x0000000088d00000, 0x0000000088d00000|100%| O|  |TAMS 0x0000000088d00000, 0x0000000088c00000| Untracked 
| 141|0x0000000088d00000, 0x0000000088d00000, 0x0000000088e00000|  0%| F|  |TAMS 0x0000000088d00000, 0x0000000088d00000| Untracked 
| 142|0x0000000088e00000, 0x0000000088e00000, 0x0000000088f00000|  0%| F|  |TAMS 0x0000000088e00000, 0x0000000088e00000| Untracked 
| 143|0x0000000088f00000, 0x0000000088f00000, 0x0000000089000000|  0%| F|  |TAMS 0x0000000088f00000, 0x0000000088f00000| Untracked 
| 144|0x0000000089000000, 0x0000000089000000, 0x0000000089100000|  0%| F|  |TAMS 0x0000000089000000, 0x0000000089000000| Untracked 
| 145|0x0000000089100000, 0x0000000089100000, 0x0000000089200000|  0%| F|  |TAMS 0x0000000089100000, 0x0000000089100000| Untracked 
| 146|0x0000000089200000, 0x0000000089200000, 0x0000000089300000|  0%| F|  |TAMS 0x0000000089200000, 0x0000000089200000| Untracked 
| 147|0x0000000089300000, 0x0000000089300000, 0x0000000089400000|  0%| F|  |TAMS 0x0000000089300000, 0x0000000089300000| Untracked 
| 148|0x0000000089400000, 0x0000000089400000, 0x0000000089500000|  0%| F|  |TAMS 0x0000000089400000, 0x0000000089400000| Untracked 
| 149|0x0000000089500000, 0x0000000089500000, 0x0000000089600000|  0%| F|  |TAMS 0x0000000089500000, 0x0000000089500000| Untracked 
| 150|0x0000000089600000, 0x0000000089600000, 0x0000000089700000|  0%| F|  |TAMS 0x0000000089600000, 0x0000000089600000| Untracked 
| 151|0x0000000089700000, 0x0000000089700000, 0x0000000089800000|  0%| F|  |TAMS 0x0000000089700000, 0x0000000089700000| Untracked 
| 152|0x0000000089800000, 0x0000000089800000, 0x0000000089900000|  0%| F|  |TAMS 0x0000000089800000, 0x0000000089800000| Untracked 
| 153|0x0000000089900000, 0x0000000089900000, 0x0000000089a00000|  0%| F|  |TAMS 0x0000000089900000, 0x0000000089900000| Untracked 
| 154|0x0000000089a00000, 0x0000000089a00000, 0x0000000089b00000|  0%| F|  |TAMS 0x0000000089a00000, 0x0000000089a00000| Untracked 
| 155|0x0000000089b00000, 0x0000000089b00000, 0x0000000089c00000|  0%| F|  |TAMS 0x0000000089b00000, 0x0000000089b00000| Untracked 
| 156|0x0000000089c00000, 0x0000000089c00000, 0x0000000089d00000|  0%| F|  |TAMS 0x0000000089c00000, 0x0000000089c00000| Untracked 
| 157|0x0000000089d00000, 0x0000000089d00000, 0x0000000089e00000|  0%| F|  |TAMS 0x0000000089d00000, 0x0000000089d00000| Untracked 
| 158|0x0000000089e00000, 0x0000000089e00000, 0x0000000089f00000|  0%| F|  |TAMS 0x0000000089e00000, 0x0000000089e00000| Untracked 
| 159|0x0000000089f00000, 0x0000000089f00000, 0x000000008a000000|  0%| F|  |TAMS 0x0000000089f00000, 0x0000000089f00000| Untracked 
| 160|0x000000008a000000, 0x000000008a000000, 0x000000008a100000|  0%| F|  |TAMS 0x000000008a000000, 0x000000008a000000| Untracked 
| 161|0x000000008a100000, 0x000000008a100000, 0x000000008a200000|  0%| F|  |TAMS 0x000000008a100000, 0x000000008a100000| Untracked 
| 162|0x000000008a200000, 0x000000008a200000, 0x000000008a300000|  0%| F|  |TAMS 0x000000008a200000, 0x000000008a200000| Untracked 
| 163|0x000000008a300000, 0x000000008a300000, 0x000000008a400000|  0%| F|  |TAMS 0x000000008a300000, 0x000000008a300000| Untracked 
| 164|0x000000008a400000, 0x000000008a400000, 0x000000008a500000|  0%| F|  |TAMS 0x000000008a400000, 0x000000008a400000| Untracked 
| 165|0x000000008a500000, 0x000000008a500000, 0x000000008a600000|  0%| F|  |TAMS 0x000000008a500000, 0x000000008a500000| Untracked 
| 166|0x000000008a600000, 0x000000008a600000, 0x000000008a700000|  0%| F|  |TAMS 0x000000008a600000, 0x000000008a600000| Untracked 
| 167|0x000000008a700000, 0x000000008a700000, 0x000000008a800000|  0%| F|  |TAMS 0x000000008a700000, 0x000000008a700000| Untracked 
| 168|0x000000008a800000, 0x000000008a800000, 0x000000008a900000|  0%| F|  |TAMS 0x000000008a800000, 0x000000008a800000| Untracked 
| 169|0x000000008a900000, 0x000000008a900000, 0x000000008aa00000|  0%| F|  |TAMS 0x000000008a900000, 0x000000008a900000| Untracked 
| 170|0x000000008aa00000, 0x000000008aa00000, 0x000000008ab00000|  0%| F|  |TAMS 0x000000008aa00000, 0x000000008aa00000| Untracked 
| 171|0x000000008ab00000, 0x000000008ab00000, 0x000000008ac00000|  0%| F|  |TAMS 0x000000008ab00000, 0x000000008ab00000| Untracked 
| 172|0x000000008ac00000, 0x000000008ac00000, 0x000000008ad00000|  0%| F|  |TAMS 0x000000008ac00000, 0x000000008ac00000| Untracked 
| 173|0x000000008ad00000, 0x000000008ad00000, 0x000000008ae00000|  0%| F|  |TAMS 0x000000008ad00000, 0x000000008ad00000| Untracked 
| 174|0x000000008ae00000, 0x000000008ae00000, 0x000000008af00000|  0%| F|  |TAMS 0x000000008ae00000, 0x000000008ae00000| Untracked 
| 175|0x000000008af00000, 0x000000008af00000, 0x000000008b000000|  0%| F|  |TAMS 0x000000008af00000, 0x000000008af00000| Untracked 
| 176|0x000000008b000000, 0x000000008b000000, 0x000000008b100000|  0%| F|  |TAMS 0x000000008b000000, 0x000000008b000000| Untracked 
| 177|0x000000008b100000, 0x000000008b100000, 0x000000008b200000|  0%| F|  |TAMS 0x000000008b100000, 0x000000008b100000| Untracked 
| 178|0x000000008b200000, 0x000000008b200000, 0x000000008b300000|  0%| F|  |TAMS 0x000000008b200000, 0x000000008b200000| Untracked 
| 179|0x000000008b300000, 0x000000008b300000, 0x000000008b400000|  0%| F|  |TAMS 0x000000008b300000, 0x000000008b300000| Untracked 
| 180|0x000000008b400000, 0x000000008b400000, 0x000000008b500000|  0%| F|  |TAMS 0x000000008b400000, 0x000000008b400000| Untracked 
| 181|0x000000008b500000, 0x000000008b500000, 0x000000008b600000|  0%| F|  |TAMS 0x000000008b500000, 0x000000008b500000| Untracked 
| 182|0x000000008b600000, 0x000000008b600000, 0x000000008b700000|  0%| F|  |TAMS 0x000000008b600000, 0x000000008b600000| Untracked 
| 183|0x000000008b700000, 0x000000008b700000, 0x000000008b800000|  0%| F|  |TAMS 0x000000008b700000, 0x000000008b700000| Untracked 
| 184|0x000000008b800000, 0x000000008b800000, 0x000000008b900000|  0%| F|  |TAMS 0x000000008b800000, 0x000000008b800000| Untracked 
| 185|0x000000008b900000, 0x000000008b900000, 0x000000008ba00000|  0%| F|  |TAMS 0x000000008b900000, 0x000000008b900000| Untracked 
| 186|0x000000008ba00000, 0x000000008ba00000, 0x000000008bb00000|  0%| F|  |TAMS 0x000000008ba00000, 0x000000008ba00000| Untracked 
| 187|0x000000008bb00000, 0x000000008bb00000, 0x000000008bc00000|  0%| F|  |TAMS 0x000000008bb00000, 0x000000008bb00000| Untracked 
| 188|0x000000008bc00000, 0x000000008bc00000, 0x000000008bd00000|  0%| F|  |TAMS 0x000000008bc00000, 0x000000008bc00000| Untracked 
| 189|0x000000008bd00000, 0x000000008bd00000, 0x000000008be00000|  0%| F|  |TAMS 0x000000008bd00000, 0x000000008bd00000| Untracked 
| 190|0x000000008be00000, 0x000000008be00000, 0x000000008bf00000|  0%| F|  |TAMS 0x000000008be00000, 0x000000008be00000| Untracked 
| 191|0x000000008bf00000, 0x000000008bf00000, 0x000000008c000000|  0%| F|  |TAMS 0x000000008bf00000, 0x000000008bf00000| Untracked 
| 192|0x000000008c000000, 0x000000008c000000, 0x000000008c100000|  0%| F|  |TAMS 0x000000008c000000, 0x000000008c000000| Untracked 
| 193|0x000000008c100000, 0x000000008c100000, 0x000000008c200000|  0%| F|  |TAMS 0x000000008c100000, 0x000000008c100000| Untracked 
| 194|0x000000008c200000, 0x000000008c200000, 0x000000008c300000|  0%| F|  |TAMS 0x000000008c200000, 0x000000008c200000| Untracked 
| 195|0x000000008c300000, 0x000000008c300000, 0x000000008c400000|  0%| F|  |TAMS 0x000000008c300000, 0x000000008c300000| Untracked 
| 196|0x000000008c400000, 0x000000008c400000, 0x000000008c500000|  0%| F|  |TAMS 0x000000008c400000, 0x000000008c400000| Untracked 
| 197|0x000000008c500000, 0x000000008c500000, 0x000000008c600000|  0%| F|  |TAMS 0x000000008c500000, 0x000000008c500000| Untracked 
| 198|0x000000008c600000, 0x000000008c600000, 0x000000008c700000|  0%| F|  |TAMS 0x000000008c600000, 0x000000008c600000| Untracked 
| 199|0x000000008c700000, 0x000000008c700000, 0x000000008c800000|  0%| F|  |TAMS 0x000000008c700000, 0x000000008c700000| Untracked 
| 200|0x000000008c800000, 0x000000008c800000, 0x000000008c900000|  0%| F|  |TAMS 0x000000008c800000, 0x000000008c800000| Untracked 
| 201|0x000000008c900000, 0x000000008c9b2400, 0x000000008ca00000| 69%| S|CS|TAMS 0x000000008c900000, 0x000000008c900000| Complete 
| 202|0x000000008ca00000, 0x000000008ca00000, 0x000000008cb00000|  0%| F|  |TAMS 0x000000008ca00000, 0x000000008ca00000| Untracked 
| 203|0x000000008cb00000, 0x000000008cb00000, 0x000000008cc00000|  0%| F|  |TAMS 0x000000008cb00000, 0x000000008cb00000| Untracked 
| 204|0x000000008cc00000, 0x000000008cc00000, 0x000000008cd00000|  0%| F|  |TAMS 0x000000008cc00000, 0x000000008cc00000| Untracked 
| 205|0x000000008cd00000, 0x000000008cd00000, 0x000000008ce00000|  0%| F|  |TAMS 0x000000008cd00000, 0x000000008cd00000| Untracked 
| 206|0x000000008ce00000, 0x000000008ce00000, 0x000000008cf00000|  0%| F|  |TAMS 0x000000008ce00000, 0x000000008ce00000| Untracked 
| 207|0x000000008cf00000, 0x000000008cf8a500, 0x000000008d000000| 54%| E|  |TAMS 0x000000008cf00000, 0x000000008cf00000| Complete 
| 208|0x000000008d000000, 0x000000008d100000, 0x000000008d100000|100%| E|CS|TAMS 0x000000008d000000, 0x000000008d000000| Complete 
| 209|0x000000008d100000, 0x000000008d200000, 0x000000008d200000|100%| E|CS|TAMS 0x000000008d100000, 0x000000008d100000| Complete 
| 210|0x000000008d200000, 0x000000008d300000, 0x000000008d300000|100%| E|CS|TAMS 0x000000008d200000, 0x000000008d200000| Complete 
| 211|0x000000008d300000, 0x000000008d400000, 0x000000008d400000|100%| E|CS|TAMS 0x000000008d300000, 0x000000008d300000| Complete 

Card table byte_map: [0x00000146fecc0000,0x00000146ff0c0000] _byte_map_base: 0x00000146fe8c0000

Marking Bits (Prev, Next): (CMBitMap*) 0x00000146fa944430, (CMBitMap*) 0x00000146fa9443f8
 Prev Bits: [0x0000014691000000, 0x0000014693000000)
 Next Bits: [0x000001468f000000, 0x0000014691000000)

Polling page: 0x00000146f9170000

Metaspace:

Usage:
  Non-class:    111.60 MB capacity,   108.82 MB ( 98%) used,     2.28 MB (  2%) free+waste,   516.00 KB ( <1%) overhead. 
      Class:     16.69 MB capacity,    15.10 MB ( 90%) used,     1.37 MB (  8%) free+waste,   227.50 KB (  1%) overhead. 
       Both:    128.29 MB capacity,   123.92 MB ( 97%) used,     3.65 MB (  3%) free+waste,   743.50 KB ( <1%) overhead. 

Virtual space:
  Non-class space:      112.00 MB reserved,     111.79 MB (>99%) committed 
      Class space:        1.00 GB reserved,      16.70 MB (  2%) committed 
             Both:        1.11 GB reserved,     128.48 MB ( 11%) committed 

Chunk freelists:
   Non-Class:  61.00 KB
       Class:  3.00 KB
        Both:  64.00 KB

MaxMetaspaceSize: 17179869184.00 GB
CompressedClassSpaceSize: 1.00 GB

CodeHeap 'non-profiled nmethods': size=120064Kb used=16441Kb max_used=16454Kb free=103622Kb
 bounds [0x0000014687ac0000, 0x0000014688ae0000, 0x000001468f000000]
CodeHeap 'profiled nmethods': size=120000Kb used=44379Kb max_used=45609Kb free=75620Kb
 bounds [0x0000014680590000, 0x0000014683250000, 0x0000014687ac0000]
CodeHeap 'non-nmethods': size=5696Kb used=2346Kb max_used=2422Kb free=3350Kb
 bounds [0x0000014680000000, 0x0000014680270000, 0x0000014680590000]
 total_blobs=22016 nmethods=21048 adapters=875
 compilation: enabled
              stopped_count=0, restarted_count=0
 full_count=0

Compilation events (20 events):
Event: 1675.774 Thread 0x00000146ffb24800 26771       1       com.google.wireless.android.sdk.stats.GradleBuildProfileSpan$Builder::getStartTimeInMs (5 bytes)
Event: 1675.774 Thread 0x00000146ffb24800 nmethod 26771 0x00000146886eb010 code [0x00000146886eb1c0, 0x00000146886eb278]
Event: 1675.789 Thread 0x00000146ffb24800 26773       3       org.gradle.api.internal.artifacts.dsl.dependencies.DefaultDependencyHandler_Decorated::getMetaClass (29 bytes)
Event: 1675.791 Thread 0x00000146ffb24800 nmethod 26773 0x0000014680ab7e10 code [0x0000014680ab8000, 0x0000014680ab84d8]
Event: 1675.791 Thread 0x00000146ffb24800 26774       3       org.gradle.api.internal.artifacts.dsl.dependencies.DefaultDependencyHandler_Decorated::getAdditionalMethods (39 bytes)
Event: 1675.798 Thread 0x00000146ffb24800 nmethod 26774 0x0000014680b32b90 code [0x0000014680b32dc0, 0x0000014680b334a8]
Event: 1675.798 Thread 0x00000146ffb24800 26775       3       org.gradle.api.internal.artifacts.dsl.dependencies.DynamicAddDependencyMethods::tryInvokeMethod (178 bytes)
Event: 1675.800 Thread 0x00000146ffb24800 nmethod 26775 0x0000014680f33310 code [0x0000014680f33660, 0x0000014680f34db8]
Event: 1675.800 Thread 0x00000146ffb24800 26776       3       org.gradle.api.internal.plugins.DefaultPluginContainer$2$1::isSatisfiedBy (9 bytes)
Event: 1675.800 Thread 0x00000146ffb24800 nmethod 26776 0x0000014680db8c90 code [0x0000014680db8ea0, 0x0000014680db95e8]
Event: 1675.804 Thread 0x00000146ffb24800 26777       3       com.android.build.gradle.internal.core.VariantDslInfoImpl::computeMergedOptions (120 bytes)
Event: 1675.806 Thread 0x00000146ffb24800 nmethod 26777 0x0000014681055f10 code [0x0000014681056180, 0x0000014681056c28]
Event: 1675.806 Thread 0x00000146ffb24800 26778   !   3       java.util.TreeMap::putAll (100 bytes)
Event: 1675.807 Thread 0x00000146ffb24800 nmethod 26778 0x0000014681054e90 code [0x0000014681055100, 0x0000014681055bf8]
Event: 1675.833 Thread 0x00000146ffb24800 26779       3       com.android.build.api.component.impl.AndroidTestImpl_Decorated::getVariantScope (40 bytes)
Event: 1675.834 Thread 0x00000146ffb24800 nmethod 26779 0x0000014681054310 code [0x0000014681054540, 0x0000014681054c48]
Event: 1675.835 Thread 0x00000146ffb24800 26780       3       com.android.build.gradle.internal.AbstractAppTaskManager::getJavaResMergingScopes (29 bytes)
Event: 1675.835 Thread 0x00000146ffb24800 nmethod 26780 0x00000146808da810 code [0x00000146808da9e0, 0x00000146808dacb8]
Event: 1675.835 Thread 0x00000146ffb24800 26781       3       com.android.build.gradle.internal.scope.VariantScopeImpl::getNeedsJavaResStreams (41 bytes)
Event: 1675.836 Thread 0x00000146ffb24800 nmethod 26781 0x0000014680b6ce10 code [0x0000014680b6d000, 0x0000014680b6d418]

GC Heap History (20 events):
Event: 1383.637 GC heap before
{Heap before GC invocations=201 (full 0):
 garbage-first heap   total 217088K, used 154621K [0x0000000080000000, 0x0000000100000000)
  region size 1024K, 38 young (38912K), 4 survivors (4096K)
 Metaspace       used 126762K, capacity 131216K, committed 131312K, reserved 1163264K
  class space    used 15460K, capacity 17086K, committed 17100K, reserved 1048576K
}
Event: 1383.644 GC heap after
{Heap after GC invocations=202 (full 0):
 garbage-first heap   total 217088K, used 109243K [0x0000000080000000, 0x0000000100000000)
  region size 1024K, 1 young (1024K), 1 survivors (1024K)
 Metaspace       used 126762K, capacity 131216K, committed 131312K, reserved 1163264K
  class space    used 15460K, capacity 17086K, committed 17100K, reserved 1048576K
}
Event: 1383.791 GC heap before
{Heap before GC invocations=202 (full 0):
 garbage-first heap   total 217088K, used 117435K [0x0000000080000000, 0x0000000100000000)
  region size 1024K, 10 young (10240K), 1 survivors (1024K)
 Metaspace       used 126768K, capacity 131216K, committed 131312K, reserved 1163264K
  class space    used 15460K, capacity 17086K, committed 17100K, reserved 1048576K
}
Event: 1383.803 GC heap after
{Heap after GC invocations=203 (full 0):
 garbage-first heap   total 217088K, used 97792K [0x0000000080000000, 0x0000000100000000)
  region size 1024K, 2 young (2048K), 2 survivors (2048K)
 Metaspace       used 126768K, capacity 131216K, committed 131312K, reserved 1163264K
  class space    used 15460K, capacity 17086K, committed 17100K, reserved 1048576K
}
Event: 1384.386 GC heap before
{Heap before GC invocations=203 (full 0):
 garbage-first heap   total 217088K, used 123392K [0x0000000080000000, 0x0000000100000000)
  region size 1024K, 28 young (28672K), 2 survivors (2048K)
 Metaspace       used 126797K, capacity 131217K, committed 131312K, reserved 1163264K
  class space    used 15461K, capacity 17086K, committed 17100K, reserved 1048576K
}
Event: 1384.404 GC heap after
{Heap after GC invocations=204 (full 0):
 garbage-first heap   total 217088K, used 100956K [0x0000000080000000, 0x0000000100000000)
  region size 1024K, 5 young (5120K), 5 survivors (5120K)
 Metaspace       used 126797K, capacity 131217K, committed 131312K, reserved 1163264K
  class space    used 15461K, capacity 17086K, committed 17100K, reserved 1048576K
}
Event: 1384.775 GC heap before
{Heap before GC invocations=204 (full 0):
 garbage-first heap   total 217088K, used 152156K [0x0000000080000000, 0x0000000100000000)
  region size 1024K, 54 young (55296K), 5 survivors (5120K)
 Metaspace       used 126812K, capacity 131217K, committed 131312K, reserved 1163264K
  class space    used 15461K, capacity 17086K, committed 17100K, reserved 1048576K
}
Event: 1384.825 GC heap after
{Heap after GC invocations=205 (full 0):
 garbage-first heap   total 217088K, used 126615K [0x0000000080000000, 0x0000000100000000)
  region size 1024K, 7 young (7168K), 7 survivors (7168K)
 Metaspace       used 126812K, capacity 131217K, committed 131312K, reserved 1163264K
  class space    used 15461K, capacity 17086K, committed 17100K, reserved 1048576K
}
Event: 1386.678 GC heap before
{Heap before GC invocations=206 (full 0):
 garbage-first heap   total 217088K, used 178839K [0x0000000080000000, 0x0000000100000000)
  region size 1024K, 42 young (43008K), 7 survivors (7168K)
 Metaspace       used 126856K, capacity 131384K, committed 131568K, reserved 1163264K
  class space    used 15465K, capacity 17094K, committed 17100K, reserved 1048576K
}
Event: 1386.712 GC heap after
{Heap after GC invocations=207 (full 0):
 garbage-first heap   total 217088K, used 134144K [0x0000000080000000, 0x0000000100000000)
  region size 1024K, 6 young (6144K), 6 survivors (6144K)
 Metaspace       used 126856K, capacity 131384K, committed 131568K, reserved 1163264K
  class space    used 15465K, capacity 17094K, committed 17100K, reserved 1048576K
}
Event: 1386.719 GC heap before
{Heap before GC invocations=207 (full 0):
 garbage-first heap   total 217088K, used 137216K [0x0000000080000000, 0x0000000100000000)
  region size 1024K, 10 young (10240K), 6 survivors (6144K)
 Metaspace       used 126856K, capacity 131384K, committed 131568K, reserved 1163264K
  class space    used 15465K, capacity 17094K, committed 17100K, reserved 1048576K
}
Event: 1386.744 GC heap after
{Heap after GC invocations=208 (full 0):
 garbage-first heap   total 217088K, used 132915K [0x0000000080000000, 0x0000000100000000)
  region size 1024K, 2 young (2048K), 2 survivors (2048K)
 Metaspace       used 126856K, capacity 131384K, committed 131568K, reserved 1163264K
  class space    used 15465K, capacity 17094K, committed 17100K, reserved 1048576K
}
Event: 1386.782 GC heap before
{Heap before GC invocations=208 (full 0):
 garbage-first heap   total 217088K, used 165683K [0x0000000080000000, 0x0000000100000000)
  region size 1024K, 35 young (35840K), 2 survivors (2048K)
 Metaspace       used 126856K, capacity 131384K, committed 131568K, reserved 1163264K
  class space    used 15465K, capacity 17094K, committed 17100K, reserved 1048576K
}
Event: 1386.792 GC heap after
{Heap after GC invocations=209 (full 0):
 garbage-first heap   total 217088K, used 135094K [0x0000000080000000, 0x0000000100000000)
  region size 1024K, 4 young (4096K), 4 survivors (4096K)
 Metaspace       used 126856K, capacity 131384K, committed 131568K, reserved 1163264K
  class space    used 15465K, capacity 17094K, committed 17100K, reserved 1048576K
}
Event: 1545.339 GC heap before
{Heap before GC invocations=210 (full 0):
 garbage-first heap   total 217088K, used 159670K [0x0000000080000000, 0x0000000100000000)
  region size 1024K, 38 young (38912K), 4 survivors (4096K)
 Metaspace       used 126864K, capacity 131370K, committed 131568K, reserved 1163264K
  class space    used 15463K, capacity 17091K, committed 17100K, reserved 1048576K
}
Event: 1545.353 GC heap after
{Heap after GC invocations=211 (full 0):
 garbage-first heap   total 217088K, used 113595K [0x0000000080000000, 0x0000000100000000)
  region size 1024K, 2 young (2048K), 2 survivors (2048K)
 Metaspace       used 126864K, capacity 131370K, committed 131568K, reserved 1163264K
  class space    used 15463K, capacity 17091K, committed 17100K, reserved 1048576K
}
Event: 1675.465 GC heap before
{Heap before GC invocations=211 (full 0):
 garbage-first heap   total 217088K, used 121787K [0x0000000080000000, 0x0000000100000000)
  region size 1024K, 10 young (10240K), 2 survivors (2048K)
 Metaspace       used 126873K, capacity 131370K, committed 131568K, reserved 1163264K
  class space    used 15463K, capacity 17091K, committed 17100K, reserved 1048576K
}
Event: 1675.550 GC heap after
{Heap after GC invocations=212 (full 0):
 garbage-first heap   total 217088K, used 98499K [0x0000000080000000, 0x0000000100000000)
  region size 1024K, 2 young (2048K), 2 survivors (2048K)
 Metaspace       used 126873K, capacity 131370K, committed 131568K, reserved 1163264K
  class space    used 15463K, capacity 17091K, committed 17100K, reserved 1048576K
}
Event: 1675.748 GC heap before
{Heap before GC invocations=212 (full 0):
 garbage-first heap   total 217088K, used 105667K [0x0000000080000000, 0x0000000100000000)
  region size 1024K, 10 young (10240K), 2 survivors (2048K)
 Metaspace       used 126873K, capacity 131370K, committed 131568K, reserved 1163264K
  class space    used 15463K, capacity 17091K, committed 17100K, reserved 1048576K
}
Event: 1675.762 GC heap after
{Heap after GC invocations=213 (full 0):
 garbage-first heap   total 217088K, used 98492K [0x0000000080000000, 0x0000000100000000)
  region size 1024K, 1 young (1024K), 1 survivors (1024K)
 Metaspace       used 126873K, capacity 131370K, committed 131568K, reserved 1163264K
  class space    used 15463K, capacity 17091K, committed 17100K, reserved 1048576K
}

Deoptimization events (20 events):
Event: 1170.641 Thread 0x000001469af41800 DEOPT PACKING pc=0x00000146886ebfe0 sp=0x0000003632afa6f0
Event: 1170.641 Thread 0x000001469af41800 DEOPT UNPACKING pc=0x00000146800274af sp=0x0000003632afa658 mode 2
Event: 1172.725 Thread 0x000001469b352800 DEOPT PACKING pc=0x000001468324c1ed sp=0x0000003632ffcd00
Event: 1172.725 Thread 0x000001469b352800 DEOPT UNPACKING pc=0x00000146800272ce sp=0x0000003632ffc178 mode 0
Event: 1191.942 Thread 0x000001469728e800 DEOPT PACKING pc=0x0000014680d3b2c3 sp=0x000000360f7fd220
Event: 1191.942 Thread 0x000001469728e800 DEOPT UNPACKING pc=0x00000146800272ce sp=0x000000360f7fc670 mode 0
Event: 1192.964 Thread 0x000001469af40800 DEOPT PACKING pc=0x00000146828bb78d sp=0x0000003634afc450
Event: 1192.964 Thread 0x000001469af40800 DEOPT UNPACKING pc=0x00000146800272ce sp=0x0000003634afb8f0 mode 0
Event: 1193.245 Thread 0x000001469593d000 Uncommon trap: trap_request=0xffffff6e fr.pc=0x0000014688a05bec relative=0x000000000000052c
Event: 1193.245 Thread 0x000001469593d000 Uncommon trap: reason=speculate_class_check action=maybe_recompile pc=0x0000014688a05bec method=jdk.internal.ref.PhantomCleanable.clean()V @ 12 c2
Event: 1193.245 Thread 0x000001469593d000 DEOPT PACKING pc=0x0000014688a05bec sp=0x000000360f0fef60
Event: 1193.245 Thread 0x000001469593d000 DEOPT UNPACKING pc=0x00000146800274af sp=0x000000360f0fef40 mode 2
Event: 1384.716 Thread 0x000001469593d000 Uncommon trap: trap_request=0xffffff6e fr.pc=0x0000014688a05bec relative=0x000000000000052c
Event: 1384.716 Thread 0x000001469593d000 Uncommon trap: reason=speculate_class_check action=maybe_recompile pc=0x0000014688a05bec method=jdk.internal.ref.PhantomCleanable.clean()V @ 12 c2
Event: 1384.716 Thread 0x000001469593d000 DEOPT PACKING pc=0x0000014688a05bec sp=0x000000360f0fef60
Event: 1384.716 Thread 0x000001469593d000 DEOPT UNPACKING pc=0x00000146800274af sp=0x000000360f0fef40 mode 2
Event: 1384.734 Thread 0x000001469af3c800 DEOPT PACKING pc=0x00000146827cf9f8 sp=0x00000036356f7780
Event: 1384.734 Thread 0x000001469af3c800 DEOPT UNPACKING pc=0x00000146800272ce sp=0x00000036356f6ca0 mode 0
Event: 1387.193 Thread 0x000001469b350000 DEOPT PACKING pc=0x000001468324c1ed sp=0x0000003636cfd2d0
Event: 1387.193 Thread 0x000001469b350000 DEOPT UNPACKING pc=0x00000146800272ce sp=0x0000003636cfc748 mode 0

Classes redefined (0 events):
No events

Internal exceptions (20 events):
Event: 1128.061 Thread 0x000001469af3b800 Exception <a 'sun/nio/fs/WindowsException'{0x000000008c9ca618}> (0x000000008c9ca618) thrown at [./src/hotspot/share/prims/jni.cpp, line 615]
Event: 1128.217 Thread 0x000001469af3b800 Exception <a 'sun/nio/fs/WindowsException'{0x000000008c468dc0}> (0x000000008c468dc0) thrown at [./src/hotspot/share/prims/jni.cpp, line 615]
Event: 1131.020 Thread 0x000001469b350000 Exception <a 'sun/nio/fs/WindowsException'{0x000000008b608010}> (0x000000008b608010) thrown at [./src/hotspot/share/prims/jni.cpp, line 615]
Event: 1131.020 Thread 0x000001469b350000 Exception <a 'sun/nio/fs/WindowsException'{0x000000008b6080f8}> (0x000000008b6080f8) thrown at [./src/hotspot/share/prims/jni.cpp, line 615]
Event: 1131.376 Thread 0x0000014697f95800 Exception <a 'sun/nio/fs/WindowsException'{0x000000008cb44358}> (0x000000008cb44358) thrown at [./src/hotspot/share/prims/jni.cpp, line 615]
Event: 1170.001 Thread 0x000001469af3b800 Exception <a 'sun/nio/fs/WindowsException'{0x000000008b7ba6f0}> (0x000000008b7ba6f0) thrown at [./src/hotspot/share/prims/jni.cpp, line 615]
Event: 1170.041 Thread 0x000001469af3b800 Exception <a 'sun/nio/fs/WindowsException'{0x000000008b202818}> (0x000000008b202818) thrown at [./src/hotspot/share/prims/jni.cpp, line 615]
Event: 1172.417 Thread 0x000001469b352000 Exception <a 'sun/nio/fs/WindowsException'{0x000000008b91e1f8}> (0x000000008b91e1f8) thrown at [./src/hotspot/share/prims/jni.cpp, line 615]
Event: 1172.417 Thread 0x000001469b352000 Exception <a 'sun/nio/fs/WindowsException'{0x000000008b91e2e0}> (0x000000008b91e2e0) thrown at [./src/hotspot/share/prims/jni.cpp, line 615]
Event: 1172.767 Thread 0x000001469820d800 Exception <a 'sun/nio/fs/WindowsException'{0x000000008d014e88}> (0x000000008d014e88) thrown at [./src/hotspot/share/prims/jni.cpp, line 615]
Event: 1192.107 Thread 0x000001469af3b800 Exception <a 'sun/nio/fs/WindowsException'{0x000000008bd13e30}> (0x000000008bd13e30) thrown at [./src/hotspot/share/prims/jni.cpp, line 615]
Event: 1192.150 Thread 0x000001469af3b800 Exception <a 'sun/nio/fs/WindowsException'{0x000000008b9406c0}> (0x000000008b9406c0) thrown at [./src/hotspot/share/prims/jni.cpp, line 615]
Event: 1194.703 Thread 0x000001469b352000 Exception <a 'sun/nio/fs/WindowsException'{0x000000008c7d38a8}> (0x000000008c7d38a8) thrown at [./src/hotspot/share/prims/jni.cpp, line 615]
Event: 1194.703 Thread 0x000001469b352000 Exception <a 'sun/nio/fs/WindowsException'{0x000000008c7d3990}> (0x000000008c7d3990) thrown at [./src/hotspot/share/prims/jni.cpp, line 615]
Event: 1195.074 Thread 0x000001469af3e000 Exception <a 'sun/nio/fs/WindowsException'{0x000000008b7d1d58}> (0x000000008b7d1d58) thrown at [./src/hotspot/share/prims/jni.cpp, line 615]
Event: 1383.915 Thread 0x000001469af3c800 Exception <a 'sun/nio/fs/WindowsException'{0x000000008c8d5bc8}> (0x000000008c8d5bc8) thrown at [./src/hotspot/share/prims/jni.cpp, line 615]
Event: 1384.037 Thread 0x000001469af3c800 Exception <a 'sun/nio/fs/WindowsException'{0x000000008c5e6950}> (0x000000008c5e6950) thrown at [./src/hotspot/share/prims/jni.cpp, line 615]
Event: 1386.765 Thread 0x000001469b352000 Exception <a 'sun/nio/fs/WindowsException'{0x000000008c5aea88}> (0x000000008c5aea88) thrown at [./src/hotspot/share/prims/jni.cpp, line 615]
Event: 1386.765 Thread 0x000001469b352000 Exception <a 'sun/nio/fs/WindowsException'{0x000000008c5aeb70}> (0x000000008c5aeb70) thrown at [./src/hotspot/share/prims/jni.cpp, line 615]
Event: 1387.239 Thread 0x0000014697f9a800 Exception <a 'sun/nio/fs/WindowsException'{0x000000008b6a2ad0}> (0x000000008b6a2ad0) thrown at [./src/hotspot/share/prims/jni.cpp, line 615]

Events (20 events):
Event: 1675.171 Executing VM operation: RevokeBias done
Event: 1675.184 Executing VM operation: BulkRevokeBias
Event: 1675.186 Executing VM operation: BulkRevokeBias done
Event: 1675.239 Thread 0x0000014697f95000 Thread added: 0x0000014697f95000
Event: 1675.245 Thread 0x0000014697f96800 Thread added: 0x0000014697f96800
Event: 1675.255 Thread 0x000001469af39000 Thread added: 0x000001469af39000
Event: 1675.314 Thread 0x000001469af3b000 Thread added: 0x000001469af3b000
Event: 1675.378 Thread 0x000001469af3b800 Thread added: 0x000001469af3b800
Event: 1675.465 Executing VM operation: G1CollectForAllocation
Event: 1675.550 Executing VM operation: G1CollectForAllocation done
Event: 1675.587 Thread 0x000001469af3c800 Thread added: 0x000001469af3c800
Event: 1675.588 Thread 0x000001469af36800 Thread added: 0x000001469af36800
Event: 1675.588 Thread 0x000001469af41800 Thread added: 0x000001469af41800
Event: 1675.588 Thread 0x000001469af3e000 Thread added: 0x000001469af3e000
Event: 1675.589 Executing VM operation: RevokeBias
Event: 1675.590 Executing VM operation: RevokeBias done
Event: 1675.747 Executing VM operation: G1CollectForAllocation
Event: 1675.762 Executing VM operation: G1CollectForAllocation done
Event: 1675.791 Executing VM operation: BulkRevokeBias
Event: 1675.797 Executing VM operation: BulkRevokeBias done


Dynamic libraries:
0x00007ff6d1270000 - 0x00007ff6d127a000 	C:\Program Files\Android\Android Studio\jre\bin\java.exe
0x00007ffdf8530000 - 0x00007ffdf86f1000 	C:\Windows\SYSTEM32\ntdll.dll
0x00007ffdf6c20000 - 0x00007ffdf6ccd000 	C:\Windows\system32\KERNEL32.DLL
0x00007ffdf5440000 - 0x00007ffdf5628000 	C:\Windows\system32\KERNELBASE.dll
0x00007ffde1670000 - 0x00007ffde1689000 	C:\Program Files\Android\Android Studio\jre\bin\jli.dll
0x00007ffdf6140000 - 0x00007ffdf6296000 	C:\Windows\system32\USER32.dll
0x00007ffdf63c0000 - 0x00007ffdf6547000 	C:\Windows\system32\GDI32.dll
0x00007ffde2710000 - 0x00007ffde2727000 	C:\Program Files\Android\Android Studio\jre\bin\VCRUNTIME140.dll
0x00007ffdf3df0000 - 0x00007ffdf3ee4000 	C:\Windows\SYSTEM32\ucrtbase.dll
0x00007ffdec530000 - 0x00007ffdec7a4000 	C:\Windows\WinSxS\amd64_microsoft.windows.common-controls_6595b64144ccf1df_6.0.10586.839_none_a2ddba30a539a2ae\COMCTL32.dll
0x00007ffdf62b0000 - 0x00007ffdf634d000 	C:\Windows\system32\msvcrt.dll
0x00007ffdf6890000 - 0x00007ffdf6b0e000 	C:\Windows\system32\combase.dll
0x00007ffdf5b90000 - 0x00007ffdf5cad000 	C:\Windows\system32\RPCRT4.dll
0x00007ffdf53d0000 - 0x00007ffdf543a000 	C:\Windows\system32\bcryptPrimitives.dll
0x00007ffdf5b50000 - 0x00007ffdf5b8b000 	C:\Windows\system32\IMM32.DLL
0x00007ffdd78d0000 - 0x00007ffdd796d000 	C:\Program Files\Android\Android Studio\jre\bin\msvcp140.dll
0x00007ffdd22c0000 - 0x00007ffdd2d7c000 	C:\Program Files\Android\Android Studio\jre\bin\server\jvm.dll
0x00007ffdf67e0000 - 0x00007ffdf6887000 	C:\Windows\system32\ADVAPI32.dll
0x00007ffdf5af0000 - 0x00007ffdf5b4b000 	C:\Windows\system32\sechost.dll
0x00007ffdf6b30000 - 0x00007ffdf6b38000 	C:\Windows\system32\PSAPI.DLL
0x00007ffdec280000 - 0x00007ffdec289000 	C:\Windows\SYSTEM32\WSOCK32.dll
0x00007ffdf6350000 - 0x00007ffdf63bb000 	C:\Windows\system32\WS2_32.dll
0x00007ffdf2f20000 - 0x00007ffdf2f43000 	C:\Windows\SYSTEM32\WINMM.dll
0x00007ffde6e20000 - 0x00007ffde6e2a000 	C:\Windows\SYSTEM32\VERSION.dll
0x00007ffdf2ef0000 - 0x00007ffdf2f1c000 	C:\Windows\SYSTEM32\WINMMBASE.dll
0x00007ffdf5380000 - 0x00007ffdf53c3000 	C:\Windows\system32\cfgmgr32.dll
0x00007ffdf4bd0000 - 0x00007ffdf4bdf000 	C:\Windows\system32\kernel.appcore.dll
0x00007ffdec170000 - 0x00007ffdec181000 	C:\Program Files\Android\Android Studio\jre\bin\verify.dll
0x00007ffde85f0000 - 0x00007ffde877c000 	C:\Windows\SYSTEM32\DBGHELP.DLL
0x00007ffdf2f80000 - 0x00007ffdf2fa5000 	C:\Windows\SYSTEM32\dbgcore.DLL
0x00007ffdec030000 - 0x00007ffdec059000 	C:\Program Files\Android\Android Studio\jre\bin\java.dll
0x00007ffdec160000 - 0x00007ffdec16b000 	C:\Program Files\Android\Android Studio\jre\bin\jimage.dll
0x00007ffdec010000 - 0x00007ffdec028000 	C:\Program Files\Android\Android Studio\jre\bin\zip.dll
0x00007ffdf6cd0000 - 0x00007ffdf822c000 	C:\Windows\system32\SHELL32.dll
0x00007ffdf4d30000 - 0x00007ffdf5375000 	C:\Windows\system32\windows.storage.dll
0x00007ffdf5a90000 - 0x00007ffdf5ae2000 	C:\Windows\system32\shlwapi.dll
0x00007ffdf4be0000 - 0x00007ffdf4c95000 	C:\Windows\system32\shcore.dll
0x00007ffdf4b70000 - 0x00007ffdf4bbb000 	C:\Windows\system32\powrprof.dll
0x00007ffdf4b50000 - 0x00007ffdf4b64000 	C:\Windows\system32\profapi.dll
0x00007ffdeadf0000 - 0x00007ffdeae0a000 	C:\Program Files\Android\Android Studio\jre\bin\net.dll
0x00007ffdebf10000 - 0x00007ffdebfd7000 	C:\Windows\SYSTEM32\WINHTTP.dll
0x00007ffdf4480000 - 0x00007ffdf44dc000 	C:\Windows\system32\mswsock.dll
0x00007ffdea920000 - 0x00007ffdea934000 	C:\Program Files\Android\Android Studio\jre\bin\nio.dll
0x00007ffdddff0000 - 0x00007ffdde017000 	C:\Users\Huzaifa Sammar\.gradle\native\8bec1ad78214c89d9ad589b4d07fe93259594b29d510b10fafb7a158f7737e5d\windows-amd64\native-platform.dll
0x00007ffdd80b0000 - 0x00007ffdd81ed000 	C:\Users\Huzaifa Sammar\.gradle\native\53dbd7edfb1c66fb8903c78663c9afc45aea4f116125fa6feffd364cf09443e8\windows-amd64\native-platform-file-events.dll
0x00007ffdec150000 - 0x00007ffdec15a000 	C:\Program Files\Android\Android Studio\jre\bin\management.dll
0x00007ffdeac50000 - 0x00007ffdeac5c000 	C:\Program Files\Android\Android Studio\jre\bin\management_ext.dll
0x00007ffdf4530000 - 0x00007ffdf4547000 	C:\Windows\SYSTEM32\CRYPTSP.dll
0x00007ffdf41c0000 - 0x00007ffdf41f4000 	C:\Windows\system32\rsaenh.dll
0x00007ffdf4750000 - 0x00007ffdf4779000 	C:\Windows\SYSTEM32\bcrypt.dll
0x00007ffdf4310000 - 0x00007ffdf432f000 	C:\Windows\SYSTEM32\USERENV.dll
0x00007ffdf4650000 - 0x00007ffdf465b000 	C:\Windows\SYSTEM32\CRYPTBASE.dll
0x00007ffdec7c0000 - 0x00007ffdec7f8000 	C:\Windows\SYSTEM32\IPHLPAPI.DLL
0x00007ffdf62a0000 - 0x00007ffdf62a8000 	C:\Windows\system32\NSI.dll
0x00007ffdeb5c0000 - 0x00007ffdeb5d6000 	C:\Windows\SYSTEM32\dhcpcsvc6.DLL
0x00007ffdeb700000 - 0x00007ffdeb71a000 	C:\Windows\SYSTEM32\dhcpcsvc.DLL
0x00007ffdea1d0000 - 0x00007ffdea1f7000 	C:\Program Files\Android\Android Studio\jre\bin\sunec.dll

dbghelp: loaded successfully - version: 4.0.5 - missing functions: none
symbol engine: initialized successfully - sym options: 0x614 - pdb path: .;C:\Program Files\Android\Android Studio\jre\bin;C:\Windows\SYSTEM32;C:\Windows\WinSxS\amd64_microsoft.windows.common-controls_6595b64144ccf1df_6.0.10586.839_none_a2ddba30a539a2ae;C:\Program Files\Android\Android Studio\jre\bin\server;C:\Users\Huzaifa Sammar\.gradle\native\8bec1ad78214c89d9ad589b4d07fe93259594b29d510b10fafb7a158f7737e5d\windows-amd64;C:\Users\Huzaifa Sammar\.gradle\native\53dbd7edfb1c66fb8903c78663c9afc45aea4f116125fa6feffd364cf09443e8\windows-amd64

VM Arguments:
jvm_args: --add-opens=java.base/java.util=ALL-UNNAMED --add-opens=java.base/java.lang=ALL-UNNAMED --add-opens=java.base/java.lang.invoke=ALL-UNNAMED --add-opens=java.base/java.util=ALL-UNNAMED --add-opens=java.prefs/java.util.prefs=ALL-UNNAMED --add-opens=java.prefs/java.util.prefs=ALL-UNNAMED --add-opens=java.base/java.nio.charset=ALL-UNNAMED --add-opens=java.base/java.net=ALL-UNNAMED --add-opens=java.base/java.util.concurrent.atomic=ALL-UNNAMED -Xmx2048m -Dfile.encoding=UTF-8 -Duser.country=US -Duser.language=en -Duser.variant 
java_command: org.gradle.launcher.daemon.bootstrap.GradleDaemon 7.0.2
java_class_path (initial): C:\Users\Huzaifa Sammar\.gradle\wrapper\dists\gradle-7.0.2-bin\857tjihv64xamwrf0h14cai3r\gradle-7.0.2\lib\gradle-launcher-7.0.2.jar
Launcher Type: SUN_STANDARD

[Global flags]
     intx CICompilerCount                          = 3                                         {product} {ergonomic}
     uint ConcGCThreads                            = 1                                         {product} {ergonomic}
     uint G1ConcRefinementThreads                  = 4                                         {product} {ergonomic}
   size_t G1HeapRegionSize                         = 1048576                                   {product} {ergonomic}
    uintx GCDrainStackTargetSize                   = 64                                        {product} {ergonomic}
   size_t InitialHeapSize                          = 67108864                                  {product} {ergonomic}
   size_t MarkStackSize                            = 4194304                                   {product} {ergonomic}
   size_t MaxHeapSize                              = 2147483648                                {product} {command line}
   size_t MaxNewSize                               = 1287651328                                {product} {ergonomic}
   size_t MinHeapDeltaBytes                        = 1048576                                   {product} {ergonomic}
    uintx NonNMethodCodeHeapSize                   = 5830732                                {pd product} {ergonomic}
    uintx NonProfiledCodeHeapSize                  = 122913754                              {pd product} {ergonomic}
    uintx ProfiledCodeHeapSize                     = 122913754                              {pd product} {ergonomic}
    uintx ReservedCodeCacheSize                    = 251658240                              {pd product} {ergonomic}
     bool SegmentedCodeCache                       = true                                      {product} {ergonomic}
     bool UseCompressedClassPointers               = true                                 {lp64_product} {ergonomic}
     bool UseCompressedOops                        = true                                 {lp64_product} {ergonomic}
     bool UseG1GC                                  = true                                      {product} {ergonomic}
     bool UseLargePagesIndividualAllocation        = false                                  {pd product} {ergonomic}

Logging:
Log output configuration:
 #0: stdout all=warning uptime,level,tags
 #1: stderr all=off uptime,level,tags

Environment Variables:
JAVA_HOME=C:\Program Files\Java\jdk-12.0.2
PATH=C:\Users\Huzaifa Sammar\flutter/bin;C:\Program Files\Git\bin\git.exe;C:\Windows\System32;C:\Program Files\Git\cmd;C:\Windows\System32\Windows;C:\Windows\System32\WindowsPowerShell\v1.0;C:\Users\Huzaifa Sammar\AppData\Local\Android\Sdk;C:\Program Files\Java\jdk-12.0.2\bin;C:\Program Files (x86)\Java\jre1.8.0_171\bin;C:\Users\Huzaifa Sammar\dart-sdk\bin;C:\Users\Huzaifa Sammar\AppData\Local\Programs\Python\Python38;C:\Users\Huzaifa Sammar\AppData\Local\Programs\Python\Python38\Scripts
USERNAME=Huzaifa Sammar
OS=Windows_NT
PROCESSOR_IDENTIFIER=Intel64 Family 6 Model 69 Stepping 1, GenuineIntel



---------------  S Y S T E M  ---------------

OS: Windows 10 , 64 bit Build 10586 (10.0.10586.589)
OS uptime: 1 days 2:26 hours

CPU:total 4 (initial active 4) (2 cores per cpu, 2 threads per core) family 6 model 69 stepping 1, cmov, cx8, fxsr, mmx, sse, sse2, sse3, ssse3, sse4.1, sse4.2, popcnt, avx, avx2, aes, clmul, erms, lzcnt, ht, tsc, tscinvbit, bmi1, bmi2, fma

Memory: 4k page, system-wide physical 4001M (551M free)
TotalPageFile size 6617M (AvailPageFile size 22M)
current process WorkingSet (physical memory assigned to process): 196M, peak: 490M
current process commit charge ("private bytes"): 582M, peak: 591M

vm_info: OpenJDK 64-Bit Server VM (11.0.8+10-b944.6842174) for windows-amd64 JRE (11.0.8+10-b944.6842174), built on Sep 19 2020 01:11:42 by "builder" with MS VC++ 14.0 (VS2015)

END.
